Information	20/06/2025 08:19:54	Windows Error Reporting	1001	None	"Fault bucket 1749154308405373022, type 4
Event Name: APPCRASH
Response: Not available
Cab Id: 0

Problem signature:
P1: vmware-usbarbitrator64.exe
P2: 20.10.0.0
P3: 669a1840
P4: StackHash_f9d8
P5: 0.0.0.0
P6: 00000000
P7: c0000005
P8: PCH_C2_FROM_unknown+0x0000000000000000
P9: 
P10: 

Attached files:
\\?\C:\ProgramData\Microsoft\Windows\WER\Temp\WER.a59f6e95-6b2c-4c6f-bc91-15d27a85e606.tmp.mdmp
\\?\C:\ProgramData\Microsoft\Windows\WER\Temp\WER.4ace453b-9fcf-4e26-8fc8-d4164a3cd898.tmp.WERInternalMetadata.xml
WPR_initiated_DiagTrackMiniLogger_OneTrace_User_Logger_20250608_1_EC_0_inject.etl
\\?\C:\ProgramData\Microsoft\Windows\WER\Temp\WER.a1435d09-094c-412a-995e-33fc64e4147e.tmp.etl
WPR_initiated_DiagTrackMiniLogger_WPR System Collector_inject.etl
\\?\C:\ProgramData\Microsoft\Windows\WER\Temp\WER.375aa3ce-5728-4b68-893e-01c8c117b3cb.tmp.etl
\\?\C:\ProgramData\Microsoft\Windows\WER\Temp\WER.91ec4f2e-0fc8-41a5-804a-7b425b6843d8.tmp.csv
\\?\C:\ProgramData\Microsoft\Windows\WER\Temp\WER.0c5f19d4-6dd8-4939-987d-57cb1ef89b07.tmp.txt
\\?\C:\ProgramData\Microsoft\Windows\WER\Temp\WER.848f8885-798f-4543-b5d0-7d7f3f6a0a43.tmp.xml

These files may be available here:
\\?\C:\ProgramData\Microsoft\Windows\WER\ReportArchive\AppCrash_vmware-usbarbitr_ae965550e4d8788fdb87659ec96ef0be4bc43bb9_17c75580_e49d8340-b8a7-463b-b708-e6302b6e20c9

Analysis symbol: 
Rechecking for solution: 0
Report Id: 47a92b62-72fd-4530-b42f-6a402d8c59cc
Report Status: 268435456
Hashed bucket: f1ca7ee4517e896fa8463e9379d8a85e
Cab Guid: 0"
Error	20/06/2025 08:19:51	Application Error	1000	Application Crashing Events	"Faulting application name: vmware-usbarbitrator64.exe, version: 20.10.0.0, time stamp: 0x669a1840
Faulting module name: unknown, version: 0.0.0.0, time stamp: 0x00000000
Exception code: 0xc0000005
Fault offset: 0x0000000000ef5dd6
Faulting process id: 0x0x9700
Faulting application start time: 0x0x1DBE1810541F734
Faulting application path: C:\Program Files (x86)\Common Files\VMware\USB\vmware-usbarbitrator64.exe
Faulting module path: unknown
Report Id: 47a92b62-72fd-4530-b42f-6a402d8c59cc
Faulting package full name: 
Faulting package-relative application ID: "
Information	20/06/2025 08:19:18	HotKeyServiceUWP	0	(2)	"The description for Event ID 0 from source HotKeyServiceUWP cannot be found. Either the component that raises this event is not installed on your local computer or the installation is corrupted. You can install or repair the component on the local computer.

If the event originated on another computer, the display information had to be saved with the event.

The following information was included with the event: 

RpcServerMonitoringThread - Entry

The message resource is present but the message was not found in the message table
"
Information	20/06/2025 08:19:18	HotKeyServiceUWP	0	(2)	"The description for Event ID 0 from source HotKeyServiceUWP cannot be found. Either the component that raises this event is not installed on your local computer or the installation is corrupted. You can install or repair the component on the local computer.

If the event originated on another computer, the display information had to be saved with the event.

The following information was included with the event: 

HP Hotkey UWP Service (8.10.46.337) in OnStart

The message resource is present but the message was not found in the message table
"
Information	20/06/2025 08:19:01	HotKeyServiceUWP	0	(2)	"The description for Event ID 0 from source HotKeyServiceUWP cannot be found. Either the component that raises this event is not installed on your local computer or the installation is corrupted. You can install or repair the component on the local computer.

If the event originated on another computer, the display information had to be saved with the event.

The following information was included with the event: 

HP Audio Analytics Service (8.10.46.337) in OnStart

The message resource is present but the message was not found in the message table
"
Information	20/06/2025 08:16:49	Windows Error Reporting	1001	None	"Fault bucket 1749154308405373022, type 4
Event Name: APPCRASH
Response: Not available
Cab Id: 0

Problem signature:
P1: vmware-usbarbitrator64.exe
P2: 20.10.0.0
P3: 669a1840
P4: StackHash_f9d8
P5: 0.0.0.0
P6: 00000000
P7: c0000005
P8: PCH_C2_FROM_unknown+0x0000000000000000
P9: 
P10: 

Attached files:
\\?\C:\ProgramData\Microsoft\Windows\WER\Temp\WER.baae771f-3478-4bb1-955b-5c3d8029b5a3.tmp.mdmp
\\?\C:\ProgramData\Microsoft\Windows\WER\Temp\WER.bda5d830-97dd-489d-877b-2bddb02e391b.tmp.WERInternalMetadata.xml
WPR_initiated_DiagTrackMiniLogger_OneTrace_User_Logger_20250608_1_EC_0_inject.etl
\\?\C:\ProgramData\Microsoft\Windows\WER\Temp\WER.98dc07da-b28f-4f91-9a64-5fe184a4dd8f.tmp.etl
WPR_initiated_DiagTrackMiniLogger_WPR System Collector_inject.etl
\\?\C:\ProgramData\Microsoft\Windows\WER\Temp\WER.bcc95ed9-1ed9-4cbd-9764-cb84a9f54f4f.tmp.etl
\\?\C:\ProgramData\Microsoft\Windows\WER\Temp\WER.90698252-1d92-4730-8f46-e201b5ec0434.tmp.csv
\\?\C:\ProgramData\Microsoft\Windows\WER\Temp\WER.21b7f365-686c-44ee-965e-c0b236ca1b05.tmp.txt
\\?\C:\ProgramData\Microsoft\Windows\WER\Temp\WER.59396979-18d6-460b-86bc-b827f431dd7f.tmp.xml

These files may be available here:
\\?\C:\ProgramData\Microsoft\Windows\WER\ReportArchive\AppCrash_vmware-usbarbitr_ae965550e4d8788fdb87659ec96ef0be4bc43bb9_17c75580_e3df33ff-5ec3-4373-8f7d-cfe366e6bf84

Analysis symbol: 
Rechecking for solution: 0
Report Id: f540bd40-7ca8-46af-b2f0-547b61ff268a
Report Status: 268435456
Hashed bucket: f1ca7ee4517e896fa8463e9379d8a85e
Cab Guid: 0"
Error	20/06/2025 08:16:45	Application Error	1000	Application Crashing Events	"Faulting application name: vmware-usbarbitrator64.exe, version: 20.10.0.0, time stamp: 0x669a1840
Faulting module name: unknown, version: 0.0.0.0, time stamp: 0x00000000
Exception code: 0xc0000005
Fault offset: 0x0000000000ef5dd6
Faulting process id: 0x0x376C
Faulting application start time: 0x0x1DBE180F17D7397
Faulting application path: C:\Program Files (x86)\Common Files\VMware\USB\vmware-usbarbitrator64.exe
Faulting module path: unknown
Report Id: f540bd40-7ca8-46af-b2f0-547b61ff268a
Faulting package full name: 
Faulting package-relative application ID: "
Information	20/06/2025 08:16:34	Microsoft-Windows-Complus	781	None	The COM+ sub system is suppressing duplicate event log entries for a duration of 86400 seconds.  The suppression timeout can be controlled by a REG_DWORD value named SuppressDuplicateDuration under the following registry key: HKLM\Software\Microsoft\COM3\Eventlog.
Information	20/06/2025 08:16:32	Windows Error Reporting	1001	None	"Fault bucket 2115955934357232936, type 4
Event Name: APPCRASH
Response: Not available
Cab Id: 0

Problem signature:
P1: dllhost.exe
P2: 10.0.22621.1
P3: 05e70ed3
P4: StackHash_f9d8
P5: 0.0.0.0
P6: 00000000
P7: c0000005
P8: PCH_9C_FROM_unknown+0x0000000000000000
P9: 
P10: 

Attached files:
\\?\C:\ProgramData\Microsoft\Windows\WER\Temp\WER.9fc3752f-d9a4-4b64-8623-a6c3c6f67b7b.tmp.mdmp
\\?\C:\ProgramData\Microsoft\Windows\WER\Temp\WER.b9f3c1a9-1295-4bf1-a71a-c1598cab25df.tmp.WERInternalMetadata.xml
WPR_initiated_DiagTrackMiniLogger_OneTrace_User_Logger_20250608_1_EC_0_inject.etl
\\?\C:\ProgramData\Microsoft\Windows\WER\Temp\WER.4ee3c675-81e6-4b80-ba4f-7f6794ec1762.tmp.etl
WPR_initiated_DiagTrackMiniLogger_WPR System Collector_inject.etl
\\?\C:\ProgramData\Microsoft\Windows\WER\Temp\WER.2e556104-d85d-425d-a30a-60720f221a9e.tmp.etl
\\?\C:\ProgramData\Microsoft\Windows\WER\Temp\WER.07e51df0-5f72-4441-9a96-1007bcab465d.tmp.csv
\\?\C:\ProgramData\Microsoft\Windows\WER\Temp\WER.2e3b918d-c5cc-4e27-bca1-bae5396ab8ff.tmp.txt
\\?\C:\ProgramData\Microsoft\Windows\WER\Temp\WER.76bf95f9-afb8-4e92-a01b-e02acfa39372.tmp.xml

These files may be available here:
\\?\C:\ProgramData\Microsoft\Windows\WER\ReportArchive\AppCrash_dllhost.exe_b7708e6112c3d3ea555e15432f2d9b42994b3d_e7c336b8_720b0e26-5afd-42d2-b053-8a7182adbb56

Analysis symbol: 
Rechecking for solution: 0
Report Id: b7d3535a-b283-469f-9605-8a0f3c1f4d3a
Report Status: 268435456
Hashed bucket: c00013d530715c43fd5d62b623be1d28
Cab Guid: 0"
Error	20/06/2025 08:16:28	Application Error	1000	Application Crashing Events	"Faulting application name: dllhost.exe, version: 10.0.22621.1, time stamp: 0x05e70ed3
Faulting module name: unknown, version: 0.0.0.0, time stamp: 0x00000000
Exception code: 0xc0000005
Fault offset: 0x0000000000905dd6
Faulting process id: 0x0x1F58
Faulting application start time: 0x0x1DBE17FC1F5D14C
Faulting application path: C:\Windows\system32\dllhost.exe
Faulting module path: unknown
Report Id: b7d3535a-b283-469f-9605-8a0f3c1f4d3a
Faulting package full name: 
Faulting package-relative application ID: "
Information	20/06/2025 08:16:16	Windows Error Reporting	1001	None	"Fault bucket 1749154308405373022, type 4
Event Name: APPCRASH
Response: Not available
Cab Id: 0

Problem signature:
P1: vmware-usbarbitrator64.exe
P2: 20.10.0.0
P3: 669a1840
P4: StackHash_f9d8
P5: 0.0.0.0
P6: 00000000
P7: c0000005
P8: PCH_C2_FROM_unknown+0x0000000000000000
P9: 
P10: 

Attached files:
\\?\C:\ProgramData\Microsoft\Windows\WER\Temp\WER.43518263-ae6c-4e4c-8e0d-f1a2132954dd.tmp.mdmp
\\?\C:\ProgramData\Microsoft\Windows\WER\Temp\WER.420a7d0e-ceb0-4f52-8178-bbcf98109721.tmp.WERInternalMetadata.xml
WPR_initiated_DiagTrackMiniLogger_OneTrace_User_Logger_20250608_1_EC_0_inject.etl
\\?\C:\ProgramData\Microsoft\Windows\WER\Temp\WER.a356d073-678e-4073-9f55-980b9f608d83.tmp.etl
WPR_initiated_DiagTrackMiniLogger_WPR System Collector_inject.etl
\\?\C:\ProgramData\Microsoft\Windows\WER\Temp\WER.6aca876a-368d-4090-83a9-120795bf49d6.tmp.etl
\\?\C:\ProgramData\Microsoft\Windows\WER\Temp\WER.7ec65da4-4bc1-4901-a649-b9bb56badb54.tmp.csv
\\?\C:\ProgramData\Microsoft\Windows\WER\Temp\WER.56987c7c-4959-4df4-b4f9-fafe7f4f3a62.tmp.txt
\\?\C:\ProgramData\Microsoft\Windows\WER\Temp\WER.2f1a537c-621b-4257-b92c-f96a70e83db1.tmp.xml

These files may be available here:
\\?\C:\ProgramData\Microsoft\Windows\WER\ReportArchive\AppCrash_vmware-usbarbitr_ae965550e4d8788fdb87659ec96ef0be4bc43bb9_17c75580_37017a4d-b5f1-412f-865f-a1a1b7083d12

Analysis symbol: 
Rechecking for solution: 0
Report Id: 8ad3ccae-653b-4c7e-9b06-2c3c6308f954
Report Status: 268435456
Hashed bucket: f1ca7ee4517e896fa8463e9379d8a85e
Cab Guid: 0"
Error	20/06/2025 08:16:12	Application Error	1000	Application Crashing Events	"Faulting application name: vmware-usbarbitrator64.exe, version: 20.10.0.0, time stamp: 0x669a1840
Faulting module name: unknown, version: 0.0.0.0, time stamp: 0x00000000
Exception code: 0xc0000005
Fault offset: 0x0000000000ef5dd6
Faulting process id: 0x0x9F8
Faulting application start time: 0x0x1DBE180BCBAE0F7
Faulting application path: C:\Program Files (x86)\Common Files\VMware\USB\vmware-usbarbitrator64.exe
Faulting module path: unknown
Report Id: 8ad3ccae-653b-4c7e-9b06-2c3c6308f954
Faulting package full name: 
Faulting package-relative application ID: "
Information	20/06/2025 08:14:47	Windows Error Reporting	1001	None	"Fault bucket 1749154308405373022, type 4
Event Name: APPCRASH
Response: Not available
Cab Id: 0

Problem signature:
P1: vmware-usbarbitrator64.exe
P2: 20.10.0.0
P3: 669a1840
P4: StackHash_f9d8
P5: 0.0.0.0
P6: 00000000
P7: c0000005
P8: PCH_10_FROM_unknown+0x0000000000000000
P9: 
P10: 

Attached files:
\\?\C:\ProgramData\Microsoft\Windows\WER\Temp\WER.d54a96f6-bc3c-4346-8e2a-05e416a4be06.tmp.mdmp
\\?\C:\ProgramData\Microsoft\Windows\WER\Temp\WER.cd560fc4-ee72-4c42-acc8-1e8689ff2624.tmp.WERInternalMetadata.xml
WPR_initiated_DiagTrackMiniLogger_OneTrace_User_Logger_20250608_1_EC_0_inject.etl
\\?\C:\ProgramData\Microsoft\Windows\WER\Temp\WER.0d37d2b6-60c3-42ff-ab1d-5aef57815943.tmp.etl
WPR_initiated_DiagTrackMiniLogger_WPR System Collector_inject.etl
\\?\C:\ProgramData\Microsoft\Windows\WER\Temp\WER.7c7e7004-9298-470c-8def-288a01e032f3.tmp.etl
\\?\C:\ProgramData\Microsoft\Windows\WER\Temp\WER.40eb8736-c0db-4a90-9ea6-3d173decfa8a.tmp.csv
\\?\C:\ProgramData\Microsoft\Windows\WER\Temp\WER.4842e3e9-f273-40bb-8af3-ed56fab5af44.tmp.txt
\\?\C:\ProgramData\Microsoft\Windows\WER\Temp\WER.89378296-b264-4d84-90e3-943da3ad6aac.tmp.xml

These files may be available here:
\\?\C:\ProgramData\Microsoft\Windows\WER\ReportArchive\AppCrash_vmware-usbarbitr_6468ce2ec79e850d531978d7c5fd4826a96592_17c75580_cf25cf92-f431-4a2d-a6b8-c0eeb3eb9344

Analysis symbol: 
Rechecking for solution: 0
Report Id: fbe10e8b-8f0d-45dd-b985-bea0782d1b35
Report Status: 268435456
Hashed bucket: f1ca7ee4517e896fa8463e9379d8a85e
Cab Guid: 0"
Error	20/06/2025 08:14:43	Application Error	1000	Application Crashing Events	"Faulting application name: vmware-usbarbitrator64.exe, version: 20.10.0.0, time stamp: 0x669a1840
Faulting module name: unknown, version: 0.0.0.0, time stamp: 0x00000000
Exception code: 0xc0000005
Fault offset: 0x00000000009b5dd6
Faulting process id: 0x0x7EE4
Faulting application start time: 0x0x1DBE1807426DE96
Faulting application path: C:\Program Files (x86)\Common Files\VMware\USB\vmware-usbarbitrator64.exe
Faulting module path: unknown
Report Id: fbe10e8b-8f0d-45dd-b985-bea0782d1b35
Faulting package full name: 
Faulting package-relative application ID: "
Information	20/06/2025 08:13:18	Windows Error Reporting	1001	None	"Fault bucket 2120996873715200844, type 4
Event Name: APPCRASH
Response: Not available
Cab Id: 0

Problem signature:
P1: HotKeyServiceUWP.exe
P2: 8.10.46.337
P3: 67ee32ff
P4: StackHash_f9d8
P5: 0.0.0.0
P6: 00000000
P7: c0000005
P8: PCH_38_FROM_unknown+0x0000000000000000
P9: 
P10: 

Attached files:
\\?\C:\ProgramData\Microsoft\Windows\WER\Temp\WER.8814d015-0629-464f-bc80-d627f469ca66.tmp.mdmp
\\?\C:\ProgramData\Microsoft\Windows\WER\Temp\WER.d87110aa-5e20-4247-9774-d1b6dc5c71d1.tmp.WERInternalMetadata.xml
WPR_initiated_DiagTrackMiniLogger_OneTrace_User_Logger_20250608_1_EC_0_inject.etl
\\?\C:\ProgramData\Microsoft\Windows\WER\Temp\WER.acbcaa9f-3fdc-4954-879c-31a1edda1927.tmp.etl
WPR_initiated_DiagTrackMiniLogger_WPR System Collector_inject.etl
\\?\C:\ProgramData\Microsoft\Windows\WER\Temp\WER.60f2c06a-596b-4f05-9aea-0805b51b70fc.tmp.etl
\\?\C:\ProgramData\Microsoft\Windows\WER\Temp\WER.a9395d87-fe2d-4c8a-93cc-2e9eb62746d4.tmp.csv
\\?\C:\ProgramData\Microsoft\Windows\WER\Temp\WER.19bb81d2-ba58-4322-8e5a-ed62105c0b76.tmp.txt
\\?\C:\ProgramData\Microsoft\Windows\WER\Temp\WER.c3eac9e9-43d0-4552-898b-bb60f7544170.tmp.xml

These files may be available here:
\\?\C:\ProgramData\Microsoft\Windows\WER\ReportArchive\AppCrash_HotKeyServiceUWP_63c3c5df9390288183ece9d79495af785dae3b_b8181675_cecafaa3-55bb-4ec2-889d-b94743e9c9c4

Analysis symbol: 
Rechecking for solution: 0
Report Id: 1c3f31c7-7a2f-475c-ab25-6ae4c7703f23
Report Status: 268435456
Hashed bucket: dfa1cf850c1ffe22dd6f4b6b4b82334c
Cab Guid: 0"
Error	20/06/2025 08:13:14	Application Error	1000	Application Crashing Events	"Faulting application name: HotKeyServiceUWP.exe, version: 8.10.46.337, time stamp: 0x67ee32ff
Faulting module name: unknown, version: 0.0.0.0, time stamp: 0x00000000
Exception code: 0xc0000005
Fault offset: 0x0000000000f45dd6
Faulting process id: 0x0x23E8
Faulting application start time: 0x0x1DBE18062E22420
Faulting application path: C:\Windows\System32\DriverStore\FileRepository\hpqkbsoftwarecompnent.inf_amd64_a22c6a91e05f8cee\HotKeyServiceUWP.exe
Faulting module path: unknown
Report Id: 1c3f31c7-7a2f-475c-ab25-6ae4c7703f23
Faulting package full name: 
Faulting package-relative application ID: "
Information	20/06/2025 08:13:01	Windows Error Reporting	1001	None	"Fault bucket 1833580701306877483, type 4
Event Name: APPCRASH
Response: Not available
Cab Id: 0

Problem signature:
P1: HPAudioAnalytics.exe
P2: 8.10.46.337
P3: 67ee326a
P4: StackHash_f9d8
P5: 0.0.0.0
P6: 00000000
P7: c0000005
P8: PCH_38_FROM_unknown+0x0000000000000000
P9: 
P10: 

Attached files:
\\?\C:\ProgramData\Microsoft\Windows\WER\Temp\WER.eefcfc3f-1970-4542-8cfd-fceb674fc4c6.tmp.mdmp
\\?\C:\ProgramData\Microsoft\Windows\WER\Temp\WER.17f377b8-8992-45e1-9ff2-ef03c32f830b.tmp.WERInternalMetadata.xml
WPR_initiated_DiagTrackMiniLogger_OneTrace_User_Logger_20250608_1_EC_0_inject.etl
\\?\C:\ProgramData\Microsoft\Windows\WER\Temp\WER.f438d0ab-767c-4047-937f-7bb98d329275.tmp.etl
WPR_initiated_DiagTrackMiniLogger_WPR System Collector_inject.etl
\\?\C:\ProgramData\Microsoft\Windows\WER\Temp\WER.83ff5292-cbb6-4dd7-86c2-c43183a63302.tmp.etl
\\?\C:\ProgramData\Microsoft\Windows\WER\Temp\WER.1d3ecbc0-dfdb-4153-871e-7c60a027f070.tmp.csv
\\?\C:\ProgramData\Microsoft\Windows\WER\Temp\WER.551ccfe3-eb22-45e4-aee0-fb8d84866225.tmp.txt
\\?\C:\ProgramData\Microsoft\Windows\WER\Temp\WER.736893b4-ddb5-44cf-819f-69b37b299e33.tmp.xml

These files may be available here:
\\?\C:\ProgramData\Microsoft\Windows\WER\ReportArchive\AppCrash_HPAudioAnalytics_8c1bca597134a7527afd6340d0d8e5654859_fe948d19_9db3a321-0478-495d-88f1-eafbc1880327

Analysis symbol: 
Rechecking for solution: 0
Report Id: 1dc44785-fe99-4a02-8108-6052688aba6a
Report Status: 268435456
Hashed bucket: c52742e85a88a80ca9722feee068762b
Cab Guid: 0"
Error	20/06/2025 08:12:58	Application Error	1000	Application Crashing Events	"Faulting application name: HPAudioAnalytics.exe, version: 8.10.46.337, time stamp: 0x67ee326a
Faulting module name: unknown, version: 0.0.0.0, time stamp: 0x00000000
Exception code: 0xc0000005
Fault offset: 0x0000000000f45dd6
Faulting process id: 0x0x1358
Faulting application start time: 0x0x1DBE180593424EA
Faulting application path: C:\Windows\System32\DriverStore\FileRepository\hpqkbsoftwarecompnent.inf_amd64_a22c6a91e05f8cee\HPAudioAnalytics.exe
Faulting module path: unknown
Report Id: 1dc44785-fe99-4a02-8108-6052688aba6a
Faulting package full name: 
Faulting package-relative application ID: "
Information	20/06/2025 08:12:45	Windows Error Reporting	1001	None	"Fault bucket 1749154308405373022, type 4
Event Name: APPCRASH
Response: Not available
Cab Id: 0

Problem signature:
P1: vmware-usbarbitrator64.exe
P2: 20.10.0.0
P3: 669a1840
P4: StackHash_f9d8
P5: 0.0.0.0
P6: 00000000
P7: c0000005
P8: PCH_00_FROM_unknown+0x0000000000000000
P9: 
P10: 

Attached files:
\\?\C:\ProgramData\Microsoft\Windows\WER\Temp\WER.bad61669-c178-4a21-8043-1fb8b1083303.tmp.mdmp
\\?\C:\ProgramData\Microsoft\Windows\WER\Temp\WER.e2ba6618-ba8c-497f-b1bd-a1ead443bf7c.tmp.WERInternalMetadata.xml
WPR_initiated_DiagTrackMiniLogger_OneTrace_User_Logger_20250608_1_EC_0_inject.etl
\\?\C:\ProgramData\Microsoft\Windows\WER\Temp\WER.e9663903-4800-4fdf-b8a7-6bb5c0d6845e.tmp.etl
WPR_initiated_DiagTrackMiniLogger_WPR System Collector_inject.etl
\\?\C:\ProgramData\Microsoft\Windows\WER\Temp\WER.ea589e23-04c0-4a7d-a53d-d0996692597e.tmp.etl
\\?\C:\ProgramData\Microsoft\Windows\WER\Temp\WER.1644fb5f-bdd1-4eca-8049-92826e5ec194.tmp.csv
\\?\C:\ProgramData\Microsoft\Windows\WER\Temp\WER.fd4e9905-9b0f-44c0-ba68-60a1d113ce30.tmp.txt
\\?\C:\ProgramData\Microsoft\Windows\WER\Temp\WER.0ad25cc6-8a4d-4f55-99a1-448fbd42ce16.tmp.xml

These files may be available here:
\\?\C:\ProgramData\Microsoft\Windows\WER\ReportArchive\AppCrash_vmware-usbarbitr_1ec8c11773b06963b63627bb8c4cbf537b17c25_17c75580_e21ac750-4cf1-4ecd-b2aa-9932c9f40a91

Analysis symbol: 
Rechecking for solution: 0
Report Id: 78a7ca1d-9652-4939-bc9e-f119f2456bc8
Report Status: 268435456
Hashed bucket: f1ca7ee4517e896fa8463e9379d8a85e
Cab Guid: 0"
Error	20/06/2025 08:12:42	Application Error	1000	Application Crashing Events	"Faulting application name: vmware-usbarbitrator64.exe, version: 20.10.0.0, time stamp: 0x669a1840
Faulting module name: unknown, version: 0.0.0.0, time stamp: 0x00000000
Exception code: 0xc0000005
Fault offset: 0x0000000000f05dd6
Faulting process id: 0x0x1DCC
Faulting application start time: 0x0x1DBE1803FA03144
Faulting application path: C:\Program Files (x86)\Common Files\VMware\USB\vmware-usbarbitrator64.exe
Faulting module path: unknown
Report Id: 78a7ca1d-9652-4939-bc9e-f119f2456bc8
Faulting package full name: 
Faulting package-relative application ID: "
Information	20/06/2025 08:12:26	HotKeyServiceUWP	0	(2)	"The description for Event ID 0 from source HotKeyServiceUWP cannot be found. Either the component that raises this event is not installed on your local computer or the installation is corrupted. You can install or repair the component on the local computer.

If the event originated on another computer, the display information had to be saved with the event.

The following information was included with the event: 

RpcServerMonitoringThread - Entry

The message resource is present but the message was not found in the message table
"
Information	20/06/2025 08:12:26	HotKeyServiceUWP	0	(2)	"The description for Event ID 0 from source HotKeyServiceUWP cannot be found. Either the component that raises this event is not installed on your local computer or the installation is corrupted. You can install or repair the component on the local computer.

If the event originated on another computer, the display information had to be saved with the event.

The following information was included with the event: 

HP Hotkey UWP Service (8.10.46.337) in OnStart

The message resource is present but the message was not found in the message table
"
Information	20/06/2025 08:12:10	HotKeyServiceUWP	0	(2)	"The description for Event ID 0 from source HotKeyServiceUWP cannot be found. Either the component that raises this event is not installed on your local computer or the installation is corrupted. You can install or repair the component on the local computer.

If the event originated on another computer, the display information had to be saved with the event.

The following information was included with the event: 

HP Audio Analytics Service (8.10.46.337) in OnStart

The message resource is present but the message was not found in the message table
"
Information	20/06/2025 08:11:17	Windows Error Reporting	1001	None	"Fault bucket 1749154308405373022, type 4
Event Name: APPCRASH
Response: Not available
Cab Id: 0

Problem signature:
P1: vmware-usbarbitrator64.exe
P2: 20.10.0.0
P3: 669a1840
P4: StackHash_f9d8
P5: 0.0.0.0
P6: 00000000
P7: c0000005
P8: PCH_C2_FROM_unknown+0x0000000000000000
P9: 
P10: 

Attached files:
\\?\C:\ProgramData\Microsoft\Windows\WER\Temp\WER.c5bb6f1e-925b-4723-98cb-4e9902ebcb38.tmp.mdmp
\\?\C:\ProgramData\Microsoft\Windows\WER\Temp\WER.cc7d44ef-8b1d-4270-8bc8-b37dbb451b72.tmp.WERInternalMetadata.xml
WPR_initiated_DiagTrackMiniLogger_OneTrace_User_Logger_20250608_1_EC_0_inject.etl
\\?\C:\ProgramData\Microsoft\Windows\WER\Temp\WER.45376258-15e3-4719-a2aa-b70ea6449c30.tmp.etl
WPR_initiated_DiagTrackMiniLogger_WPR System Collector_inject.etl
\\?\C:\ProgramData\Microsoft\Windows\WER\Temp\WER.15e3fdae-55b0-47c6-b69f-0653b1372616.tmp.etl
\\?\C:\ProgramData\Microsoft\Windows\WER\Temp\WER.3d419647-5aea-46ec-99e9-29e48f21a746.tmp.csv
\\?\C:\ProgramData\Microsoft\Windows\WER\Temp\WER.18e1706e-4d81-4ddb-a820-1b393257ae2c.tmp.txt
\\?\C:\ProgramData\Microsoft\Windows\WER\Temp\WER.b588ea20-9c21-477b-8f7a-6c3d949fbdb1.tmp.xml

These files may be available here:
\\?\C:\ProgramData\Microsoft\Windows\WER\ReportArchive\AppCrash_vmware-usbarbitr_ae965550e4d8788fdb87659ec96ef0be4bc43bb9_17c75580_b85cdd8d-f26b-4b2b-8135-961d24f33e14

Analysis symbol: 
Rechecking for solution: 0
Report Id: da903458-c4ef-4599-b381-e5beb88893c1
Report Status: 268435456
Hashed bucket: f1ca7ee4517e896fa8463e9379d8a85e
Cab Guid: 0"
Error	20/06/2025 08:11:13	Application Error	1000	Application Crashing Events	"Faulting application name: vmware-usbarbitrator64.exe, version: 20.10.0.0, time stamp: 0x669a1840
Faulting module name: unknown, version: 0.0.0.0, time stamp: 0x00000000
Exception code: 0xc0000005
Fault offset: 0x0000000000ef5dd6
Faulting process id: 0x0x6B78
Faulting application start time: 0x0x1DBE17FD0D137D0
Faulting application path: C:\Program Files (x86)\Common Files\VMware\USB\vmware-usbarbitrator64.exe
Faulting module path: unknown
Report Id: da903458-c4ef-4599-b381-e5beb88893c1
Faulting package full name: 
Faulting package-relative application ID: "
Information	20/06/2025 08:08:11	Windows Error Reporting	1001	None	"Fault bucket 1749154308405373022, type 4
Event Name: APPCRASH
Response: Not available
Cab Id: 0

Problem signature:
P1: vmware-usbarbitrator64.exe
P2: 20.10.0.0
P3: 669a1840
P4: StackHash_f9d8
P5: 0.0.0.0
P6: 00000000
P7: c0000005
P8: PCH_E4_FROM_unknown+0x0000000000000000
P9: 
P10: 

Attached files:
\\?\C:\ProgramData\Microsoft\Windows\WER\Temp\WER.0bc6b2b6-cdee-4b9e-96d0-29d7bcfb1d96.tmp.mdmp
\\?\C:\ProgramData\Microsoft\Windows\WER\Temp\WER.f9fa06b8-61fb-45bf-ba63-e74ba7603acf.tmp.WERInternalMetadata.xml
WPR_initiated_DiagTrackMiniLogger_OneTrace_User_Logger_20250608_1_EC_0_inject.etl
\\?\C:\ProgramData\Microsoft\Windows\WER\Temp\WER.7df62846-9971-45de-a3f9-cc66bd2ba3d4.tmp.etl
WPR_initiated_DiagTrackMiniLogger_WPR System Collector_inject.etl
\\?\C:\ProgramData\Microsoft\Windows\WER\Temp\WER.33bc87ea-ca69-4dad-9e5d-3b9f573b5b22.tmp.etl
\\?\C:\ProgramData\Microsoft\Windows\WER\Temp\WER.3604658a-5217-48fd-a917-0573f8a401c6.tmp.csv
\\?\C:\ProgramData\Microsoft\Windows\WER\Temp\WER.be468bbe-5ec0-434a-8bed-8119ab4146e4.tmp.txt
\\?\C:\ProgramData\Microsoft\Windows\WER\Temp\WER.54aa124c-441e-4f65-ab0d-aeb26e4a6818.tmp.xml

These files may be available here:
\\?\C:\ProgramData\Microsoft\Windows\WER\ReportArchive\AppCrash_vmware-usbarbitr_2713abdbe2bef9172a280d97071375551d392ca_17c75580_4b608319-441f-4799-a5cd-a96aedae28f5

Analysis symbol: 
Rechecking for solution: 0
Report Id: d54a5c26-d029-4116-b5f1-0bf90bc4db2e
Report Status: 268435456
Hashed bucket: f1ca7ee4517e896fa8463e9379d8a85e
Cab Guid: 0"
Error	20/06/2025 08:08:08	Application Error	1000	Application Crashing Events	"Faulting application name: vmware-usbarbitrator64.exe, version: 20.10.0.0, time stamp: 0x669a1840
Faulting module name: unknown, version: 0.0.0.0, time stamp: 0x00000000
Exception code: 0xc0000005
Fault offset: 0x0000000000a75dd6
Faulting process id: 0x0x2A44
Faulting application start time: 0x0x1DBE17F0745D7C4
Faulting application path: C:\Program Files (x86)\Common Files\VMware\USB\vmware-usbarbitrator64.exe
Faulting module path: unknown
Report Id: d54a5c26-d029-4116-b5f1-0bf90bc4db2e
Faulting package full name: 
Faulting package-relative application ID: "
Information	20/06/2025 08:07:56	Microsoft-Windows-Complus	781	None	The COM+ sub system is suppressing duplicate event log entries for a duration of 86400 seconds.  The suppression timeout can be controlled by a REG_DWORD value named SuppressDuplicateDuration under the following registry key: HKLM\Software\Microsoft\COM3\Eventlog.
Information	20/06/2025 08:07:55	Windows Error Reporting	1001	None	"Fault bucket 2115955934357232936, type 4
Event Name: APPCRASH
Response: Not available
Cab Id: 0

Problem signature:
P1: dllhost.exe
P2: 10.0.22621.1
P3: 05e70ed3
P4: StackHash_f9d8
P5: 0.0.0.0
P6: 00000000
P7: c0000005
P8: PCH_4B_FROM_unknown+0x0000000000000000
P9: 
P10: 

Attached files:
\\?\C:\ProgramData\Microsoft\Windows\WER\Temp\WER.a28b08cd-3b89-4e1f-af3b-5e6a11012c84.tmp.mdmp
\\?\C:\ProgramData\Microsoft\Windows\WER\Temp\WER.c12f755c-0410-4be0-b5c3-955ae4269790.tmp.WERInternalMetadata.xml
WPR_initiated_DiagTrackMiniLogger_OneTrace_User_Logger_20250608_1_EC_0_inject.etl
\\?\C:\ProgramData\Microsoft\Windows\WER\Temp\WER.8f36d976-c28d-4834-ae32-d2e4ffd0728a.tmp.etl
WPR_initiated_DiagTrackMiniLogger_WPR System Collector_inject.etl
\\?\C:\ProgramData\Microsoft\Windows\WER\Temp\WER.9c2d55c9-c858-4728-8041-5ae369e56732.tmp.etl
\\?\C:\ProgramData\Microsoft\Windows\WER\Temp\WER.cd715169-f3b1-440b-8954-70da8236b6e6.tmp.csv
\\?\C:\ProgramData\Microsoft\Windows\WER\Temp\WER.7c716561-2715-4545-bd4d-7202dbffefa0.tmp.txt
\\?\C:\ProgramData\Microsoft\Windows\WER\Temp\WER.b287b60f-9731-48e7-b19c-09d776ab0f03.tmp.xml

These files may be available here:
\\?\C:\ProgramData\Microsoft\Windows\WER\ReportArchive\AppCrash_dllhost.exe_e2c63fef1373a35ac0b634548b13aa5eede3c88_e7c336b8_8aacfaea-c2f9-49b0-9f75-ecc467ed86ea

Analysis symbol: 
Rechecking for solution: 0
Report Id: be21ff3f-0dd9-4380-93dc-a6fa66193915
Report Status: 268435456
Hashed bucket: c00013d530715c43fd5d62b623be1d28
Cab Guid: 0"
Error	20/06/2025 08:07:51	Application Error	1000	Application Crashing Events	"Faulting application name: dllhost.exe, version: 10.0.22621.1, time stamp: 0x05e70ed3
Faulting module name: unknown, version: 0.0.0.0, time stamp: 0x00000000
Exception code: 0xc0000005
Fault offset: 0x0000000000545dd6
Faulting process id: 0x0x634C
Faulting application start time: 0x0x1DBE17F79EB3E60
Faulting application path: C:\Windows\system32\dllhost.exe
Faulting module path: unknown
Report Id: be21ff3f-0dd9-4380-93dc-a6fa66193915
Faulting package full name: 
Faulting package-relative application ID: "
Information	20/06/2025 08:06:26	Windows Error Reporting	1001	None	"Fault bucket 2120996873715200844, type 4
Event Name: APPCRASH
Response: Not available
Cab Id: 0

Problem signature:
P1: HotKeyServiceUWP.exe
P2: 8.10.46.337
P3: 67ee32ff
P4: StackHash_f9d8
P5: 0.0.0.0
P6: 00000000
P7: c0000005
P8: PCH_00_FROM_unknown+0x0000000000000000
P9: 
P10: 

Attached files:
\\?\C:\ProgramData\Microsoft\Windows\WER\Temp\WER.93884ed5-ae04-4795-8b9b-defd0dd31dc9.tmp.mdmp
\\?\C:\ProgramData\Microsoft\Windows\WER\Temp\WER.328ec481-ac47-4b97-816d-4ab1f11981fb.tmp.WERInternalMetadata.xml
WPR_initiated_DiagTrackMiniLogger_OneTrace_User_Logger_20250608_1_EC_0_inject.etl
\\?\C:\ProgramData\Microsoft\Windows\WER\Temp\WER.9485640e-9c0c-44c2-94ea-817fc82d7aca.tmp.etl
WPR_initiated_DiagTrackMiniLogger_WPR System Collector_inject.etl
\\?\C:\ProgramData\Microsoft\Windows\WER\Temp\WER.d4f96d82-e30d-4dae-82db-065c0ce50742.tmp.etl
\\?\C:\ProgramData\Microsoft\Windows\WER\Temp\WER.7ec4e32d-1296-4ca6-97fa-b6b9e8b4a9e6.tmp.csv
\\?\C:\ProgramData\Microsoft\Windows\WER\Temp\WER.9d7ada46-6d45-48f3-940b-4288db577283.tmp.txt
\\?\C:\ProgramData\Microsoft\Windows\WER\Temp\WER.f19e1de8-1877-4cca-aab7-570900e6a74b.tmp.xml

These files may be available here:
\\?\C:\ProgramData\Microsoft\Windows\WER\ReportArchive\AppCrash_HotKeyServiceUWP_5540d725a180a02c3825b1f77c22eedc462a7_b8181675_e5755b07-3118-42b3-826b-c3ca3ad82ff7

Analysis symbol: 
Rechecking for solution: 0
Report Id: 73541669-c500-4e3d-859c-bc591809dbbe
Report Status: 268435456
Hashed bucket: dfa1cf850c1ffe22dd6f4b6b4b82334c
Cab Guid: 0"
Error	20/06/2025 08:06:23	Application Error	1000	Application Crashing Events	"Faulting application name: HotKeyServiceUWP.exe, version: 8.10.46.337, time stamp: 0x67ee32ff
Faulting module name: unknown, version: 0.0.0.0, time stamp: 0x00000000
Exception code: 0xc0000005
Fault offset: 0x0000000000f05dd6
Faulting process id: 0x0x521C
Faulting application start time: 0x0x1DBE17F2118FF3C
Faulting application path: C:\Windows\System32\DriverStore\FileRepository\hpqkbsoftwarecompnent.inf_amd64_a22c6a91e05f8cee\HotKeyServiceUWP.exe
Faulting module path: unknown
Report Id: 73541669-c500-4e3d-859c-bc591809dbbe
Faulting package full name: 
Faulting package-relative application ID: "
Information	20/06/2025 08:06:10	Windows Error Reporting	1001	None	"Fault bucket 1833580701306877483, type 4
Event Name: APPCRASH
Response: Not available
Cab Id: 0

Problem signature:
P1: HPAudioAnalytics.exe
P2: 8.10.46.337
P3: 67ee326a
P4: StackHash_f9d8
P5: 0.0.0.0
P6: 00000000
P7: c0000005
P8: PCH_00_FROM_unknown+0x0000000000000000
P9: 
P10: 

Attached files:
\\?\C:\ProgramData\Microsoft\Windows\WER\Temp\WER.440268c3-7e09-473f-8127-087ef25ec3a8.tmp.mdmp
\\?\C:\ProgramData\Microsoft\Windows\WER\Temp\WER.8ac272a2-3897-4a4e-94ea-54286621f7c1.tmp.WERInternalMetadata.xml
WPR_initiated_DiagTrackMiniLogger_OneTrace_User_Logger_20250608_1_EC_0_inject.etl
\\?\C:\ProgramData\Microsoft\Windows\WER\Temp\WER.6a31258e-6fd5-4ae7-94be-4e62b73c316b.tmp.etl
WPR_initiated_DiagTrackMiniLogger_WPR System Collector_inject.etl
\\?\C:\ProgramData\Microsoft\Windows\WER\Temp\WER.cc40aebb-789a-4420-820d-08b172186436.tmp.etl
\\?\C:\ProgramData\Microsoft\Windows\WER\Temp\WER.c0fda57c-8de7-4772-b618-261423bbcc19.tmp.csv
\\?\C:\ProgramData\Microsoft\Windows\WER\Temp\WER.7a1217e9-6b9b-4a3c-8ef1-a2b7d2902bbe.tmp.txt
\\?\C:\ProgramData\Microsoft\Windows\WER\Temp\WER.a4ca6fa0-30a4-42a9-987a-7dc93f1ad474.tmp.xml

These files may be available here:
\\?\C:\ProgramData\Microsoft\Windows\WER\ReportArchive\AppCrash_HPAudioAnalytics_8e6a6efde35e5754cabe53b429f2dab9c4857bb8_fe948d19_265402f4-557f-4ba9-b621-d3616797def8

Analysis symbol: 
Rechecking for solution: 0
Report Id: 0f6f4ffe-4212-49cf-b9f2-0b7117c7cce5
Report Status: 268435456
Hashed bucket: c52742e85a88a80ca9722feee068762b
Cab Guid: 0"
Error	20/06/2025 08:06:07	Application Error	1000	Application Crashing Events	"Faulting application name: HPAudioAnalytics.exe, version: 8.10.46.337, time stamp: 0x67ee326a
Faulting module name: unknown, version: 0.0.0.0, time stamp: 0x00000000
Exception code: 0xc0000005
Fault offset: 0x0000000000f05dd6
Faulting process id: 0x0x15A8
Faulting application start time: 0x0x1DBE17F17197840
Faulting application path: C:\Windows\System32\DriverStore\FileRepository\hpqkbsoftwarecompnent.inf_amd64_a22c6a91e05f8cee\HPAudioAnalytics.exe
Faulting module path: unknown
Report Id: 0f6f4ffe-4212-49cf-b9f2-0b7117c7cce5
Faulting package full name: 
Faulting package-relative application ID: "
Information	20/06/2025 08:05:56	Microsoft-Windows-Complus	781	None	The COM+ sub system is suppressing duplicate event log entries for a duration of 86400 seconds.  The suppression timeout can be controlled by a REG_DWORD value named SuppressDuplicateDuration under the following registry key: HKLM\Software\Microsoft\COM3\Eventlog.
Information	20/06/2025 08:05:54	Windows Error Reporting	1001	None	"Fault bucket 2115955934357232936, type 4
Event Name: APPCRASH
Response: Not available
Cab Id: 0

Problem signature:
P1: dllhost.exe
P2: 10.0.22621.1
P3: 05e70ed3
P4: StackHash_f9d8
P5: 0.0.0.0
P6: 00000000
P7: c0000005
P8: PCH_57_FROM_unknown+0x0000000000000000
P9: 
P10: 

Attached files:
\\?\C:\ProgramData\Microsoft\Windows\WER\Temp\WER.577de245-ea45-40db-a741-62c307397015.tmp.mdmp
\\?\C:\ProgramData\Microsoft\Windows\WER\Temp\WER.8cd709b2-e465-4476-ae4d-ce1afadb9506.tmp.WERInternalMetadata.xml
WPR_initiated_DiagTrackMiniLogger_OneTrace_User_Logger_20250608_1_EC_0_inject.etl
\\?\C:\ProgramData\Microsoft\Windows\WER\Temp\WER.4467d152-0549-469c-a956-b82bff63eee8.tmp.etl
WPR_initiated_DiagTrackMiniLogger_WPR System Collector_inject.etl
\\?\C:\ProgramData\Microsoft\Windows\WER\Temp\WER.c5c10df0-a30b-4d23-962e-262f1d533851.tmp.etl
\\?\C:\ProgramData\Microsoft\Windows\WER\Temp\WER.aa9a8c28-b3b8-4a0c-b7c7-1b750916d363.tmp.csv
\\?\C:\ProgramData\Microsoft\Windows\WER\Temp\WER.3f2d0492-2fe7-4452-8c3d-188b124f88bd.tmp.txt
\\?\C:\ProgramData\Microsoft\Windows\WER\Temp\WER.5c9ca403-e86a-431f-8eba-c0823c06e81f.tmp.xml

These files may be available here:
\\?\C:\ProgramData\Microsoft\Windows\WER\ReportArchive\AppCrash_dllhost.exe_50be1f11d1b657ba16be9c37736376e9b894487_e7c336b8_26f43eec-215b-4bca-94bf-6e9a2131e736

Analysis symbol: 
Rechecking for solution: 0
Report Id: 033e8074-7b0e-4b3c-a445-c4cb2da890bb
Report Status: 268435456
Hashed bucket: c00013d530715c43fd5d62b623be1d28
Cab Guid: 0"
Error	20/06/2025 08:05:51	Application Error	1000	Application Crashing Events	"Faulting application name: dllhost.exe, version: 10.0.22621.1, time stamp: 0x05e70ed3
Faulting module name: unknown, version: 0.0.0.0, time stamp: 0x00000000
Exception code: 0xc0000005
Fault offset: 0x0000000000955dd6
Faulting process id: 0x0x59E8
Faulting application start time: 0x0x1DBE17F0B79299F
Faulting application path: C:\Windows\system32\dllhost.exe
Faulting module path: unknown
Report Id: 033e8074-7b0e-4b3c-a445-c4cb2da890bb
Faulting package full name: 
Faulting package-relative application ID: "
Information	20/06/2025 08:03:27	HotKeyServiceUWP	0	(2)	"The description for Event ID 0 from source HotKeyServiceUWP cannot be found. Either the component that raises this event is not installed on your local computer or the installation is corrupted. You can install or repair the component on the local computer.

If the event originated on another computer, the display information had to be saved with the event.

The following information was included with the event: 

RpcServerMonitoringThread - Entry

The message resource is present but the message was not found in the message table
"
Information	20/06/2025 08:03:27	HotKeyServiceUWP	0	(2)	"The description for Event ID 0 from source HotKeyServiceUWP cannot be found. Either the component that raises this event is not installed on your local computer or the installation is corrupted. You can install or repair the component on the local computer.

If the event originated on another computer, the display information had to be saved with the event.

The following information was included with the event: 

HP Hotkey UWP Service (8.10.46.337) in OnStart

The message resource is present but the message was not found in the message table
"
Information	20/06/2025 08:03:10	HotKeyServiceUWP	0	(2)	"The description for Event ID 0 from source HotKeyServiceUWP cannot be found. Either the component that raises this event is not installed on your local computer or the installation is corrupted. You can install or repair the component on the local computer.

If the event originated on another computer, the display information had to be saved with the event.

The following information was included with the event: 

HP Audio Analytics Service (8.10.46.337) in OnStart

The message resource is present but the message was not found in the message table
"
Information	20/06/2025 08:02:50	Microsoft-Windows-Complus	781	None	The COM+ sub system is suppressing duplicate event log entries for a duration of 86400 seconds.  The suppression timeout can be controlled by a REG_DWORD value named SuppressDuplicateDuration under the following registry key: HKLM\Software\Microsoft\COM3\Eventlog.
Information	20/06/2025 08:02:49	Windows Error Reporting	1001	None	"Fault bucket 2115955934357232936, type 4
Event Name: APPCRASH
Response: Not available
Cab Id: 0

Problem signature:
P1: dllhost.exe
P2: 10.0.22621.1
P3: 05e70ed3
P4: StackHash_f9d8
P5: 0.0.0.0
P6: 00000000
P7: c0000005
P8: PCH_4B_FROM_unknown+0x0000000000000000
P9: 
P10: 

Attached files:
\\?\C:\ProgramData\Microsoft\Windows\WER\Temp\WER.f04e4901-ed39-4c78-86a2-e355b2e72d48.tmp.mdmp
\\?\C:\ProgramData\Microsoft\Windows\WER\Temp\WER.b5efd66a-d69d-4ac6-aa98-a5655f75b453.tmp.WERInternalMetadata.xml
WPR_initiated_DiagTrackMiniLogger_OneTrace_User_Logger_20250608_1_EC_0_inject.etl
\\?\C:\ProgramData\Microsoft\Windows\WER\Temp\WER.4a45a88d-4352-4dc9-b135-54a84ef10d50.tmp.etl
WPR_initiated_DiagTrackMiniLogger_WPR System Collector_inject.etl
\\?\C:\ProgramData\Microsoft\Windows\WER\Temp\WER.e1149286-9465-47a4-99a3-12b4a566849e.tmp.etl
\\?\C:\ProgramData\Microsoft\Windows\WER\Temp\WER.08d093e2-ec28-4ca0-ad17-a68ff0675777.tmp.csv
\\?\C:\ProgramData\Microsoft\Windows\WER\Temp\WER.68502dea-118a-4a80-9b97-f43e295e26d7.tmp.txt
\\?\C:\ProgramData\Microsoft\Windows\WER\Temp\WER.3346e4d5-0ad2-460d-a735-d07bb9ad1e65.tmp.xml

These files may be available here:
\\?\C:\ProgramData\Microsoft\Windows\WER\ReportArchive\AppCrash_dllhost.exe_e2c63fef1373a35ac0b634548b13aa5eede3c88_e7c336b8_5fa6cf42-b770-4d38-bf84-a963d7bae85d

Analysis symbol: 
Rechecking for solution: 0
Report Id: 0d3619e9-3366-4585-b1f8-1569d996004f
Report Status: 2147487744
Hashed bucket: c00013d530715c43fd5d62b623be1d28
Cab Guid: 0"
Error	20/06/2025 08:02:46	Application Error	1000	Application Crashing Events	"Faulting application name: dllhost.exe, version: 10.0.22621.1, time stamp: 0x05e70ed3
Faulting module name: unknown, version: 0.0.0.0, time stamp: 0x00000000
Exception code: 0xc0000005
Fault offset: 0x0000000000545dd6
Faulting process id: 0x0x7F94
Faulting application start time: 0x0x1DBE17EF8358477
Faulting application path: C:\Windows\system32\dllhost.exe
Faulting module path: unknown
Report Id: 0d3619e9-3366-4585-b1f8-1569d996004f
Faulting package full name: 
Faulting package-relative application ID: "
Information	20/06/2025 08:02:33	Windows Error Reporting	1001	None	"Fault bucket 1749154308405373022, type 4
Event Name: APPCRASH
Response: Not available
Cab Id: 0

Problem signature:
P1: vmware-usbarbitrator64.exe
P2: 20.10.0.0
P3: 669a1840
P4: StackHash_f9d8
P5: 0.0.0.0
P6: 00000000
P7: c0000005
P8: PCH_29_FROM_unknown+0x0000000000000000
P9: 
P10: 

Attached files:
\\?\C:\ProgramData\Microsoft\Windows\WER\Temp\WER.75ffcf1c-0f3f-4b0e-92af-8b0145ec9f37.tmp.mdmp
\\?\C:\ProgramData\Microsoft\Windows\WER\Temp\WER.eb8ede0e-4ee2-41ff-9a1b-24a58d088355.tmp.WERInternalMetadata.xml
WPR_initiated_DiagTrackMiniLogger_OneTrace_User_Logger_20250608_1_EC_0_inject.etl
\\?\C:\ProgramData\Microsoft\Windows\WER\Temp\WER.e8c7a1ce-126a-4f3f-a03a-920cf7d0152f.tmp.etl
WPR_initiated_DiagTrackMiniLogger_WPR System Collector_inject.etl
\\?\C:\ProgramData\Microsoft\Windows\WER\Temp\WER.286e0ee6-9341-4376-a3d6-52151ef43739.tmp.etl
\\?\C:\ProgramData\Microsoft\Windows\WER\Temp\WER.052270b8-2361-46fb-b5f3-684b3bd06da1.tmp.csv
\\?\C:\ProgramData\Microsoft\Windows\WER\Temp\WER.f7617400-37c4-40d1-8c86-ef18d46b3e85.tmp.txt
\\?\C:\ProgramData\Microsoft\Windows\WER\Temp\WER.e38285b8-aa1a-4652-8ad3-dc7d62af0947.tmp.xml

These files may be available here:
\\?\C:\ProgramData\Microsoft\Windows\WER\ReportArchive\AppCrash_vmware-usbarbitr_da328978b9a1d0e9ab407a7b32118156bca3639_17c75580_fca9273a-49fb-4fa7-b528-b803138d51a4

Analysis symbol: 
Rechecking for solution: 0
Report Id: 631ab2cf-cec3-4a74-9845-27e5579a64fa
Report Status: 268435456
Hashed bucket: f1ca7ee4517e896fa8463e9379d8a85e
Cab Guid: 0"
Error	20/06/2025 08:02:29	Application Error	1000	Application Crashing Events	"Faulting application name: vmware-usbarbitrator64.exe, version: 20.10.0.0, time stamp: 0x669a1840
Faulting module name: unknown, version: 0.0.0.0, time stamp: 0x00000000
Exception code: 0xc0000005
Fault offset: 0x0000000000ee5dd6
Faulting process id: 0x0x8FA8
Faulting application start time: 0x0x1DBE17E3D05E85D
Faulting application path: C:\Program Files (x86)\Common Files\VMware\USB\vmware-usbarbitrator64.exe
Faulting module path: unknown
Report Id: 631ab2cf-cec3-4a74-9845-27e5579a64fa
Faulting package full name: 
Faulting package-relative application ID: "
Information	20/06/2025 08:02:18	Microsoft-Windows-Complus	781	None	The COM+ sub system is suppressing duplicate event log entries for a duration of 86400 seconds.  The suppression timeout can be controlled by a REG_DWORD value named SuppressDuplicateDuration under the following registry key: HKLM\Software\Microsoft\COM3\Eventlog.
Information	20/06/2025 08:02:17	Windows Error Reporting	1001	None	"Fault bucket 2115955934357232936, type 4
Event Name: APPCRASH
Response: Not available
Cab Id: 0

Problem signature:
P1: dllhost.exe
P2: 10.0.22621.1
P3: 05e70ed3
P4: StackHash_f9d8
P5: 0.0.0.0
P6: 00000000
P7: c0000005
P8: PCH_9C_FROM_unknown+0x0000000000000000
P9: 
P10: 

Attached files:
\\?\C:\ProgramData\Microsoft\Windows\WER\Temp\WER.0d7cdba6-73c1-408b-960a-ba9e7e793eb0.tmp.mdmp
\\?\C:\ProgramData\Microsoft\Windows\WER\Temp\WER.841361d1-cef4-4a98-ada8-85f4363e4626.tmp.WERInternalMetadata.xml
WPR_initiated_DiagTrackMiniLogger_OneTrace_User_Logger_20250608_1_EC_0_inject.etl
\\?\C:\ProgramData\Microsoft\Windows\WER\Temp\WER.4041470a-c887-49e0-acb1-c65a13b13121.tmp.etl
WPR_initiated_DiagTrackMiniLogger_WPR System Collector_inject.etl
\\?\C:\ProgramData\Microsoft\Windows\WER\Temp\WER.68842d38-6b06-4cc5-a900-888b6072652d.tmp.etl
\\?\C:\ProgramData\Microsoft\Windows\WER\Temp\WER.5fd7a4f0-27fa-4aa8-8f69-a936fe89bf21.tmp.csv
\\?\C:\ProgramData\Microsoft\Windows\WER\Temp\WER.1d593314-0c09-43e0-8caa-65eae2d3f5fb.tmp.txt
\\?\C:\ProgramData\Microsoft\Windows\WER\Temp\WER.08ee0e4c-15a8-4465-a5e7-7816b8ba3d94.tmp.xml

These files may be available here:
\\?\C:\ProgramData\Microsoft\Windows\WER\ReportArchive\AppCrash_dllhost.exe_b7708e6112c3d3ea555e15432f2d9b42994b3d_e7c336b8_f36c5391-5aed-4424-9a07-e11bd1a44ecf

Analysis symbol: 
Rechecking for solution: 0
Report Id: dd6c1a5f-829f-4eed-a9e0-435499a37182
Report Status: 268435456
Hashed bucket: c00013d530715c43fd5d62b623be1d28
Cab Guid: 0"
Error	20/06/2025 08:02:14	Application Error	1000	Application Crashing Events	"Faulting application name: dllhost.exe, version: 10.0.22621.1, time stamp: 0x05e70ed3
Faulting module name: unknown, version: 0.0.0.0, time stamp: 0x00000000
Exception code: 0xc0000005
Fault offset: 0x0000000000905dd6
Faulting process id: 0x0x8D40
Faulting application start time: 0x0x1DBE17EC3E2473E
Faulting application path: C:\Windows\system32\dllhost.exe
Faulting module path: unknown
Report Id: dd6c1a5f-829f-4eed-a9e0-435499a37182
Faulting package full name: 
Faulting package-relative application ID: "
Information	20/06/2025 08:00:50	Microsoft-Windows-Complus	781	None	The COM+ sub system is suppressing duplicate event log entries for a duration of 86400 seconds.  The suppression timeout can be controlled by a REG_DWORD value named SuppressDuplicateDuration under the following registry key: HKLM\Software\Microsoft\COM3\Eventlog.
Information	20/06/2025 08:00:49	Windows Error Reporting	1001	None	"Fault bucket 2115955934357232936, type 4
Event Name: APPCRASH
Response: Not available
Cab Id: 0

Problem signature:
P1: dllhost.exe
P2: 10.0.22621.1
P3: 05e70ed3
P4: StackHash_f9d8
P5: 0.0.0.0
P6: 00000000
P7: c0000005
P8: PCH_9C_FROM_unknown+0x0000000000000000
P9: 
P10: 

Attached files:
\\?\C:\ProgramData\Microsoft\Windows\WER\Temp\WER.9c186cda-cdcf-4eac-a639-86de59e7f9e2.tmp.mdmp
\\?\C:\ProgramData\Microsoft\Windows\WER\Temp\WER.03da19a8-90f3-4a50-900f-b0c8ebf2875a.tmp.WERInternalMetadata.xml
WPR_initiated_DiagTrackMiniLogger_OneTrace_User_Logger_20250608_1_EC_0_inject.etl
\\?\C:\ProgramData\Microsoft\Windows\WER\Temp\WER.9db45e36-09a2-4827-9c4b-f9f5840e11a3.tmp.etl
WPR_initiated_DiagTrackMiniLogger_WPR System Collector_inject.etl
\\?\C:\ProgramData\Microsoft\Windows\WER\Temp\WER.083636d5-5313-417c-84ab-78c66771ff1c.tmp.etl
\\?\C:\ProgramData\Microsoft\Windows\WER\Temp\WER.f3919bef-4080-4b95-931e-b7f663d167ec.tmp.csv
\\?\C:\ProgramData\Microsoft\Windows\WER\Temp\WER.e4b06075-4f67-4a77-adc9-ac1c0717994f.tmp.txt
\\?\C:\ProgramData\Microsoft\Windows\WER\Temp\WER.055c0ed9-55b4-4ef2-9e17-a3e0494a4008.tmp.xml

These files may be available here:
\\?\C:\ProgramData\Microsoft\Windows\WER\ReportArchive\AppCrash_dllhost.exe_b7708e6112c3d3ea555e15432f2d9b42994b3d_e7c336b8_df2b6d0a-e3d4-4d4e-a304-a057c36f02a8

Analysis symbol: 
Rechecking for solution: 0
Report Id: a8940148-c2ce-40e6-b616-e73bb3e9333e
Report Status: 268435456
Hashed bucket: c00013d530715c43fd5d62b623be1d28
Cab Guid: 0"
Error	20/06/2025 08:00:46	Application Error	1000	Application Crashing Events	"Faulting application name: dllhost.exe, version: 10.0.22621.1, time stamp: 0x05e70ed3
Faulting module name: unknown, version: 0.0.0.0, time stamp: 0x00000000
Exception code: 0xc0000005
Fault offset: 0x0000000000905dd6
Faulting process id: 0x0x5F68
Faulting application start time: 0x0x1DBE17E55188645
Faulting application path: C:\Windows\system32\dllhost.exe
Faulting module path: unknown
Report Id: a8940148-c2ce-40e6-b616-e73bb3e9333e
Faulting package full name: 
Faulting package-relative application ID: "
Information	20/06/2025 07:57:44	Microsoft-Windows-Complus	781	None	The COM+ sub system is suppressing duplicate event log entries for a duration of 86400 seconds.  The suppression timeout can be controlled by a REG_DWORD value named SuppressDuplicateDuration under the following registry key: HKLM\Software\Microsoft\COM3\Eventlog.
