Information	20/06/2025 09:28:47	Windows Error Reporting	1001	None	"Fault bucket , type 0
Event Name: APPCRASH
Response: Not available
Cab Id: 0

Problem signature:
P1: TbtP2pShortcutService.exe
P2: 1.41.1420.0
P3: 667a7095
P4: StackHash_f9d8
P5: 0.0.0.0
P6: 00000000
P7: c0000005
P8: PCH_E9_FROM_unknown+0x0000000000000000
P9: 
P10: 

Attached files:
\\?\C:\ProgramData\Microsoft\Windows\WER\Temp\WER.0954996e-762c-44df-b3b9-795b6619d689.tmp.mdmp
\\?\C:\ProgramData\Microsoft\Windows\WER\Temp\WER.70b60483-4c35-4248-b4db-61dae0437591.tmp.WERInternalMetadata.xml
\\?\C:\ProgramData\Microsoft\Windows\WER\ReportQueue\AppCrash_TbtP2pShortcutSe_11cb21e7ef5273d59f0697437a0fa634a3720a2_49138d31_cab_df06927d-3418-4600-92fb-0f041a14609d\WPR_initiated_DiagTrackMiniLogger_OneTrace_User_Logger_20240808_1_EC_0_inject.etl
\\?\C:\ProgramData\Microsoft\Windows\WER\Temp\WER.a6fbb5f8-ba6d-403f-a898-05f14c9985df.tmp.etl
\\?\C:\ProgramData\Microsoft\Windows\WER\ReportQueue\AppCrash_TbtP2pShortcutSe_11cb21e7ef5273d59f0697437a0fa634a3720a2_49138d31_cab_df06927d-3418-4600-92fb-0f041a14609d\WPR_initiated_DiagTrackMiniLogger_WPR System Collector_inject.etl
\\?\C:\ProgramData\Microsoft\Windows\WER\Temp\WER.3c5ba4cc-11d5-4d30-9fd9-9c080c257ad6.tmp.etl
\\?\C:\ProgramData\Microsoft\Windows\WER\Temp\WER.60f3a15f-7f61-4fca-bd8d-b5041c927c77.tmp.csv
\\?\C:\ProgramData\Microsoft\Windows\WER\Temp\WER.fe82e832-3417-44e6-867d-a49bcbafdaa9.tmp.txt
\\?\C:\ProgramData\Microsoft\Windows\WER\Temp\WER.360a3665-58b7-4fec-8956-e0cd0ae6c6f2.tmp.xml
\\?\C:\Windows\SystemTemp\WER.5f1aaa55-5d39-4910-b9e7-3e67554351f4.tmp.appcompat.txt
\\?\C:\ProgramData\Microsoft\Windows\WER\ReportQueue\AppCrash_TbtP2pShortcutSe_11cb21e7ef5273d59f0697437a0fa634a3720a2_49138d31_cab_df06927d-3418-4600-92fb-0f041a14609d\memory.hdmp

These files may be available here:
\\?\C:\ProgramData\Microsoft\Windows\WER\ReportQueue\AppCrash_TbtP2pShortcutSe_11cb21e7ef5273d59f0697437a0fa634a3720a2_49138d31_cab_df06927d-3418-4600-92fb-0f041a14609d

Analysis symbol: 
Rechecking for solution: 0
Report Id: 24769d08-f09b-4cc3-bba5-5d1d2045e0fa
Report Status: 100
Hashed bucket: 
Cab Guid: 0"
Error	20/06/2025 09:28:43	Application Error	1000	Application Crashing Events	"Faulting application name: TbtP2pShortcutService.exe, version: 1.41.1420.0, time stamp: 0x667a7095
Faulting module name: unknown, version: 0.0.0.0, time stamp: 0x00000000
Exception code: 0xc0000005
Fault offset: 0x0000000000dd5dd6
Faulting process id: 0x0x18CC
Faulting application start time: 0x0x1DBE189A61066D1
Faulting application path: C:\Windows\TbtP2pShortcutService.exe
Faulting module path: unknown
Report Id: 24769d08-f09b-4cc3-bba5-5d1d2045e0fa
Faulting package full name: 
Faulting package-relative application ID: "
Information	20/06/2025 09:28:15	Windows Error Reporting	1001	None	"Fault bucket 1960855230989707520, type 4
Event Name: APPCRASH
Response: Not available
Cab Id: 0

Problem signature:
P1: FileSyncHelper.exe
P2: 25.95.518.2
P3: 4633dd88
P4: StackHash_f9d8
P5: 0.0.0.0
P6: 00000000
P7: c0000005
P8: PCH_97_FROM_unknown+0x0000000000000000
P9: 
P10: 

Attached files:
\\?\C:\Program Files\Microsoft OneDrive\FileSyncHelper\logs\FileSyncHelper-2025-06-20.0218.5408.1.aodl
\\?\C:\ProgramData\Microsoft\Windows\WER\Temp\WER.404e71db-ec90-46aa-ac2d-6e6706a09a46.tmp.mdmp
\\?\C:\ProgramData\Microsoft\Windows\WER\Temp\WER.e7ad25b6-aad8-4abe-a893-e5765c156067.tmp.WERInternalMetadata.xml
\\?\C:\ProgramData\Microsoft\Windows\WER\ReportQueue\AppCrash_FileSyncHelper.e_325e48957934923563a79ab86ce6ee6698fb99_47cb460d_cab_d695f39a-6a84-499e-a287-b59e668c70fc\WPR_initiated_DiagTrackMiniLogger_OneTrace_User_Logger_20240808_1_EC_0_inject.etl
\\?\C:\ProgramData\Microsoft\Windows\WER\Temp\WER.d64f9497-3566-468d-8cb2-e208386ba266.tmp.etl
\\?\C:\ProgramData\Microsoft\Windows\WER\ReportQueue\AppCrash_FileSyncHelper.e_325e48957934923563a79ab86ce6ee6698fb99_47cb460d_cab_d695f39a-6a84-499e-a287-b59e668c70fc\WPR_initiated_DiagTrackMiniLogger_WPR System Collector_inject.etl
\\?\C:\ProgramData\Microsoft\Windows\WER\Temp\WER.13b42ce7-b524-4a69-b409-38ec02676798.tmp.etl
\\?\C:\ProgramData\Microsoft\Windows\WER\Temp\WER.4c7fa348-d45f-4805-a01d-f637129ac37a.tmp.csv
\\?\C:\ProgramData\Microsoft\Windows\WER\Temp\WER.ade11cdd-6c8e-497d-941c-e3c5f62ec2ca.tmp.txt
\\?\C:\ProgramData\Microsoft\Windows\WER\Temp\WER.3a417bbb-f8ba-4159-871c-ad47076d529e.tmp.xml
\\?\C:\Windows\SystemTemp\WER.bed851cd-65a7-4b8a-ac54-7a0fbe8e0a03.tmp.appcompat.txt
\\?\C:\ProgramData\Microsoft\Windows\WER\ReportQueue\AppCrash_FileSyncHelper.e_325e48957934923563a79ab86ce6ee6698fb99_47cb460d_cab_d695f39a-6a84-499e-a287-b59e668c70fc\memory.hdmp

These files may be available here:
\\?\C:\ProgramData\Microsoft\Windows\WER\ReportArchive\AppCrash_FileSyncHelper.e_325e48957934923563a79ab86ce6ee6698fb99_47cb460d_d695f39a-6a84-499e-a287-b59e668c70fc

Analysis symbol: 
Rechecking for solution: 0
Report Id: dc6e944e-cdc7-4070-a456-bbc8e0b04fd1
Report Status: 268435552
Hashed bucket: b60341ab14214aeb3b365b718b1ba900
Cab Guid: 0"
Information	20/06/2025 09:28:13	Windows Error Reporting	1001	None	"Fault bucket , type 0
Event Name: APPCRASH
Response: Not available
Cab Id: 0

Problem signature:
P1: FileSyncHelper.exe
P2: 25.95.518.2
P3: 4633dd88
P4: StackHash_f9d8
P5: 0.0.0.0
P6: 00000000
P7: c0000005
P8: PCH_97_FROM_unknown+0x0000000000000000
P9: 
P10: 

Attached files:
\\?\C:\Program Files\Microsoft OneDrive\FileSyncHelper\logs\FileSyncHelper-2025-06-20.0218.5408.1.aodl
\\?\C:\ProgramData\Microsoft\Windows\WER\Temp\WER.404e71db-ec90-46aa-ac2d-6e6706a09a46.tmp.mdmp
\\?\C:\ProgramData\Microsoft\Windows\WER\Temp\WER.e7ad25b6-aad8-4abe-a893-e5765c156067.tmp.WERInternalMetadata.xml
\\?\C:\ProgramData\Microsoft\Windows\WER\ReportQueue\AppCrash_FileSyncHelper.e_325e48957934923563a79ab86ce6ee6698fb99_47cb460d_cab_d695f39a-6a84-499e-a287-b59e668c70fc\WPR_initiated_DiagTrackMiniLogger_OneTrace_User_Logger_20240808_1_EC_0_inject.etl
\\?\C:\ProgramData\Microsoft\Windows\WER\Temp\WER.d64f9497-3566-468d-8cb2-e208386ba266.tmp.etl
\\?\C:\ProgramData\Microsoft\Windows\WER\ReportQueue\AppCrash_FileSyncHelper.e_325e48957934923563a79ab86ce6ee6698fb99_47cb460d_cab_d695f39a-6a84-499e-a287-b59e668c70fc\WPR_initiated_DiagTrackMiniLogger_WPR System Collector_inject.etl
\\?\C:\ProgramData\Microsoft\Windows\WER\Temp\WER.13b42ce7-b524-4a69-b409-38ec02676798.tmp.etl
\\?\C:\ProgramData\Microsoft\Windows\WER\Temp\WER.4c7fa348-d45f-4805-a01d-f637129ac37a.tmp.csv
\\?\C:\ProgramData\Microsoft\Windows\WER\Temp\WER.ade11cdd-6c8e-497d-941c-e3c5f62ec2ca.tmp.txt
\\?\C:\ProgramData\Microsoft\Windows\WER\Temp\WER.3a417bbb-f8ba-4159-871c-ad47076d529e.tmp.xml
\\?\C:\Windows\SystemTemp\WER.bed851cd-65a7-4b8a-ac54-7a0fbe8e0a03.tmp.appcompat.txt
\\?\C:\ProgramData\Microsoft\Windows\WER\ReportQueue\AppCrash_FileSyncHelper.e_325e48957934923563a79ab86ce6ee6698fb99_47cb460d_cab_d695f39a-6a84-499e-a287-b59e668c70fc\memory.hdmp

These files may be available here:
\\?\C:\ProgramData\Microsoft\Windows\WER\ReportQueue\AppCrash_FileSyncHelper.e_325e48957934923563a79ab86ce6ee6698fb99_47cb460d_cab_d695f39a-6a84-499e-a287-b59e668c70fc

Analysis symbol: 
Rechecking for solution: 0
Report Id: dc6e944e-cdc7-4070-a456-bbc8e0b04fd1
Report Status: 100
Hashed bucket: 
Cab Guid: 0"
Error	20/06/2025 09:27:55	Application Error	1000	Application Crashing Events	"Faulting application name: FileSyncHelper.exe, version: 25.95.518.2, time stamp: 0x4633dd88
Faulting module name: unknown, version: 0.0.0.0, time stamp: 0x00000000
Exception code: 0xc0000005
Fault offset: 0x0000000000f25dd6
Faulting process id: 0x0x1520
Faulting application start time: 0x0x1DBE189A60636DC
Faulting application path: C:\Program Files\Microsoft OneDrive\25.095.0518.0002\FileSyncHelper.exe
Faulting module path: unknown
Report Id: dc6e944e-cdc7-4070-a456-bbc8e0b04fd1
Faulting package full name: 
Faulting package-relative application ID: "
Information	20/06/2025 09:27:37	Windows Error Reporting	1001	None	"Fault bucket 1749154308405373022, type 4
Event Name: APPCRASH
Response: Not available
Cab Id: 0

Problem signature:
P1: vmware-usbarbitrator64.exe
P2: 20.10.0.0
P3: 669a1840
P4: StackHash_f9d8
P5: 0.0.0.0
P6: 00000000
P7: c0000005
P8: PCH_37_FROM_unknown+0x0000000000000000
P9: 
P10: 

Attached files:
\\?\C:\ProgramData\Microsoft\Windows\WER\Temp\WER.ddb69d0c-51eb-45a1-8f24-f613cd520ef3.tmp.WERInternalMetadata.xml

These files may be available here:
\\?\C:\ProgramData\Microsoft\Windows\WER\ReportArchive\AppCrash_vmware-usbarbitr_1ac085c7d588c122262a16b79371918d6c7dd3a_17c75580_bf321ee5-50dc-4a55-941e-23d0cdeb16a2

Analysis symbol: 
Rechecking for solution: 0
Report Id: 616b2a8f-432a-417e-9c97-d96e17ec65d9
Report Status: 268439648
Hashed bucket: f1ca7ee4517e896fa8463e9379d8a85e
Cab Guid: 0"
Information	20/06/2025 09:27:35	Windows Error Reporting	1001	None	"Fault bucket , type 0
Event Name: APPCRASH
Response: Not available
Cab Id: 0

Problem signature:
P1: vmware-usbarbitrator64.exe
P2: 20.10.0.0
P3: 669a1840
P4: StackHash_f9d8
P5: 0.0.0.0
P6: 00000000
P7: c0000005
P8: PCH_37_FROM_unknown+0x0000000000000000
P9: 
P10: 

Attached files:

These files may be available here:
\\?\C:\ProgramData\Microsoft\Windows\WER\ReportQueue\AppCrash_vmware-usbarbitr_1ac085c7d588c122262a16b79371918d6c7dd3a_17c75580_bf321ee5-50dc-4a55-941e-23d0cdeb16a2

Analysis symbol: 
Rechecking for solution: 0
Report Id: 616b2a8f-432a-417e-9c97-d96e17ec65d9
Report Status: 4196
Hashed bucket: 
Cab Guid: 0"
Error	20/06/2025 09:27:18	Application Error	1000	Application Crashing Events	"Faulting application name: vmware-usbarbitrator64.exe, version: 20.10.0.0, time stamp: 0x669a1840
Faulting module name: unknown, version: 0.0.0.0, time stamp: 0x00000000
Exception code: 0xc0000005
Fault offset: 0x0000000000de5dd6
Faulting process id: 0x0x19A0
Faulting application start time: 0x0x1DBE189A61D3FEF
Faulting application path: C:\Program Files (x86)\Common Files\VMware\USB\vmware-usbarbitrator64.exe
Faulting module path: unknown
Report Id: 616b2a8f-432a-417e-9c97-d96e17ec65d9
Faulting package full name: 
Faulting package-relative application ID: "
Information	20/06/2025 09:26:40	Windows Error Reporting	1001	None	"Fault bucket 2115955934357232936, type 4
Event Name: APPCRASH
Response: Not available
Cab Id: 0

Problem signature:
P1: dllhost.exe
P2: 10.0.22621.1
P3: 05e70ed3
P4: StackHash_f9d8
P5: 0.0.0.0
P6: 00000000
P7: c0000005
P8: PCH_4B_FROM_unknown+0x0000000000000000
P9: 
P10: 

Attached files:
\\?\C:\ProgramData\Microsoft\Windows\WER\Temp\WER.43bfa4d6-bbd5-40d4-bd58-55fe4d891a0d.tmp.WERInternalMetadata.xml

These files may be available here:
\\?\C:\ProgramData\Microsoft\Windows\WER\ReportArchive\AppCrash_dllhost.exe_e2c63fef1373a35ac0b634548b13aa5eede3c88_e7c336b8_99011901-e9b9-498f-9dc3-bc7771bb2f88

Analysis symbol: 
Rechecking for solution: 0
Report Id: 1b7c1edb-fa3f-4379-bc17-b64d5ddeb0ae
Report Status: 268439648
Hashed bucket: c00013d530715c43fd5d62b623be1d28
Cab Guid: 0"
Information	20/06/2025 09:26:40	Microsoft-Windows-Complus	781	None	The COM+ sub system is suppressing duplicate event log entries for a duration of 86400 seconds.  The suppression timeout can be controlled by a REG_DWORD value named SuppressDuplicateDuration under the following registry key: HKLM\Software\Microsoft\COM3\Eventlog.
Information	20/06/2025 09:26:38	Windows Error Reporting	1001	None	"Fault bucket , type 0
Event Name: APPCRASH
Response: Not available
Cab Id: 0

Problem signature:
P1: dllhost.exe
P2: 10.0.22621.1
P3: 05e70ed3
P4: StackHash_f9d8
P5: 0.0.0.0
P6: 00000000
P7: c0000005
P8: PCH_4B_FROM_unknown+0x0000000000000000
P9: 
P10: 

Attached files:

These files may be available here:
\\?\C:\ProgramData\Microsoft\Windows\WER\ReportQueue\AppCrash_dllhost.exe_e2c63fef1373a35ac0b634548b13aa5eede3c88_e7c336b8_99011901-e9b9-498f-9dc3-bc7771bb2f88

Analysis symbol: 
Rechecking for solution: 0
Report Id: 1b7c1edb-fa3f-4379-bc17-b64d5ddeb0ae
Report Status: 4196
Hashed bucket: 
Cab Guid: 0"
Error	20/06/2025 09:26:35	Application Error	1000	Application Crashing Events	"Faulting application name: dllhost.exe, version: 10.0.22621.1, time stamp: 0x05e70ed3
Faulting module name: unknown, version: 0.0.0.0, time stamp: 0x00000000
Exception code: 0xc0000005
Fault offset: 0x0000000000545dd6
Faulting process id: 0x0x17E4
Faulting application start time: 0x0x1DBE189A6048C46
Faulting application path: C:\Windows\system32\dllhost.exe
Faulting module path: unknown
Report Id: 1b7c1edb-fa3f-4379-bc17-b64d5ddeb0ae
Faulting package full name: 
Faulting package-relative application ID: "
Information	20/06/2025 09:26:18	Windows Error Reporting	1001	None	"Fault bucket 1433278984056437607, type 4
Event Name: APPCRASH
Response: Not available
Cab Id: 0

Problem signature:
P1: SECOMN64.exe
P2: 2.0.11.61
P3: 668b7726
P4: StackHash_f9d8
P5: 0.0.0.0
P6: 00000000
P7: c0000005
P8: PCH_B0_FROM_unknown+0x0000000000000000
P9: 
P10: 

Attached files:
\\?\C:\ProgramData\Microsoft\Windows\WER\Temp\WER.ae9f14cc-d551-49f5-94a4-89344d450d93.tmp.mdmp
\\?\C:\ProgramData\Microsoft\Windows\WER\Temp\WER.7fb3664f-84a5-4f12-a2e1-e26828cf7243.tmp.WERInternalMetadata.xml
\\?\C:\ProgramData\Microsoft\Windows\WER\ReportQueue\AppCrash_SECOMN64.exe_43b354a8d792b4320efc38c4725ffc2bdb5ce93_fefeedca_cab_f0062c3d-c065-4018-85d6-26377c12af4e\WPR_initiated_DiagTrackMiniLogger_OneTrace_User_Logger_20240808_1_EC_0_inject.etl
\\?\C:\ProgramData\Microsoft\Windows\WER\Temp\WER.7cf792e2-7746-4ca6-936f-5078023b5788.tmp.etl
\\?\C:\ProgramData\Microsoft\Windows\WER\ReportQueue\AppCrash_SECOMN64.exe_43b354a8d792b4320efc38c4725ffc2bdb5ce93_fefeedca_cab_f0062c3d-c065-4018-85d6-26377c12af4e\WPR_initiated_DiagTrackMiniLogger_WPR System Collector_inject.etl
\\?\C:\ProgramData\Microsoft\Windows\WER\Temp\WER.ef2b652d-55c6-46b6-b8de-7d141dae10aa.tmp.etl
\\?\C:\ProgramData\Microsoft\Windows\WER\Temp\WER.d76bb31e-3cee-4ab7-b282-7e2e99bd012b.tmp.csv
\\?\C:\ProgramData\Microsoft\Windows\WER\Temp\WER.779a8405-4754-4db8-98e3-202d3d2e105a.tmp.txt
\\?\C:\ProgramData\Microsoft\Windows\WER\Temp\WER.5d230b8d-5aba-4771-86d9-741cb2ef0aa3.tmp.xml
\\?\C:\Windows\SystemTemp\WER.c4d1bb47-bc13-4fca-8656-805c49a04a36.tmp.appcompat.txt
\\?\C:\ProgramData\Microsoft\Windows\WER\ReportQueue\AppCrash_SECOMN64.exe_43b354a8d792b4320efc38c4725ffc2bdb5ce93_fefeedca_cab_f0062c3d-c065-4018-85d6-26377c12af4e\memory.hdmp

These files may be available here:
\\?\C:\ProgramData\Microsoft\Windows\WER\ReportArchive\AppCrash_SECOMN64.exe_43b354a8d792b4320efc38c4725ffc2bdb5ce93_fefeedca_f0062c3d-c065-4018-85d6-26377c12af4e

Analysis symbol: 
Rechecking for solution: 0
Report Id: 75b11970-5aeb-423d-9c0e-b40d35c2713c
Report Status: 268435552
Hashed bucket: ada319c1a734debbd3e407a464b77b67
Cab Guid: 0"
Information	20/06/2025 09:26:16	Windows Error Reporting	1001	None	"Fault bucket , type 0
Event Name: APPCRASH
Response: Not available
Cab Id: 0

Problem signature:
P1: SECOMN64.exe
P2: 2.0.11.61
P3: 668b7726
P4: StackHash_f9d8
P5: 0.0.0.0
P6: 00000000
P7: c0000005
P8: PCH_B0_FROM_unknown+0x0000000000000000
P9: 
P10: 

Attached files:
\\?\C:\ProgramData\Microsoft\Windows\WER\Temp\WER.ae9f14cc-d551-49f5-94a4-89344d450d93.tmp.mdmp
\\?\C:\ProgramData\Microsoft\Windows\WER\Temp\WER.7fb3664f-84a5-4f12-a2e1-e26828cf7243.tmp.WERInternalMetadata.xml
\\?\C:\ProgramData\Microsoft\Windows\WER\ReportQueue\AppCrash_SECOMN64.exe_43b354a8d792b4320efc38c4725ffc2bdb5ce93_fefeedca_cab_f0062c3d-c065-4018-85d6-26377c12af4e\WPR_initiated_DiagTrackMiniLogger_OneTrace_User_Logger_20240808_1_EC_0_inject.etl
\\?\C:\ProgramData\Microsoft\Windows\WER\Temp\WER.7cf792e2-7746-4ca6-936f-5078023b5788.tmp.etl
\\?\C:\ProgramData\Microsoft\Windows\WER\ReportQueue\AppCrash_SECOMN64.exe_43b354a8d792b4320efc38c4725ffc2bdb5ce93_fefeedca_cab_f0062c3d-c065-4018-85d6-26377c12af4e\WPR_initiated_DiagTrackMiniLogger_WPR System Collector_inject.etl
\\?\C:\ProgramData\Microsoft\Windows\WER\Temp\WER.ef2b652d-55c6-46b6-b8de-7d141dae10aa.tmp.etl
\\?\C:\ProgramData\Microsoft\Windows\WER\Temp\WER.d76bb31e-3cee-4ab7-b282-7e2e99bd012b.tmp.csv
\\?\C:\ProgramData\Microsoft\Windows\WER\Temp\WER.779a8405-4754-4db8-98e3-202d3d2e105a.tmp.txt
\\?\C:\ProgramData\Microsoft\Windows\WER\Temp\WER.5d230b8d-5aba-4771-86d9-741cb2ef0aa3.tmp.xml
\\?\C:\Windows\SystemTemp\WER.c4d1bb47-bc13-4fca-8656-805c49a04a36.tmp.appcompat.txt
\\?\C:\ProgramData\Microsoft\Windows\WER\ReportQueue\AppCrash_SECOMN64.exe_43b354a8d792b4320efc38c4725ffc2bdb5ce93_fefeedca_cab_f0062c3d-c065-4018-85d6-26377c12af4e\memory.hdmp

These files may be available here:
\\?\C:\ProgramData\Microsoft\Windows\WER\ReportQueue\AppCrash_SECOMN64.exe_43b354a8d792b4320efc38c4725ffc2bdb5ce93_fefeedca_cab_f0062c3d-c065-4018-85d6-26377c12af4e

Analysis symbol: 
Rechecking for solution: 0
Report Id: 75b11970-5aeb-423d-9c0e-b40d35c2713c
Report Status: 100
Hashed bucket: 
Cab Guid: 0"
Error	20/06/2025 09:26:13	Application Error	1000	Application Crashing Events	"Faulting application name: SECOMN64.exe, version: 2.0.11.61, time stamp: 0x668b7726
Faulting module name: unknown, version: 0.0.0.0, time stamp: 0x00000000
Exception code: 0xc0000005
Fault offset: 0x0000000000f15dd6
Faulting process id: 0x0x1888
Faulting application start time: 0x0x1DBE189A60E721B
Faulting application path: C:\Windows\System32\DriverStore\FileRepository\seapo64.inf_amd64_deaeb20891c6fa3a\SECOMN64.exe
Faulting module path: unknown
Report Id: 75b11970-5aeb-423d-9c0e-b40d35c2713c
Faulting package full name: 
Faulting package-relative application ID: "
Information	20/06/2025 09:26:13	HotKeyServiceUWP	0	(2)	"The description for Event ID 0 from source HotKeyServiceUWP cannot be found. Either the component that raises this event is not installed on your local computer or the installation is corrupted. You can install or repair the component on the local computer.

If the event originated on another computer, the display information had to be saved with the event.

The following information was included with the event: 

RpcServerMonitoringThread - Entry

The message resource is present but the message was not found in the message table
"
Information	20/06/2025 09:26:13	HotKeyServiceUWP	0	(2)	"The description for Event ID 0 from source HotKeyServiceUWP cannot be found. Either the component that raises this event is not installed on your local computer or the installation is corrupted. You can install or repair the component on the local computer.

If the event originated on another computer, the display information had to be saved with the event.

The following information was included with the event: 

HP Hotkey UWP Service (8.10.46.337) in OnStart

The message resource is present but the message was not found in the message table
"
Information	20/06/2025 09:25:41	Windows Error Reporting	1001	None	"Fault bucket 1758620277269773672, type 4
Event Name: APPCRASH
Response: Not available
Cab Id: 0

Problem signature:
P1: jhi_service.exe
P2: 1.46.2024.221
P3: 660942aa
P4: StackHash_f9d8
P5: 0.0.0.0
P6: 00000000
P7: c0000005
P8: PCH_C2_FROM_unknown+0x0000000000000000
P9: 
P10: 

Attached files:
\\?\C:\ProgramData\Microsoft\Windows\WER\Temp\WER.fea90465-fc4c-4cd3-aaed-a5d50375055e.tmp.mdmp
\\?\C:\ProgramData\Microsoft\Windows\WER\Temp\WER.bca571d6-3fb6-4f1a-9822-5b81fc0e0154.tmp.WERInternalMetadata.xml
\\?\C:\ProgramData\Microsoft\Windows\WER\ReportQueue\AppCrash_jhi_service.exe_4be2af48a6fb19c3e2c48e38d368f4c69b85fde_47712088_cab_7953f2ad-85c8-483d-89eb-a178f91c56fd\WPR_initiated_DiagTrackMiniLogger_OneTrace_User_Logger_20240808_1_EC_0_inject.etl
\\?\C:\ProgramData\Microsoft\Windows\WER\Temp\WER.42b38bfd-12e2-49ed-b27a-24a0386fee61.tmp.etl
\\?\C:\ProgramData\Microsoft\Windows\WER\ReportQueue\AppCrash_jhi_service.exe_4be2af48a6fb19c3e2c48e38d368f4c69b85fde_47712088_cab_7953f2ad-85c8-483d-89eb-a178f91c56fd\WPR_initiated_DiagTrackMiniLogger_WPR System Collector_inject.etl
\\?\C:\ProgramData\Microsoft\Windows\WER\Temp\WER.5c4ce946-a6c0-4748-abc5-8cd2514bb5fa.tmp.etl
\\?\C:\ProgramData\Microsoft\Windows\WER\Temp\WER.3f4e0530-d73b-4401-a0de-343ce16cc96e.tmp.csv
\\?\C:\ProgramData\Microsoft\Windows\WER\Temp\WER.9534b273-4558-46db-a398-8d31203314f2.tmp.txt
\\?\C:\ProgramData\Microsoft\Windows\WER\Temp\WER.04bb3725-6889-4b3a-bfe0-7ff3941c71bd.tmp.xml
\\?\C:\Windows\SystemTemp\WER.4323d6fe-3691-450a-bd0b-6ad4912692b8.tmp.appcompat.txt
\\?\C:\ProgramData\Microsoft\Windows\WER\ReportQueue\AppCrash_jhi_service.exe_4be2af48a6fb19c3e2c48e38d368f4c69b85fde_47712088_cab_7953f2ad-85c8-483d-89eb-a178f91c56fd\memory.hdmp

These files may be available here:
\\?\C:\ProgramData\Microsoft\Windows\WER\ReportArchive\AppCrash_jhi_service.exe_4be2af48a6fb19c3e2c48e38d368f4c69b85fde_47712088_7953f2ad-85c8-483d-89eb-a178f91c56fd

Analysis symbol: 
Rechecking for solution: 0
Report Id: 02edc819-dd6a-4c34-a354-42f0556ff309
Report Status: 268435552
Hashed bucket: 7b9653c978a9e983d867dfd31976bd68
Cab Guid: 0"
Information	20/06/2025 09:25:38	Windows Error Reporting	1001	None	"Fault bucket , type 0
Event Name: APPCRASH
Response: Not available
Cab Id: 0

Problem signature:
P1: jhi_service.exe
P2: 1.46.2024.221
P3: 660942aa
P4: StackHash_f9d8
P5: 0.0.0.0
P6: 00000000
P7: c0000005
P8: PCH_C2_FROM_unknown+0x0000000000000000
P9: 
P10: 

Attached files:
\\?\C:\ProgramData\Microsoft\Windows\WER\Temp\WER.fea90465-fc4c-4cd3-aaed-a5d50375055e.tmp.mdmp
\\?\C:\ProgramData\Microsoft\Windows\WER\Temp\WER.bca571d6-3fb6-4f1a-9822-5b81fc0e0154.tmp.WERInternalMetadata.xml
\\?\C:\ProgramData\Microsoft\Windows\WER\ReportQueue\AppCrash_jhi_service.exe_4be2af48a6fb19c3e2c48e38d368f4c69b85fde_47712088_cab_7953f2ad-85c8-483d-89eb-a178f91c56fd\WPR_initiated_DiagTrackMiniLogger_OneTrace_User_Logger_20240808_1_EC_0_inject.etl
\\?\C:\ProgramData\Microsoft\Windows\WER\Temp\WER.42b38bfd-12e2-49ed-b27a-24a0386fee61.tmp.etl
\\?\C:\ProgramData\Microsoft\Windows\WER\ReportQueue\AppCrash_jhi_service.exe_4be2af48a6fb19c3e2c48e38d368f4c69b85fde_47712088_cab_7953f2ad-85c8-483d-89eb-a178f91c56fd\WPR_initiated_DiagTrackMiniLogger_WPR System Collector_inject.etl
\\?\C:\ProgramData\Microsoft\Windows\WER\Temp\WER.5c4ce946-a6c0-4748-abc5-8cd2514bb5fa.tmp.etl
\\?\C:\ProgramData\Microsoft\Windows\WER\Temp\WER.3f4e0530-d73b-4401-a0de-343ce16cc96e.tmp.csv
\\?\C:\ProgramData\Microsoft\Windows\WER\Temp\WER.9534b273-4558-46db-a398-8d31203314f2.tmp.txt
\\?\C:\ProgramData\Microsoft\Windows\WER\Temp\WER.04bb3725-6889-4b3a-bfe0-7ff3941c71bd.tmp.xml
\\?\C:\Windows\SystemTemp\WER.4323d6fe-3691-450a-bd0b-6ad4912692b8.tmp.appcompat.txt
\\?\C:\ProgramData\Microsoft\Windows\WER\ReportQueue\AppCrash_jhi_service.exe_4be2af48a6fb19c3e2c48e38d368f4c69b85fde_47712088_cab_7953f2ad-85c8-483d-89eb-a178f91c56fd\memory.hdmp

These files may be available here:
\\?\C:\ProgramData\Microsoft\Windows\WER\ReportQueue\AppCrash_jhi_service.exe_4be2af48a6fb19c3e2c48e38d368f4c69b85fde_47712088_cab_7953f2ad-85c8-483d-89eb-a178f91c56fd

Analysis symbol: 
Rechecking for solution: 0
Report Id: 02edc819-dd6a-4c34-a354-42f0556ff309
Report Status: 100
Hashed bucket: 
Cab Guid: 0"
Error	20/06/2025 09:25:34	Application Error	1000	Application Crashing Events	"Faulting application name: jhi_service.exe, version: 1.46.2024.221, time stamp: 0x660942aa
Faulting module name: unknown, version: 0.0.0.0, time stamp: 0x00000000
Exception code: 0xc0000005
Fault offset: 0x0000000000ef5dd6
Faulting process id: 0x0x16FC
Faulting application start time: 0x0x1DBE189A606A5D2
Faulting application path: C:\Windows\System32\DriverStore\FileRepository\dal.inf_amd64_8a3f88e34f6b8385\jhi_service.exe
Faulting module path: unknown
Report Id: 02edc819-dd6a-4c34-a354-42f0556ff309
Faulting package full name: 
Faulting package-relative application ID: "
Information	20/06/2025 09:25:15	Windows Error Reporting	1001	None	"Fault bucket 1497061939911944658, type 4
Event Name: APPCRASH
Response: Not available
Cab Id: 0

Problem signature:
P1: ServiceHost.exe
P2: 4.1.1.1025
P3: 681a4cbf
P4: StackHash_f9d8
P5: 0.0.0.0
P6: 00000000
P7: c0000005
P8: PCH_1C_FROM_unknown+0x0000000000000000
P9: 
P10: 

Attached files:
\\?\C:\ProgramData\Microsoft\Windows\WER\Temp\WER.08ac8b21-9565-421c-b581-ebcf6e784741.tmp.mdmp
\\?\C:\ProgramData\Microsoft\Windows\WER\Temp\WER.21083840-a1e0-4d47-aa16-5c263d3e1f6a.tmp.WERInternalMetadata.xml
\\?\C:\ProgramData\Microsoft\Windows\WER\ReportQueue\AppCrash_ServiceHost.exe_6e52e9252f1b6e45df69ce978c95313be4174ddf_cce08351_cab_fbeb1ce9-b82e-438e-8a1f-b3e71a746a74\WPR_initiated_DiagTrackMiniLogger_OneTrace_User_Logger_20240808_1_EC_0_inject.etl
\\?\C:\ProgramData\Microsoft\Windows\WER\Temp\WER.cf9b05db-163e-4a8c-beb9-c3685a8144c6.tmp.etl
\\?\C:\ProgramData\Microsoft\Windows\WER\ReportQueue\AppCrash_ServiceHost.exe_6e52e9252f1b6e45df69ce978c95313be4174ddf_cce08351_cab_fbeb1ce9-b82e-438e-8a1f-b3e71a746a74\WPR_initiated_DiagTrackMiniLogger_WPR System Collector_inject.etl
\\?\C:\ProgramData\Microsoft\Windows\WER\Temp\WER.ca5ec809-607b-48f6-ba51-0a56623aa5de.tmp.etl
\\?\C:\ProgramData\Microsoft\Windows\WER\Temp\WER.ce6c7e5b-cbe8-4908-8f41-99354ba28d41.tmp.csv
\\?\C:\ProgramData\Microsoft\Windows\WER\Temp\WER.857a222c-f6e2-48c9-ac84-2b18e431e654.tmp.txt
\\?\C:\ProgramData\Microsoft\Windows\WER\Temp\WER.71eb0506-9b99-44e5-a0c3-78d1cf0e2d1e.tmp.xml
\\?\C:\Windows\SystemTemp\WER.cb83de7e-f9db-404e-91dd-258b2a37db8a.tmp.appcompat.txt
\\?\C:\ProgramData\Microsoft\Windows\WER\ReportQueue\AppCrash_ServiceHost.exe_6e52e9252f1b6e45df69ce978c95313be4174ddf_cce08351_cab_fbeb1ce9-b82e-438e-8a1f-b3e71a746a74\memory.hdmp

These files may be available here:
\\?\C:\ProgramData\Microsoft\Windows\WER\ReportArchive\AppCrash_ServiceHost.exe_6e52e9252f1b6e45df69ce978c95313be4174ddf_cce08351_fbeb1ce9-b82e-438e-8a1f-b3e71a746a74

Analysis symbol: 
Rechecking for solution: 0
Report Id: 584b8689-0776-453e-b9e8-035ce92dfca3
Report Status: 268435552
Hashed bucket: d38ccc3427e3b1a9f4c6a1e70f3569d2
Cab Guid: 0"
Information	20/06/2025 09:25:14	Windows Error Reporting	1001	None	"Fault bucket , type 0
Event Name: APPCRASH
Response: Not available
Cab Id: 0

Problem signature:
P1: ServiceHost.exe
P2: 4.1.1.1025
P3: 681a4cbf
P4: StackHash_f9d8
P5: 0.0.0.0
P6: 00000000
P7: c0000005
P8: PCH_1C_FROM_unknown+0x0000000000000000
P9: 
P10: 

Attached files:
\\?\C:\ProgramData\Microsoft\Windows\WER\Temp\WER.08ac8b21-9565-421c-b581-ebcf6e784741.tmp.mdmp
\\?\C:\ProgramData\Microsoft\Windows\WER\Temp\WER.21083840-a1e0-4d47-aa16-5c263d3e1f6a.tmp.WERInternalMetadata.xml
\\?\C:\ProgramData\Microsoft\Windows\WER\ReportQueue\AppCrash_ServiceHost.exe_6e52e9252f1b6e45df69ce978c95313be4174ddf_cce08351_cab_fbeb1ce9-b82e-438e-8a1f-b3e71a746a74\WPR_initiated_DiagTrackMiniLogger_OneTrace_User_Logger_20240808_1_EC_0_inject.etl
\\?\C:\ProgramData\Microsoft\Windows\WER\Temp\WER.cf9b05db-163e-4a8c-beb9-c3685a8144c6.tmp.etl
\\?\C:\ProgramData\Microsoft\Windows\WER\ReportQueue\AppCrash_ServiceHost.exe_6e52e9252f1b6e45df69ce978c95313be4174ddf_cce08351_cab_fbeb1ce9-b82e-438e-8a1f-b3e71a746a74\WPR_initiated_DiagTrackMiniLogger_WPR System Collector_inject.etl
\\?\C:\ProgramData\Microsoft\Windows\WER\Temp\WER.ca5ec809-607b-48f6-ba51-0a56623aa5de.tmp.etl
\\?\C:\ProgramData\Microsoft\Windows\WER\Temp\WER.ce6c7e5b-cbe8-4908-8f41-99354ba28d41.tmp.csv
\\?\C:\ProgramData\Microsoft\Windows\WER\Temp\WER.857a222c-f6e2-48c9-ac84-2b18e431e654.tmp.txt
\\?\C:\ProgramData\Microsoft\Windows\WER\Temp\WER.71eb0506-9b99-44e5-a0c3-78d1cf0e2d1e.tmp.xml
\\?\C:\Windows\SystemTemp\WER.cb83de7e-f9db-404e-91dd-258b2a37db8a.tmp.appcompat.txt
\\?\C:\ProgramData\Microsoft\Windows\WER\ReportQueue\AppCrash_ServiceHost.exe_6e52e9252f1b6e45df69ce978c95313be4174ddf_cce08351_cab_fbeb1ce9-b82e-438e-8a1f-b3e71a746a74\memory.hdmp

These files may be available here:
\\?\C:\ProgramData\Microsoft\Windows\WER\ReportQueue\AppCrash_ServiceHost.exe_6e52e9252f1b6e45df69ce978c95313be4174ddf_cce08351_cab_fbeb1ce9-b82e-438e-8a1f-b3e71a746a74

Analysis symbol: 
Rechecking for solution: 0
Report Id: 584b8689-0776-453e-b9e8-035ce92dfca3
Report Status: 100
Hashed bucket: 
Cab Guid: 0"
Error	20/06/2025 09:25:10	Application Error	1000	Application Crashing Events	"Faulting application name: ServiceHost.exe, version: 4.1.1.1025, time stamp: 0x681a4cbf
Faulting module name: unknown, version: 0.0.0.0, time stamp: 0x00000000
Exception code: 0xc0000005
Fault offset: 0x0000000000ec5dd6
Faulting process id: 0x0x17CC
Faulting application start time: 0x0x1DBE189A60444E2
Faulting application path: C:\Program Files\McAfee\WebAdvisor\ServiceHost.exe
Faulting module path: unknown
Report Id: 584b8689-0776-453e-b9e8-035ce92dfca3
Faulting package full name: 
Faulting package-relative application ID: "
Information	20/06/2025 09:24:44	Windows Error Reporting	1001	None	"Fault bucket 1897925277628633341, type 4
Event Name: APPCRASH
Response: Not available
Cab Id: 0

Problem signature:
P1: WTabletServiceISD.exe
P2: 7.7.1.34
P3: 610c1793
P4: StackHash_f9d8
P5: 0.0.0.0
P6: 00000000
P7: c0000005
P8: PCH_B0_FROM_unknown+0x0000000000000000
P9: 
P10: 

Attached files:
\\?\C:\ProgramData\Microsoft\Windows\WER\Temp\WER.cc6d73a8-0865-494c-8053-8b35a3c9d25e.tmp.WERInternalMetadata.xml

These files may be available here:
\\?\C:\ProgramData\Microsoft\Windows\WER\ReportArchive\AppCrash_WTabletServiceIS_cb6fc08adf601c7a34d95bf13630122057b4c165_85776457_0da828ad-1823-4546-866d-348a27a9f7e7

Analysis symbol: 
Rechecking for solution: 0
Report Id: 24eefccc-a7e8-4fd4-a745-84aedf4e2eb0
Report Status: 2147487840
Hashed bucket: cafa3ac5b7cacc81da56c8fbff4a10fd
Cab Guid: 0"
Information	20/06/2025 09:24:42	Windows Error Reporting	1001	None	"Fault bucket , type 0
Event Name: APPCRASH
Response: Not available
Cab Id: 0

Problem signature:
P1: WTabletServiceISD.exe
P2: 7.7.1.34
P3: 610c1793
P4: StackHash_f9d8
P5: 0.0.0.0
P6: 00000000
P7: c0000005
P8: PCH_B0_FROM_unknown+0x0000000000000000
P9: 
P10: 

Attached files:

These files may be available here:
\\?\C:\ProgramData\Microsoft\Windows\WER\ReportQueue\AppCrash_WTabletServiceIS_cb6fc08adf601c7a34d95bf13630122057b4c165_85776457_0da828ad-1823-4546-866d-348a27a9f7e7

Analysis symbol: 
Rechecking for solution: 0
Report Id: 24eefccc-a7e8-4fd4-a745-84aedf4e2eb0
Report Status: 4196
Hashed bucket: 
Cab Guid: 0"
Error	20/06/2025 09:24:36	Application Error	1000	Application Crashing Events	"Faulting application name: WTabletServiceISD.exe, version: 7.7.1.34, time stamp: 0x610c1793
Faulting module name: unknown, version: 0.0.0.0, time stamp: 0x00000000
Exception code: 0xc0000005
Fault offset: 0x0000000000f15dd6
Faulting process id: 0x0x12CC
Faulting application start time: 0x0x1DBE189A5500D37
Faulting application path: C:\Windows\System32\DriverStore\FileRepository\wtabletserviceisd.inf_amd64_e7b070d1d7bf77d7\WTabletServiceISD.exe
Faulting module path: unknown
Report Id: 24eefccc-a7e8-4fd4-a745-84aedf4e2eb0
Faulting package full name: 
Faulting package-relative application ID: "
Information	20/06/2025 09:24:15	Windows Error Reporting	1001	None	"Fault bucket 2120996873715200844, type 4
Event Name: APPCRASH
Response: Not available
Cab Id: 0

Problem signature:
P1: HotKeyServiceUWP.exe
P2: 8.10.46.337
P3: 67ee32ff
P4: StackHash_f9d8
P5: 0.0.0.0
P6: 00000000
P7: c0000005
P8: PCH_1E_FROM_unknown+0x0000000000000000
P9: 
P10: 

Attached files:
\\?\C:\ProgramData\Microsoft\Windows\WER\Temp\WER.b6d7d64b-f02e-4f4b-a14e-f7b601062bc8.tmp.mdmp
\\?\C:\ProgramData\Microsoft\Windows\WER\Temp\WER.5ebc5e78-58ce-494a-839c-8072abd41de9.tmp.WERInternalMetadata.xml
\\?\C:\ProgramData\Microsoft\Windows\WER\ReportQueue\AppCrash_HotKeyServiceUWP_25c31a2c71af389d195cede563c3ef6125df12b_b8181675_cab_d5bba4e0-f05b-471d-ac28-32772a907c8f\WPR_initiated_DiagTrackMiniLogger_OneTrace_User_Logger_20250608_1_EC_0_inject.etl
\\?\C:\ProgramData\Microsoft\Windows\WER\Temp\WER.4b62190d-d362-4621-8a4c-f6bf4b9355d5.tmp.etl
\\?\C:\ProgramData\Microsoft\Windows\WER\ReportQueue\AppCrash_HotKeyServiceUWP_25c31a2c71af389d195cede563c3ef6125df12b_b8181675_cab_d5bba4e0-f05b-471d-ac28-32772a907c8f\WPR_initiated_DiagTrackMiniLogger_WPR System Collector_inject.etl
\\?\C:\ProgramData\Microsoft\Windows\WER\Temp\WER.bfe9e152-75a1-4c33-bc3c-64dfae9903dc.tmp.etl
\\?\C:\ProgramData\Microsoft\Windows\WER\Temp\WER.bb099b05-3c50-4d05-8d2d-8c751482ee98.tmp.csv
\\?\C:\ProgramData\Microsoft\Windows\WER\Temp\WER.6534b658-c2d8-418e-a105-3e41465ec34e.tmp.txt
\\?\C:\ProgramData\Microsoft\Windows\WER\Temp\WER.192653d1-6a47-45c1-bcd4-79bbd7e49575.tmp.xml
\\?\C:\Windows\SystemTemp\WER.16e442da-20e8-404d-a61b-54c72b4b2234.tmp.appcompat.txt
\\?\C:\ProgramData\Microsoft\Windows\WER\ReportQueue\AppCrash_HotKeyServiceUWP_25c31a2c71af389d195cede563c3ef6125df12b_b8181675_cab_d5bba4e0-f05b-471d-ac28-32772a907c8f\memory.hdmp

These files may be available here:
\\?\C:\ProgramData\Microsoft\Windows\WER\ReportArchive\AppCrash_HotKeyServiceUWP_25c31a2c71af389d195cede563c3ef6125df12b_b8181675_d5bba4e0-f05b-471d-ac28-32772a907c8f

Analysis symbol: 
Rechecking for solution: 0
Report Id: 88b58b4e-9f20-4fb0-a31f-0c5bcbc0f423
Report Status: 268435552
Hashed bucket: dfa1cf850c1ffe22dd6f4b6b4b82334c
Cab Guid: 0"
Information	20/06/2025 09:24:13	Windows Error Reporting	1001	None	"Fault bucket , type 0
Event Name: APPCRASH
Response: Not available
Cab Id: 0

Problem signature:
P1: HotKeyServiceUWP.exe
P2: 8.10.46.337
P3: 67ee32ff
P4: StackHash_f9d8
P5: 0.0.0.0
P6: 00000000
P7: c0000005
P8: PCH_1E_FROM_unknown+0x0000000000000000
P9: 
P10: 

Attached files:
\\?\C:\ProgramData\Microsoft\Windows\WER\Temp\WER.b6d7d64b-f02e-4f4b-a14e-f7b601062bc8.tmp.mdmp
\\?\C:\ProgramData\Microsoft\Windows\WER\Temp\WER.5ebc5e78-58ce-494a-839c-8072abd41de9.tmp.WERInternalMetadata.xml
\\?\C:\ProgramData\Microsoft\Windows\WER\ReportQueue\AppCrash_HotKeyServiceUWP_25c31a2c71af389d195cede563c3ef6125df12b_b8181675_cab_d5bba4e0-f05b-471d-ac28-32772a907c8f\WPR_initiated_DiagTrackMiniLogger_OneTrace_User_Logger_20250608_1_EC_0_inject.etl
\\?\C:\ProgramData\Microsoft\Windows\WER\Temp\WER.4b62190d-d362-4621-8a4c-f6bf4b9355d5.tmp.etl
\\?\C:\ProgramData\Microsoft\Windows\WER\ReportQueue\AppCrash_HotKeyServiceUWP_25c31a2c71af389d195cede563c3ef6125df12b_b8181675_cab_d5bba4e0-f05b-471d-ac28-32772a907c8f\WPR_initiated_DiagTrackMiniLogger_WPR System Collector_inject.etl
\\?\C:\ProgramData\Microsoft\Windows\WER\Temp\WER.bfe9e152-75a1-4c33-bc3c-64dfae9903dc.tmp.etl
\\?\C:\ProgramData\Microsoft\Windows\WER\Temp\WER.bb099b05-3c50-4d05-8d2d-8c751482ee98.tmp.csv
\\?\C:\ProgramData\Microsoft\Windows\WER\Temp\WER.6534b658-c2d8-418e-a105-3e41465ec34e.tmp.txt
\\?\C:\ProgramData\Microsoft\Windows\WER\Temp\WER.192653d1-6a47-45c1-bcd4-79bbd7e49575.tmp.xml
\\?\C:\Windows\SystemTemp\WER.16e442da-20e8-404d-a61b-54c72b4b2234.tmp.appcompat.txt
\\?\C:\ProgramData\Microsoft\Windows\WER\ReportQueue\AppCrash_HotKeyServiceUWP_25c31a2c71af389d195cede563c3ef6125df12b_b8181675_cab_d5bba4e0-f05b-471d-ac28-32772a907c8f\memory.hdmp

These files may be available here:
\\?\C:\ProgramData\Microsoft\Windows\WER\ReportQueue\AppCrash_HotKeyServiceUWP_25c31a2c71af389d195cede563c3ef6125df12b_b8181675_cab_d5bba4e0-f05b-471d-ac28-32772a907c8f

Analysis symbol: 
Rechecking for solution: 0
Report Id: 88b58b4e-9f20-4fb0-a31f-0c5bcbc0f423
Report Status: 100
Hashed bucket: 
Cab Guid: 0"
Error	20/06/2025 09:24:01	Application Error	1000	Application Crashing Events	"Faulting application name: HotKeyServiceUWP.exe, version: 8.10.46.337, time stamp: 0x67ee32ff
Faulting module name: unknown, version: 0.0.0.0, time stamp: 0x00000000
Exception code: 0xc0000005
Fault offset: 0x0000000000e35dd6
Faulting process id: 0x0x122C
Faulting application start time: 0x0x1DBE189A5343FCE
Faulting application path: C:\Windows\System32\DriverStore\FileRepository\hpqkbsoftwarecompnent.inf_amd64_a22c6a91e05f8cee\HotKeyServiceUWP.exe
Faulting module path: unknown
Report Id: 88b58b4e-9f20-4fb0-a31f-0c5bcbc0f423
Faulting package full name: 
Faulting package-relative application ID: "
Information	20/06/2025 09:23:05	Windows Error Reporting	1001	None	"Fault bucket 1561481278239521385, type 5
Event Name: MoAppCrash
Response: Not available
Cab Id: 0

Problem signature:
P1: MicrosoftWindows.Client.CBS_1000.22700.1055.0_x64__cw5n1h2txyewy
P2: praid:CortanaUI
P3: 2124.28300.50.0
P4: 673536c5
P5: TextHash12_295
P6: 0.0.0.0
P7: 00000000
P8: 80070679
P9: 0
P10: 

Attached files:
\\?\C:\ProgramData\Microsoft\Windows\WER\Temp\WER.aa968a37-a229-4e1a-8be7-3904607e410c.tmp.WERInternalMetadata.xml

These files may be available here:
\\?\C:\ProgramData\Microsoft\Windows\WER\ReportArchive\AppCrash_MicrosoftWindows_fb374a1322d62aa9e6d2ea5f21832a829d134e_3f6b8fe7_df3002b3-0a09-4fcc-b263-72e053c8b57b

Analysis symbol: 
Rechecking for solution: 0
Report Id: bc970b95-93f4-4a83-836e-6357703a4db4
Report Status: 268439654
Hashed bucket: 6fdc15cfc1e24c2ed5ab7ef310e3ba69
Cab Guid: 0"
Information	20/06/2025 09:23:03	Windows Error Reporting	1001	None	"Fault bucket 1561481278239521385, type 5
Event Name: MoAppCrash
Response: Not available
Cab Id: 0

Problem signature:
P1: MicrosoftWindows.Client.CBS_1000.22700.1055.0_x64__cw5n1h2txyewy
P2: praid:CortanaUI
P3: 2124.28300.50.0
P4: 673536c5
P5: TextHash12_295
P6: 0.0.0.0
P7: 00000000
P8: 80070679
P9: 0
P10: 

Attached files:
\\?\C:\ProgramData\Microsoft\Windows\WER\Temp\WER.7cef0bb1-9e86-49d8-a640-9da5279a71f2.tmp.WERInternalMetadata.xml

These files may be available here:
\\?\C:\ProgramData\Microsoft\Windows\WER\ReportArchive\AppCrash_MicrosoftWindows_fb374a1322d62aa9e6d2ea5f21832a829d134e_3f6b8fe7_4f8e1abb-912f-49e2-8f38-fab605f4b9b9

Analysis symbol: 
Rechecking for solution: 0
Report Id: cd90d867-5307-4a06-b8c1-80c412eff20e
Report Status: 268439654
Hashed bucket: 6fdc15cfc1e24c2ed5ab7ef310e3ba69
Cab Guid: 0"
Information	20/06/2025 09:23:01	Windows Error Reporting	1001	None	"Fault bucket 1223015887607700883, type 5
Event Name: MoAppCrash
Response: Not available
Cab Id: 0

Problem signature:
P1: MicrosoftWindows.Client.CBS_1000.22700.1055.0_x64__cw5n1h2txyewy
P2: praid:CortanaUI
P3: 2124.28300.50.0
P4: 673536c5
P5: twinapi.appcore.dll
P6: 10.0.22621.4541
P7: 323da41e
P8: 80070679
P9: 00000000000dee63
P10: 

Attached files:
\\?\C:\ProgramData\Microsoft\Windows\WER\Temp\WER.56328cea-1e1c-4fe2-b47c-56c0c3a17c14.tmp.WERInternalMetadata.xml

These files may be available here:
\\?\C:\ProgramData\Microsoft\Windows\WER\ReportArchive\AppCrash_MicrosoftWindows_b774217837e29b2df016d35b265c64f9fc99291a_3f6b8fe7_3c1c4eea-ba78-4aac-9d5e-4d031d233aec

Analysis symbol: 
Rechecking for solution: 0
Report Id: 31290824-b639-4337-9625-222c26f950af
Report Status: 268439654
Hashed bucket: d1aedb2f2a27c63b70f906784f841d93
Cab Guid: 0"
Information	20/06/2025 09:22:59	Windows Error Reporting	1001	None	"Fault bucket 1561481278239521385, type 5
Event Name: MoAppCrash
Response: Not available
Cab Id: 0

Problem signature:
P1: MicrosoftWindows.Client.CBS_1000.22700.1055.0_x64__cw5n1h2txyewy
P2: praid:CortanaUI
P3: 2124.28300.50.0
P4: 673536c5
P5: TextHash12_295
P6: 0.0.0.0
P7: 00000000
P8: 80070679
P9: 0
P10: 

Attached files:
\\?\C:\ProgramData\Microsoft\Windows\WER\Temp\WER.80fab8b3-6be3-4997-96d3-9ce9e3a27a1c.tmp.mdmp
\\?\C:\ProgramData\Microsoft\Windows\WER\Temp\WER.61983c6e-37be-4be7-bc41-790ed09bceeb.tmp.WERInternalMetadata.xml
\\?\C:\ProgramData\Microsoft\Windows\WER\ReportQueue\AppCrash_MicrosoftWindows_fb374a1322d62aa9e6d2ea5f21832a829d134e_3f6b8fe7_cab_620075cc-f827-43ed-8bdc-ca86ed1ab534\WPR_initiated_DiagTrackMiniLogger_OneTrace_User_Logger_20250608_1_EC_0_inject.etl
\\?\C:\ProgramData\Microsoft\Windows\WER\Temp\WER.9500ed33-df7d-4708-b4f8-ecb5da7b16d9.tmp.etl
\\?\C:\ProgramData\Microsoft\Windows\WER\ReportQueue\AppCrash_MicrosoftWindows_fb374a1322d62aa9e6d2ea5f21832a829d134e_3f6b8fe7_cab_620075cc-f827-43ed-8bdc-ca86ed1ab534\WPR_initiated_DiagTrackMiniLogger_WPR System Collector_inject.etl
\\?\C:\ProgramData\Microsoft\Windows\WER\Temp\WER.bfa3590a-95d0-495c-92ad-70be9d74bd8f.tmp.etl
\\?\C:\ProgramData\Microsoft\Windows\WER\Temp\WER.80e24803-4d24-4fa4-af3b-e26bbf6df54b.tmp.csv
\\?\C:\ProgramData\Microsoft\Windows\WER\Temp\WER.6e4c1401-583d-457a-bba7-5a5bea8cb7c4.tmp.txt
\\?\C:\ProgramData\Microsoft\Windows\WER\Temp\WER.e7a5ac84-16ea-4450-b7be-7ac1bf20bf2c.tmp.xml
\\?\C:\Users\HP EliteBook\AppData\Local\Temp\WER.5731ec18-1e49-49de-9e06-ef0e8a94ab1a.tmp.appcompat.txt
\\?\C:\ProgramData\Microsoft\Windows\WER\ReportQueue\AppCrash_MicrosoftWindows_fb374a1322d62aa9e6d2ea5f21832a829d134e_3f6b8fe7_cab_620075cc-f827-43ed-8bdc-ca86ed1ab534\memory.hdmp

These files may be available here:
\\?\C:\ProgramData\Microsoft\Windows\WER\ReportArchive\AppCrash_MicrosoftWindows_fb374a1322d62aa9e6d2ea5f21832a829d134e_3f6b8fe7_620075cc-f827-43ed-8bdc-ca86ed1ab534

Analysis symbol: 
Rechecking for solution: 0
Report Id: 54d22ce1-1b48-4c24-924f-2b4af11407e9
Report Status: 268435558
Hashed bucket: 6fdc15cfc1e24c2ed5ab7ef310e3ba69
Cab Guid: 0"
Information	20/06/2025 09:23:00	SecurityCenter	15	None	Updated Windows Defender status successfully to SECURITY_PRODUCT_STATE_ON.
Information	20/06/2025 09:22:58	Windows Error Reporting	1001	None	"Fault bucket 1228004173639373237, type 4
Event Name: APPCRASH
Response: Not available
Cab Id: 1371823502884363511

Problem signature:
P1: chrome.exe
P2: 137.0.7151.119
P3: 68508c91
P4: StackHash_f9d8
P5: 0.0.0.0
P6: 00000000
P7: c0000005
P8: PCH_B2_FROM_unknown+0x0000000000000000
P9: 
P10: 

Attached files:
\\?\C:\ProgramData\Microsoft\Windows\WER\Temp\WER.aadf13da-d14f-4ebd-bbb1-b9f45f9e971c.tmp.mdmp
\\?\C:\ProgramData\Microsoft\Windows\WER\Temp\WER.ec5542a7-25c4-439a-a3ac-9cee89fd0aee.tmp.WERInternalMetadata.xml
WPR_initiated_DiagTrackMiniLogger_OneTrace_User_Logger_20250608_1_EC_0_inject.etl
\\?\C:\ProgramData\Microsoft\Windows\WER\Temp\WER.314a1efa-be10-4b50-8779-c116c996233a.tmp.etl
WPR_initiated_DiagTrackMiniLogger_WPR System Collector_inject.etl
\\?\C:\ProgramData\Microsoft\Windows\WER\Temp\WER.80fc9fb2-0887-4f98-9a62-6ec242bd3e7a.tmp.etl
\\?\C:\ProgramData\Microsoft\Windows\WER\Temp\WER.cd039780-61f1-4b05-8155-25573d7bdc6e.tmp.csv
\\?\C:\ProgramData\Microsoft\Windows\WER\Temp\WER.97f9b7e1-4aca-4b0a-97e1-cc4ab9408676.tmp.txt
\\?\C:\ProgramData\Microsoft\Windows\WER\Temp\WER.a847a814-6bf7-4763-be48-fb955fa8edd6.tmp.xml
\\?\C:\Users\HP EliteBook\AppData\Local\Temp\WER.6ed6eb09-2230-44b1-95cd-65e837dbdb28.tmp.appcompat.txt
\\?\C:\Users\HP EliteBook\AppData\Local\Temp\WER.76317888-923c-4de7-b124-6faeb92b2c48.tmp.WERDataCollectionStatus.txt
memory.hdmp

These files may be available here:
\\?\C:\ProgramData\Microsoft\Windows\WER\ReportArchive\AppCrash_chrome.exe_feb59274a57a9c1f81e4a55b38e79c42b8ac1ae_fc697ea1_cab_8386cdea-7bfa-4af3-8e22-f7cc3f3905dc

Analysis symbol: 
Rechecking for solution: 0
Report Id: e46e94da-761b-40fe-a327-cbec1ea5f569
Report Status: 268435854
Hashed bucket: 9b85d87b4ac0170c810abf4a2878d1b5
Cab Guid: 91d99e4e-1d93-4821-9309-b23527f45cf7"
Information	20/06/2025 09:22:58	SecurityCenter	1	None	The Windows Security Center Service has started.
Information	20/06/2025 09:22:51	Windows Error Reporting	1001	None	"Fault bucket 2115955934357232936, type 4
Event Name: APPCRASH
Response: Not available
Cab Id: 1730369897637320381

Problem signature:
P1: dllhost.exe
P2: 10.0.22621.1
P3: 05e70ed3
P4: StackHash_f9d8
P5: 0.0.0.0
P6: 00000000
P7: c0000005
P8: PCH_BD_FROM_unknown+0x0000000000000000
P9: 
P10: 

Attached files:
\\?\C:\ProgramData\Microsoft\Windows\WER\Temp\WER.f3ac0ffb-bc15-4cc0-a690-e26fb5cd51d2.tmp.mdmp
\\?\C:\ProgramData\Microsoft\Windows\WER\Temp\WER.e2bac5c5-0fa1-4d90-bf59-40183bcd6e24.tmp.WERInternalMetadata.xml
WPR_initiated_DiagTrackMiniLogger_OneTrace_User_Logger_20250608_1_EC_0_inject.etl
\\?\C:\ProgramData\Microsoft\Windows\WER\Temp\WER.7d813e1c-15a8-45e2-8870-68fc775b08ae.tmp.etl
WPR_initiated_DiagTrackMiniLogger_WPR System Collector_inject.etl
\\?\C:\ProgramData\Microsoft\Windows\WER\Temp\WER.250b3873-97a2-4c71-bdb0-6811f32d0719.tmp.etl
\\?\C:\ProgramData\Microsoft\Windows\WER\Temp\WER.3444cb67-aa03-4550-9fb0-0dd28ba1fe32.tmp.csv
\\?\C:\ProgramData\Microsoft\Windows\WER\Temp\WER.1a78fb9a-eeb8-45e2-b88e-2ee0d2a59298.tmp.txt
\\?\C:\ProgramData\Microsoft\Windows\WER\Temp\WER.b2634890-42bf-4ab9-ba93-ad858fff10a6.tmp.xml
\\?\C:\Windows\SystemTemp\WER.b2eda48a-8b60-4c46-8289-091f02e96635.tmp.appcompat.txt
\\?\C:\Windows\SystemTemp\WER.f29b68de-14d7-46ec-9475-40422532ce11.tmp.WERDataCollectionStatus.txt
memory.hdmp

These files may be available here:
\\?\C:\ProgramData\Microsoft\Windows\WER\ReportArchive\AppCrash_dllhost.exe_2f1736239951e2988ff4580aea19c84bd33c497_e7c336b8_cab_7212f5a5-51f0-44c2-8dc5-a0273dfbe460

Analysis symbol: 
Rechecking for solution: 0
Report Id: ee5e7a79-142d-48c0-bd55-f688e89db9b3
Report Status: 268468622
Hashed bucket: c00013d530715c43fd5d62b623be1d28
Cab Guid: 4f714121-cf16-4444-a803-824106b396bd"
Information	20/06/2025 09:22:39	Windows Error Reporting	1001	None	"Fault bucket 2115955934357232936, type 4
Event Name: APPCRASH
Response: Not available
Cab Id: 1441991737940483553

Problem signature:
P1: dllhost.exe
P2: 10.0.22621.1
P3: 05e70ed3
P4: StackHash_f9d8
P5: 0.0.0.0
P6: 00000000
P7: c0000005
P8: PCH_73_FROM_unknown+0x0000000000000000
P9: 
P10: 

Attached files:
\\?\C:\ProgramData\Microsoft\Windows\WER\Temp\WER.a16c2f55-c090-4380-bb21-b31f806e1451.tmp.mdmp
\\?\C:\ProgramData\Microsoft\Windows\WER\Temp\WER.0679ca7d-d4a2-45d2-85bc-2c2a9d987c99.tmp.WERInternalMetadata.xml
WPR_initiated_DiagTrackMiniLogger_OneTrace_User_Logger_20240808_1_EC_0_inject.etl
\\?\C:\ProgramData\Microsoft\Windows\WER\Temp\WER.2100aa34-3875-417c-9675-ee770a264d7c.tmp.etl
WPR_initiated_DiagTrackMiniLogger_WPR System Collector_inject.etl
\\?\C:\ProgramData\Microsoft\Windows\WER\Temp\WER.28fd5547-4ad7-4568-a2eb-895fbe1302a9.tmp.etl
\\?\C:\ProgramData\Microsoft\Windows\WER\Temp\WER.41018a27-1ff3-4ff3-8be4-f0307d06fd6a.tmp.csv
\\?\C:\ProgramData\Microsoft\Windows\WER\Temp\WER.31af3367-54b1-463b-8290-426303ec018c.tmp.txt
\\?\C:\ProgramData\Microsoft\Windows\WER\Temp\WER.7159f313-2f70-4f9d-92b1-421ba3323fa2.tmp.xml
\\?\C:\Windows\SystemTemp\WER.bf3b9631-9ea7-4315-93fc-3a32fb46d0a1.tmp.appcompat.txt
\\?\C:\Windows\SystemTemp\WER.77d4e607-d998-4b2d-8568-66b343b6e3de.tmp.WERDataCollectionStatus.txt
memory.hdmp

These files may be available here:
\\?\C:\ProgramData\Microsoft\Windows\WER\ReportArchive\AppCrash_dllhost.exe_c84e8b408812b71d0a56c510f0a2151fcb63c7_e7c336b8_cab_c951dea5-651e-4f46-b1b3-5673885483bd

Analysis symbol: 
Rechecking for solution: 0
Report Id: 1fbe41bd-50dd-4799-be04-1324b64ee0a6
Report Status: 268468622
Hashed bucket: c00013d530715c43fd5d62b623be1d28
Cab Guid: 1ffd91a5-8d5d-4992-a402-fbd87cfd9de1"
Information	20/06/2025 09:22:32	Windows Error Reporting	1001	None	"Fault bucket 2115955934357232936, type 4
Event Name: APPCRASH
Response: Not available
Cab Id: 1716155246431021279

Problem signature:
P1: dllhost.exe
P2: 10.0.22621.1
P3: 05e70ed3
P4: StackHash_f9d8
P5: 0.0.0.0
P6: 00000000
P7: c0000005
P8: PCH_57_FROM_unknown+0x0000000000000000
P9: 
P10: 

Attached files:
\\?\C:\ProgramData\Microsoft\Windows\WER\Temp\WER.729ddab5-0015-4121-87eb-15013561ec0a.tmp.mdmp
\\?\C:\ProgramData\Microsoft\Windows\WER\Temp\WER.cb3c8048-b3c2-4225-8fc8-ee0c82c2ee02.tmp.WERInternalMetadata.xml
WPR_initiated_DiagTrackMiniLogger_OneTrace_User_Logger_20240808_1_EC_0_inject.etl
\\?\C:\ProgramData\Microsoft\Windows\WER\Temp\WER.8ae20704-8091-4d28-89f4-9306101a08c4.tmp.etl
WPR_initiated_DiagTrackMiniLogger_WPR System Collector_inject.etl
\\?\C:\ProgramData\Microsoft\Windows\WER\Temp\WER.74742157-5b8c-4c4e-98ea-479d933cc534.tmp.etl
\\?\C:\ProgramData\Microsoft\Windows\WER\Temp\WER.36b1e736-a872-44c3-911c-2f288ba7cd0e.tmp.csv
\\?\C:\ProgramData\Microsoft\Windows\WER\Temp\WER.26d41961-8bb8-4a45-9e96-9a0bf6d8ff7b.tmp.txt
\\?\C:\ProgramData\Microsoft\Windows\WER\Temp\WER.ddd1a3b0-c69d-4f83-b9b1-538a58de0cf6.tmp.xml
\\?\C:\Windows\SystemTemp\WER.b9051e13-07a6-44db-bc59-bd47cec336f0.tmp.appcompat.txt
\\?\C:\Windows\SystemTemp\WER.8bab3788-1ca7-4930-abb6-e2676ce45a19.tmp.WERDataCollectionStatus.txt
memory.hdmp

These files may be available here:
\\?\C:\ProgramData\Microsoft\Windows\WER\ReportArchive\AppCrash_dllhost.exe_50be1f11d1b657ba16be9c37736376e9b894487_e7c336b8_cab_01aa37a1-47aa-40e2-9f33-aeca48b0d22a

Analysis symbol: 
Rechecking for solution: 0
Report Id: 67cd2a20-3766-4479-b058-5facf1cb8dd1
Report Status: 268468622
Hashed bucket: c00013d530715c43fd5d62b623be1d28
Cab Guid: bbfb65db-4254-42d0-a7d1-021aa2f1a8df"
