Information	20/06/2025 07:35:20	Microsoft-Windows-Complus	781	None	The COM+ sub system is suppressing duplicate event log entries for a duration of 86400 seconds.  The suppression timeout can be controlled by a REG_DWORD value named SuppressDuplicateDuration under the following registry key: HKLM\Software\Microsoft\COM3\Eventlog.
Information	20/06/2025 07:35:19	Windows Error Reporting	1001	None	"Fault bucket 2115955934357232936, type 4
Event Name: APPCRASH
Response: Not available
Cab Id: 0

Problem signature:
P1: dllhost.exe
P2: 10.0.22621.1
P3: 05e70ed3
P4: StackHash_f9d8
P5: 0.0.0.0
P6: 00000000
P7: c0000005
P8: PCH_4B_FROM_unknown+0x0000000000000000
P9: 
P10: 

Attached files:
\\?\C:\ProgramData\Microsoft\Windows\WER\Temp\WER.02d0abd4-cf37-400a-826c-58ca2826091d.tmp.mdmp
\\?\C:\ProgramData\Microsoft\Windows\WER\Temp\WER.4c76e8cf-afa7-4300-983a-25c8f0e08202.tmp.WERInternalMetadata.xml
WPR_initiated_DiagTrackMiniLogger_OneTrace_User_Logger_20250608_1_EC_0_inject.etl
\\?\C:\ProgramData\Microsoft\Windows\WER\Temp\WER.23d93926-4a6e-4a4c-9c34-d7792b29bd15.tmp.etl
WPR_initiated_DiagTrackMiniLogger_WPR System Collector_inject.etl
\\?\C:\ProgramData\Microsoft\Windows\WER\Temp\WER.54ba2459-e6ae-481c-9832-793da7ceef5e.tmp.etl
\\?\C:\ProgramData\Microsoft\Windows\WER\Temp\WER.8c18f22b-7490-4b8a-8c88-ae08ba4af199.tmp.csv
\\?\C:\ProgramData\Microsoft\Windows\WER\Temp\WER.5ddd8f28-f6ed-4cd8-aab2-7d30fa3ae7b3.tmp.txt
\\?\C:\ProgramData\Microsoft\Windows\WER\Temp\WER.0b340397-d1d1-41ae-932c-af9967852553.tmp.xml

These files may be available here:
\\?\C:\ProgramData\Microsoft\Windows\WER\ReportArchive\AppCrash_dllhost.exe_e2c63fef1373a35ac0b634548b13aa5eede3c88_e7c336b8_273f4e6e-a782-413b-9b65-0daa26e74bc4

Analysis symbol: 
Rechecking for solution: 0
Report Id: 6e76e393-65be-4e4e-87a8-d63e91f1a536
Report Status: 2147487744
Hashed bucket: c00013d530715c43fd5d62b623be1d28
Cab Guid: 0"
Error	20/06/2025 07:35:15	Application Error	1000	Application Crashing Events	"Faulting application name: dllhost.exe, version: 10.0.22621.1, time stamp: 0x05e70ed3
Faulting module name: unknown, version: 0.0.0.0, time stamp: 0x00000000
Exception code: 0xc0000005
Fault offset: 0x0000000000545dd6
Faulting process id: 0x0x40B4
Faulting application start time: 0x0x1DBE17A9E5F9A47
Faulting application path: C:\Windows\system32\dllhost.exe
Faulting module path: unknown
Report Id: 6e76e393-65be-4e4e-87a8-d63e91f1a536
Faulting package full name: 
Faulting package-relative application ID: "
Information	20/06/2025 07:35:02	Windows Error Reporting	1001	None	"Fault bucket 2120996873715200844, type 4
Event Name: APPCRASH
Response: Not available
Cab Id: 0

Problem signature:
P1: HotKeyServiceUWP.exe
P2: 8.10.46.337
P3: 67ee32ff
P4: StackHash_f9d8
P5: 0.0.0.0
P6: 00000000
P7: c0000005
P8: PCH_D1_FROM_unknown+0x0000000000000000
P9: 
P10: 

Attached files:
\\?\C:\ProgramData\Microsoft\Windows\WER\Temp\WER.e75ad40b-50d9-4ae9-99b7-bd63220aea56.tmp.mdmp
\\?\C:\ProgramData\Microsoft\Windows\WER\Temp\WER.b417c3ee-6f61-4a5f-84e0-6be3214ccd78.tmp.WERInternalMetadata.xml
WPR_initiated_DiagTrackMiniLogger_OneTrace_User_Logger_20250608_1_EC_0_inject.etl
\\?\C:\ProgramData\Microsoft\Windows\WER\Temp\WER.04b55b48-227b-452b-8365-2385b2ac278c.tmp.etl
WPR_initiated_DiagTrackMiniLogger_WPR System Collector_inject.etl
\\?\C:\ProgramData\Microsoft\Windows\WER\Temp\WER.a0b42b77-5cd4-4514-93d2-e128933d4971.tmp.etl
\\?\C:\ProgramData\Microsoft\Windows\WER\Temp\WER.fdefa122-daf3-47db-8a48-fa62758985e1.tmp.csv
\\?\C:\ProgramData\Microsoft\Windows\WER\Temp\WER.3c0041be-f5f2-4c04-8f61-868b90464766.tmp.txt
\\?\C:\ProgramData\Microsoft\Windows\WER\Temp\WER.759d0493-88df-4fe1-b6a1-0c7f6501475a.tmp.xml

These files may be available here:
\\?\C:\ProgramData\Microsoft\Windows\WER\ReportArchive\AppCrash_HotKeyServiceUWP_73264d2915616d528363b8b61ecdeb7d6ea4e4_b8181675_2758e67b-b985-465f-90b1-eb9a019356ca

Analysis symbol: 
Rechecking for solution: 0
Report Id: ca575020-c7de-4b5e-b625-5c80430541c7
Report Status: 268435456
Hashed bucket: dfa1cf850c1ffe22dd6f4b6b4b82334c
Cab Guid: 0"
Error	20/06/2025 07:34:58	Application Error	1000	Application Crashing Events	"Faulting application name: HotKeyServiceUWP.exe, version: 8.10.46.337, time stamp: 0x67ee32ff
Faulting module name: unknown, version: 0.0.0.0, time stamp: 0x00000000
Exception code: 0xc0000005
Fault offset: 0x0000000000f65dd6
Faulting process id: 0x0x208C
Faulting application start time: 0x0x1DBE17B08AA45C6
Faulting application path: C:\Windows\System32\DriverStore\FileRepository\hpqkbsoftwarecompnent.inf_amd64_a22c6a91e05f8cee\HotKeyServiceUWP.exe
Faulting module path: unknown
Report Id: ca575020-c7de-4b5e-b625-5c80430541c7
Faulting package full name: 
Faulting package-relative application ID: "
Information	20/06/2025 07:34:46	Windows Error Reporting	1001	None	"Fault bucket 1833580701306877483, type 4
Event Name: APPCRASH
Response: Not available
Cab Id: 0

Problem signature:
P1: HPAudioAnalytics.exe
P2: 8.10.46.337
P3: 67ee326a
P4: StackHash_f9d8
P5: 0.0.0.0
P6: 00000000
P7: c0000005
P8: PCH_0A_FROM_unknown+0x0000000000000000
P9: 
P10: 

Attached files:
\\?\C:\ProgramData\Microsoft\Windows\WER\Temp\WER.9a8d122d-7bbd-4dfa-a828-b02585c12da7.tmp.mdmp
\\?\C:\ProgramData\Microsoft\Windows\WER\Temp\WER.5425fda8-f241-43af-b825-17f0585f109b.tmp.WERInternalMetadata.xml
WPR_initiated_DiagTrackMiniLogger_OneTrace_User_Logger_20250608_1_EC_0_inject.etl
\\?\C:\ProgramData\Microsoft\Windows\WER\Temp\WER.e470844e-0b8b-4734-be21-1b6f1d72e2b8.tmp.etl
WPR_initiated_DiagTrackMiniLogger_WPR System Collector_inject.etl
\\?\C:\ProgramData\Microsoft\Windows\WER\Temp\WER.6c451f26-5257-4748-b074-10917882feb9.tmp.etl
\\?\C:\ProgramData\Microsoft\Windows\WER\Temp\WER.48b55d34-34bd-46ed-9247-c3360c88af06.tmp.csv
\\?\C:\ProgramData\Microsoft\Windows\WER\Temp\WER.ca7a1306-b0c6-476d-baa6-f4af5c968a00.tmp.txt
\\?\C:\ProgramData\Microsoft\Windows\WER\Temp\WER.8c32e473-28c8-424a-ae94-b18f3a333dcf.tmp.xml

These files may be available here:
\\?\C:\ProgramData\Microsoft\Windows\WER\ReportArchive\AppCrash_HPAudioAnalytics_467e23992342dac328edd7abebd7b0339bf71583_fe948d19_b7428da3-2102-4633-aa36-2634c02578ce

Analysis symbol: 
Rechecking for solution: 0
Report Id: c13778bd-dd87-4625-a0c6-8ecd410bde2d
Report Status: 268435456
Hashed bucket: c52742e85a88a80ca9722feee068762b
Cab Guid: 0"
Error	20/06/2025 07:34:43	Application Error	1000	Application Crashing Events	"Faulting application name: HPAudioAnalytics.exe, version: 8.10.46.337, time stamp: 0x67ee326a
Faulting module name: unknown, version: 0.0.0.0, time stamp: 0x00000000
Exception code: 0xc0000005
Fault offset: 0x0000000000f35dd6
Faulting process id: 0x0x4080
Faulting application start time: 0x0x1DBE17AFE867B8F
Faulting application path: C:\Windows\System32\DriverStore\FileRepository\hpqkbsoftwarecompnent.inf_amd64_a22c6a91e05f8cee\HPAudioAnalytics.exe
Faulting module path: unknown
Report Id: c13778bd-dd87-4625-a0c6-8ecd410bde2d
Faulting package full name: 
Faulting package-relative application ID: "
Information	20/06/2025 07:34:30	Windows Error Reporting	1001	None	"Fault bucket 1749154308405373022, type 4
Event Name: APPCRASH
Response: Not available
Cab Id: 0

Problem signature:
P1: vmware-usbarbitrator64.exe
P2: 20.10.0.0
P3: 669a1840
P4: StackHash_f9d8
P5: 0.0.0.0
P6: 00000000
P7: c0000005
P8: PCH_00_FROM_unknown+0x0000000000000000
P9: 
P10: 

Attached files:
\\?\C:\ProgramData\Microsoft\Windows\WER\Temp\WER.f9df0fcb-ccd3-4456-9332-27d41e544ab6.tmp.mdmp
\\?\C:\ProgramData\Microsoft\Windows\WER\Temp\WER.5e9123c5-ada5-4318-a0cb-bf652eb91f93.tmp.WERInternalMetadata.xml
WPR_initiated_DiagTrackMiniLogger_OneTrace_User_Logger_20250608_1_EC_0_inject.etl
\\?\C:\ProgramData\Microsoft\Windows\WER\Temp\WER.0d6c754e-281d-4ae0-87b3-3e48c25b83ee.tmp.etl
WPR_initiated_DiagTrackMiniLogger_WPR System Collector_inject.etl
\\?\C:\ProgramData\Microsoft\Windows\WER\Temp\WER.89e2bd2d-a9a1-4599-ae2c-dbdcd3798817.tmp.etl
\\?\C:\ProgramData\Microsoft\Windows\WER\Temp\WER.f26abbe5-ec39-4cfd-a2b6-997cab6f8007.tmp.csv
\\?\C:\ProgramData\Microsoft\Windows\WER\Temp\WER.a16fb4b6-f880-4a4a-ba30-5bd8640bbf7a.tmp.txt
\\?\C:\ProgramData\Microsoft\Windows\WER\Temp\WER.ceb25444-839a-480a-a0b1-a28148beee8b.tmp.xml

These files may be available here:
\\?\C:\ProgramData\Microsoft\Windows\WER\ReportArchive\AppCrash_vmware-usbarbitr_1ec8c11773b06963b63627bb8c4cbf537b17c25_17c75580_6cb4dd27-4470-4236-be3d-cae4512497ec

Analysis symbol: 
Rechecking for solution: 0
Report Id: 0d5ad0a6-da24-4c34-9f90-d1837de23fa1
Report Status: 268435456
Hashed bucket: f1ca7ee4517e896fa8463e9379d8a85e
Cab Guid: 0"
Error	20/06/2025 07:34:27	Application Error	1000	Application Crashing Events	"Faulting application name: vmware-usbarbitrator64.exe, version: 20.10.0.0, time stamp: 0x669a1840
Faulting module name: unknown, version: 0.0.0.0, time stamp: 0x00000000
Exception code: 0xc0000005
Fault offset: 0x0000000000f05dd6
Faulting process id: 0x0x1020
Faulting application start time: 0x0x1DBE17AAD893096
Faulting application path: C:\Program Files (x86)\Common Files\VMware\USB\vmware-usbarbitrator64.exe
Faulting module path: unknown
Report Id: 0d5ad0a6-da24-4c34-9f90-d1837de23fa1
Faulting package full name: 
Faulting package-relative application ID: "
Information	20/06/2025 07:34:08	HotKeyServiceUWP	0	(2)	"The description for Event ID 0 from source HotKeyServiceUWP cannot be found. Either the component that raises this event is not installed on your local computer or the installation is corrupted. You can install or repair the component on the local computer.

If the event originated on another computer, the display information had to be saved with the event.

The following information was included with the event: 

RpcServerMonitoringThread - Entry

The message resource is present but the message was not found in the message table
"
Information	20/06/2025 07:34:08	HotKeyServiceUWP	0	(2)	"The description for Event ID 0 from source HotKeyServiceUWP cannot be found. Either the component that raises this event is not installed on your local computer or the installation is corrupted. You can install or repair the component on the local computer.

If the event originated on another computer, the display information had to be saved with the event.

The following information was included with the event: 

HP Hotkey UWP Service (8.10.46.337) in OnStart

The message resource is present but the message was not found in the message table
"
Information	20/06/2025 07:33:51	HotKeyServiceUWP	0	(2)	"The description for Event ID 0 from source HotKeyServiceUWP cannot be found. Either the component that raises this event is not installed on your local computer or the installation is corrupted. You can install or repair the component on the local computer.

If the event originated on another computer, the display information had to be saved with the event.

The following information was included with the event: 

HP Audio Analytics Service (8.10.46.337) in OnStart

The message resource is present but the message was not found in the message table
"
Information	20/06/2025 07:31:25	Windows Error Reporting	1001	None	"Fault bucket 1749154308405373022, type 4
Event Name: APPCRASH
Response: Not available
Cab Id: 0

Problem signature:
P1: vmware-usbarbitrator64.exe
P2: 20.10.0.0
P3: 669a1840
P4: StackHash_f9d8
P5: 0.0.0.0
P6: 00000000
P7: c0000005
P8: PCH_7C_FROM_unknown+0x0000000000000000
P9: 
P10: 

Attached files:
\\?\C:\ProgramData\Microsoft\Windows\WER\Temp\WER.537958c5-9425-4f5d-b357-9e6f7a340aaf.tmp.mdmp
\\?\C:\ProgramData\Microsoft\Windows\WER\Temp\WER.c64d0ac0-4667-452b-9da9-0a2509235e93.tmp.WERInternalMetadata.xml
WPR_initiated_DiagTrackMiniLogger_OneTrace_User_Logger_20250608_1_EC_0_inject.etl
\\?\C:\ProgramData\Microsoft\Windows\WER\Temp\WER.812245be-8c4f-4417-ad95-6f6e73c4ce5e.tmp.etl
WPR_initiated_DiagTrackMiniLogger_WPR System Collector_inject.etl
\\?\C:\ProgramData\Microsoft\Windows\WER\Temp\WER.a01a2e71-8c72-4de5-a4f4-555314733a58.tmp.etl
\\?\C:\ProgramData\Microsoft\Windows\WER\Temp\WER.c537e9e7-7021-403e-8507-76bd4ceb3cd5.tmp.csv
\\?\C:\ProgramData\Microsoft\Windows\WER\Temp\WER.b8ff4c89-6f80-47f7-a698-392c9e702968.tmp.txt
\\?\C:\ProgramData\Microsoft\Windows\WER\Temp\WER.d8391ead-0ea4-41e4-844d-bf7721e52866.tmp.xml

These files may be available here:
\\?\C:\ProgramData\Microsoft\Windows\WER\ReportArchive\AppCrash_vmware-usbarbitr_c23b90fa4bdf8d84a96d882fdedad24a624e3bb_17c75580_ccc4afc0-00b4-4cb3-9a0b-080716989201

Analysis symbol: 
Rechecking for solution: 0
Report Id: dbda531b-dfc2-4d3b-85d1-b838164b01c5
Report Status: 268435456
Hashed bucket: f1ca7ee4517e896fa8463e9379d8a85e
Cab Guid: 0"
Error	20/06/2025 07:31:21	Application Error	1000	Application Crashing Events	"Faulting application name: vmware-usbarbitrator64.exe, version: 20.10.0.0, time stamp: 0x669a1840
Faulting module name: unknown, version: 0.0.0.0, time stamp: 0x00000000
Exception code: 0xc0000005
Fault offset: 0x0000000000ed5dd6
Faulting process id: 0x0x30FC
Faulting application start time: 0x0x1DBE17977E9096E
Faulting application path: C:\Program Files (x86)\Common Files\VMware\USB\vmware-usbarbitrator64.exe
Faulting module path: unknown
Report Id: dbda531b-dfc2-4d3b-85d1-b838164b01c5
Faulting package full name: 
Faulting package-relative application ID: "
Information	20/06/2025 07:31:09	Microsoft-Windows-Complus	781	None	The COM+ sub system is suppressing duplicate event log entries for a duration of 86400 seconds.  The suppression timeout can be controlled by a REG_DWORD value named SuppressDuplicateDuration under the following registry key: HKLM\Software\Microsoft\COM3\Eventlog.
Information	20/06/2025 07:31:08	Windows Error Reporting	1001	None	"Fault bucket 2115955934357232936, type 4
Event Name: APPCRASH
Response: Not available
Cab Id: 0

Problem signature:
P1: dllhost.exe
P2: 10.0.22621.1
P3: 05e70ed3
P4: StackHash_f9d8
P5: 0.0.0.0
P6: 00000000
P7: c0000005
P8: PCH_9C_FROM_unknown+0x0000000000000000
P9: 
P10: 

Attached files:
\\?\C:\ProgramData\Microsoft\Windows\WER\Temp\WER.22c9dccf-36c4-4c6f-b005-40ae6a81d5db.tmp.mdmp
\\?\C:\ProgramData\Microsoft\Windows\WER\Temp\WER.6deab302-a1de-4882-8794-59eabfb473b9.tmp.WERInternalMetadata.xml
WPR_initiated_DiagTrackMiniLogger_OneTrace_User_Logger_20250608_1_EC_0_inject.etl
\\?\C:\ProgramData\Microsoft\Windows\WER\Temp\WER.7537faff-a0c5-4fa1-9c57-8b06ab8aab65.tmp.etl
WPR_initiated_DiagTrackMiniLogger_WPR System Collector_inject.etl
\\?\C:\ProgramData\Microsoft\Windows\WER\Temp\WER.8fe97169-cd3f-48bb-b390-99d2bf9eda84.tmp.etl
\\?\C:\ProgramData\Microsoft\Windows\WER\Temp\WER.d2308804-52d8-4156-aab2-3ed3a1211220.tmp.csv
\\?\C:\ProgramData\Microsoft\Windows\WER\Temp\WER.f7e08435-1384-40ec-bd76-f82cdf21e616.tmp.txt
\\?\C:\ProgramData\Microsoft\Windows\WER\Temp\WER.c1c2f92e-6034-4899-8fbe-c03897a6ab00.tmp.xml

These files may be available here:
\\?\C:\ProgramData\Microsoft\Windows\WER\ReportArchive\AppCrash_dllhost.exe_b7708e6112c3d3ea555e15432f2d9b42994b3d_e7c336b8_b3c20fca-c87f-45c1-a442-35aae1b862b0

Analysis symbol: 
Rechecking for solution: 0
Report Id: 99c7f8ba-603a-483a-b0d4-bd9712881637
Report Status: 268435456
Hashed bucket: c00013d530715c43fd5d62b623be1d28
Cab Guid: 0"
Error	20/06/2025 07:31:05	Application Error	1000	Application Crashing Events	"Faulting application name: dllhost.exe, version: 10.0.22621.1, time stamp: 0x05e70ed3
Faulting module name: unknown, version: 0.0.0.0, time stamp: 0x00000000
Exception code: 0xc0000005
Fault offset: 0x0000000000905dd6
Faulting process id: 0x0x2D30
Faulting application start time: 0x0x1DBE17A697E4035
Faulting application path: C:\Windows\system32\dllhost.exe
Faulting module path: unknown
Report Id: 99c7f8ba-603a-483a-b0d4-bd9712881637
Faulting package full name: 
Faulting package-relative application ID: "
Information	20/06/2025 07:29:41	Microsoft-Windows-Complus	781	None	The COM+ sub system is suppressing duplicate event log entries for a duration of 86400 seconds.  The suppression timeout can be controlled by a REG_DWORD value named SuppressDuplicateDuration under the following registry key: HKLM\Software\Microsoft\COM3\Eventlog.
Information	20/06/2025 07:29:39	Windows Error Reporting	1001	None	"Fault bucket 2115955934357232936, type 4
Event Name: APPCRASH
Response: Not available
Cab Id: 0

Problem signature:
P1: dllhost.exe
P2: 10.0.22621.1
P3: 05e70ed3
P4: StackHash_f9d8
P5: 0.0.0.0
P6: 00000000
P7: c0000005
P8: PCH_9C_FROM_unknown+0x0000000000000000
P9: 
P10: 

Attached files:
\\?\C:\ProgramData\Microsoft\Windows\WER\Temp\WER.a2d00b9a-01c8-4990-8e9e-8a2948fc3a67.tmp.mdmp
\\?\C:\ProgramData\Microsoft\Windows\WER\Temp\WER.ee1579fd-09f0-4892-ada0-1041321d9cd6.tmp.WERInternalMetadata.xml
WPR_initiated_DiagTrackMiniLogger_OneTrace_User_Logger_20250608_1_EC_0_inject.etl
\\?\C:\ProgramData\Microsoft\Windows\WER\Temp\WER.1b7b07d6-e79b-4b4b-bdc9-51980c14233a.tmp.etl
WPR_initiated_DiagTrackMiniLogger_WPR System Collector_inject.etl
\\?\C:\ProgramData\Microsoft\Windows\WER\Temp\WER.da0058e7-6e10-4279-aa7b-1d3bdcff1db4.tmp.etl
\\?\C:\ProgramData\Microsoft\Windows\WER\Temp\WER.e2929168-58a9-4356-880d-f115ee48432a.tmp.csv
\\?\C:\ProgramData\Microsoft\Windows\WER\Temp\WER.abe6d4bc-7a8f-4ef7-8107-eafb8e3cfdac.tmp.txt
\\?\C:\ProgramData\Microsoft\Windows\WER\Temp\WER.f980ed7d-cbcb-4b7b-bf89-d6bb07afa5b6.tmp.xml

These files may be available here:
\\?\C:\ProgramData\Microsoft\Windows\WER\ReportArchive\AppCrash_dllhost.exe_b7708e6112c3d3ea555e15432f2d9b42994b3d_e7c336b8_e5d45f6d-35d8-455b-ab54-80af0ba2f788

Analysis symbol: 
Rechecking for solution: 0
Report Id: b36b2753-d231-40ab-9eb9-cadcb6420eb8
Report Status: 268435456
Hashed bucket: c00013d530715c43fd5d62b623be1d28
Cab Guid: 0"
Error	20/06/2025 07:29:36	Application Error	1000	Application Crashing Events	"Faulting application name: dllhost.exe, version: 10.0.22621.1, time stamp: 0x05e70ed3
Faulting module name: unknown, version: 0.0.0.0, time stamp: 0x00000000
Exception code: 0xc0000005
Fault offset: 0x0000000000905dd6
Faulting process id: 0x0x1D70
Faulting application start time: 0x0x1DBE17A1F13263C
Faulting application path: C:\Windows\system32\dllhost.exe
Faulting module path: unknown
Report Id: b36b2753-d231-40ab-9eb9-cadcb6420eb8
Faulting package full name: 
Faulting package-relative application ID: "
Information	20/06/2025 07:28:07	Windows Error Reporting	1001	None	"Fault bucket 2120996873715200844, type 4
Event Name: APPCRASH
Response: Not available
Cab Id: 0

Problem signature:
P1: HotKeyServiceUWP.exe
P2: 8.10.46.337
P3: 67ee32ff
P4: StackHash_f9d8
P5: 0.0.0.0
P6: 00000000
P7: c0000005
P8: PCH_6F_FROM_unknown+0x0000000000000000
P9: 
P10: 

Attached files:
\\?\C:\ProgramData\Microsoft\Windows\WER\Temp\WER.f7155f24-26e3-4796-84b0-e269c1118502.tmp.mdmp
\\?\C:\ProgramData\Microsoft\Windows\WER\Temp\WER.bb9929ec-6e99-4265-b471-75fdf23f86c7.tmp.WERInternalMetadata.xml
WPR_initiated_DiagTrackMiniLogger_OneTrace_User_Logger_20250608_1_EC_0_inject.etl
\\?\C:\ProgramData\Microsoft\Windows\WER\Temp\WER.57491fd7-54a0-4b0e-a5be-69a5f19ee8e4.tmp.etl
WPR_initiated_DiagTrackMiniLogger_WPR System Collector_inject.etl
\\?\C:\ProgramData\Microsoft\Windows\WER\Temp\WER.4307f2a6-f1f2-4653-a3ab-7ea9f5ac12d7.tmp.etl
\\?\C:\ProgramData\Microsoft\Windows\WER\Temp\WER.0e26346d-db01-42bc-9337-acf26dd99f0b.tmp.csv
\\?\C:\ProgramData\Microsoft\Windows\WER\Temp\WER.9264ce65-e5b0-4985-b342-454344b056c8.tmp.txt
\\?\C:\ProgramData\Microsoft\Windows\WER\Temp\WER.5c2154a2-97be-44a8-aebb-c223acca7039.tmp.xml

These files may be available here:
\\?\C:\ProgramData\Microsoft\Windows\WER\ReportArchive\AppCrash_HotKeyServiceUWP_bdb63618f47f50a9a3c641a7864e7af131f733_b8181675_c3520d00-398d-46cc-ac01-40e38c0d9fe7

Analysis symbol: 
Rechecking for solution: 0
Report Id: 5479c4ec-ce1b-4784-9eec-90080e8f0132
Report Status: 268435456
Hashed bucket: dfa1cf850c1ffe22dd6f4b6b4b82334c
Cab Guid: 0"
Error	20/06/2025 07:28:04	Application Error	1000	Application Crashing Events	"Faulting application name: HotKeyServiceUWP.exe, version: 8.10.46.337, time stamp: 0x67ee32ff
Faulting module name: unknown, version: 0.0.0.0, time stamp: 0x00000000
Exception code: 0xc0000005
Fault offset: 0x0000000000e45dd6
Faulting process id: 0x0x1594
Faulting application start time: 0x0x1DBE17A13BFEFC5
Faulting application path: C:\Windows\System32\DriverStore\FileRepository\hpqkbsoftwarecompnent.inf_amd64_a22c6a91e05f8cee\HotKeyServiceUWP.exe
Faulting module path: unknown
Report Id: 5479c4ec-ce1b-4784-9eec-90080e8f0132
Faulting package full name: 
Faulting package-relative application ID: "
Information	20/06/2025 07:27:50	Windows Error Reporting	1001	None	"Fault bucket 1833580701306877483, type 4
Event Name: APPCRASH
Response: Not available
Cab Id: 0

Problem signature:
P1: HPAudioAnalytics.exe
P2: 8.10.46.337
P3: 67ee326a
P4: StackHash_f9d8
P5: 0.0.0.0
P6: 00000000
P7: c0000005
P8: PCH_B0_FROM_unknown+0x0000000000000000
P9: 
P10: 

Attached files:
\\?\C:\ProgramData\Microsoft\Windows\WER\Temp\WER.74c1d405-165f-405c-bf44-5452442bbf33.tmp.mdmp
\\?\C:\ProgramData\Microsoft\Windows\WER\Temp\WER.197b33f6-5970-4d9f-b251-f0f301db87f1.tmp.WERInternalMetadata.xml
WPR_initiated_DiagTrackMiniLogger_OneTrace_User_Logger_20250608_1_EC_0_inject.etl
\\?\C:\ProgramData\Microsoft\Windows\WER\Temp\WER.92a930b8-808c-4f98-a6b1-e1930f9a06be.tmp.etl
WPR_initiated_DiagTrackMiniLogger_WPR System Collector_inject.etl
\\?\C:\ProgramData\Microsoft\Windows\WER\Temp\WER.2f3dddcb-1de3-4b03-b03e-a50b6359e084.tmp.etl
\\?\C:\ProgramData\Microsoft\Windows\WER\Temp\WER.83529f30-8a1c-42e9-9234-18f3e10411fa.tmp.csv
\\?\C:\ProgramData\Microsoft\Windows\WER\Temp\WER.9e1bd2de-6946-43d6-9cc6-11974b032173.tmp.txt
\\?\C:\ProgramData\Microsoft\Windows\WER\Temp\WER.31b79027-47c1-42c0-b675-b8704bd35936.tmp.xml

These files may be available here:
\\?\C:\ProgramData\Microsoft\Windows\WER\ReportArchive\AppCrash_HPAudioAnalytics_4254ce8ad7c328eb8bb8b11e8d85e14ed77ab877_fe948d19_465e7623-aa1a-4c1a-a53d-561f73535f5a

Analysis symbol: 
Rechecking for solution: 0
Report Id: 6c5ff74a-eb47-4f09-a020-0f6c8c704a54
Report Status: 268435456
Hashed bucket: c52742e85a88a80ca9722feee068762b
Cab Guid: 0"
Error	20/06/2025 07:27:47	Application Error	1000	Application Crashing Events	"Faulting application name: HPAudioAnalytics.exe, version: 8.10.46.337, time stamp: 0x67ee326a
Faulting module name: unknown, version: 0.0.0.0, time stamp: 0x00000000
Exception code: 0xc0000005
Fault offset: 0x0000000000f15dd6
Faulting process id: 0x0x6864
Faulting application start time: 0x0x1DBE17A005B421D
Faulting application path: C:\Windows\System32\DriverStore\FileRepository\hpqkbsoftwarecompnent.inf_amd64_a22c6a91e05f8cee\HPAudioAnalytics.exe
Faulting module path: unknown
Report Id: 6c5ff74a-eb47-4f09-a020-0f6c8c704a54
Faulting package full name: 
Faulting package-relative application ID: "
Information	20/06/2025 07:27:36	Microsoft-Windows-Complus	781	None	The COM+ sub system is suppressing duplicate event log entries for a duration of 86400 seconds.  The suppression timeout can be controlled by a REG_DWORD value named SuppressDuplicateDuration under the following registry key: HKLM\Software\Microsoft\COM3\Eventlog.
Information	20/06/2025 07:27:35	Windows Error Reporting	1001	None	"Fault bucket 2115955934357232936, type 4
Event Name: APPCRASH
Response: Not available
Cab Id: 0

Problem signature:
P1: dllhost.exe
P2: 10.0.22621.1
P3: 05e70ed3
P4: StackHash_f9d8
P5: 0.0.0.0
P6: 00000000
P7: c0000005
P8: PCH_9C_FROM_unknown+0x0000000000000000
P9: 
P10: 

Attached files:
\\?\C:\ProgramData\Microsoft\Windows\WER\Temp\WER.f5d3d488-c1b3-48e0-854d-fe03fa6f87fa.tmp.mdmp
\\?\C:\ProgramData\Microsoft\Windows\WER\Temp\WER.7f52879b-59fe-459f-9b2c-51324d65cae1.tmp.WERInternalMetadata.xml
WPR_initiated_DiagTrackMiniLogger_OneTrace_User_Logger_20250608_1_EC_0_inject.etl
\\?\C:\ProgramData\Microsoft\Windows\WER\Temp\WER.8d8132cc-a34e-46ab-9db0-91c4c002de00.tmp.etl
WPR_initiated_DiagTrackMiniLogger_WPR System Collector_inject.etl
\\?\C:\ProgramData\Microsoft\Windows\WER\Temp\WER.c554f67a-2eba-4eb0-bc3f-3f1a1e7f237e.tmp.etl
\\?\C:\ProgramData\Microsoft\Windows\WER\Temp\WER.2966d973-da0e-4d01-b8fa-5245c5bce763.tmp.csv
\\?\C:\ProgramData\Microsoft\Windows\WER\Temp\WER.30af5607-5798-410d-984f-e0928b720103.tmp.txt
\\?\C:\ProgramData\Microsoft\Windows\WER\Temp\WER.f3b9cfd9-4672-4af8-b73f-57f460ca0e81.tmp.xml

These files may be available here:
\\?\C:\ProgramData\Microsoft\Windows\WER\ReportArchive\AppCrash_dllhost.exe_b7708e6112c3d3ea555e15432f2d9b42994b3d_e7c336b8_9802a958-7095-4bbf-a577-4fda0866cec3

Analysis symbol: 
Rechecking for solution: 0
Report Id: 74363590-588f-4dcb-8c58-d1365216ab03
Report Status: 268435456
Hashed bucket: c00013d530715c43fd5d62b623be1d28
Cab Guid: 0"
Error	20/06/2025 07:27:31	Application Error	1000	Application Crashing Events	"Faulting application name: dllhost.exe, version: 10.0.22621.1, time stamp: 0x05e70ed3
Faulting module name: unknown, version: 0.0.0.0, time stamp: 0x00000000
Exception code: 0xc0000005
Fault offset: 0x0000000000905dd6
Faulting process id: 0x0x7DB0
Faulting application start time: 0x0x1DBE179EAD5E559
Faulting application path: C:\Windows\system32\dllhost.exe
Faulting module path: unknown
Report Id: 74363590-588f-4dcb-8c58-d1365216ab03
Faulting package full name: 
Faulting package-relative application ID: "
Information	20/06/2025 07:27:17	HotKeyServiceUWP	0	(2)	"The description for Event ID 0 from source HotKeyServiceUWP cannot be found. Either the component that raises this event is not installed on your local computer or the installation is corrupted. You can install or repair the component on the local computer.

If the event originated on another computer, the display information had to be saved with the event.

The following information was included with the event: 

RpcServerMonitoringThread - Entry

The message resource is present but the message was not found in the message table
"
Information	20/06/2025 07:27:17	HotKeyServiceUWP	0	(2)	"The description for Event ID 0 from source HotKeyServiceUWP cannot be found. Either the component that raises this event is not installed on your local computer or the installation is corrupted. You can install or repair the component on the local computer.

If the event originated on another computer, the display information had to be saved with the event.

The following information was included with the event: 

HP Hotkey UWP Service (8.10.46.337) in OnStart

The message resource is present but the message was not found in the message table
"
Information	20/06/2025 07:26:44	HotKeyServiceUWP	0	(2)	"The description for Event ID 0 from source HotKeyServiceUWP cannot be found. Either the component that raises this event is not installed on your local computer or the installation is corrupted. You can install or repair the component on the local computer.

If the event originated on another computer, the display information had to be saved with the event.

The following information was included with the event: 

HP Audio Analytics Service (8.10.46.337) in OnStart

The message resource is present but the message was not found in the message table
"
Information	20/06/2025 07:26:08	Microsoft-Windows-Complus	781	None	The COM+ sub system is suppressing duplicate event log entries for a duration of 86400 seconds.  The suppression timeout can be controlled by a REG_DWORD value named SuppressDuplicateDuration under the following registry key: HKLM\Software\Microsoft\COM3\Eventlog.
Information	20/06/2025 07:26:07	Windows Error Reporting	1001	None	"Fault bucket 2115955934357232936, type 4
Event Name: APPCRASH
Response: Not available
Cab Id: 0

Problem signature:
P1: dllhost.exe
P2: 10.0.22621.1
P3: 05e70ed3
P4: StackHash_f9d8
P5: 0.0.0.0
P6: 00000000
P7: c0000005
P8: PCH_4B_FROM_unknown+0x0000000000000000
P9: 
P10: 

Attached files:
\\?\C:\ProgramData\Microsoft\Windows\WER\Temp\WER.7cb51016-0e4e-415f-a22d-a30ee745f044.tmp.mdmp
\\?\C:\ProgramData\Microsoft\Windows\WER\Temp\WER.c8561044-f106-466b-84fc-3f5105716475.tmp.WERInternalMetadata.xml
WPR_initiated_DiagTrackMiniLogger_OneTrace_User_Logger_20250608_1_EC_0_inject.etl
\\?\C:\ProgramData\Microsoft\Windows\WER\Temp\WER.685f0a89-702d-46f8-ba8d-a95113328c54.tmp.etl
WPR_initiated_DiagTrackMiniLogger_WPR System Collector_inject.etl
\\?\C:\ProgramData\Microsoft\Windows\WER\Temp\WER.d83df347-ef0e-4b0d-9f42-1f1872b270fa.tmp.etl
\\?\C:\ProgramData\Microsoft\Windows\WER\Temp\WER.b0e87da0-074d-4b7d-b9b3-09acf2535155.tmp.csv
\\?\C:\ProgramData\Microsoft\Windows\WER\Temp\WER.19afb10c-6595-4e91-a705-275e92d44f06.tmp.txt
\\?\C:\ProgramData\Microsoft\Windows\WER\Temp\WER.8f7f4258-ef3e-4d22-8469-991d930dd425.tmp.xml

These files may be available here:
\\?\C:\ProgramData\Microsoft\Windows\WER\ReportArchive\AppCrash_dllhost.exe_e2c63fef1373a35ac0b634548b13aa5eede3c88_e7c336b8_5038b294-da9b-4f63-a295-da4ea263d9f7

Analysis symbol: 
Rechecking for solution: 0
Report Id: d81fbf02-1f84-474d-8a43-bad5a9dac059
Report Status: 268435456
Hashed bucket: c00013d530715c43fd5d62b623be1d28
Cab Guid: 0"
Error	20/06/2025 07:26:03	Application Error	1000	Application Crashing Events	"Faulting application name: dllhost.exe, version: 10.0.22621.1, time stamp: 0x05e70ed3
Faulting module name: unknown, version: 0.0.0.0, time stamp: 0x00000000
Exception code: 0xc0000005
Fault offset: 0x0000000000545dd6
Faulting process id: 0x0x8A4C
Faulting application start time: 0x0x1DBE1797C0BF0B4
Faulting application path: C:\Windows\system32\dllhost.exe
Faulting module path: unknown
Report Id: d81fbf02-1f84-474d-8a43-bad5a9dac059
Faulting package full name: 
Faulting package-relative application ID: "
Information	20/06/2025 07:24:47	Windows Error Reporting	1001	None	"Fault bucket , type 0
Event Name: APPCRASH
Response: Not available
Cab Id: 0

Problem signature:
P1: dllhost.exe
P2: 10.0.22621.1
P3: 05e70ed3
P4: StackHash_f9d8
P5: 0.0.0.0
P6: 00000000
P7: c0000005
P8: PCH_BD_FROM_unknown+0x0000000000000000
P9: 
P10: 

Attached files:
\\?\C:\ProgramData\Microsoft\Windows\WER\Temp\WER.f3ac0ffb-bc15-4cc0-a690-e26fb5cd51d2.tmp.mdmp
\\?\C:\ProgramData\Microsoft\Windows\WER\Temp\WER.e2bac5c5-0fa1-4d90-bf59-40183bcd6e24.tmp.WERInternalMetadata.xml
WPR_initiated_DiagTrackMiniLogger_OneTrace_User_Logger_20250608_1_EC_0_inject.etl
\\?\C:\ProgramData\Microsoft\Windows\WER\Temp\WER.7d813e1c-15a8-45e2-8870-68fc775b08ae.tmp.etl
WPR_initiated_DiagTrackMiniLogger_WPR System Collector_inject.etl
\\?\C:\ProgramData\Microsoft\Windows\WER\Temp\WER.250b3873-97a2-4c71-bdb0-6811f32d0719.tmp.etl
\\?\C:\ProgramData\Microsoft\Windows\WER\Temp\WER.3444cb67-aa03-4550-9fb0-0dd28ba1fe32.tmp.csv
\\?\C:\ProgramData\Microsoft\Windows\WER\Temp\WER.1a78fb9a-eeb8-45e2-b88e-2ee0d2a59298.tmp.txt
\\?\C:\ProgramData\Microsoft\Windows\WER\Temp\WER.b2634890-42bf-4ab9-ba93-ad858fff10a6.tmp.xml
\\?\C:\Windows\SystemTemp\WER.b2eda48a-8b60-4c46-8289-091f02e96635.tmp.appcompat.txt
\\?\C:\Windows\SystemTemp\WER.f29b68de-14d7-46ec-9475-40422532ce11.tmp.WERDataCollectionStatus.txt
memory.hdmp

These files may be available here:
\\?\C:\ProgramData\Microsoft\Windows\WER\ReportQueue\AppCrash_dllhost.exe_2f1736239951e2988ff4580aea19c84bd33c497_e7c336b8_cab_7212f5a5-51f0-44c2-8dc5-a0273dfbe460

Analysis symbol: 
Rechecking for solution: 0
Report Id: ee5e7a79-142d-48c0-bd55-f688e89db9b3
Report Status: 32780
Hashed bucket: 
Cab Guid: 0"
Information	20/06/2025 07:24:47	Windows Error Reporting	1001	None	"Fault bucket , type 0
Event Name: APPCRASH
Response: Not available
Cab Id: 0

Problem signature:
P1: dllhost.exe
P2: 10.0.22621.1
P3: 05e70ed3
P4: StackHash_f9d8
P5: 0.0.0.0
P6: 00000000
P7: c0000005
P8: PCH_73_FROM_unknown+0x0000000000000000
P9: 
P10: 

Attached files:
\\?\C:\ProgramData\Microsoft\Windows\WER\Temp\WER.a16c2f55-c090-4380-bb21-b31f806e1451.tmp.mdmp
\\?\C:\ProgramData\Microsoft\Windows\WER\Temp\WER.0679ca7d-d4a2-45d2-85bc-2c2a9d987c99.tmp.WERInternalMetadata.xml
WPR_initiated_DiagTrackMiniLogger_OneTrace_User_Logger_20240808_1_EC_0_inject.etl
\\?\C:\ProgramData\Microsoft\Windows\WER\Temp\WER.2100aa34-3875-417c-9675-ee770a264d7c.tmp.etl
WPR_initiated_DiagTrackMiniLogger_WPR System Collector_inject.etl
\\?\C:\ProgramData\Microsoft\Windows\WER\Temp\WER.28fd5547-4ad7-4568-a2eb-895fbe1302a9.tmp.etl
\\?\C:\ProgramData\Microsoft\Windows\WER\Temp\WER.41018a27-1ff3-4ff3-8be4-f0307d06fd6a.tmp.csv
\\?\C:\ProgramData\Microsoft\Windows\WER\Temp\WER.31af3367-54b1-463b-8290-426303ec018c.tmp.txt
\\?\C:\ProgramData\Microsoft\Windows\WER\Temp\WER.7159f313-2f70-4f9d-92b1-421ba3323fa2.tmp.xml
\\?\C:\Windows\SystemTemp\WER.bf3b9631-9ea7-4315-93fc-3a32fb46d0a1.tmp.appcompat.txt
\\?\C:\Windows\SystemTemp\WER.77d4e607-d998-4b2d-8568-66b343b6e3de.tmp.WERDataCollectionStatus.txt
memory.hdmp

These files may be available here:
\\?\C:\ProgramData\Microsoft\Windows\WER\ReportQueue\AppCrash_dllhost.exe_c84e8b408812b71d0a56c510f0a2151fcb63c7_e7c336b8_cab_c951dea5-651e-4f46-b1b3-5673885483bd

Analysis symbol: 
Rechecking for solution: 0
Report Id: 1fbe41bd-50dd-4799-be04-1324b64ee0a6
Report Status: 32780
Hashed bucket: 
Cab Guid: 0"
Information	20/06/2025 07:24:47	Windows Error Reporting	1001	None	"Fault bucket , type 0
Event Name: APPCRASH
Response: Not available
Cab Id: 0

Problem signature:
P1: dllhost.exe
P2: 10.0.22621.1
P3: 05e70ed3
P4: StackHash_f9d8
P5: 0.0.0.0
P6: 00000000
P7: c0000005
P8: PCH_57_FROM_unknown+0x0000000000000000
P9: 
P10: 

Attached files:
\\?\C:\ProgramData\Microsoft\Windows\WER\Temp\WER.729ddab5-0015-4121-87eb-15013561ec0a.tmp.mdmp
\\?\C:\ProgramData\Microsoft\Windows\WER\Temp\WER.cb3c8048-b3c2-4225-8fc8-ee0c82c2ee02.tmp.WERInternalMetadata.xml
WPR_initiated_DiagTrackMiniLogger_OneTrace_User_Logger_20240808_1_EC_0_inject.etl
\\?\C:\ProgramData\Microsoft\Windows\WER\Temp\WER.8ae20704-8091-4d28-89f4-9306101a08c4.tmp.etl
WPR_initiated_DiagTrackMiniLogger_WPR System Collector_inject.etl
\\?\C:\ProgramData\Microsoft\Windows\WER\Temp\WER.74742157-5b8c-4c4e-98ea-479d933cc534.tmp.etl
\\?\C:\ProgramData\Microsoft\Windows\WER\Temp\WER.36b1e736-a872-44c3-911c-2f288ba7cd0e.tmp.csv
\\?\C:\ProgramData\Microsoft\Windows\WER\Temp\WER.26d41961-8bb8-4a45-9e96-9a0bf6d8ff7b.tmp.txt
\\?\C:\ProgramData\Microsoft\Windows\WER\Temp\WER.ddd1a3b0-c69d-4f83-b9b1-538a58de0cf6.tmp.xml
\\?\C:\Windows\SystemTemp\WER.b9051e13-07a6-44db-bc59-bd47cec336f0.tmp.appcompat.txt
\\?\C:\Windows\SystemTemp\WER.8bab3788-1ca7-4930-abb6-e2676ce45a19.tmp.WERDataCollectionStatus.txt
memory.hdmp

These files may be available here:
\\?\C:\ProgramData\Microsoft\Windows\WER\ReportQueue\AppCrash_dllhost.exe_50be1f11d1b657ba16be9c37736376e9b894487_e7c336b8_cab_01aa37a1-47aa-40e2-9f33-aeca48b0d22a

Analysis symbol: 
Rechecking for solution: 0
Report Id: 67cd2a20-3766-4479-b058-5facf1cb8dd1
Report Status: 32780
Hashed bucket: 
Cab Guid: 0"
Information	20/06/2025 07:24:47	Windows Error Reporting	1001	None	"Fault bucket , type 0
Event Name: APPCRASH
Response: Not available
Cab Id: 0

Problem signature:
P1: dllhost.exe
P2: 10.0.22621.1
P3: 05e70ed3
P4: StackHash_f9d8
P5: 0.0.0.0
P6: 00000000
P7: c0000005
P8: PCH_25_FROM_unknown+0x0000000000000000
P9: 
P10: 

Attached files:
\\?\C:\ProgramData\Microsoft\Windows\WER\Temp\WER.a64e9745-fe39-4c17-81ec-60b3c884e1c2.tmp.mdmp
\\?\C:\ProgramData\Microsoft\Windows\WER\Temp\WER.2d3d31b3-5475-48a3-9955-5e5028487744.tmp.WERInternalMetadata.xml
WPR_initiated_DiagTrackMiniLogger_OneTrace_User_Logger_20240808_1_EC_0_inject.etl
\\?\C:\ProgramData\Microsoft\Windows\WER\Temp\WER.9b1d4eea-a25d-40e6-b7b5-0812a85f5fc1.tmp.etl
WPR_initiated_DiagTrackMiniLogger_WPR System Collector_inject.etl
\\?\C:\ProgramData\Microsoft\Windows\WER\Temp\WER.98dfec34-1354-4d88-8ef2-4c313f19e583.tmp.etl
\\?\C:\ProgramData\Microsoft\Windows\WER\Temp\WER.fbf541fb-f174-49d3-8128-7d195ea3c0f6.tmp.csv
\\?\C:\ProgramData\Microsoft\Windows\WER\Temp\WER.073676b8-cbac-4c88-9dba-275918981b8d.tmp.txt
\\?\C:\ProgramData\Microsoft\Windows\WER\Temp\WER.d4277b89-5d9b-4040-b9b2-49c73d68fd7a.tmp.xml
\\?\C:\Windows\SystemTemp\WER.d09d913f-5d2f-41a0-b77c-519d665b4378.tmp.appcompat.txt
\\?\C:\Windows\SystemTemp\WER.b9e6dbb4-b55a-46a4-880e-81430ae6d32f.tmp.WERDataCollectionStatus.txt
memory.hdmp

These files may be available here:
\\?\C:\ProgramData\Microsoft\Windows\WER\ReportQueue\AppCrash_dllhost.exe_d6ff61f8caa49a4f3f6ec02b721a5b3b79_e7c336b8_cab_f7071699-0086-4939-9cb3-c148c3668257

Analysis symbol: 
Rechecking for solution: 0
Report Id: 0da177a8-2df6-4994-bf6f-7c103e6346fd
Report Status: 49164
Hashed bucket: 
Cab Guid: 0"
Information	20/06/2025 07:24:47	Windows Error Reporting	1001	None	"Fault bucket , type 0
Event Name: APPCRASH
Response: Not available
Cab Id: 0

Problem signature:
P1: AcroTray.exe
P2: 22.1.20117.0
P3: 624e6596
P4: StackHash_f9d8
P5: 0.0.0.0
P6: 00000000
P7: c0000005
P8: PCH_E4_FROM_unknown+0x0000000000000000
P9: 
P10: 

Attached files:
\\?\C:\ProgramData\Microsoft\Windows\WER\Temp\WER.bb0f4ebd-f12a-463c-93f9-6ab068354156.tmp.mdmp
\\?\C:\ProgramData\Microsoft\Windows\WER\Temp\WER.345d7320-056b-45d7-88a9-f1d425b48881.tmp.WERInternalMetadata.xml
WPR_initiated_DiagTrackMiniLogger_OneTrace_User_Logger_20240808_1_EC_0_inject.etl
\\?\C:\ProgramData\Microsoft\Windows\WER\Temp\WER.4d4c6b1c-267c-4691-9a06-fef3ef0e2d00.tmp.etl
WPR_initiated_DiagTrackMiniLogger_WPR System Collector_inject.etl
\\?\C:\ProgramData\Microsoft\Windows\WER\Temp\WER.436e93de-bb73-40e0-bf12-3770f1af8191.tmp.etl
\\?\C:\ProgramData\Microsoft\Windows\WER\Temp\WER.a02b3baa-790c-4879-af38-9f797ff60186.tmp.csv
\\?\C:\ProgramData\Microsoft\Windows\WER\Temp\WER.1c4dbc92-268a-4000-aa03-9175c1b2a77a.tmp.txt
\\?\C:\ProgramData\Microsoft\Windows\WER\Temp\WER.ae78c210-1348-438e-84f0-b7c19c71b103.tmp.xml
\\?\C:\Users\HP EliteBook\AppData\Local\Temp\WER.b12a1510-5ca5-415b-8a63-8ecaca1285c6.tmp.appcompat.txt
\\?\C:\Users\HP EliteBook\AppData\Local\Temp\WER.bcfb2fa4-9751-4fb0-8015-f8ffa1c329c5.tmp.WERDataCollectionStatus.txt
memory.hdmp

These files may be available here:
\\?\C:\ProgramData\Microsoft\Windows\WER\ReportQueue\AppCrash_AcroTray.exe_48c44f7f795b1d5faa2dfa88da5f5a9369fc82eb_5e2c1be6_cab_9e8c7752-5e63-4c6c-9b09-8abbc580f667

Analysis symbol: 
Rechecking for solution: 0
Report Id: b52a1727-3a25-4783-a32e-bf0c7493709d
Report Status: 49164
Hashed bucket: 
Cab Guid: 0"
Information	20/06/2025 07:24:47	Windows Error Reporting	1001	None	"Fault bucket , type 0
Event Name: APPCRASH
Response: Not available
Cab Id: 0

Problem signature:
P1: vmware-usbarbitrator64.exe
P2: 20.10.0.0
P3: 669a1840
P4: StackHash_f9d8
P5: 0.0.0.0
P6: 00000000
P7: c0000005
P8: PCH_35_FROM_unknown+0x0000000000000000
P9: 
P10: 

Attached files:
\\?\C:\ProgramData\Microsoft\Windows\WER\Temp\WER.08adf3f2-4f64-4638-9698-92d4a2c52bb4.tmp.mdmp
\\?\C:\ProgramData\Microsoft\Windows\WER\Temp\WER.3454ec03-3adf-4528-aed5-f4794516a232.tmp.WERInternalMetadata.xml
WPR_initiated_DiagTrackMiniLogger_OneTrace_User_Logger_20240808_1_EC_0_inject.etl
\\?\C:\ProgramData\Microsoft\Windows\WER\Temp\WER.2955439c-1609-4f91-9940-0b7aafcd2dee.tmp.etl
WPR_initiated_DiagTrackMiniLogger_WPR System Collector_inject.etl
\\?\C:\ProgramData\Microsoft\Windows\WER\Temp\WER.ccaea7c7-5346-426c-ac92-65eecc664a39.tmp.etl
\\?\C:\ProgramData\Microsoft\Windows\WER\Temp\WER.c5d3924a-3cf5-4907-961e-6f70a36fdd9d.tmp.csv
\\?\C:\ProgramData\Microsoft\Windows\WER\Temp\WER.f4425685-6f5b-4694-b9ee-9b75d7658989.tmp.txt
\\?\C:\ProgramData\Microsoft\Windows\WER\Temp\WER.8899d69f-f2c7-4274-a663-f6660c4a4f61.tmp.xml
\\?\C:\Windows\SystemTemp\WER.d9c5a99d-f4b1-4da7-bbc1-524e2185ef89.tmp.appcompat.txt
\\?\C:\Windows\SystemTemp\WER.54f77d63-6189-4597-8252-eed04c1fb594.tmp.WERDataCollectionStatus.txt
memory.hdmp

These files may be available here:
\\?\C:\ProgramData\Microsoft\Windows\WER\ReportQueue\AppCrash_vmware-usbarbitr_131cb7ade3ca9a1e4e95056870207123bb6cd8_17c75580_cab_76f44dc6-166c-479e-967d-298803b7a25d

Analysis symbol: 
Rechecking for solution: 0
Report Id: 440facbc-cd0f-40c6-bce8-92112a5eda09
Report Status: 49164
Hashed bucket: 
Cab Guid: 0"
Information	20/06/2025 07:24:47	Windows Error Reporting	1001	None	"Fault bucket , type 0
Event Name: APPCRASH
Response: Not available
Cab Id: 0

Problem signature:
P1: dllhost.exe
P2: 10.0.22621.1
P3: 05e70ed3
P4: StackHash_f9d8
P5: 0.0.0.0
P6: 00000000
P7: c0000005
P8: PCH_4B_FROM_unknown+0x0000000000000000
P9: 
P10: 

Attached files:
\\?\C:\ProgramData\Microsoft\Windows\WER\Temp\WER.2211db22-319b-4ea6-9f95-5ecbe12c35c1.tmp.mdmp
\\?\C:\ProgramData\Microsoft\Windows\WER\Temp\WER.b1546207-e12f-4cec-a88d-e399149a8ed2.tmp.WERInternalMetadata.xml
WPR_initiated_DiagTrackMiniLogger_OneTrace_User_Logger_20240808_1_EC_0_inject.etl
\\?\C:\ProgramData\Microsoft\Windows\WER\Temp\WER.2c12fb58-7078-4ed8-b73d-33c9d1ec0e39.tmp.etl
WPR_initiated_DiagTrackMiniLogger_WPR System Collector_inject.etl
\\?\C:\ProgramData\Microsoft\Windows\WER\Temp\WER.024d04a2-8fee-48a0-a7f5-914181f7bc33.tmp.etl
\\?\C:\ProgramData\Microsoft\Windows\WER\Temp\WER.ced4e8a4-68db-4e25-942b-e6be8f3fe3f4.tmp.csv
\\?\C:\ProgramData\Microsoft\Windows\WER\Temp\WER.3f1bed81-ea24-4656-8d08-9e471665fbc0.tmp.txt
\\?\C:\ProgramData\Microsoft\Windows\WER\Temp\WER.e710c33b-6956-4392-b75e-4301dd6eb5b2.tmp.xml
\\?\C:\Windows\SystemTemp\WER.e3a1ae77-aa96-4696-b675-0fa2884d7fec.tmp.appcompat.txt
\\?\C:\Windows\SystemTemp\WER.a7cdc7ea-9dd9-46a5-bc25-67ac2a33ae4d.tmp.WERDataCollectionStatus.txt
memory.hdmp

These files may be available here:
\\?\C:\ProgramData\Microsoft\Windows\WER\ReportQueue\AppCrash_dllhost.exe_e2c63fef1373a35ac0b634548b13aa5eede3c88_e7c336b8_cab_e8eeb4ec-7d57-4d8a-afcc-1c45369ea5c5

Analysis symbol: 
Rechecking for solution: 0
Report Id: 7a6dfb23-552d-4f16-a0ef-9d329189557e
Report Status: 49164
Hashed bucket: 
Cab Guid: 0"
Information	20/06/2025 07:24:47	Windows Error Reporting	1001	None	"Fault bucket , type 0
Event Name: APPCRASH
Response: Not available
Cab Id: 0

Problem signature:
P1: dllhost.exe
P2: 10.0.22621.1
P3: 05e70ed3
P4: StackHash_f9d8
P5: 0.0.0.0
P6: 00000000
P7: c0000005
P8: PCH_4C_FROM_unknown+0x0000000000000000
P9: 
P10: 

Attached files:
\\?\C:\ProgramData\Microsoft\Windows\WER\Temp\WER.ca42b7b5-3e43-40ef-95c5-6fa5f71febd3.tmp.mdmp
\\?\C:\ProgramData\Microsoft\Windows\WER\Temp\WER.cc41fad9-5920-4510-bf21-e53ab4e95bd2.tmp.WERInternalMetadata.xml
WPR_initiated_DiagTrackMiniLogger_OneTrace_User_Logger_20240808_1_EC_0_inject.etl
\\?\C:\ProgramData\Microsoft\Windows\WER\Temp\WER.828393d1-694e-4fae-8177-4fe47aeef522.tmp.etl
WPR_initiated_DiagTrackMiniLogger_WPR System Collector_inject.etl
\\?\C:\ProgramData\Microsoft\Windows\WER\Temp\WER.b9b4e9a7-70f6-45fe-976c-11125bbec79a.tmp.etl
\\?\C:\ProgramData\Microsoft\Windows\WER\Temp\WER.0c4374e8-3484-46bc-859f-091a380b4a60.tmp.csv
\\?\C:\ProgramData\Microsoft\Windows\WER\Temp\WER.97cbdc64-8593-4328-9f3a-c7ab81a52277.tmp.txt
\\?\C:\ProgramData\Microsoft\Windows\WER\Temp\WER.1db19e75-35b2-44de-9915-720ed665aaab.tmp.xml
\\?\C:\Windows\SystemTemp\WER.755b8a01-1204-4654-8383-8138e57e8a87.tmp.appcompat.txt
\\?\C:\Windows\SystemTemp\WER.5a6319ab-90f2-4d0c-b2cc-42b023e8ced2.tmp.WERDataCollectionStatus.txt
memory.hdmp

These files may be available here:
\\?\C:\ProgramData\Microsoft\Windows\WER\ReportQueue\AppCrash_dllhost.exe_b2e8fac43cfd7e160c7a3c2db556a3655c74d2_e7c336b8_cab_1a11b494-6bef-4cea-96cd-4888f3dce2d1

Analysis symbol: 
Rechecking for solution: 0
Report Id: 500b7391-035d-48c7-a435-0e876e42fa5e
Report Status: 49164
Hashed bucket: 
Cab Guid: 0"
Information	20/06/2025 07:24:47	Windows Error Reporting	1001	None	"Fault bucket , type 0
Event Name: APPCRASH
Response: Not available
Cab Id: 0

Problem signature:
P1: DllHost.exe
P2: 10.0.22621.1
P3: 05e70ed3
P4: StackHash_f9d8
P5: 0.0.0.0
P6: 00000000
P7: c0000005
P8: PCH_9C_FROM_unknown+0x0000000000000000
P9: 
P10: 

Attached files:
\\?\C:\ProgramData\Microsoft\Windows\WER\Temp\WER.8c677267-abea-4140-8785-70d2a0c1a30f.tmp.mdmp
\\?\C:\ProgramData\Microsoft\Windows\WER\Temp\WER.28f1355b-2482-4804-bfe1-3af274f90996.tmp.WERInternalMetadata.xml
WPR_initiated_DiagTrackMiniLogger_OneTrace_User_Logger_20240808_1_EC_0_inject.etl
\\?\C:\ProgramData\Microsoft\Windows\WER\Temp\WER.15bdf055-63cd-4ca2-a95d-6fab89c5ff70.tmp.etl
WPR_initiated_DiagTrackMiniLogger_WPR System Collector_inject.etl
\\?\C:\ProgramData\Microsoft\Windows\WER\Temp\WER.9b52eb1d-d03d-408c-90e0-c316a13fb3a5.tmp.etl
\\?\C:\ProgramData\Microsoft\Windows\WER\Temp\WER.1995b899-f3d8-4c1f-a681-66baa9dd2563.tmp.csv
\\?\C:\ProgramData\Microsoft\Windows\WER\Temp\WER.f2c3432a-eb2a-4c92-b517-47c1025b678b.tmp.txt
\\?\C:\ProgramData\Microsoft\Windows\WER\Temp\WER.a2e7c9d4-819f-40ac-8e14-72bcac75a6a7.tmp.xml
\\?\C:\Users\HP EliteBook\AppData\Local\Temp\WER.0ad7fd8a-db75-4ef0-8b51-fe836bf9ef8f.tmp.appcompat.txt
\\?\C:\Users\HP EliteBook\AppData\Local\Temp\WER.aeb0bc9b-2685-4c11-983b-929872c68647.tmp.WERDataCollectionStatus.txt
memory.hdmp

These files may be available here:
\\?\C:\ProgramData\Microsoft\Windows\WER\ReportQueue\AppCrash_DllHost.exe_99c252ea240657bcb6eff2da35cde2888754_9adb22e4_cab_e3ad289e-e155-4ba9-a4d4-c9c85a36e24a

Analysis symbol: 
Rechecking for solution: 0
Report Id: 66016c38-0318-4f4e-be06-e7aa902a4993
Report Status: 49164
Hashed bucket: 
Cab Guid: 0"
Information	20/06/2025 07:24:46	Windows Error Reporting	1001	None	"Fault bucket , type 0
Event Name: UpdateAgentDiag
Response: Not available
Cab Id: 0

Problem signature:
P1: 24
P2: X
P3: 5
P4: 0xC0000005
P5: amd64
P6: 22631
P7: ni_release
P8: 22621
P9: ni_release_svc_prod1
P10: 5472

Attached files:
\\?\C:\Windows\Logs\MoSetup\UpdateAgent.log
\\?\C:\Windows\Logs\MoSetup\ActionList.xml
\\?\C:\Windows\Logs\MoSetup\DeviceInventory.xml
\\?\C:\ProgramData\Microsoft\Windows\WER\Temp\WER.9d585eb3-f5f5-4100-be54-dee7829ba256.tmp.WERInternalMetadata.xml
WPR_initiated_DiagTrackMiniLogger_OneTrace_User_Logger_20240808_1_EC_0_inject.etl
\\?\C:\ProgramData\Microsoft\Windows\WER\Temp\WER.9a041e60-86cb-4625-b2c0-11e8d2db5fa5.tmp.etl
WPR_initiated_DiagTrackMiniLogger_WPR System Collector_inject.etl
\\?\C:\ProgramData\Microsoft\Windows\WER\Temp\WER.d9c2acdd-f4d9-4c7c-bec9-f3396a8e3e1d.tmp.etl
\\?\C:\ProgramData\Microsoft\Windows\WER\Temp\WER.4d890088-deab-4fc5-91d2-165ab9d7a3cd.tmp.csv
\\?\C:\ProgramData\Microsoft\Windows\WER\Temp\WER.6d0aa8e4-ce27-4b29-85ab-af6df39453be.tmp.txt
\\?\C:\ProgramData\Microsoft\Windows\WER\Temp\WER.9a8e232d-b332-4519-8035-7789b4e9cf5d.tmp.xml
\\?\C:\Windows\SystemTemp\WER.bd21e791-0f28-47a7-b2e1-6b089c98f704.tmp.WERDataCollectionStatus.txt

These files may be available here:
\\?\C:\ProgramData\Microsoft\Windows\WER\ReportQueue\NonCritical_24_9bad202a5f9a26efce75b4aef877739f57adadc_00000000_cab_c1d1d64e-7e91-402e-84f7-a3870fec18c1

Analysis symbol: 
Rechecking for solution: 0
Report Id: c1d1d64e-7e91-402e-84f7-a3870fec18c1
Report Status: 49164
Hashed bucket: 
Cab Guid: 0"
Information	20/06/2025 07:24:46	Windows Error Reporting	1001	None	"Fault bucket , type 0
Event Name: APPCRASH
Response: Not available
Cab Id: 0

Problem signature:
P1: AcroTray.exe
P2: 22.1.20117.0
P3: 624e6596
P4: StackHash_f9d8
P5: 0.0.0.0
P6: 00000000
P7: c0000005
P8: PCH_23_FROM_unknown+0x0000000000000000
P9: 
P10: 

Attached files:
\\?\C:\ProgramData\Microsoft\Windows\WER\Temp\WER.80a4ac0e-13e2-41c7-a410-3cf01da405ed.tmp.mdmp
\\?\C:\ProgramData\Microsoft\Windows\WER\Temp\WER.2e7f230d-379e-4b95-b2de-ed450719231b.tmp.WERInternalMetadata.xml
WPR_initiated_DiagTrackMiniLogger_OneTrace_User_Logger_20240808_1_EC_0_inject.etl
\\?\C:\ProgramData\Microsoft\Windows\WER\Temp\WER.fcc58896-3e80-4ebb-af7e-185bd3144b6e.tmp.etl
WPR_initiated_DiagTrackMiniLogger_WPR System Collector_inject.etl
\\?\C:\ProgramData\Microsoft\Windows\WER\Temp\WER.df43cff1-5968-4832-a464-057b0695e126.tmp.etl
\\?\C:\ProgramData\Microsoft\Windows\WER\Temp\WER.8d27da8f-8ae5-437c-bf94-a06a4973ff72.tmp.csv
\\?\C:\ProgramData\Microsoft\Windows\WER\Temp\WER.0b47fca6-920a-4dd5-9839-faa350a000f3.tmp.txt
\\?\C:\ProgramData\Microsoft\Windows\WER\Temp\WER.7bdd9c29-8508-4148-b9bd-71603cd73487.tmp.xml
\\?\C:\Users\HP EliteBook\AppData\Local\Temp\WER.2b1b84df-288c-4b6c-b086-cfd64442ed6c.tmp.appcompat.txt
\\?\C:\Users\HP EliteBook\AppData\Local\Temp\WER.dc7f0e4e-84c9-40eb-8564-42beea33c4f7.tmp.WERDataCollectionStatus.txt
memory.hdmp

These files may be available here:
\\?\C:\ProgramData\Microsoft\Windows\WER\ReportQueue\AppCrash_AcroTray.exe_e3d0e38b3779cf744319b9868e4194f3839eeed_5e2c1be6_cab_1195f60b-6620-4a2e-9fd4-cbc452ca7c03

Analysis symbol: 
Rechecking for solution: 0
Report Id: 0f9e859a-2c13-43d1-a13e-63a94a04de34
Report Status: 49550
Hashed bucket: 
Cab Guid: 0"
