Information	20/06/2025 06:03:02	Windows Error Reporting	1001	None	"Fault bucket 1833580701306877483, type 4
Event Name: APPCRASH
Response: Not available
Cab Id: 0

Problem signature:
P1: HPAudioAnalytics.exe
P2: 8.10.46.337
P3: 67ee326a
P4: StackHash_f9d8
P5: 0.0.0.0
P6: 00000000
P7: c0000005
P8: PCH_4D_FROM_unknown+0x0000000000000000
P9: 
P10: 

Attached files:
\\?\C:\ProgramData\Microsoft\Windows\WER\Temp\WER.7002c784-3498-4df8-9824-fb6e19462615.tmp.mdmp
\\?\C:\ProgramData\Microsoft\Windows\WER\Temp\WER.dbdb2b3e-924d-45a9-9bbf-af5db0980c1f.tmp.WERInternalMetadata.xml
WPR_initiated_DiagTrackMiniLogger_OneTrace_User_Logger_20250608_1_EC_0_inject.etl
\\?\C:\ProgramData\Microsoft\Windows\WER\Temp\WER.4e295952-2436-469e-a486-eea08666e649.tmp.etl
WPR_initiated_DiagTrackMiniLogger_WPR System Collector_inject.etl
\\?\C:\ProgramData\Microsoft\Windows\WER\Temp\WER.258b0b18-c592-4241-a6f6-0522eb8535ae.tmp.etl
\\?\C:\ProgramData\Microsoft\Windows\WER\Temp\WER.64839429-08e7-408e-8662-4071a441d3eb.tmp.csv
\\?\C:\ProgramData\Microsoft\Windows\WER\Temp\WER.a57892d2-dfdb-4486-ae7b-33111191cbe4.tmp.txt
\\?\C:\ProgramData\Microsoft\Windows\WER\Temp\WER.7f82bee6-b3c6-483f-983e-10082776926a.tmp.xml

These files may be available here:
\\?\C:\ProgramData\Microsoft\Windows\WER\ReportArchive\AppCrash_HPAudioAnalytics_914b412fe8078186ff8db7c2a4f2b74c9c48_fe948d19_bed73c02-468c-42b2-a287-081ce871fdb4

Analysis symbol: 
Rechecking for solution: 0
Report Id: 029c1225-b999-4cb1-b69e-824fc63f31ca
Report Status: 268435456
Hashed bucket: c52742e85a88a80ca9722feee068762b
Cab Guid: 0"
Error	20/06/2025 06:02:58	Application Error	1000	Application Crashing Events	"Faulting application name: HPAudioAnalytics.exe, version: 8.10.46.337, time stamp: 0x67ee326a
Faulting module name: unknown, version: 0.0.0.0, time stamp: 0x00000000
Exception code: 0xc0000005
Fault offset: 0x0000000000f55dd6
Faulting process id: 0x0x4DC4
Faulting application start time: 0x0x1DBE16E22909F76
Faulting application path: C:\Windows\System32\DriverStore\FileRepository\hpqkbsoftwarecompnent.inf_amd64_a22c6a91e05f8cee\HPAudioAnalytics.exe
Faulting module path: unknown
Report Id: 029c1225-b999-4cb1-b69e-824fc63f31ca
Faulting package full name: 
Faulting package-relative application ID: "
Information	20/06/2025 06:02:47	Microsoft-Windows-Complus	781	None	The COM+ sub system is suppressing duplicate event log entries for a duration of 86400 seconds.  The suppression timeout can be controlled by a REG_DWORD value named SuppressDuplicateDuration under the following registry key: HKLM\Software\Microsoft\COM3\Eventlog.
Information	20/06/2025 06:02:46	Windows Error Reporting	1001	None	"Fault bucket 2115955934357232936, type 4
Event Name: APPCRASH
Response: Not available
Cab Id: 0

Problem signature:
P1: dllhost.exe
P2: 10.0.22621.1
P3: 05e70ed3
P4: StackHash_f9d8
P5: 0.0.0.0
P6: 00000000
P7: c0000005
P8: PCH_4C_FROM_unknown+0x0000000000000000
P9: 
P10: 

Attached files:
\\?\C:\ProgramData\Microsoft\Windows\WER\Temp\WER.ae42d0bb-498b-4487-87c5-c964d2fa65f8.tmp.mdmp
\\?\C:\ProgramData\Microsoft\Windows\WER\Temp\WER.9a5fd4c4-a031-4fee-8e97-40640255024b.tmp.WERInternalMetadata.xml
WPR_initiated_DiagTrackMiniLogger_OneTrace_User_Logger_20250608_1_EC_0_inject.etl
\\?\C:\ProgramData\Microsoft\Windows\WER\Temp\WER.54dcf216-0d6a-4747-933c-ceed6465e23d.tmp.etl
WPR_initiated_DiagTrackMiniLogger_WPR System Collector_inject.etl
\\?\C:\ProgramData\Microsoft\Windows\WER\Temp\WER.0fa7df03-1c04-45df-9e34-9b930f176a1a.tmp.etl
\\?\C:\ProgramData\Microsoft\Windows\WER\Temp\WER.e0cfb5a3-84b6-4cd3-a503-ef8d1b6c89c5.tmp.csv
\\?\C:\ProgramData\Microsoft\Windows\WER\Temp\WER.c1de3e56-86f8-4a7b-962b-6bd9777f661b.tmp.txt
\\?\C:\ProgramData\Microsoft\Windows\WER\Temp\WER.ee0166ab-2411-46be-a7c0-cb47e4a9ac5d.tmp.xml

These files may be available here:
\\?\C:\ProgramData\Microsoft\Windows\WER\ReportArchive\AppCrash_dllhost.exe_b2e8fac43cfd7e160c7a3c2db556a3655c74d2_e7c336b8_3f37faa7-112e-436c-8f2b-86ec85b6874e

Analysis symbol: 
Rechecking for solution: 0
Report Id: 92673e49-13ad-47f2-8468-e067511fd4fa
Report Status: 268435456
Hashed bucket: c00013d530715c43fd5d62b623be1d28
Cab Guid: 0"
Error	20/06/2025 06:02:42	Application Error	1000	Application Crashing Events	"Faulting application name: dllhost.exe, version: 10.0.22621.1, time stamp: 0x05e70ed3
Faulting module name: unknown, version: 0.0.0.0, time stamp: 0x00000000
Exception code: 0xc0000005
Fault offset: 0x0000000000925dd6
Faulting process id: 0x0x9E0
Faulting application start time: 0x0x1DBE16DD7A9A3B5
Faulting application path: C:\Windows\system32\dllhost.exe
Faulting module path: unknown
Report Id: 92673e49-13ad-47f2-8468-e067511fd4fa
Faulting package full name: 
Faulting package-relative application ID: "
Information	20/06/2025 06:01:48	HotKeyServiceUWP	0	(2)	"The description for Event ID 0 from source HotKeyServiceUWP cannot be found. Either the component that raises this event is not installed on your local computer or the installation is corrupted. You can install or repair the component on the local computer.

If the event originated on another computer, the display information had to be saved with the event.

The following information was included with the event: 

HP Audio Analytics Service (8.10.46.337) in OnStart

The message resource is present but the message was not found in the message table
"
Information	20/06/2025 05:59:42	Microsoft-Windows-Complus	781	None	The COM+ sub system is suppressing duplicate event log entries for a duration of 86400 seconds.  The suppression timeout can be controlled by a REG_DWORD value named SuppressDuplicateDuration under the following registry key: HKLM\Software\Microsoft\COM3\Eventlog.
Information	20/06/2025 05:59:41	Windows Error Reporting	1001	None	"Fault bucket 2115955934357232936, type 4
Event Name: APPCRASH
Response: Not available
Cab Id: 0

Problem signature:
P1: dllhost.exe
P2: 10.0.22621.1
P3: 05e70ed3
P4: StackHash_f9d8
P5: 0.0.0.0
P6: 00000000
P7: c0000005
P8: PCH_9C_FROM_unknown+0x0000000000000000
P9: 
P10: 

Attached files:
\\?\C:\ProgramData\Microsoft\Windows\WER\Temp\WER.e721cbfb-6f7e-4b22-86db-01cdbad5460f.tmp.mdmp
\\?\C:\ProgramData\Microsoft\Windows\WER\Temp\WER.ed8801d5-f2e9-4636-9f99-709846728558.tmp.WERInternalMetadata.xml
WPR_initiated_DiagTrackMiniLogger_OneTrace_User_Logger_20250608_1_EC_0_inject.etl
\\?\C:\ProgramData\Microsoft\Windows\WER\Temp\WER.d397b532-0d6f-466f-9722-7d50f5ca0301.tmp.etl
WPR_initiated_DiagTrackMiniLogger_WPR System Collector_inject.etl
\\?\C:\ProgramData\Microsoft\Windows\WER\Temp\WER.4c0ec327-6420-4216-bf01-67a0e2522413.tmp.etl
\\?\C:\ProgramData\Microsoft\Windows\WER\Temp\WER.73f95310-1c75-4db4-a9bd-643244d475ad.tmp.csv
\\?\C:\ProgramData\Microsoft\Windows\WER\Temp\WER.2dbfe5d8-8ffd-478d-9d0c-30486f390dcd.tmp.txt
\\?\C:\ProgramData\Microsoft\Windows\WER\Temp\WER.959c59b8-0ae5-455e-b941-ef55d94c2462.tmp.xml

These files may be available here:
\\?\C:\ProgramData\Microsoft\Windows\WER\ReportArchive\AppCrash_dllhost.exe_b7708e6112c3d3ea555e15432f2d9b42994b3d_e7c336b8_8c91e475-415b-44c3-a576-eca7d5351393

Analysis symbol: 
Rechecking for solution: 0
Report Id: 19e58a15-b67c-417e-bbce-209e719fe847
Report Status: 268435456
Hashed bucket: c00013d530715c43fd5d62b623be1d28
Cab Guid: 0"
Error	20/06/2025 05:59:37	Application Error	1000	Application Crashing Events	"Faulting application name: dllhost.exe, version: 10.0.22621.1, time stamp: 0x05e70ed3
Faulting module name: unknown, version: 0.0.0.0, time stamp: 0x00000000
Exception code: 0xc0000005
Fault offset: 0x0000000000905dd6
Faulting process id: 0x0x8AD4
Faulting application start time: 0x0x1DBE16D4356D314
Faulting application path: C:\Windows\system32\dllhost.exe
Faulting module path: unknown
Report Id: 19e58a15-b67c-417e-bbce-209e719fe847
Faulting package full name: 
Faulting package-relative application ID: "
Information	20/06/2025 05:59:25	Windows Error Reporting	1001	None	"Fault bucket 2120996873715200844, type 4
Event Name: APPCRASH
Response: Not available
Cab Id: 0

Problem signature:
P1: HotKeyServiceUWP.exe
P2: 8.10.46.337
P3: 67ee32ff
P4: StackHash_f9d8
P5: 0.0.0.0
P6: 00000000
P7: c0000005
P8: PCH_0A_FROM_unknown+0x0000000000000000
P9: 
P10: 

Attached files:
\\?\C:\ProgramData\Microsoft\Windows\WER\Temp\WER.bfe6db88-a2fb-4b37-b532-7807b8446925.tmp.mdmp
\\?\C:\ProgramData\Microsoft\Windows\WER\Temp\WER.37473b48-4818-4928-8395-566a14286fd4.tmp.WERInternalMetadata.xml
WPR_initiated_DiagTrackMiniLogger_OneTrace_User_Logger_20250608_1_EC_0_inject.etl
\\?\C:\ProgramData\Microsoft\Windows\WER\Temp\WER.9ed3fb79-ecd8-4874-a873-e85c6e7a68d8.tmp.etl
WPR_initiated_DiagTrackMiniLogger_WPR System Collector_inject.etl
\\?\C:\ProgramData\Microsoft\Windows\WER\Temp\WER.a6f95245-d235-4b2e-b5cc-7931a72be104.tmp.etl
\\?\C:\ProgramData\Microsoft\Windows\WER\Temp\WER.a98728b7-d55d-44bb-b23f-6727cab212e2.tmp.csv
\\?\C:\ProgramData\Microsoft\Windows\WER\Temp\WER.113715d8-5a18-41be-bfec-276a9c3d4908.tmp.txt
\\?\C:\ProgramData\Microsoft\Windows\WER\Temp\WER.b362c557-8df7-4135-9e04-6f2fabc9a67a.tmp.xml

These files may be available here:
\\?\C:\ProgramData\Microsoft\Windows\WER\ReportArchive\AppCrash_HotKeyServiceUWP_5c89f4134d1af4f4f984ffdba343bd0e3abbbcb_b8181675_e31ff692-880d-407d-89d0-5d882db7e00d

Analysis symbol: 
Rechecking for solution: 0
Report Id: cc39a10f-d994-43d7-a5ec-219efbdc8595
Report Status: 268435456
Hashed bucket: dfa1cf850c1ffe22dd6f4b6b4b82334c
Cab Guid: 0"
Error	20/06/2025 05:59:21	Application Error	1000	Application Crashing Events	"Faulting application name: HotKeyServiceUWP.exe, version: 8.10.46.337, time stamp: 0x67ee32ff
Faulting module name: unknown, version: 0.0.0.0, time stamp: 0x00000000
Exception code: 0xc0000005
Fault offset: 0x0000000000f35dd6
Faulting process id: 0x0x31C0
Faulting application start time: 0x0x1DBE16DA17351CF
Faulting application path: C:\Windows\System32\DriverStore\FileRepository\hpqkbsoftwarecompnent.inf_amd64_a22c6a91e05f8cee\HotKeyServiceUWP.exe
Faulting module path: unknown
Report Id: cc39a10f-d994-43d7-a5ec-219efbdc8595
Faulting package full name: 
Faulting package-relative application ID: "
Information	20/06/2025 05:59:09	Windows Error Reporting	1001	None	"Fault bucket 1749154308405373022, type 4
Event Name: APPCRASH
Response: Not available
Cab Id: 0

Problem signature:
P1: vmware-usbarbitrator64.exe
P2: 20.10.0.0
P3: 669a1840
P4: StackHash_f9d8
P5: 0.0.0.0
P6: 00000000
P7: c0000005
P8: PCH_1E_FROM_unknown+0x0000000000000000
P9: 
P10: 

Attached files:
\\?\C:\ProgramData\Microsoft\Windows\WER\Temp\WER.64d9285c-4ff4-4db4-ab4f-82e8fb94caaa.tmp.mdmp
\\?\C:\ProgramData\Microsoft\Windows\WER\Temp\WER.f225e332-081e-4142-93db-b586b254894c.tmp.WERInternalMetadata.xml
WPR_initiated_DiagTrackMiniLogger_OneTrace_User_Logger_20250608_1_EC_0_inject.etl
\\?\C:\ProgramData\Microsoft\Windows\WER\Temp\WER.5f1b29cf-6d21-4e7d-8a52-2c663d599587.tmp.etl
WPR_initiated_DiagTrackMiniLogger_WPR System Collector_inject.etl
\\?\C:\ProgramData\Microsoft\Windows\WER\Temp\WER.b81e898f-9d7e-4405-81e3-1c4fa8300ec6.tmp.etl
\\?\C:\ProgramData\Microsoft\Windows\WER\Temp\WER.30f4f40c-e68a-4f87-b9ae-42de1fc67987.tmp.csv
\\?\C:\ProgramData\Microsoft\Windows\WER\Temp\WER.b97588c1-10ed-46f6-9d5f-c00d2fc59978.tmp.txt
\\?\C:\ProgramData\Microsoft\Windows\WER\Temp\WER.59d3cd08-3446-47b7-8cab-c2e4adef6a91.tmp.xml

These files may be available here:
\\?\C:\ProgramData\Microsoft\Windows\WER\ReportArchive\AppCrash_vmware-usbarbitr_bb4e5f2e761ac65830676615b45ae40c744617c_17c75580_50fb5ec3-1a01-48b5-9ba1-b3f1beb8e885

Analysis symbol: 
Rechecking for solution: 0
Report Id: a896a47b-a269-46b1-a3c9-3fd00bc10256
Report Status: 268435456
Hashed bucket: f1ca7ee4517e896fa8463e9379d8a85e
Cab Guid: 0"
Error	20/06/2025 05:59:05	Application Error	1000	Application Crashing Events	"Faulting application name: vmware-usbarbitrator64.exe, version: 20.10.0.0, time stamp: 0x669a1840
Faulting module name: unknown, version: 0.0.0.0, time stamp: 0x00000000
Exception code: 0xc0000005
Fault offset: 0x00000000009a5dd6
Faulting process id: 0x0x7220
Faulting application start time: 0x0x1DBE16D5B7199E1
Faulting application path: C:\Program Files (x86)\Common Files\VMware\USB\vmware-usbarbitrator64.exe
Faulting module path: unknown
Report Id: a896a47b-a269-46b1-a3c9-3fd00bc10256
Faulting package full name: 
Faulting package-relative application ID: "
Information	20/06/2025 05:58:11	HotKeyServiceUWP	0	(2)	"The description for Event ID 0 from source HotKeyServiceUWP cannot be found. Either the component that raises this event is not installed on your local computer or the installation is corrupted. You can install or repair the component on the local computer.

If the event originated on another computer, the display information had to be saved with the event.

The following information was included with the event: 

RpcServerMonitoringThread - Entry

The message resource is present but the message was not found in the message table
"
Information	20/06/2025 05:58:11	HotKeyServiceUWP	0	(2)	"The description for Event ID 0 from source HotKeyServiceUWP cannot be found. Either the component that raises this event is not installed on your local computer or the installation is corrupted. You can install or repair the component on the local computer.

If the event originated on another computer, the display information had to be saved with the event.

The following information was included with the event: 

HP Hotkey UWP Service (8.10.46.337) in OnStart

The message resource is present but the message was not found in the message table
"
Information	20/06/2025 05:56:03	Windows Error Reporting	1001	None	"Fault bucket 1749154308405373022, type 4
Event Name: APPCRASH
Response: Not available
Cab Id: 0

Problem signature:
P1: vmware-usbarbitrator64.exe
P2: 20.10.0.0
P3: 669a1840
P4: StackHash_f9d8
P5: 0.0.0.0
P6: 00000000
P7: c0000005
P8: PCH_7C_FROM_unknown+0x0000000000000000
P9: 
P10: 

Attached files:
\\?\C:\ProgramData\Microsoft\Windows\WER\Temp\WER.7f6246ce-b5f0-43e2-84d6-1fdc2d021524.tmp.mdmp
\\?\C:\ProgramData\Microsoft\Windows\WER\Temp\WER.ac45a821-37a5-4d0d-b824-035254bf8f66.tmp.WERInternalMetadata.xml
WPR_initiated_DiagTrackMiniLogger_OneTrace_User_Logger_20250608_1_EC_0_inject.etl
\\?\C:\ProgramData\Microsoft\Windows\WER\Temp\WER.e1d61a66-05cb-4b79-8ac5-69a196c9c6e2.tmp.etl
WPR_initiated_DiagTrackMiniLogger_WPR System Collector_inject.etl
\\?\C:\ProgramData\Microsoft\Windows\WER\Temp\WER.273d3da8-81f9-4de6-a6c3-3f52c7f4fc15.tmp.etl
\\?\C:\ProgramData\Microsoft\Windows\WER\Temp\WER.27e490a2-5bb7-4860-8841-c5a01f4adc32.tmp.csv
\\?\C:\ProgramData\Microsoft\Windows\WER\Temp\WER.623c4002-13fc-43ad-b786-b2fb67c9b3e5.tmp.txt
\\?\C:\ProgramData\Microsoft\Windows\WER\Temp\WER.eaaafde3-3005-4208-b666-019cdcccaa43.tmp.xml

These files may be available here:
\\?\C:\ProgramData\Microsoft\Windows\WER\ReportArchive\AppCrash_vmware-usbarbitr_c23b90fa4bdf8d84a96d882fdedad24a624e3bb_17c75580_8c44043a-15f0-478e-90a0-b60da55b023e

Analysis symbol: 
Rechecking for solution: 0
Report Id: 1a3ad417-1cf9-4fec-aeb0-721c6e9054fe
Report Status: 268435456
Hashed bucket: f1ca7ee4517e896fa8463e9379d8a85e
Cab Guid: 0"
Error	20/06/2025 05:56:00	Application Error	1000	Application Crashing Events	"Faulting application name: vmware-usbarbitrator64.exe, version: 20.10.0.0, time stamp: 0x669a1840
Faulting module name: unknown, version: 0.0.0.0, time stamp: 0x00000000
Exception code: 0xc0000005
Fault offset: 0x0000000000ed5dd6
Faulting process id: 0x0x5EF4
Faulting application start time: 0x0x1DBE16CC7509203
Faulting application path: C:\Program Files (x86)\Common Files\VMware\USB\vmware-usbarbitrator64.exe
Faulting module path: unknown
Report Id: 1a3ad417-1cf9-4fec-aeb0-721c6e9054fe
Faulting package full name: 
Faulting package-relative application ID: "
Information	20/06/2025 05:55:47	Windows Error Reporting	1001	None	"Fault bucket 1833580701306877483, type 4
Event Name: APPCRASH
Response: Not available
Cab Id: 0

Problem signature:
P1: HPAudioAnalytics.exe
P2: 8.10.46.337
P3: 67ee326a
P4: StackHash_f9d8
P5: 0.0.0.0
P6: 00000000
P7: c0000005
P8: PCH_97_FROM_unknown+0x0000000000000000
P9: 
P10: 

Attached files:
\\?\C:\ProgramData\Microsoft\Windows\WER\Temp\WER.918ac0ff-52c1-47ea-a5bf-28dc3cf80c6a.tmp.mdmp
\\?\C:\ProgramData\Microsoft\Windows\WER\Temp\WER.9c446b17-865d-4f71-b2d9-32edc7bc0b7b.tmp.WERInternalMetadata.xml
WPR_initiated_DiagTrackMiniLogger_OneTrace_User_Logger_20250608_1_EC_0_inject.etl
\\?\C:\ProgramData\Microsoft\Windows\WER\Temp\WER.79054701-8eae-4e8b-9ff4-b14dcbe0c54a.tmp.etl
WPR_initiated_DiagTrackMiniLogger_WPR System Collector_inject.etl
\\?\C:\ProgramData\Microsoft\Windows\WER\Temp\WER.cd340dab-0062-45c9-89e1-88db81241248.tmp.etl
\\?\C:\ProgramData\Microsoft\Windows\WER\Temp\WER.477e2233-d770-47bc-a02d-672e1e5c7b6c.tmp.csv
\\?\C:\ProgramData\Microsoft\Windows\WER\Temp\WER.04c013f7-f71f-4f20-8bb0-abcb7d80fefb.tmp.txt
\\?\C:\ProgramData\Microsoft\Windows\WER\Temp\WER.1fe16fa0-535f-4c80-b5cb-ebe1a7c84781.tmp.xml

These files may be available here:
\\?\C:\ProgramData\Microsoft\Windows\WER\ReportArchive\AppCrash_HPAudioAnalytics_d26c5c6cac9318f7a9dce8bf3c05568ac956e90_fe948d19_3cea51ee-56ae-4efc-acf3-0887d04e0cff

Analysis symbol: 
Rechecking for solution: 0
Report Id: 8387029b-6b88-4499-94c7-648726451ae3
Report Status: 268435456
Hashed bucket: c52742e85a88a80ca9722feee068762b
Cab Guid: 0"
Error	20/06/2025 05:55:44	Application Error	1000	Application Crashing Events	"Faulting application name: HPAudioAnalytics.exe, version: 8.10.46.337, time stamp: 0x67ee326a
Faulting module name: unknown, version: 0.0.0.0, time stamp: 0x00000000
Exception code: 0xc0000005
Fault offset: 0x0000000000f25dd6
Faulting process id: 0x0x11D8
Faulting application start time: 0x0x1DBE16D1FC60B1A
Faulting application path: C:\Windows\System32\DriverStore\FileRepository\hpqkbsoftwarecompnent.inf_amd64_a22c6a91e05f8cee\HPAudioAnalytics.exe
Faulting module path: unknown
Report Id: 8387029b-6b88-4499-94c7-648726451ae3
Faulting package full name: 
Faulting package-relative application ID: "
Information	20/06/2025 05:55:33	Microsoft-Windows-Complus	781	None	The COM+ sub system is suppressing duplicate event log entries for a duration of 86400 seconds.  The suppression timeout can be controlled by a REG_DWORD value named SuppressDuplicateDuration under the following registry key: HKLM\Software\Microsoft\COM3\Eventlog.
Information	20/06/2025 05:55:32	Windows Error Reporting	1001	None	"Fault bucket 2115955934357232936, type 4
Event Name: APPCRASH
Response: Not available
Cab Id: 0

Problem signature:
P1: dllhost.exe
P2: 10.0.22621.1
P3: 05e70ed3
P4: StackHash_f9d8
P5: 0.0.0.0
P6: 00000000
P7: c0000005
P8: PCH_9C_FROM_unknown+0x0000000000000000
P9: 
P10: 

Attached files:
\\?\C:\ProgramData\Microsoft\Windows\WER\Temp\WER.cabfd4f9-e2df-4ffe-886f-41162c8cb2ff.tmp.mdmp
\\?\C:\ProgramData\Microsoft\Windows\WER\Temp\WER.04b94d13-cd18-494d-b7cb-308282d920b5.tmp.WERInternalMetadata.xml
WPR_initiated_DiagTrackMiniLogger_OneTrace_User_Logger_20250608_1_EC_0_inject.etl
\\?\C:\ProgramData\Microsoft\Windows\WER\Temp\WER.18217aa4-0b72-430e-a067-01f2ef85dd5f.tmp.etl
WPR_initiated_DiagTrackMiniLogger_WPR System Collector_inject.etl
\\?\C:\ProgramData\Microsoft\Windows\WER\Temp\WER.2351614b-8d35-4ab1-acb8-124b741cff36.tmp.etl
\\?\C:\ProgramData\Microsoft\Windows\WER\Temp\WER.c8eda25f-faa2-4fbe-8716-6f8cb6809b82.tmp.csv
\\?\C:\ProgramData\Microsoft\Windows\WER\Temp\WER.9bd1632c-4057-4088-9da4-c9601aec10ba.tmp.txt
\\?\C:\ProgramData\Microsoft\Windows\WER\Temp\WER.4336c4a0-e9ff-415c-83a0-6f0db15a1473.tmp.xml

These files may be available here:
\\?\C:\ProgramData\Microsoft\Windows\WER\ReportArchive\AppCrash_dllhost.exe_b7708e6112c3d3ea555e15432f2d9b42994b3d_e7c336b8_3134f846-c13a-48ad-b687-78081e340143

Analysis symbol: 
Rechecking for solution: 0
Report Id: e3b22f14-c1f4-4c8e-aa4d-179db3d49782
Report Status: 2147487744
Hashed bucket: c00013d530715c43fd5d62b623be1d28
Cab Guid: 0"
Error	20/06/2025 05:55:29	Application Error	1000	Application Crashing Events	"Faulting application name: dllhost.exe, version: 10.0.22621.1, time stamp: 0x05e70ed3
Faulting module name: unknown, version: 0.0.0.0, time stamp: 0x00000000
Exception code: 0xc0000005
Fault offset: 0x0000000000905dd6
Faulting process id: 0x0x5764
Faulting application start time: 0x0x1DBE16CD4E1BA5B
Faulting application path: C:\Windows\system32\dllhost.exe
Faulting module path: unknown
Report Id: e3b22f14-c1f4-4c8e-aa4d-179db3d49782
Faulting package full name: 
Faulting package-relative application ID: "
Information	20/06/2025 05:54:33	HotKeyServiceUWP	0	(2)	"The description for Event ID 0 from source HotKeyServiceUWP cannot be found. Either the component that raises this event is not installed on your local computer or the installation is corrupted. You can install or repair the component on the local computer.

If the event originated on another computer, the display information had to be saved with the event.

The following information was included with the event: 

HP Audio Analytics Service (8.10.46.337) in OnStart

The message resource is present but the message was not found in the message table
"
Information	20/06/2025 05:52:28	Microsoft-Windows-Complus	781	None	The COM+ sub system is suppressing duplicate event log entries for a duration of 86400 seconds.  The suppression timeout can be controlled by a REG_DWORD value named SuppressDuplicateDuration under the following registry key: HKLM\Software\Microsoft\COM3\Eventlog.
Information	20/06/2025 05:52:27	Windows Error Reporting	1001	None	"Fault bucket 2115955934357232936, type 4
Event Name: APPCRASH
Response: Not available
Cab Id: 0

Problem signature:
P1: dllhost.exe
P2: 10.0.22621.1
P3: 05e70ed3
P4: StackHash_f9d8
P5: 0.0.0.0
P6: 00000000
P7: c0000005
P8: PCH_9C_FROM_unknown+0x0000000000000000
P9: 
P10: 

Attached files:
\\?\C:\ProgramData\Microsoft\Windows\WER\Temp\WER.429665b8-2e8a-44bb-852c-e995c00ab67b.tmp.mdmp
\\?\C:\ProgramData\Microsoft\Windows\WER\Temp\WER.29b79eee-e6c5-494e-8f64-ecd960faa689.tmp.WERInternalMetadata.xml
WPR_initiated_DiagTrackMiniLogger_OneTrace_User_Logger_20250608_1_EC_0_inject.etl
\\?\C:\ProgramData\Microsoft\Windows\WER\Temp\WER.aba1c1c1-8d52-47ce-b93b-182b16a74dbf.tmp.etl
WPR_initiated_DiagTrackMiniLogger_WPR System Collector_inject.etl
\\?\C:\ProgramData\Microsoft\Windows\WER\Temp\WER.02c96c3f-2964-4b0f-afa6-7bd4d395815a.tmp.etl
\\?\C:\ProgramData\Microsoft\Windows\WER\Temp\WER.acad48f2-8ab2-4693-98cd-a6621874e12d.tmp.csv
\\?\C:\ProgramData\Microsoft\Windows\WER\Temp\WER.a117f7bb-c24d-4119-8be1-250172b7b77c.tmp.txt
\\?\C:\ProgramData\Microsoft\Windows\WER\Temp\WER.60cf3131-2d44-4d9b-82a3-99f8979cae55.tmp.xml

These files may be available here:
\\?\C:\ProgramData\Microsoft\Windows\WER\ReportArchive\AppCrash_dllhost.exe_b7708e6112c3d3ea555e15432f2d9b42994b3d_e7c336b8_fd0189c8-8572-4fa4-8be3-2b4c5107099e

Analysis symbol: 
Rechecking for solution: 0
Report Id: ea4851ec-a0da-495b-97c4-3a8d9310c905
Report Status: 268435456
Hashed bucket: c00013d530715c43fd5d62b623be1d28
Cab Guid: 0"
Error	20/06/2025 05:52:23	Application Error	1000	Application Crashing Events	"Faulting application name: dllhost.exe, version: 10.0.22621.1, time stamp: 0x05e70ed3
Faulting module name: unknown, version: 0.0.0.0, time stamp: 0x00000000
Exception code: 0xc0000005
Fault offset: 0x0000000000905dd6
Faulting process id: 0x0x5528
Faulting application start time: 0x0x1DBE16C406BF553
Faulting application path: C:\Windows\system32\dllhost.exe
Faulting module path: unknown
Report Id: ea4851ec-a0da-495b-97c4-3a8d9310c905
Faulting package full name: 
Faulting package-relative application ID: "
Information	20/06/2025 05:52:11	Windows Error Reporting	1001	None	"Fault bucket 2120996873715200844, type 4
Event Name: APPCRASH
Response: Not available
Cab Id: 0

Problem signature:
P1: HotKeyServiceUWP.exe
P2: 8.10.46.337
P3: 67ee32ff
P4: StackHash_f9d8
P5: 0.0.0.0
P6: 00000000
P7: c0000005
P8: PCH_45_FROM_unknown+0x0000000000000000
P9: 
P10: 

Attached files:
\\?\C:\ProgramData\Microsoft\Windows\WER\Temp\WER.e66e3e29-32c8-4777-9ecd-e8f513c9ae30.tmp.mdmp
\\?\C:\ProgramData\Microsoft\Windows\WER\Temp\WER.56d08a57-a7a7-47ab-8335-2526c7564bd5.tmp.WERInternalMetadata.xml
WPR_initiated_DiagTrackMiniLogger_OneTrace_User_Logger_20250608_1_EC_0_inject.etl
\\?\C:\ProgramData\Microsoft\Windows\WER\Temp\WER.10440e99-77cc-49b5-8108-58075a0a3958.tmp.etl
WPR_initiated_DiagTrackMiniLogger_WPR System Collector_inject.etl
\\?\C:\ProgramData\Microsoft\Windows\WER\Temp\WER.03924523-3180-441c-9a31-565910e7affe.tmp.etl
\\?\C:\ProgramData\Microsoft\Windows\WER\Temp\WER.e08fc900-71d4-47c4-84da-a4d3391f7d5f.tmp.csv
\\?\C:\ProgramData\Microsoft\Windows\WER\Temp\WER.37e18d12-1c79-4808-8098-a08410f15aa4.tmp.txt
\\?\C:\ProgramData\Microsoft\Windows\WER\Temp\WER.0b8e7c48-b3ef-4114-8011-133d83507451.tmp.xml

These files may be available here:
\\?\C:\ProgramData\Microsoft\Windows\WER\ReportArchive\AppCrash_HotKeyServiceUWP_2cfca828fe2f303f85dbf8a1b9c0674423dd9240_b8181675_e220b802-8297-4514-b0cb-0819c0832c20

Analysis symbol: 
Rechecking for solution: 0
Report Id: b49b3f3c-efe3-4521-8fb5-ba442a2aa7d4
Report Status: 268435456
Hashed bucket: dfa1cf850c1ffe22dd6f4b6b4b82334c
Cab Guid: 0"
Error	20/06/2025 05:52:07	Application Error	1000	Application Crashing Events	"Faulting application name: HotKeyServiceUWP.exe, version: 8.10.46.337, time stamp: 0x67ee32ff
Faulting module name: unknown, version: 0.0.0.0, time stamp: 0x00000000
Exception code: 0xc0000005
Fault offset: 0x0000000000f95dd6
Faulting process id: 0x0xBE4
Faulting application start time: 0x0x1DBE16C951686A0
Faulting application path: C:\Windows\System32\DriverStore\FileRepository\hpqkbsoftwarecompnent.inf_amd64_a22c6a91e05f8cee\HotKeyServiceUWP.exe
Faulting module path: unknown
Report Id: b49b3f3c-efe3-4521-8fb5-ba442a2aa7d4
Faulting package full name: 
Faulting package-relative application ID: "
Information	20/06/2025 05:51:55	Windows Error Reporting	1001	None	"Fault bucket 1749154308405373022, type 4
Event Name: APPCRASH
Response: Not available
Cab Id: 0

Problem signature:
P1: vmware-usbarbitrator64.exe
P2: 20.10.0.0
P3: 669a1840
P4: StackHash_f9d8
P5: 0.0.0.0
P6: 00000000
P7: c0000005
P8: PCH_00_FROM_unknown+0x0000000000000000
P9: 
P10: 

Attached files:
\\?\C:\ProgramData\Microsoft\Windows\WER\Temp\WER.1b3bed2b-269e-4017-bcac-a4eef92598d8.tmp.mdmp
\\?\C:\ProgramData\Microsoft\Windows\WER\Temp\WER.5c58190e-e5ca-4664-adf5-7ae5c2627dd4.tmp.WERInternalMetadata.xml
WPR_initiated_DiagTrackMiniLogger_OneTrace_User_Logger_20250608_1_EC_0_inject.etl
\\?\C:\ProgramData\Microsoft\Windows\WER\Temp\WER.21d26842-3287-47c7-8053-4f3b2c6eaa7c.tmp.etl
WPR_initiated_DiagTrackMiniLogger_WPR System Collector_inject.etl
\\?\C:\ProgramData\Microsoft\Windows\WER\Temp\WER.7fbf5bd2-c654-4a39-9448-79c2050ef0e7.tmp.etl
\\?\C:\ProgramData\Microsoft\Windows\WER\Temp\WER.bcdcca76-3574-4135-8cc6-c04cc2b4a22b.tmp.csv
\\?\C:\ProgramData\Microsoft\Windows\WER\Temp\WER.889d2f44-fac0-4238-8a6f-87d870cfb232.tmp.txt
\\?\C:\ProgramData\Microsoft\Windows\WER\Temp\WER.a79818b4-346d-4e0c-8cc8-590fe69fc11e.tmp.xml

These files may be available here:
\\?\C:\ProgramData\Microsoft\Windows\WER\ReportArchive\AppCrash_vmware-usbarbitr_1ec8c11773b06963b63627bb8c4cbf537b17c25_17c75580_96cf12b6-0d98-480d-af06-ab390f8495e7

Analysis symbol: 
Rechecking for solution: 0
Report Id: 4ab35467-b281-4088-a8a7-87d0b22afa75
Report Status: 268435456
Hashed bucket: f1ca7ee4517e896fa8463e9379d8a85e
Cab Guid: 0"
Error	20/06/2025 05:51:51	Application Error	1000	Application Crashing Events	"Faulting application name: vmware-usbarbitrator64.exe, version: 20.10.0.0, time stamp: 0x669a1840
Faulting module name: unknown, version: 0.0.0.0, time stamp: 0x00000000
Exception code: 0xc0000005
Fault offset: 0x0000000000f05dd6
Faulting process id: 0x0x4C94
Faulting application start time: 0x0x1DBE16C589CFEC2
Faulting application path: C:\Program Files (x86)\Common Files\VMware\USB\vmware-usbarbitrator64.exe
Faulting module path: unknown
Report Id: 4ab35467-b281-4088-a8a7-87d0b22afa75
Faulting package full name: 
Faulting package-relative application ID: "
Information	20/06/2025 05:50:41	HotKeyServiceUWP	0	(2)	"The description for Event ID 0 from source HotKeyServiceUWP cannot be found. Either the component that raises this event is not installed on your local computer or the installation is corrupted. You can install or repair the component on the local computer.

If the event originated on another computer, the display information had to be saved with the event.

The following information was included with the event: 

RpcServerMonitoringThread - Entry

The message resource is present but the message was not found in the message table
"
Information	20/06/2025 05:50:41	HotKeyServiceUWP	0	(2)	"The description for Event ID 0 from source HotKeyServiceUWP cannot be found. Either the component that raises this event is not installed on your local computer or the installation is corrupted. You can install or repair the component on the local computer.

If the event originated on another computer, the display information had to be saved with the event.

The following information was included with the event: 

HP Hotkey UWP Service (8.10.46.337) in OnStart

The message resource is present but the message was not found in the message table
"
Information	20/06/2025 05:48:49	Windows Error Reporting	1001	None	"Fault bucket 1749154308405373022, type 4
Event Name: APPCRASH
Response: Not available
Cab Id: 0

Problem signature:
P1: vmware-usbarbitrator64.exe
P2: 20.10.0.0
P3: 669a1840
P4: StackHash_f9d8
P5: 0.0.0.0
P6: 00000000
P7: c0000005
P8: PCH_29_FROM_unknown+0x0000000000000000
P9: 
P10: 

Attached files:
\\?\C:\ProgramData\Microsoft\Windows\WER\Temp\WER.bb53e229-35b7-4742-b6e8-385f41b6e68f.tmp.mdmp
\\?\C:\ProgramData\Microsoft\Windows\WER\Temp\WER.29bdf766-ec33-4d1b-893c-ac3696f050c2.tmp.WERInternalMetadata.xml
WPR_initiated_DiagTrackMiniLogger_OneTrace_User_Logger_20250608_1_EC_0_inject.etl
\\?\C:\ProgramData\Microsoft\Windows\WER\Temp\WER.e8120776-0bcb-4578-9569-7324d4f03bbe.tmp.etl
WPR_initiated_DiagTrackMiniLogger_WPR System Collector_inject.etl
\\?\C:\ProgramData\Microsoft\Windows\WER\Temp\WER.aa469738-9b95-4ea4-9e8c-e1064f2c0502.tmp.etl
\\?\C:\ProgramData\Microsoft\Windows\WER\Temp\WER.4bab0f01-0331-4eff-b75a-36e4474af02b.tmp.csv
\\?\C:\ProgramData\Microsoft\Windows\WER\Temp\WER.b1ee442f-9572-439e-90d9-236158f0d2f9.tmp.txt
\\?\C:\ProgramData\Microsoft\Windows\WER\Temp\WER.e9e731ae-8e8d-4a92-befe-24c132b0079c.tmp.xml

These files may be available here:
\\?\C:\ProgramData\Microsoft\Windows\WER\ReportArchive\AppCrash_vmware-usbarbitr_da328978b9a1d0e9ab407a7b32118156bca3639_17c75580_33e41685-7b18-464a-a7ae-22435de37973

Analysis symbol: 
Rechecking for solution: 0
Report Id: bed43a7a-d3f3-4966-aad1-3cb9eacbcca7
Report Status: 268435456
Hashed bucket: f1ca7ee4517e896fa8463e9379d8a85e
Cab Guid: 0"
Error	20/06/2025 05:48:46	Application Error	1000	Application Crashing Events	"Faulting application name: vmware-usbarbitrator64.exe, version: 20.10.0.0, time stamp: 0x669a1840
Faulting module name: unknown, version: 0.0.0.0, time stamp: 0x00000000
Exception code: 0xc0000005
Fault offset: 0x0000000000ee5dd6
Faulting process id: 0x0x5FEC
Faulting application start time: 0x0x1DBE16BCDC99989
Faulting application path: C:\Program Files (x86)\Common Files\VMware\USB\vmware-usbarbitrator64.exe
Faulting module path: unknown
Report Id: bed43a7a-d3f3-4966-aad1-3cb9eacbcca7
Faulting package full name: 
Faulting package-relative application ID: "
Information	20/06/2025 05:48:33	Windows Error Reporting	1001	None	"Fault bucket 1833580701306877483, type 4
Event Name: APPCRASH
Response: Not available
Cab Id: 0

Problem signature:
P1: HPAudioAnalytics.exe
P2: 8.10.46.337
P3: 67ee326a
P4: StackHash_f9d8
P5: 0.0.0.0
P6: 00000000
P7: c0000005
P8: PCH_00_FROM_unknown+0x0000000000000000
P9: 
P10: 

Attached files:
\\?\C:\ProgramData\Microsoft\Windows\WER\Temp\WER.433d4ee9-bbb3-47ae-9e3d-4f5af1059357.tmp.mdmp
\\?\C:\ProgramData\Microsoft\Windows\WER\Temp\WER.5f886689-082b-47fe-9d75-a947b1a670e9.tmp.WERInternalMetadata.xml
WPR_initiated_DiagTrackMiniLogger_OneTrace_User_Logger_20250608_1_EC_0_inject.etl
\\?\C:\ProgramData\Microsoft\Windows\WER\Temp\WER.f3010b7f-83c4-451a-adc8-da39580d9658.tmp.etl
WPR_initiated_DiagTrackMiniLogger_WPR System Collector_inject.etl
\\?\C:\ProgramData\Microsoft\Windows\WER\Temp\WER.99596673-bbbc-480f-95f1-7e4c945d29e8.tmp.etl
\\?\C:\ProgramData\Microsoft\Windows\WER\Temp\WER.5254a3c5-f375-429d-9c14-b2f5ec952c99.tmp.csv
\\?\C:\ProgramData\Microsoft\Windows\WER\Temp\WER.524aea82-3fdf-4a6c-8122-29a162513d08.tmp.txt
\\?\C:\ProgramData\Microsoft\Windows\WER\Temp\WER.221fae5a-e1fb-4f97-954f-3b3817d5783c.tmp.xml

These files may be available here:
\\?\C:\ProgramData\Microsoft\Windows\WER\ReportArchive\AppCrash_HPAudioAnalytics_8e6a6efde35e5754cabe53b429f2dab9c4857bb8_fe948d19_1323f413-83b1-427e-a3ee-07a5a8c8f7b9

Analysis symbol: 
Rechecking for solution: 0
Report Id: 6ccf1790-a269-4cb8-9250-8f4b364c9807
Report Status: 268435456
Hashed bucket: c52742e85a88a80ca9722feee068762b
Cab Guid: 0"
Error	20/06/2025 05:48:30	Application Error	1000	Application Crashing Events	"Faulting application name: HPAudioAnalytics.exe, version: 8.10.46.337, time stamp: 0x67ee326a
Faulting module name: unknown, version: 0.0.0.0, time stamp: 0x00000000
Exception code: 0xc0000005
Fault offset: 0x0000000000f05dd6
Faulting process id: 0x0x97B4
Faulting application start time: 0x0x1DBE16C0BDF9F40
Faulting application path: C:\Windows\System32\DriverStore\FileRepository\hpqkbsoftwarecompnent.inf_amd64_a22c6a91e05f8cee\HPAudioAnalytics.exe
Faulting module path: unknown
Report Id: 6ccf1790-a269-4cb8-9250-8f4b364c9807
Faulting package full name: 
Faulting package-relative application ID: "
Information	20/06/2025 05:48:19	Microsoft-Windows-Complus	781	None	The COM+ sub system is suppressing duplicate event log entries for a duration of 86400 seconds.  The suppression timeout can be controlled by a REG_DWORD value named SuppressDuplicateDuration under the following registry key: HKLM\Software\Microsoft\COM3\Eventlog.
Information	20/06/2025 05:48:18	Windows Error Reporting	1001	None	"Fault bucket 2115955934357232936, type 4
Event Name: APPCRASH
Response: Not available
Cab Id: 0

Problem signature:
P1: dllhost.exe
P2: 10.0.22621.1
P3: 05e70ed3
P4: StackHash_f9d8
P5: 0.0.0.0
P6: 00000000
P7: c0000005
P8: PCH_25_FROM_unknown+0x0000000000000000
P9: 
P10: 

Attached files:
\\?\C:\ProgramData\Microsoft\Windows\WER\Temp\WER.08a4ca3e-d0a2-496f-bc43-a868a4613d82.tmp.mdmp
\\?\C:\ProgramData\Microsoft\Windows\WER\Temp\WER.5956bd22-fac7-4752-a126-7fcfe7501f47.tmp.WERInternalMetadata.xml
WPR_initiated_DiagTrackMiniLogger_OneTrace_User_Logger_20250608_1_EC_0_inject.etl
\\?\C:\ProgramData\Microsoft\Windows\WER\Temp\WER.98ba9b22-4661-4acc-aab2-c1c303666f2e.tmp.etl
WPR_initiated_DiagTrackMiniLogger_WPR System Collector_inject.etl
\\?\C:\ProgramData\Microsoft\Windows\WER\Temp\WER.7c0672a2-a465-4b9e-826e-bf95543aed73.tmp.etl
\\?\C:\ProgramData\Microsoft\Windows\WER\Temp\WER.87584c61-3e0e-42e8-9dad-3f8376999dde.tmp.csv
\\?\C:\ProgramData\Microsoft\Windows\WER\Temp\WER.f55207cf-8bd5-40b3-9db1-026485e1eaba.tmp.txt
\\?\C:\ProgramData\Microsoft\Windows\WER\Temp\WER.4334fd0d-7935-43c6-a0fa-2ad30554dc84.tmp.xml

These files may be available here:
\\?\C:\ProgramData\Microsoft\Windows\WER\ReportArchive\AppCrash_dllhost.exe_d6ff61f8caa49a4f3f6ec02b721a5b3b79_e7c336b8_0643ad3c-10cc-4fda-96a9-e6a22c4faf93

Analysis symbol: 
Rechecking for solution: 0
Report Id: c0273142-0672-45ed-84a9-784a50791e99
Report Status: 268435456
Hashed bucket: c00013d530715c43fd5d62b623be1d28
Cab Guid: 0"
Error	20/06/2025 05:48:14	Application Error	1000	Application Crashing Events	"Faulting application name: dllhost.exe, version: 10.0.22621.1, time stamp: 0x05e70ed3
Faulting module name: unknown, version: 0.0.0.0, time stamp: 0x00000000
Exception code: 0xc0000005
Fault offset: 0x0000000000915dd6
Faulting process id: 0x0x40C8
Faulting application start time: 0x0x1DBE16BD1D4A77A
Faulting application path: C:\Windows\system32\dllhost.exe
Faulting module path: unknown
Report Id: c0273142-0672-45ed-84a9-784a50791e99
Faulting package full name: 
Faulting package-relative application ID: "
Information	20/06/2025 05:46:50	HotKeyServiceUWP	0	(2)	"The description for Event ID 0 from source HotKeyServiceUWP cannot be found. Either the component that raises this event is not installed on your local computer or the installation is corrupted. You can install or repair the component on the local computer.

If the event originated on another computer, the display information had to be saved with the event.

The following information was included with the event: 

HP Audio Analytics Service (8.10.46.337) in OnStart

The message resource is present but the message was not found in the message table
"
Information	20/06/2025 05:45:13	Microsoft-Windows-Complus	781	None	The COM+ sub system is suppressing duplicate event log entries for a duration of 86400 seconds.  The suppression timeout can be controlled by a REG_DWORD value named SuppressDuplicateDuration under the following registry key: HKLM\Software\Microsoft\COM3\Eventlog.
Information	20/06/2025 05:45:12	Windows Error Reporting	1001	None	"Fault bucket 2115955934357232936, type 4
Event Name: APPCRASH
Response: Not available
Cab Id: 0

Problem signature:
P1: dllhost.exe
P2: 10.0.22621.1
P3: 05e70ed3
P4: StackHash_f9d8
P5: 0.0.0.0
P6: 00000000
P7: c0000005
P8: PCH_9C_FROM_unknown+0x0000000000000000
P9: 
P10: 

Attached files:
\\?\C:\ProgramData\Microsoft\Windows\WER\Temp\WER.c1c34423-74f8-4624-8cf8-4f32359c68f7.tmp.mdmp
\\?\C:\ProgramData\Microsoft\Windows\WER\Temp\WER.a80e8036-3b84-4c82-a36e-3d6d7613bc6d.tmp.WERInternalMetadata.xml
WPR_initiated_DiagTrackMiniLogger_OneTrace_User_Logger_20250608_1_EC_0_inject.etl
\\?\C:\ProgramData\Microsoft\Windows\WER\Temp\WER.c0b8a0b3-106d-46ef-9e28-0ada8532f761.tmp.etl
WPR_initiated_DiagTrackMiniLogger_WPR System Collector_inject.etl
\\?\C:\ProgramData\Microsoft\Windows\WER\Temp\WER.747e8dba-4a07-4ce0-9f4d-fbb0ef1c6b0d.tmp.etl
\\?\C:\ProgramData\Microsoft\Windows\WER\Temp\WER.6735e79c-93b0-4124-b728-740a1423bdc1.tmp.csv
\\?\C:\ProgramData\Microsoft\Windows\WER\Temp\WER.917567d9-05a0-44de-830c-b1632d4cf547.tmp.txt
\\?\C:\ProgramData\Microsoft\Windows\WER\Temp\WER.9cc6663a-a678-4332-a3d3-260d39979e75.tmp.xml

These files may be available here:
\\?\C:\ProgramData\Microsoft\Windows\WER\ReportArchive\AppCrash_dllhost.exe_b7708e6112c3d3ea555e15432f2d9b42994b3d_e7c336b8_cee0064e-24e5-4af9-9e43-38e5ab5301b0

Analysis symbol: 
Rechecking for solution: 0
Report Id: e77f1653-c8e6-4db7-b50d-d0b61d70522c
Report Status: 268435456
Hashed bucket: c00013d530715c43fd5d62b623be1d28
Cab Guid: 0"
Error	20/06/2025 05:45:09	Application Error	1000	Application Crashing Events	"Faulting application name: dllhost.exe, version: 10.0.22621.1, time stamp: 0x05e70ed3
Faulting module name: unknown, version: 0.0.0.0, time stamp: 0x00000000
Exception code: 0xc0000005
Fault offset: 0x0000000000905dd6
Faulting process id: 0x0x4E24
Faulting application start time: 0x0x1DBE16BAE2B857C
Faulting application path: C:\Windows\system32\dllhost.exe
Faulting module path: unknown
Report Id: e77f1653-c8e6-4db7-b50d-d0b61d70522c
Faulting package full name: 
Faulting package-relative application ID: "
Information	20/06/2025 05:44:56	Windows Error Reporting	1001	None	"Fault bucket 1749154308405373022, type 4
Event Name: APPCRASH
Response: Not available
Cab Id: 0

Problem signature:
P1: vmware-usbarbitrator64.exe
P2: 20.10.0.0
P3: 669a1840
P4: StackHash_f9d8
P5: 0.0.0.0
P6: 00000000
P7: c0000005
P8: PCH_E4_FROM_unknown+0x0000000000000000
P9: 
P10: 

Attached files:
\\?\C:\ProgramData\Microsoft\Windows\WER\Temp\WER.a1595f1e-c561-46a7-a455-6b0d0f06512d.tmp.mdmp
\\?\C:\ProgramData\Microsoft\Windows\WER\Temp\WER.efa0ce0c-034c-4d4c-bfb1-6ecb01c522da.tmp.WERInternalMetadata.xml
WPR_initiated_DiagTrackMiniLogger_OneTrace_User_Logger_20250608_1_EC_0_inject.etl
\\?\C:\ProgramData\Microsoft\Windows\WER\Temp\WER.3cfab967-9800-4fab-b06c-b13b379d09dc.tmp.etl
WPR_initiated_DiagTrackMiniLogger_WPR System Collector_inject.etl
\\?\C:\ProgramData\Microsoft\Windows\WER\Temp\WER.0f62ad4c-6248-4f56-b1ed-ca38bfcb2c23.tmp.etl
\\?\C:\ProgramData\Microsoft\Windows\WER\Temp\WER.6c46f83b-39c2-4feb-a9d2-d96283602f42.tmp.csv
\\?\C:\ProgramData\Microsoft\Windows\WER\Temp\WER.2a3c3b17-b653-48ac-8aff-d36cc13370f2.tmp.txt
\\?\C:\ProgramData\Microsoft\Windows\WER\Temp\WER.01a9b370-5235-4dfe-bb74-b9c35fd387c5.tmp.xml

These files may be available here:
\\?\C:\ProgramData\Microsoft\Windows\WER\ReportArchive\AppCrash_vmware-usbarbitr_2713abdbe2bef9172a280d97071375551d392ca_17c75580_90079d68-5761-44f9-861a-3a0c0993a0b2

Analysis symbol: 
Rechecking for solution: 0
Report Id: 483e95d3-7b15-46ec-8b7f-32499b7b4e06
Report Status: 268435456
Hashed bucket: f1ca7ee4517e896fa8463e9379d8a85e
Cab Guid: 0"
Error	20/06/2025 05:44:53	Application Error	1000	Application Crashing Events	"Faulting application name: vmware-usbarbitrator64.exe, version: 20.10.0.0, time stamp: 0x669a1840
Faulting module name: unknown, version: 0.0.0.0, time stamp: 0x00000000
Exception code: 0xc0000005
Fault offset: 0x0000000000a75dd6
Faulting process id: 0x0x3680
Faulting application start time: 0x0x1DBE16B31F8C733
Faulting application path: C:\Program Files (x86)\Common Files\VMware\USB\vmware-usbarbitrator64.exe
Faulting module path: unknown
Report Id: 483e95d3-7b15-46ec-8b7f-32499b7b4e06
Faulting package full name: 
Faulting package-relative application ID: "
Information	20/06/2025 05:44:40	Windows Error Reporting	1001	None	"Fault bucket 2120996873715200844, type 4
Event Name: APPCRASH
Response: Not available
Cab Id: 0

Problem signature:
P1: HotKeyServiceUWP.exe
P2: 8.10.46.337
P3: 67ee32ff
P4: StackHash_f9d8
P5: 0.0.0.0
P6: 00000000
P7: c0000005
P8: PCH_6F_FROM_unknown+0x0000000000000000
P9: 
P10: 

Attached files:
\\?\C:\ProgramData\Microsoft\Windows\WER\Temp\WER.c9d32e95-fa6e-4474-86f6-4a2ed510213b.tmp.mdmp
\\?\C:\ProgramData\Microsoft\Windows\WER\Temp\WER.a4949757-2cf0-49e2-ab03-2febecad2764.tmp.WERInternalMetadata.xml
WPR_initiated_DiagTrackMiniLogger_OneTrace_User_Logger_20250608_1_EC_0_inject.etl
\\?\C:\ProgramData\Microsoft\Windows\WER\Temp\WER.fc0f03e6-971e-46e1-bd37-5cd737cccfbc.tmp.etl
WPR_initiated_DiagTrackMiniLogger_WPR System Collector_inject.etl
\\?\C:\ProgramData\Microsoft\Windows\WER\Temp\WER.388705f8-247f-48cf-8fc5-282c06ebc4c5.tmp.etl
\\?\C:\ProgramData\Microsoft\Windows\WER\Temp\WER.6ac8322f-97b3-4f95-965b-65591b85a706.tmp.csv
\\?\C:\ProgramData\Microsoft\Windows\WER\Temp\WER.b13eac7f-e291-479c-b87e-4082e6525511.tmp.txt
\\?\C:\ProgramData\Microsoft\Windows\WER\Temp\WER.d7c076ad-0e5a-4399-978b-e1e533cd3050.tmp.xml

These files may be available here:
\\?\C:\ProgramData\Microsoft\Windows\WER\ReportArchive\AppCrash_HotKeyServiceUWP_bdb63618f47f50a9a3c641a7864e7af131f733_b8181675_c48b801b-d036-49bc-956b-46e215194c12

Analysis symbol: 
Rechecking for solution: 0
Report Id: 766477ae-c488-45cc-b6a1-811c31662947
Report Status: 268435456
Hashed bucket: dfa1cf850c1ffe22dd6f4b6b4b82334c
Cab Guid: 0"
Error	20/06/2025 05:44:24	Application Error	1000	Application Crashing Events	"Faulting application name: HotKeyServiceUWP.exe, version: 8.10.46.337, time stamp: 0x67ee32ff
Faulting module name: unknown, version: 0.0.0.0, time stamp: 0x00000000
Exception code: 0xc0000005
Fault offset: 0x0000000000e45dd6
Faulting process id: 0x0x9280
Faulting application start time: 0x0x1DBE16B80700105
Faulting application path: C:\Windows\System32\DriverStore\FileRepository\hpqkbsoftwarecompnent.inf_amd64_a22c6a91e05f8cee\HotKeyServiceUWP.exe
Faulting module path: unknown
Report Id: 766477ae-c488-45cc-b6a1-811c31662947
Faulting package full name: 
Faulting package-relative application ID: "
Information	20/06/2025 05:44:13	Microsoft-Windows-Complus	781	None	The COM+ sub system is suppressing duplicate event log entries for a duration of 86400 seconds.  The suppression timeout can be controlled by a REG_DWORD value named SuppressDuplicateDuration under the following registry key: HKLM\Software\Microsoft\COM3\Eventlog.
Information	20/06/2025 05:44:12	Windows Error Reporting	1001	None	"Fault bucket 2115955934357232936, type 4
Event Name: APPCRASH
Response: Not available
Cab Id: 0

Problem signature:
P1: dllhost.exe
P2: 10.0.22621.1
P3: 05e70ed3
P4: StackHash_f9d8
P5: 0.0.0.0
P6: 00000000
P7: c0000005
P8: PCH_9C_FROM_unknown+0x0000000000000000
P9: 
P10: 

Attached files:
\\?\C:\ProgramData\Microsoft\Windows\WER\Temp\WER.4cfb92ac-7069-4154-a657-b6665ef20566.tmp.mdmp
\\?\C:\ProgramData\Microsoft\Windows\WER\Temp\WER.0a8041d3-56b9-45bb-baf6-648b635a3eb3.tmp.WERInternalMetadata.xml
WPR_initiated_DiagTrackMiniLogger_OneTrace_User_Logger_20250608_1_EC_0_inject.etl
\\?\C:\ProgramData\Microsoft\Windows\WER\Temp\WER.1cc8fe12-b133-4cf6-9af6-57d9ab9a64b0.tmp.etl
WPR_initiated_DiagTrackMiniLogger_WPR System Collector_inject.etl
\\?\C:\ProgramData\Microsoft\Windows\WER\Temp\WER.2466196f-5dfa-4e42-84a8-bacedec0f65c.tmp.etl
\\?\C:\ProgramData\Microsoft\Windows\WER\Temp\WER.b0258352-0e9a-4d67-90d9-5f85e025dafe.tmp.csv
\\?\C:\ProgramData\Microsoft\Windows\WER\Temp\WER.6f897be6-1469-445b-884c-b92f3de4b597.tmp.txt
\\?\C:\ProgramData\Microsoft\Windows\WER\Temp\WER.658dbcaf-95c4-4d1d-94b4-1483abfdfd74.tmp.xml

These files may be available here:
\\?\C:\ProgramData\Microsoft\Windows\WER\ReportArchive\AppCrash_dllhost.exe_b7708e6112c3d3ea555e15432f2d9b42994b3d_e7c336b8_0752157d-5f33-4889-b4aa-e75d42299456

Analysis symbol: 
Rechecking for solution: 0
Report Id: 30af4a2f-d329-413a-877d-6d1a35b42bf1
Report Status: 268435456
Hashed bucket: c00013d530715c43fd5d62b623be1d28
Cab Guid: 0"
Error	20/06/2025 05:44:09	Application Error	1000	Application Crashing Events	"Faulting application name: dllhost.exe, version: 10.0.22621.1, time stamp: 0x05e70ed3
Faulting module name: unknown, version: 0.0.0.0, time stamp: 0x00000000
Exception code: 0xc0000005
Fault offset: 0x0000000000905dd6
Faulting process id: 0x0x83DC
Faulting application start time: 0x0x1DBE16B3F7DA4FD
Faulting application path: C:\Windows\system32\dllhost.exe
Faulting module path: unknown
Report Id: 30af4a2f-d329-413a-877d-6d1a35b42bf1
Faulting package full name: 
Faulting package-relative application ID: "
Information	20/06/2025 05:42:57	HotKeyServiceUWP	0	(2)	"The description for Event ID 0 from source HotKeyServiceUWP cannot be found. Either the component that raises this event is not installed on your local computer or the installation is corrupted. You can install or repair the component on the local computer.

If the event originated on another computer, the display information had to be saved with the event.

The following information was included with the event: 

RpcServerMonitoringThread - Entry

The message resource is present but the message was not found in the message table
"
Information	20/06/2025 05:42:57	HotKeyServiceUWP	0	(2)	"The description for Event ID 0 from source HotKeyServiceUWP cannot be found. Either the component that raises this event is not installed on your local computer or the installation is corrupted. You can install or repair the component on the local computer.

If the event originated on another computer, the display information had to be saved with the event.

The following information was included with the event: 

HP Hotkey UWP Service (8.10.46.337) in OnStart

The message resource is present but the message was not found in the message table
"
Information	20/06/2025 05:41:08	Microsoft-Windows-Complus	781	None	The COM+ sub system is suppressing duplicate event log entries for a duration of 86400 seconds.  The suppression timeout can be controlled by a REG_DWORD value named SuppressDuplicateDuration under the following registry key: HKLM\Software\Microsoft\COM3\Eventlog.
