Information	20/06/2025 06:24:59	HotKeyServiceUWP	0	(2)	"The description for Event ID 0 from source HotKeyServiceUWP cannot be found. Either the component that raises this event is not installed on your local computer or the installation is corrupted. You can install or repair the component on the local computer.

If the event originated on another computer, the display information had to be saved with the event.

The following information was included with the event: 

HP Audio Analytics Service (8.10.46.337) in OnStart

The message resource is present but the message was not found in the message table
"
Information	20/06/2025 06:24:06	Microsoft-Windows-Complus	781	None	The COM+ sub system is suppressing duplicate event log entries for a duration of 86400 seconds.  The suppression timeout can be controlled by a REG_DWORD value named SuppressDuplicateDuration under the following registry key: HKLM\Software\Microsoft\COM3\Eventlog.
Information	20/06/2025 06:24:05	Windows Error Reporting	1001	None	"Fault bucket 2115955934357232936, type 4
Event Name: APPCRASH
Response: Not available
Cab Id: 0

Problem signature:
P1: dllhost.exe
P2: 10.0.22621.1
P3: 05e70ed3
P4: StackHash_f9d8
P5: 0.0.0.0
P6: 00000000
P7: c0000005
P8: PCH_73_FROM_unknown+0x0000000000000000
P9: 
P10: 

Attached files:
\\?\C:\ProgramData\Microsoft\Windows\WER\Temp\WER.213b98e7-f505-43ac-88e9-f130a9b30b83.tmp.mdmp
\\?\C:\ProgramData\Microsoft\Windows\WER\Temp\WER.02bd0ce6-34bd-4332-a82e-28c3d1883bf6.tmp.WERInternalMetadata.xml
WPR_initiated_DiagTrackMiniLogger_OneTrace_User_Logger_20250608_1_EC_0_inject.etl
\\?\C:\ProgramData\Microsoft\Windows\WER\Temp\WER.46855f0d-e044-4357-8e0e-47ea223e24ce.tmp.etl
WPR_initiated_DiagTrackMiniLogger_WPR System Collector_inject.etl
\\?\C:\ProgramData\Microsoft\Windows\WER\Temp\WER.08e1e82c-8a49-4c85-a92c-c1d662443756.tmp.etl
\\?\C:\ProgramData\Microsoft\Windows\WER\Temp\WER.d6adcb8c-fdfb-4239-8d1a-81e84b2d3b20.tmp.csv
\\?\C:\ProgramData\Microsoft\Windows\WER\Temp\WER.7421c99d-c429-4238-a2e9-17558560ff8f.tmp.txt
\\?\C:\ProgramData\Microsoft\Windows\WER\Temp\WER.80dedb75-c669-44f2-91fc-560b58657dbd.tmp.xml

These files may be available here:
\\?\C:\ProgramData\Microsoft\Windows\WER\ReportArchive\AppCrash_dllhost.exe_c84e8b408812b71d0a56c510f0a2151fcb63c7_e7c336b8_f115df14-30c0-41be-b44a-0f3544ae0f46

Analysis symbol: 
Rechecking for solution: 0
Report Id: 3a7dec3a-6daf-4abc-9f69-4dbc60a6e7ff
Report Status: 268435456
Hashed bucket: c00013d530715c43fd5d62b623be1d28
Cab Guid: 0"
Error	20/06/2025 06:24:01	Application Error	1000	Application Crashing Events	"Faulting application name: dllhost.exe, version: 10.0.22621.1, time stamp: 0x05e70ed3
Faulting module name: unknown, version: 0.0.0.0, time stamp: 0x00000000
Exception code: 0xc0000005
Fault offset: 0x0000000000945dd6
Faulting process id: 0x0x2754
Faulting application start time: 0x0x1DBE17076949E1E
Faulting application path: C:\Windows\system32\dllhost.exe
Faulting module path: unknown
Report Id: 3a7dec3a-6daf-4abc-9f69-4dbc60a6e7ff
Faulting package full name: 
Faulting package-relative application ID: "
Information	20/06/2025 06:23:49	Windows Error Reporting	1001	None	"Fault bucket 1749154308405373022, type 4
Event Name: APPCRASH
Response: Not available
Cab Id: 0

Problem signature:
P1: vmware-usbarbitrator64.exe
P2: 20.10.0.0
P3: 669a1840
P4: StackHash_f9d8
P5: 0.0.0.0
P6: 00000000
P7: c0000005
P8: PCH_29_FROM_unknown+0x0000000000000000
P9: 
P10: 

Attached files:
\\?\C:\ProgramData\Microsoft\Windows\WER\Temp\WER.20134dbf-7c90-41dc-8aa5-50fe099f366e.tmp.mdmp
\\?\C:\ProgramData\Microsoft\Windows\WER\Temp\WER.e78020b6-ef6a-4a66-bdb1-d6f0ab8e9719.tmp.WERInternalMetadata.xml
WPR_initiated_DiagTrackMiniLogger_OneTrace_User_Logger_20250608_1_EC_0_inject.etl
\\?\C:\ProgramData\Microsoft\Windows\WER\Temp\WER.99b3d565-4556-4527-a8ea-eec729c84b3d.tmp.etl
WPR_initiated_DiagTrackMiniLogger_WPR System Collector_inject.etl
\\?\C:\ProgramData\Microsoft\Windows\WER\Temp\WER.b4eecd86-2aab-4669-b256-8254c512c5cc.tmp.etl
\\?\C:\ProgramData\Microsoft\Windows\WER\Temp\WER.67018022-e066-4b30-b5ec-daac01332ee7.tmp.csv
\\?\C:\ProgramData\Microsoft\Windows\WER\Temp\WER.fb9cc274-0ea6-4b6a-9815-377e33d5c32c.tmp.txt
\\?\C:\ProgramData\Microsoft\Windows\WER\Temp\WER.1e5a57d5-9933-45e6-b271-569ca554f7e3.tmp.xml

These files may be available here:
\\?\C:\ProgramData\Microsoft\Windows\WER\ReportArchive\AppCrash_vmware-usbarbitr_da328978b9a1d0e9ab407a7b32118156bca3639_17c75580_26e0ba45-21ac-4e0b-97a4-96046e301247

Analysis symbol: 
Rechecking for solution: 0
Report Id: 646b4ca7-b825-42a1-b5d8-17d8f3fb7821
Report Status: 268435456
Hashed bucket: f1ca7ee4517e896fa8463e9379d8a85e
Cab Guid: 0"
Error	20/06/2025 06:23:45	Application Error	1000	Application Crashing Events	"Faulting application name: vmware-usbarbitrator64.exe, version: 20.10.0.0, time stamp: 0x669a1840
Faulting module name: unknown, version: 0.0.0.0, time stamp: 0x00000000
Exception code: 0xc0000005
Fault offset: 0x0000000000ee5dd6
Faulting process id: 0x0x23A8
Faulting application start time: 0x0x1DBE170FDE97A3E
Faulting application path: C:\Program Files (x86)\Common Files\VMware\USB\vmware-usbarbitrator64.exe
Faulting module path: unknown
Report Id: 646b4ca7-b825-42a1-b5d8-17d8f3fb7821
Faulting package full name: 
Faulting package-relative application ID: "
Information	20/06/2025 06:22:20	Windows Error Reporting	1001	None	"Fault bucket 2120996873715200844, type 4
Event Name: APPCRASH
Response: Not available
Cab Id: 0

Problem signature:
P1: HotKeyServiceUWP.exe
P2: 8.10.46.337
P3: 67ee32ff
P4: StackHash_f9d8
P5: 0.0.0.0
P6: 00000000
P7: c0000005
P8: PCH_00_FROM_unknown+0x0000000000000000
P9: 
P10: 

Attached files:
\\?\C:\ProgramData\Microsoft\Windows\WER\Temp\WER.d22d9ad3-0d8f-48bf-b236-13a7ba629b3f.tmp.mdmp
\\?\C:\ProgramData\Microsoft\Windows\WER\Temp\WER.13c8493d-9bc9-49a0-b931-80ea4924f37a.tmp.WERInternalMetadata.xml
WPR_initiated_DiagTrackMiniLogger_OneTrace_User_Logger_20250608_1_EC_0_inject.etl
\\?\C:\ProgramData\Microsoft\Windows\WER\Temp\WER.298efab1-8a33-4a71-896b-07fb2557d076.tmp.etl
WPR_initiated_DiagTrackMiniLogger_WPR System Collector_inject.etl
\\?\C:\ProgramData\Microsoft\Windows\WER\Temp\WER.9f6ed1e5-a627-4665-9556-22fd0319fb10.tmp.etl
\\?\C:\ProgramData\Microsoft\Windows\WER\Temp\WER.8980245f-77de-457a-b1e9-cf9511ca0e91.tmp.csv
\\?\C:\ProgramData\Microsoft\Windows\WER\Temp\WER.7f64db56-a627-4b4e-ade0-c2f5af1b7be8.tmp.txt
\\?\C:\ProgramData\Microsoft\Windows\WER\Temp\WER.4296436a-481f-4c11-9a5a-db8e75087c96.tmp.xml

These files may be available here:
\\?\C:\ProgramData\Microsoft\Windows\WER\ReportArchive\AppCrash_HotKeyServiceUWP_5540d725a180a02c3825b1f77c22eedc462a7_b8181675_88d3c7c7-8c5d-41cc-88ba-65b2bea9dac4

Analysis symbol: 
Rechecking for solution: 0
Report Id: 01a9eaa0-956a-4430-aec8-3eb19afb0291
Report Status: 268435456
Hashed bucket: dfa1cf850c1ffe22dd6f4b6b4b82334c
Cab Guid: 0"
Error	20/06/2025 06:22:17	Application Error	1000	Application Crashing Events	"Faulting application name: HotKeyServiceUWP.exe, version: 8.10.46.337, time stamp: 0x67ee32ff
Faulting module name: unknown, version: 0.0.0.0, time stamp: 0x00000000
Exception code: 0xc0000005
Fault offset: 0x0000000000f05dd6
Faulting process id: 0x0x622C
Faulting application start time: 0x0x1DBE170AEFEF3DD
Faulting application path: C:\Windows\System32\DriverStore\FileRepository\hpqkbsoftwarecompnent.inf_amd64_a22c6a91e05f8cee\HotKeyServiceUWP.exe
Faulting module path: unknown
Report Id: 01a9eaa0-956a-4430-aec8-3eb19afb0291
Faulting package full name: 
Faulting package-relative application ID: "
Information	20/06/2025 06:22:04	Windows Error Reporting	1001	None	"Fault bucket 1749154308405373022, type 4
Event Name: APPCRASH
Response: Not available
Cab Id: 0

Problem signature:
P1: vmware-usbarbitrator64.exe
P2: 20.10.0.0
P3: 669a1840
P4: StackHash_f9d8
P5: 0.0.0.0
P6: 00000000
P7: c0000005
P8: PCH_7C_FROM_unknown+0x0000000000000000
P9: 
P10: 

Attached files:
\\?\C:\ProgramData\Microsoft\Windows\WER\Temp\WER.62a0257e-9bf6-4f93-8b03-42a227028632.tmp.mdmp
\\?\C:\ProgramData\Microsoft\Windows\WER\Temp\WER.d305fd34-fea3-421e-93e4-cd5a92f5158e.tmp.WERInternalMetadata.xml
WPR_initiated_DiagTrackMiniLogger_OneTrace_User_Logger_20250608_1_EC_0_inject.etl
\\?\C:\ProgramData\Microsoft\Windows\WER\Temp\WER.f08a9798-77c7-4502-a215-4579733ea391.tmp.etl
WPR_initiated_DiagTrackMiniLogger_WPR System Collector_inject.etl
\\?\C:\ProgramData\Microsoft\Windows\WER\Temp\WER.d357a681-9b94-4880-ad36-41033c5de5e4.tmp.etl
\\?\C:\ProgramData\Microsoft\Windows\WER\Temp\WER.3c235521-99be-4f68-aa38-267b4af7e818.tmp.csv
\\?\C:\ProgramData\Microsoft\Windows\WER\Temp\WER.6cf83009-8bfe-4654-9c7c-17d317fa6d6e.tmp.txt
\\?\C:\ProgramData\Microsoft\Windows\WER\Temp\WER.7f06ce82-e86f-4dd4-8bf2-084296d18c55.tmp.xml

These files may be available here:
\\?\C:\ProgramData\Microsoft\Windows\WER\ReportArchive\AppCrash_vmware-usbarbitr_c23b90fa4bdf8d84a96d882fdedad24a624e3bb_17c75580_759650d4-b78b-4ebe-a438-0891245675c2

Analysis symbol: 
Rechecking for solution: 0
Report Id: 366c67ac-9a8b-460e-9d06-5b8047cbad33
Report Status: 268435456
Hashed bucket: f1ca7ee4517e896fa8463e9379d8a85e
Cab Guid: 0"
Error	20/06/2025 06:22:01	Application Error	1000	Application Crashing Events	"Faulting application name: vmware-usbarbitrator64.exe, version: 20.10.0.0, time stamp: 0x669a1840
Faulting module name: unknown, version: 0.0.0.0, time stamp: 0x00000000
Exception code: 0xc0000005
Fault offset: 0x0000000000ed5dd6
Faulting process id: 0x0x1BA4
Faulting application start time: 0x0x1DBE1708567B157
Faulting application path: C:\Program Files (x86)\Common Files\VMware\USB\vmware-usbarbitrator64.exe
Faulting module path: unknown
Report Id: 366c67ac-9a8b-460e-9d06-5b8047cbad33
Faulting package full name: 
Faulting package-relative application ID: "
Information	20/06/2025 06:20:02	HotKeyServiceUWP	0	(2)	"The description for Event ID 0 from source HotKeyServiceUWP cannot be found. Either the component that raises this event is not installed on your local computer or the installation is corrupted. You can install or repair the component on the local computer.

If the event originated on another computer, the display information had to be saved with the event.

The following information was included with the event: 

RpcServerMonitoringThread - Entry

The message resource is present but the message was not found in the message table
"
Information	20/06/2025 06:20:02	HotKeyServiceUWP	0	(2)	"The description for Event ID 0 from source HotKeyServiceUWP cannot be found. Either the component that raises this event is not installed on your local computer or the installation is corrupted. You can install or repair the component on the local computer.

If the event originated on another computer, the display information had to be saved with the event.

The following information was included with the event: 

HP Hotkey UWP Service (8.10.46.337) in OnStart

The message resource is present but the message was not found in the message table
"
Information	20/06/2025 06:18:58	Windows Error Reporting	1001	None	"Fault bucket 1833580701306877483, type 4
Event Name: APPCRASH
Response: Not available
Cab Id: 0

Problem signature:
P1: HPAudioAnalytics.exe
P2: 8.10.46.337
P3: 67ee326a
P4: StackHash_f9d8
P5: 0.0.0.0
P6: 00000000
P7: c0000005
P8: PCH_0A_FROM_unknown+0x0000000000000000
P9: 
P10: 

Attached files:
\\?\C:\ProgramData\Microsoft\Windows\WER\Temp\WER.63366b85-951f-43a0-aa05-9ab046fcda4b.tmp.mdmp
\\?\C:\ProgramData\Microsoft\Windows\WER\Temp\WER.6a9c51ae-c2e0-4de0-81d1-3385dd2f4cd2.tmp.WERInternalMetadata.xml
WPR_initiated_DiagTrackMiniLogger_OneTrace_User_Logger_20250608_1_EC_0_inject.etl
\\?\C:\ProgramData\Microsoft\Windows\WER\Temp\WER.f67efaf8-e3bb-4fd4-b66e-81fde9c7e9b5.tmp.etl
WPR_initiated_DiagTrackMiniLogger_WPR System Collector_inject.etl
\\?\C:\ProgramData\Microsoft\Windows\WER\Temp\WER.90405f95-55a9-4521-968c-d729b2a53ea3.tmp.etl
\\?\C:\ProgramData\Microsoft\Windows\WER\Temp\WER.507b587b-58a2-42a1-bee7-8f2523cefb1c.tmp.csv
\\?\C:\ProgramData\Microsoft\Windows\WER\Temp\WER.b5eddf33-fc87-4917-a8e4-fbaf223287c2.tmp.txt
\\?\C:\ProgramData\Microsoft\Windows\WER\Temp\WER.c6e9e31e-e182-45d2-a7fa-f06210acf599.tmp.xml

These files may be available here:
\\?\C:\ProgramData\Microsoft\Windows\WER\ReportArchive\AppCrash_HPAudioAnalytics_467e23992342dac328edd7abebd7b0339bf71583_fe948d19_f2c2020a-634b-4f39-be97-3f86f6b37b28

Analysis symbol: 
Rechecking for solution: 0
Report Id: fa426a30-6ad8-4683-bbb5-1eda4c2bde18
Report Status: 268435456
Hashed bucket: c52742e85a88a80ca9722feee068762b
Cab Guid: 0"
Error	20/06/2025 06:18:55	Application Error	1000	Application Crashing Events	"Faulting application name: HPAudioAnalytics.exe, version: 8.10.46.337, time stamp: 0x67ee326a
Faulting module name: unknown, version: 0.0.0.0, time stamp: 0x00000000
Exception code: 0xc0000005
Fault offset: 0x0000000000f35dd6
Faulting process id: 0x0x5CAC
Faulting application start time: 0x0x1DBE170705B4094
Faulting application path: C:\Windows\System32\DriverStore\FileRepository\hpqkbsoftwarecompnent.inf_amd64_a22c6a91e05f8cee\HPAudioAnalytics.exe
Faulting module path: unknown
Report Id: fa426a30-6ad8-4683-bbb5-1eda4c2bde18
Faulting package full name: 
Faulting package-relative application ID: "
Information	20/06/2025 06:18:42	Windows Error Reporting	1001	None	"Fault bucket 1749154308405373022, type 4
Event Name: APPCRASH
Response: Not available
Cab Id: 0

Problem signature:
P1: vmware-usbarbitrator64.exe
P2: 20.10.0.0
P3: 669a1840
P4: StackHash_f9d8
P5: 0.0.0.0
P6: 00000000
P7: c0000005
P8: PCH_B0_FROM_unknown+0x0000000000000000
P9: 
P10: 

Attached files:
\\?\C:\ProgramData\Microsoft\Windows\WER\Temp\WER.8e43212c-861e-45c6-8a80-46f98e2028da.tmp.mdmp
\\?\C:\ProgramData\Microsoft\Windows\WER\Temp\WER.3229423c-8eee-42ef-8d72-1f19449a91aa.tmp.WERInternalMetadata.xml
WPR_initiated_DiagTrackMiniLogger_OneTrace_User_Logger_20250608_1_EC_0_inject.etl
\\?\C:\ProgramData\Microsoft\Windows\WER\Temp\WER.25203885-37b4-4a29-9ab5-7c8393ffffc1.tmp.etl
WPR_initiated_DiagTrackMiniLogger_WPR System Collector_inject.etl
\\?\C:\ProgramData\Microsoft\Windows\WER\Temp\WER.981c1099-108e-4a6f-beeb-f6aa2da1480e.tmp.etl
\\?\C:\ProgramData\Microsoft\Windows\WER\Temp\WER.85957572-870b-481e-980d-ff62388653bc.tmp.csv
\\?\C:\ProgramData\Microsoft\Windows\WER\Temp\WER.1f59885c-b598-447c-b3c1-5d74fb70ef51.tmp.txt
\\?\C:\ProgramData\Microsoft\Windows\WER\Temp\WER.2ef25b54-425a-48f8-b50c-785ae7e89932.tmp.xml

These files may be available here:
\\?\C:\ProgramData\Microsoft\Windows\WER\ReportArchive\AppCrash_vmware-usbarbitr_584f101572da5e74f5386f63b7f1acc7fec390_17c75580_ffacf1e8-453f-43a3-a068-377cec9602d0

Analysis symbol: 
Rechecking for solution: 0
Report Id: 6f405c69-323c-4b0b-b95f-7656c808d1e8
Report Status: 268435456
Hashed bucket: f1ca7ee4517e896fa8463e9379d8a85e
Cab Guid: 0"
Error	20/06/2025 06:18:39	Application Error	1000	Application Crashing Events	"Faulting application name: vmware-usbarbitrator64.exe, version: 20.10.0.0, time stamp: 0x669a1840
Faulting module name: unknown, version: 0.0.0.0, time stamp: 0x00000000
Exception code: 0xc0000005
Fault offset: 0x0000000000f15dd6
Faulting process id: 0x0x8DFC
Faulting application start time: 0x0x1DBE16F146909B7
Faulting application path: C:\Program Files (x86)\Common Files\VMware\USB\vmware-usbarbitrator64.exe
Faulting module path: unknown
Report Id: 6f405c69-323c-4b0b-b95f-7656c808d1e8
Faulting package full name: 
Faulting package-relative application ID: "
Information	20/06/2025 06:18:28	Microsoft-Windows-Complus	781	None	The COM+ sub system is suppressing duplicate event log entries for a duration of 86400 seconds.  The suppression timeout can be controlled by a REG_DWORD value named SuppressDuplicateDuration under the following registry key: HKLM\Software\Microsoft\COM3\Eventlog.
Information	20/06/2025 06:18:26	Windows Error Reporting	1001	None	"Fault bucket 2115955934357232936, type 4
Event Name: APPCRASH
Response: Not available
Cab Id: 0

Problem signature:
P1: dllhost.exe
P2: 10.0.22621.1
P3: 05e70ed3
P4: StackHash_f9d8
P5: 0.0.0.0
P6: 00000000
P7: c0000005
P8: PCH_4B_FROM_unknown+0x0000000000000000
P9: 
P10: 

Attached files:
\\?\C:\ProgramData\Microsoft\Windows\WER\Temp\WER.9d755f07-6310-49ee-9cf4-9f7c4e25b08c.tmp.mdmp
\\?\C:\ProgramData\Microsoft\Windows\WER\Temp\WER.713fe308-8664-4565-9dcc-e1795e4c5e70.tmp.WERInternalMetadata.xml
WPR_initiated_DiagTrackMiniLogger_OneTrace_User_Logger_20250608_1_EC_0_inject.etl
\\?\C:\ProgramData\Microsoft\Windows\WER\Temp\WER.b8684742-2559-4ee0-8654-1695b382c51b.tmp.etl
WPR_initiated_DiagTrackMiniLogger_WPR System Collector_inject.etl
\\?\C:\ProgramData\Microsoft\Windows\WER\Temp\WER.7035ccfd-a921-4589-95d4-eb8a71a0f3a1.tmp.etl
\\?\C:\ProgramData\Microsoft\Windows\WER\Temp\WER.5644041a-8589-45e3-a7c3-61d950a87d0c.tmp.csv
\\?\C:\ProgramData\Microsoft\Windows\WER\Temp\WER.b0d7a987-f10b-4e41-90ab-db043f9915b2.tmp.txt
\\?\C:\ProgramData\Microsoft\Windows\WER\Temp\WER.99c5745c-952f-4d25-a964-438bc809c8ee.tmp.xml

These files may be available here:
\\?\C:\ProgramData\Microsoft\Windows\WER\ReportArchive\AppCrash_dllhost.exe_e2c63fef1373a35ac0b634548b13aa5eede3c88_e7c336b8_6417ba83-6cd4-4e79-9be3-57649ac9bacd

Analysis symbol: 
Rechecking for solution: 0
Report Id: 89909499-8fad-4b24-83ef-0f469ac85cec
Report Status: 268435456
Hashed bucket: c00013d530715c43fd5d62b623be1d28
Cab Guid: 0"
Error	20/06/2025 06:18:23	Application Error	1000	Application Crashing Events	"Faulting application name: dllhost.exe, version: 10.0.22621.1, time stamp: 0x05e70ed3
Faulting module name: unknown, version: 0.0.0.0, time stamp: 0x00000000
Exception code: 0xc0000005
Fault offset: 0x0000000000545dd6
Faulting process id: 0x0x260
Faulting application start time: 0x0x1DBE170422AF585
Faulting application path: C:\Windows\system32\dllhost.exe
Faulting module path: unknown
Report Id: 89909499-8fad-4b24-83ef-0f469ac85cec
Faulting package full name: 
Faulting package-relative application ID: "
Information	20/06/2025 06:18:17	HotKeyServiceUWP	0	(2)	"The description for Event ID 0 from source HotKeyServiceUWP cannot be found. Either the component that raises this event is not installed on your local computer or the installation is corrupted. You can install or repair the component on the local computer.

If the event originated on another computer, the display information had to be saved with the event.

The following information was included with the event: 

HP Audio Analytics Service (8.10.46.337) in OnStart

The message resource is present but the message was not found in the message table
"
Information	20/06/2025 06:17:00	Microsoft-Windows-Complus	781	None	The COM+ sub system is suppressing duplicate event log entries for a duration of 86400 seconds.  The suppression timeout can be controlled by a REG_DWORD value named SuppressDuplicateDuration under the following registry key: HKLM\Software\Microsoft\COM3\Eventlog.
Information	20/06/2025 06:16:58	Windows Error Reporting	1001	None	"Fault bucket 2115955934357232936, type 4
Event Name: APPCRASH
Response: Not available
Cab Id: 0

Problem signature:
P1: dllhost.exe
P2: 10.0.22621.1
P3: 05e70ed3
P4: StackHash_f9d8
P5: 0.0.0.0
P6: 00000000
P7: c0000005
P8: PCH_9C_FROM_unknown+0x0000000000000000
P9: 
P10: 

Attached files:
\\?\C:\ProgramData\Microsoft\Windows\WER\Temp\WER.b223a335-fa12-4830-8be3-b5e439c5072f.tmp.mdmp
\\?\C:\ProgramData\Microsoft\Windows\WER\Temp\WER.4fda3a43-c81a-4860-9f8d-b3a8dc95db91.tmp.WERInternalMetadata.xml
WPR_initiated_DiagTrackMiniLogger_OneTrace_User_Logger_20250608_1_EC_0_inject.etl
\\?\C:\ProgramData\Microsoft\Windows\WER\Temp\WER.f6059bc4-38d9-48e3-86b8-313cfa7c44ac.tmp.etl
WPR_initiated_DiagTrackMiniLogger_WPR System Collector_inject.etl
\\?\C:\ProgramData\Microsoft\Windows\WER\Temp\WER.deba8be5-3fd5-4cba-9209-9f81d60fb330.tmp.etl
\\?\C:\ProgramData\Microsoft\Windows\WER\Temp\WER.8b65032c-4314-412e-b6c3-710557f6d0d5.tmp.csv
\\?\C:\ProgramData\Microsoft\Windows\WER\Temp\WER.f0b746fa-3d7d-4203-888c-f6f938944a6d.tmp.txt
\\?\C:\ProgramData\Microsoft\Windows\WER\Temp\WER.4993d4b9-d552-4e28-b892-46ef66ba03cc.tmp.xml

These files may be available here:
\\?\C:\ProgramData\Microsoft\Windows\WER\ReportArchive\AppCrash_dllhost.exe_b7708e6112c3d3ea555e15432f2d9b42994b3d_e7c336b8_1f879cfd-b5e4-4db4-9f3e-abae0f4b06ad

Analysis symbol: 
Rechecking for solution: 0
Report Id: 1bcbce37-a477-4c7e-bac7-0092e85ec18a
Report Status: 268435456
Hashed bucket: c00013d530715c43fd5d62b623be1d28
Cab Guid: 0"
Error	20/06/2025 06:16:55	Application Error	1000	Application Crashing Events	"Faulting application name: dllhost.exe, version: 10.0.22621.1, time stamp: 0x05e70ed3
Faulting module name: unknown, version: 0.0.0.0, time stamp: 0x00000000
Exception code: 0xc0000005
Fault offset: 0x0000000000905dd6
Faulting process id: 0x0x7724
Faulting application start time: 0x0x1DBE1700DBF8C77
Faulting application path: C:\Windows\system32\dllhost.exe
Faulting module path: unknown
Report Id: 1bcbce37-a477-4c7e-bac7-0092e85ec18a
Faulting package full name: 
Faulting package-relative application ID: "
Information	20/06/2025 06:15:32	Microsoft-Windows-Complus	781	None	The COM+ sub system is suppressing duplicate event log entries for a duration of 86400 seconds.  The suppression timeout can be controlled by a REG_DWORD value named SuppressDuplicateDuration under the following registry key: HKLM\Software\Microsoft\COM3\Eventlog.
Information	20/06/2025 06:15:31	Windows Error Reporting	1001	None	"Fault bucket 2115955934357232936, type 4
Event Name: APPCRASH
Response: Not available
Cab Id: 0

Problem signature:
P1: dllhost.exe
P2: 10.0.22621.1
P3: 05e70ed3
P4: StackHash_f9d8
P5: 0.0.0.0
P6: 00000000
P7: c0000005
P8: PCH_73_FROM_unknown+0x0000000000000000
P9: 
P10: 

Attached files:
\\?\C:\ProgramData\Microsoft\Windows\WER\Temp\WER.842be82b-9b26-4875-821f-50dfeadf6b12.tmp.mdmp
\\?\C:\ProgramData\Microsoft\Windows\WER\Temp\WER.f5113227-65aa-44c5-bc4e-6934e525b635.tmp.WERInternalMetadata.xml
WPR_initiated_DiagTrackMiniLogger_OneTrace_User_Logger_20250608_1_EC_0_inject.etl
\\?\C:\ProgramData\Microsoft\Windows\WER\Temp\WER.ea037256-0298-417e-985e-43ea2a846e12.tmp.etl
WPR_initiated_DiagTrackMiniLogger_WPR System Collector_inject.etl
\\?\C:\ProgramData\Microsoft\Windows\WER\Temp\WER.dc6dd8b6-6821-46a0-81a0-2cfebd279973.tmp.etl
\\?\C:\ProgramData\Microsoft\Windows\WER\Temp\WER.3a3c78c6-23b2-4cac-a797-5e53a42cf85b.tmp.csv
\\?\C:\ProgramData\Microsoft\Windows\WER\Temp\WER.72dbb5aa-1b67-4c8b-a9e1-85b14b3f0842.tmp.txt
\\?\C:\ProgramData\Microsoft\Windows\WER\Temp\WER.e6083c5c-d6d9-4019-8b93-cb3921937950.tmp.xml

These files may be available here:
\\?\C:\ProgramData\Microsoft\Windows\WER\ReportArchive\AppCrash_dllhost.exe_c84e8b408812b71d0a56c510f0a2151fcb63c7_e7c336b8_d7c6e4c8-0640-4915-9639-19cc34710ec5

Analysis symbol: 
Rechecking for solution: 0
Report Id: 5fd90c4f-8059-445e-839a-00bf9c65c177
Report Status: 2147487744
Hashed bucket: c00013d530715c43fd5d62b623be1d28
Cab Guid: 0"
Error	20/06/2025 06:15:27	Application Error	1000	Application Crashing Events	"Faulting application name: dllhost.exe, version: 10.0.22621.1, time stamp: 0x05e70ed3
Faulting module name: unknown, version: 0.0.0.0, time stamp: 0x00000000
Exception code: 0xc0000005
Fault offset: 0x0000000000945dd6
Faulting process id: 0x0x25E0
Faulting application start time: 0x0x1DBE16FCF34F28A
Faulting application path: C:\Windows\system32\dllhost.exe
Faulting module path: unknown
Report Id: 5fd90c4f-8059-445e-839a-00bf9c65c177
Faulting package full name: 
Faulting package-relative application ID: "
Information	20/06/2025 06:14:02	Windows Error Reporting	1001	None	"Fault bucket 2120996873715200844, type 4
Event Name: APPCRASH
Response: Not available
Cab Id: 0

Problem signature:
P1: HotKeyServiceUWP.exe
P2: 8.10.46.337
P3: 67ee32ff
P4: StackHash_f9d8
P5: 0.0.0.0
P6: 00000000
P7: c0000005
P8: PCH_00_FROM_unknown+0x0000000000000000
P9: 
P10: 

Attached files:
\\?\C:\ProgramData\Microsoft\Windows\WER\Temp\WER.ac8339c5-4db9-4bed-b4bc-9a43f54bae39.tmp.mdmp
\\?\C:\ProgramData\Microsoft\Windows\WER\Temp\WER.40c34842-0c67-4bda-9000-4302ae73a93b.tmp.WERInternalMetadata.xml
WPR_initiated_DiagTrackMiniLogger_OneTrace_User_Logger_20250608_1_EC_0_inject.etl
\\?\C:\ProgramData\Microsoft\Windows\WER\Temp\WER.6f7cb8e6-9c15-42d6-8f2c-560f86a7182f.tmp.etl
WPR_initiated_DiagTrackMiniLogger_WPR System Collector_inject.etl
\\?\C:\ProgramData\Microsoft\Windows\WER\Temp\WER.ed961df4-8ca5-435d-af53-8d48bcf2ae4b.tmp.etl
\\?\C:\ProgramData\Microsoft\Windows\WER\Temp\WER.e4c6b815-64f2-4bfc-9fea-efeb5b0ecea6.tmp.csv
\\?\C:\ProgramData\Microsoft\Windows\WER\Temp\WER.80678308-6ed9-46b4-9560-6dd3bcb93885.tmp.txt
\\?\C:\ProgramData\Microsoft\Windows\WER\Temp\WER.832db9be-f68e-4880-99d7-d35545b6d05f.tmp.xml

These files may be available here:
\\?\C:\ProgramData\Microsoft\Windows\WER\ReportArchive\AppCrash_HotKeyServiceUWP_5540d725a180a02c3825b1f77c22eedc462a7_b8181675_5543bf78-961a-4453-91b0-c0c5fab660f2

Analysis symbol: 
Rechecking for solution: 0
Report Id: 051f4efd-cdd9-483e-95d0-45a943219961
Report Status: 268435456
Hashed bucket: dfa1cf850c1ffe22dd6f4b6b4b82334c
Cab Guid: 0"
Error	20/06/2025 06:13:58	Application Error	1000	Application Crashing Events	"Faulting application name: HotKeyServiceUWP.exe, version: 8.10.46.337, time stamp: 0x67ee32ff
Faulting module name: unknown, version: 0.0.0.0, time stamp: 0x00000000
Exception code: 0xc0000005
Fault offset: 0x0000000000f05dd6
Faulting process id: 0x0x20F0
Faulting application start time: 0x0x1DBE16FABADD751
Faulting application path: C:\Windows\System32\DriverStore\FileRepository\hpqkbsoftwarecompnent.inf_amd64_a22c6a91e05f8cee\HotKeyServiceUWP.exe
Faulting module path: unknown
Report Id: 051f4efd-cdd9-483e-95d0-45a943219961
Faulting package full name: 
Faulting package-relative application ID: "
Information	20/06/2025 06:13:47	Microsoft-Windows-Complus	781	None	The COM+ sub system is suppressing duplicate event log entries for a duration of 86400 seconds.  The suppression timeout can be controlled by a REG_DWORD value named SuppressDuplicateDuration under the following registry key: HKLM\Software\Microsoft\COM3\Eventlog.
Information	20/06/2025 06:13:46	Windows Error Reporting	1001	None	"Fault bucket 2115955934357232936, type 4
Event Name: APPCRASH
Response: Not available
Cab Id: 0

Problem signature:
P1: dllhost.exe
P2: 10.0.22621.1
P3: 05e70ed3
P4: StackHash_f9d8
P5: 0.0.0.0
P6: 00000000
P7: c0000005
P8: PCH_4B_FROM_unknown+0x0000000000000000
P9: 
P10: 

Attached files:
\\?\C:\ProgramData\Microsoft\Windows\WER\Temp\WER.1965d3c8-8156-4376-aa0c-9d55a40d0e20.tmp.mdmp
\\?\C:\ProgramData\Microsoft\Windows\WER\Temp\WER.ef4f8204-98d2-4d30-9b21-49a7013a8a34.tmp.WERInternalMetadata.xml
WPR_initiated_DiagTrackMiniLogger_OneTrace_User_Logger_20250608_1_EC_0_inject.etl
\\?\C:\ProgramData\Microsoft\Windows\WER\Temp\WER.0f36bd09-29bc-4ea0-a051-30297df15423.tmp.etl
WPR_initiated_DiagTrackMiniLogger_WPR System Collector_inject.etl
\\?\C:\ProgramData\Microsoft\Windows\WER\Temp\WER.48768e7e-2651-48de-9b23-0cf6c48e70a8.tmp.etl
\\?\C:\ProgramData\Microsoft\Windows\WER\Temp\WER.ea5fdcff-ba38-4fa3-9112-7946299ae0a6.tmp.csv
\\?\C:\ProgramData\Microsoft\Windows\WER\Temp\WER.77c2198f-54ff-4345-a1c0-348e07e283d6.tmp.txt
\\?\C:\ProgramData\Microsoft\Windows\WER\Temp\WER.900088d1-c6b8-45ab-a54d-1973780ea987.tmp.xml

These files may be available here:
\\?\C:\ProgramData\Microsoft\Windows\WER\ReportArchive\AppCrash_dllhost.exe_e2c63fef1373a35ac0b634548b13aa5eede3c88_e7c336b8_ac46be26-f086-4aaa-b3d0-35f22485f0a3

Analysis symbol: 
Rechecking for solution: 0
Report Id: faf7bd56-0e08-46d1-85aa-ff2eb35cb0f8
Report Status: 2147487744
Hashed bucket: c00013d530715c43fd5d62b623be1d28
Cab Guid: 0"
Error	20/06/2025 06:13:42	Application Error	1000	Application Crashing Events	"Faulting application name: dllhost.exe, version: 10.0.22621.1, time stamp: 0x05e70ed3
Faulting module name: unknown, version: 0.0.0.0, time stamp: 0x00000000
Exception code: 0xc0000005
Fault offset: 0x0000000000545dd6
Faulting process id: 0x0x47CC
Faulting application start time: 0x0x1DBE16F90AA8CA0
Faulting application path: C:\Windows\system32\dllhost.exe
Faulting module path: unknown
Report Id: faf7bd56-0e08-46d1-85aa-ff2eb35cb0f8
Faulting package full name: 
Faulting package-relative application ID: "
Information	20/06/2025 06:12:47	HotKeyServiceUWP	0	(2)	"The description for Event ID 0 from source HotKeyServiceUWP cannot be found. Either the component that raises this event is not installed on your local computer or the installation is corrupted. You can install or repair the component on the local computer.

If the event originated on another computer, the display information had to be saved with the event.

The following information was included with the event: 

RpcServerMonitoringThread - Entry

The message resource is present but the message was not found in the message table
"
Information	20/06/2025 06:12:47	HotKeyServiceUWP	0	(2)	"The description for Event ID 0 from source HotKeyServiceUWP cannot be found. Either the component that raises this event is not installed on your local computer or the installation is corrupted. You can install or repair the component on the local computer.

If the event originated on another computer, the display information had to be saved with the event.

The following information was included with the event: 

HP Hotkey UWP Service (8.10.46.337) in OnStart

The message resource is present but the message was not found in the message table
"
Information	20/06/2025 06:12:17	Windows Error Reporting	1001	None	"Fault bucket 1833580701306877483, type 4
Event Name: APPCRASH
Response: Not available
Cab Id: 0

Problem signature:
P1: HPAudioAnalytics.exe
P2: 8.10.46.337
P3: 67ee326a
P4: StackHash_f9d8
P5: 0.0.0.0
P6: 00000000
P7: c0000005
P8: PCH_90_FROM_unknown+0x0000000000000000
P9: 
P10: 

Attached files:
\\?\C:\ProgramData\Microsoft\Windows\WER\Temp\WER.9898ed1a-14bb-4c47-86d2-175317d53c97.tmp.mdmp
\\?\C:\ProgramData\Microsoft\Windows\WER\Temp\WER.fdeb8991-8bca-4a09-9767-3cfc41bfee9a.tmp.WERInternalMetadata.xml
WPR_initiated_DiagTrackMiniLogger_OneTrace_User_Logger_20250608_1_EC_0_inject.etl
\\?\C:\ProgramData\Microsoft\Windows\WER\Temp\WER.d95cb5a7-4b66-4671-b053-e14ed77a24f3.tmp.etl
WPR_initiated_DiagTrackMiniLogger_WPR System Collector_inject.etl
\\?\C:\ProgramData\Microsoft\Windows\WER\Temp\WER.e535fd22-996c-4052-865d-6ee7bdc706f7.tmp.etl
\\?\C:\ProgramData\Microsoft\Windows\WER\Temp\WER.40f5fd86-a54e-4dbb-a627-78a206dcf5c5.tmp.csv
\\?\C:\ProgramData\Microsoft\Windows\WER\Temp\WER.7149812d-07bd-4da6-b5a7-4b2b437343be.tmp.txt
\\?\C:\ProgramData\Microsoft\Windows\WER\Temp\WER.20a4f212-66d3-45b4-94df-8fe6689f82c9.tmp.xml

These files may be available here:
\\?\C:\ProgramData\Microsoft\Windows\WER\ReportArchive\AppCrash_HPAudioAnalytics_4d49b2462eb2ce2fdfb98fba773dd279489514_fe948d19_881c71d5-f7d3-4ab6-845e-f94d340727e5

Analysis symbol: 
Rechecking for solution: 0
Report Id: db6b6cf1-c856-490d-b7e7-34489a7b7b66
Report Status: 268435456
Hashed bucket: c52742e85a88a80ca9722feee068762b
Cab Guid: 0"
Error	20/06/2025 06:12:13	Application Error	1000	Application Crashing Events	"Faulting application name: HPAudioAnalytics.exe, version: 8.10.46.337, time stamp: 0x67ee326a
Faulting module name: unknown, version: 0.0.0.0, time stamp: 0x00000000
Exception code: 0xc0000005
Fault offset: 0x00000000009e5dd6
Faulting process id: 0x0x61B4
Faulting application start time: 0x0x1DBE16F2560864A
Faulting application path: C:\Windows\System32\DriverStore\FileRepository\hpqkbsoftwarecompnent.inf_amd64_a22c6a91e05f8cee\HPAudioAnalytics.exe
Faulting module path: unknown
Report Id: db6b6cf1-c856-490d-b7e7-34489a7b7b66
Faulting package full name: 
Faulting package-relative application ID: "
Information	20/06/2025 06:12:02	Microsoft-Windows-Complus	781	None	The COM+ sub system is suppressing duplicate event log entries for a duration of 86400 seconds.  The suppression timeout can be controlled by a REG_DWORD value named SuppressDuplicateDuration under the following registry key: HKLM\Software\Microsoft\COM3\Eventlog.
Information	20/06/2025 06:12:01	Windows Error Reporting	1001	None	"Fault bucket 2115955934357232936, type 4
Event Name: APPCRASH
Response: Not available
Cab Id: 0

Problem signature:
P1: dllhost.exe
P2: 10.0.22621.1
P3: 05e70ed3
P4: StackHash_f9d8
P5: 0.0.0.0
P6: 00000000
P7: c0000005
P8: PCH_9C_FROM_unknown+0x0000000000000000
P9: 
P10: 

Attached files:
\\?\C:\ProgramData\Microsoft\Windows\WER\Temp\WER.0ff387a3-fd5e-4028-9b03-cb83402960da.tmp.mdmp
\\?\C:\ProgramData\Microsoft\Windows\WER\Temp\WER.fbc18196-4019-45af-8ed9-49998354a35f.tmp.WERInternalMetadata.xml
WPR_initiated_DiagTrackMiniLogger_OneTrace_User_Logger_20250608_1_EC_0_inject.etl
\\?\C:\ProgramData\Microsoft\Windows\WER\Temp\WER.0534ebe0-7b2c-451f-9c97-2d44de6be253.tmp.etl
WPR_initiated_DiagTrackMiniLogger_WPR System Collector_inject.etl
\\?\C:\ProgramData\Microsoft\Windows\WER\Temp\WER.f52278ec-33d5-49b2-b840-dd7efccb1f15.tmp.etl
\\?\C:\ProgramData\Microsoft\Windows\WER\Temp\WER.67ce81d7-1e62-458d-9b19-c7eb2b5110f2.tmp.csv
\\?\C:\ProgramData\Microsoft\Windows\WER\Temp\WER.c885610e-b4ba-4be3-a4a7-87c888cf837c.tmp.txt
\\?\C:\ProgramData\Microsoft\Windows\WER\Temp\WER.0f788e5c-a0a6-4622-895d-5e17c1325ce4.tmp.xml

These files may be available here:
\\?\C:\ProgramData\Microsoft\Windows\WER\ReportArchive\AppCrash_dllhost.exe_b7708e6112c3d3ea555e15432f2d9b42994b3d_e7c336b8_1ba2f4a2-9c75-4330-b38f-ad168b63f240

Analysis symbol: 
Rechecking for solution: 0
Report Id: 81633bfc-56c0-4519-90bc-3f1177b5e7bc
Report Status: 268435456
Hashed bucket: c00013d530715c43fd5d62b623be1d28
Cab Guid: 0"
Error	20/06/2025 06:11:57	Application Error	1000	Application Crashing Events	"Faulting application name: dllhost.exe, version: 10.0.22621.1, time stamp: 0x05e70ed3
Faulting module name: unknown, version: 0.0.0.0, time stamp: 0x00000000
Exception code: 0xc0000005
Fault offset: 0x0000000000905dd6
Faulting process id: 0x0x75F4
Faulting application start time: 0x0x1DBE16F1AE38B1F
Faulting application path: C:\Windows\system32\dllhost.exe
Faulting module path: unknown
Report Id: 81633bfc-56c0-4519-90bc-3f1177b5e7bc
Faulting package full name: 
Faulting package-relative application ID: "
Information	20/06/2025 06:09:02	HotKeyServiceUWP	0	(2)	"The description for Event ID 0 from source HotKeyServiceUWP cannot be found. Either the component that raises this event is not installed on your local computer or the installation is corrupted. You can install or repair the component on the local computer.

If the event originated on another computer, the display information had to be saved with the event.

The following information was included with the event: 

HP Audio Analytics Service (8.10.46.337) in OnStart

The message resource is present but the message was not found in the message table
"
Information	20/06/2025 06:08:44	Microsoft-Windows-Complus	781	None	The COM+ sub system is suppressing duplicate event log entries for a duration of 86400 seconds.  The suppression timeout can be controlled by a REG_DWORD value named SuppressDuplicateDuration under the following registry key: HKLM\Software\Microsoft\COM3\Eventlog.
Information	20/06/2025 06:08:43	Windows Error Reporting	1001	None	"Fault bucket 2115955934357232936, type 4
Event Name: APPCRASH
Response: Not available
Cab Id: 0

Problem signature:
P1: dllhost.exe
P2: 10.0.22621.1
P3: 05e70ed3
P4: StackHash_f9d8
P5: 0.0.0.0
P6: 00000000
P7: c0000005
P8: PCH_9C_FROM_unknown+0x0000000000000000
P9: 
P10: 

Attached files:
\\?\C:\ProgramData\Microsoft\Windows\WER\Temp\WER.f889f235-b4ae-46cb-8163-4f92be8f1394.tmp.mdmp
\\?\C:\ProgramData\Microsoft\Windows\WER\Temp\WER.46ef5550-4e58-4a23-b45a-c1280d1efb58.tmp.WERInternalMetadata.xml
WPR_initiated_DiagTrackMiniLogger_OneTrace_User_Logger_20250608_1_EC_0_inject.etl
\\?\C:\ProgramData\Microsoft\Windows\WER\Temp\WER.e7e01f39-3b88-4f4e-aca3-880cea8f7d83.tmp.etl
WPR_initiated_DiagTrackMiniLogger_WPR System Collector_inject.etl
\\?\C:\ProgramData\Microsoft\Windows\WER\Temp\WER.c107b3a5-ba3f-4a39-9027-fe9478a1e4ba.tmp.etl
\\?\C:\ProgramData\Microsoft\Windows\WER\Temp\WER.45ee2c28-f516-424f-9bcd-f905c2d1c0fa.tmp.csv
\\?\C:\ProgramData\Microsoft\Windows\WER\Temp\WER.df835edd-4a48-42ba-9068-a8477bcab3f4.tmp.txt
\\?\C:\ProgramData\Microsoft\Windows\WER\Temp\WER.ef44e6b9-9489-4cf8-a89b-e9aaa8516aa6.tmp.xml

These files may be available here:
\\?\C:\ProgramData\Microsoft\Windows\WER\ReportArchive\AppCrash_dllhost.exe_b7708e6112c3d3ea555e15432f2d9b42994b3d_e7c336b8_ef50e6a8-9188-47e7-93a7-0c89b35e3290

Analysis symbol: 
Rechecking for solution: 0
Report Id: b4d50985-4a66-4709-8f15-b91e2ea97448
Report Status: 268435456
Hashed bucket: c00013d530715c43fd5d62b623be1d28
Cab Guid: 0"
Error	20/06/2025 06:08:39	Application Error	1000	Application Crashing Events	"Faulting application name: dllhost.exe, version: 10.0.22621.1, time stamp: 0x05e70ed3
Faulting module name: unknown, version: 0.0.0.0, time stamp: 0x00000000
Exception code: 0xc0000005
Fault offset: 0x0000000000905dd6
Faulting process id: 0x0x66BC
Faulting application start time: 0x0x1DBE16E460361DF
Faulting application path: C:\Windows\system32\dllhost.exe
Faulting module path: unknown
Report Id: b4d50985-4a66-4709-8f15-b91e2ea97448
Faulting package full name: 
Faulting package-relative application ID: "
Information	20/06/2025 06:08:23	Windows Error Reporting	1001	None	"Fault bucket 1749154308405373022, type 4
Event Name: APPCRASH
Response: Not available
Cab Id: 0

Problem signature:
P1: vmware-usbarbitrator64.exe
P2: 20.10.0.0
P3: 669a1840
P4: StackHash_f9d8
P5: 0.0.0.0
P6: 00000000
P7: c0000005
P8: PCH_29_FROM_unknown+0x0000000000000000
P9: 
P10: 

Attached files:
\\?\C:\ProgramData\Microsoft\Windows\WER\Temp\WER.ab3219ae-826a-4418-88cb-669561247aa2.tmp.mdmp
\\?\C:\ProgramData\Microsoft\Windows\WER\Temp\WER.a77f3371-8174-4f55-a19d-9e5fcba6e78c.tmp.WERInternalMetadata.xml
WPR_initiated_DiagTrackMiniLogger_OneTrace_User_Logger_20250608_1_EC_0_inject.etl
\\?\C:\ProgramData\Microsoft\Windows\WER\Temp\WER.28bb7d1e-b9f5-448c-a02b-03956be9cd3b.tmp.etl
WPR_initiated_DiagTrackMiniLogger_WPR System Collector_inject.etl
\\?\C:\ProgramData\Microsoft\Windows\WER\Temp\WER.c00d0fdc-26de-45f2-99fb-146fe931051c.tmp.etl
\\?\C:\ProgramData\Microsoft\Windows\WER\Temp\WER.67ffc910-2578-4346-8a55-9efceee56ee3.tmp.csv
\\?\C:\ProgramData\Microsoft\Windows\WER\Temp\WER.25c74347-b796-4c29-8759-55567d2d1f85.tmp.txt
\\?\C:\ProgramData\Microsoft\Windows\WER\Temp\WER.8f5e1628-242f-460c-ac87-808f521bca3b.tmp.xml

These files may be available here:
\\?\C:\ProgramData\Microsoft\Windows\WER\ReportArchive\AppCrash_vmware-usbarbitr_da328978b9a1d0e9ab407a7b32118156bca3639_17c75580_00b448a7-5065-4d0d-83c2-cd42b0f6bd44

Analysis symbol: 
Rechecking for solution: 0
Report Id: 6b02a6fb-ebb8-40bc-9285-3a4d6b384c1e
Report Status: 268435456
Hashed bucket: f1ca7ee4517e896fa8463e9379d8a85e
Cab Guid: 0"
Error	20/06/2025 06:08:19	Application Error	1000	Application Crashing Events	"Faulting application name: vmware-usbarbitrator64.exe, version: 20.10.0.0, time stamp: 0x669a1840
Faulting module name: unknown, version: 0.0.0.0, time stamp: 0x00000000
Exception code: 0xc0000005
Fault offset: 0x0000000000ee5dd6
Faulting process id: 0x0x4F68
Faulting application start time: 0x0x1DBE16ECF2D749B
Faulting application path: C:\Program Files (x86)\Common Files\VMware\USB\vmware-usbarbitrator64.exe
Faulting module path: unknown
Report Id: 6b02a6fb-ebb8-40bc-9285-3a4d6b384c1e
Faulting package full name: 
Faulting package-relative application ID: "
Information	20/06/2025 06:06:47	Windows Error Reporting	1001	None	"Fault bucket 2120996873715200844, type 4
Event Name: APPCRASH
Response: Not available
Cab Id: 0

Problem signature:
P1: HotKeyServiceUWP.exe
P2: 8.10.46.337
P3: 67ee32ff
P4: StackHash_f9d8
P5: 0.0.0.0
P6: 00000000
P7: c0000005
P8: PCH_00_FROM_unknown+0x0000000000000000
P9: 
P10: 

Attached files:
\\?\C:\ProgramData\Microsoft\Windows\WER\Temp\WER.c40581c3-37b2-4838-a44d-1bfd628aed69.tmp.mdmp
\\?\C:\ProgramData\Microsoft\Windows\WER\Temp\WER.c3d285d1-1109-48ed-9602-f77381756ed3.tmp.WERInternalMetadata.xml
WPR_initiated_DiagTrackMiniLogger_OneTrace_User_Logger_20250608_1_EC_0_inject.etl
\\?\C:\ProgramData\Microsoft\Windows\WER\Temp\WER.eb43c9d6-1030-42cf-9cda-5072f2bc36fe.tmp.etl
WPR_initiated_DiagTrackMiniLogger_WPR System Collector_inject.etl
\\?\C:\ProgramData\Microsoft\Windows\WER\Temp\WER.9948e7a0-0a80-4e2d-9bc3-0e15a12833db.tmp.etl
\\?\C:\ProgramData\Microsoft\Windows\WER\Temp\WER.342a1283-57dc-439a-8441-de3c56a15d62.tmp.csv
\\?\C:\ProgramData\Microsoft\Windows\WER\Temp\WER.39ad7510-1624-42ce-9b2d-97248b8b84e7.tmp.txt
\\?\C:\ProgramData\Microsoft\Windows\WER\Temp\WER.f53c0981-8b73-48ab-b102-ee53bdaa7356.tmp.xml

These files may be available here:
\\?\C:\ProgramData\Microsoft\Windows\WER\ReportArchive\AppCrash_HotKeyServiceUWP_5540d725a180a02c3825b1f77c22eedc462a7_b8181675_314eab01-bad6-4f13-ac14-d5d76d8f8799

Analysis symbol: 
Rechecking for solution: 0
Report Id: 3f7a81c5-8be1-49a8-b790-e25918686bb0
Report Status: 268435456
Hashed bucket: dfa1cf850c1ffe22dd6f4b6b4b82334c
Cab Guid: 0"
Error	20/06/2025 06:06:43	Application Error	1000	Application Crashing Events	"Faulting application name: HotKeyServiceUWP.exe, version: 8.10.46.337, time stamp: 0x67ee32ff
Faulting module name: unknown, version: 0.0.0.0, time stamp: 0x00000000
Exception code: 0xc0000005
Fault offset: 0x0000000000f05dd6
Faulting process id: 0x0x2554
Faulting application start time: 0x0x1DBE16EA40B11F6
Faulting application path: C:\Windows\System32\DriverStore\FileRepository\hpqkbsoftwarecompnent.inf_amd64_a22c6a91e05f8cee\HotKeyServiceUWP.exe
Faulting module path: unknown
Report Id: 3f7a81c5-8be1-49a8-b790-e25918686bb0
Faulting package full name: 
Faulting package-relative application ID: "
Information	20/06/2025 06:06:27	Windows Error Reporting	1001	None	"Fault bucket 1749154308405373022, type 4
Event Name: APPCRASH
Response: Not available
Cab Id: 0

Problem signature:
P1: vmware-usbarbitrator64.exe
P2: 20.10.0.0
P3: 669a1840
P4: StackHash_f9d8
P5: 0.0.0.0
P6: 00000000
P7: c0000005
P8: PCH_1E_FROM_unknown+0x0000000000000000
P9: 
P10: 

Attached files:
\\?\C:\ProgramData\Microsoft\Windows\WER\Temp\WER.a3a88f40-57ab-4f16-82e2-5d844915bf4e.tmp.mdmp
\\?\C:\ProgramData\Microsoft\Windows\WER\Temp\WER.cc002b3d-411e-49d7-ac9b-3dc7665b83b4.tmp.WERInternalMetadata.xml
WPR_initiated_DiagTrackMiniLogger_OneTrace_User_Logger_20250608_1_EC_0_inject.etl
\\?\C:\ProgramData\Microsoft\Windows\WER\Temp\WER.982a67e9-068d-4fd0-bfcb-5b04136575c9.tmp.etl
WPR_initiated_DiagTrackMiniLogger_WPR System Collector_inject.etl
\\?\C:\ProgramData\Microsoft\Windows\WER\Temp\WER.5e486055-28d8-4dbd-929f-a0812bf239a7.tmp.etl
\\?\C:\ProgramData\Microsoft\Windows\WER\Temp\WER.826d0e1c-d92f-4f95-871e-c4801e2c47c7.tmp.csv
\\?\C:\ProgramData\Microsoft\Windows\WER\Temp\WER.93b35add-bda2-443f-94b6-21d9b6ed999d.tmp.txt
\\?\C:\ProgramData\Microsoft\Windows\WER\Temp\WER.f3330e5f-af0a-4290-a868-c9114e401e3b.tmp.xml

These files may be available here:
\\?\C:\ProgramData\Microsoft\Windows\WER\ReportArchive\AppCrash_vmware-usbarbitr_bb4e5f2e761ac65830676615b45ae40c744617c_17c75580_4a4c9f0d-b343-4cc9-80df-2c96e609ff02

Analysis symbol: 
Rechecking for solution: 0
Report Id: b1e1f09a-3f8f-4da8-92be-0374c77b225d
Report Status: 268435456
Hashed bucket: f1ca7ee4517e896fa8463e9379d8a85e
Cab Guid: 0"
Error	20/06/2025 06:06:23	Application Error	1000	Application Crashing Events	"Faulting application name: vmware-usbarbitrator64.exe, version: 20.10.0.0, time stamp: 0x669a1840
Faulting module name: unknown, version: 0.0.0.0, time stamp: 0x00000000
Exception code: 0xc0000005
Fault offset: 0x00000000009a5dd6
Faulting process id: 0x0x3F58
Faulting application start time: 0x0x1DBE16E5E372455
Faulting application path: C:\Program Files (x86)\Common Files\VMware\USB\vmware-usbarbitrator64.exe
Faulting module path: unknown
Report Id: b1e1f09a-3f8f-4da8-92be-0374c77b225d
Faulting package full name: 
Faulting package-relative application ID: "
Information	20/06/2025 06:05:25	HotKeyServiceUWP	0	(2)	"The description for Event ID 0 from source HotKeyServiceUWP cannot be found. Either the component that raises this event is not installed on your local computer or the installation is corrupted. You can install or repair the component on the local computer.

If the event originated on another computer, the display information had to be saved with the event.

The following information was included with the event: 

RpcServerMonitoringThread - Entry

The message resource is present but the message was not found in the message table
"
Information	20/06/2025 06:05:25	HotKeyServiceUWP	0	(2)	"The description for Event ID 0 from source HotKeyServiceUWP cannot be found. Either the component that raises this event is not installed on your local computer or the installation is corrupted. You can install or repair the component on the local computer.

If the event originated on another computer, the display information had to be saved with the event.

The following information was included with the event: 

HP Hotkey UWP Service (8.10.46.337) in OnStart

The message resource is present but the message was not found in the message table
"
Information	20/06/2025 06:03:17	Windows Error Reporting	1001	None	"Fault bucket 1749154308405373022, type 4
Event Name: APPCRASH
Response: Not available
Cab Id: 0

Problem signature:
P1: vmware-usbarbitrator64.exe
P2: 20.10.0.0
P3: 669a1840
P4: StackHash_f9d8
P5: 0.0.0.0
P6: 00000000
P7: c0000005
P8: PCH_35_FROM_unknown+0x0000000000000000
P9: 
P10: 

Attached files:
\\?\C:\ProgramData\Microsoft\Windows\WER\Temp\WER.a5d6be9b-a076-4d8f-9d4c-b9435c96d8b2.tmp.mdmp
\\?\C:\ProgramData\Microsoft\Windows\WER\Temp\WER.63c367f2-67f6-4d89-83fb-01c72b17ed01.tmp.WERInternalMetadata.xml
WPR_initiated_DiagTrackMiniLogger_OneTrace_User_Logger_20250608_1_EC_0_inject.etl
\\?\C:\ProgramData\Microsoft\Windows\WER\Temp\WER.0d14bffb-953c-4d0e-b998-59a8856ab0d9.tmp.etl
WPR_initiated_DiagTrackMiniLogger_WPR System Collector_inject.etl
\\?\C:\ProgramData\Microsoft\Windows\WER\Temp\WER.3d3fce00-51f3-454c-8027-c8a87d112469.tmp.etl
\\?\C:\ProgramData\Microsoft\Windows\WER\Temp\WER.d6d61f91-4a98-4412-99d5-cc118112d616.tmp.csv
\\?\C:\ProgramData\Microsoft\Windows\WER\Temp\WER.e7650a4c-5fdb-4273-8410-8801cbf8ddf8.tmp.txt
\\?\C:\ProgramData\Microsoft\Windows\WER\Temp\WER.72b0a79f-4332-4f27-b168-c24906cd174c.tmp.xml

These files may be available here:
\\?\C:\ProgramData\Microsoft\Windows\WER\ReportArchive\AppCrash_vmware-usbarbitr_131cb7ade3ca9a1e4e95056870207123bb6cd8_17c75580_6ca1155f-b8b2-41c5-8d9a-33a8e6848194

Analysis symbol: 
Rechecking for solution: 0
Report Id: 386a7148-1119-4011-b50d-5753ac6e062c
Report Status: 268435456
Hashed bucket: f1ca7ee4517e896fa8463e9379d8a85e
Cab Guid: 0"
Error	20/06/2025 06:03:14	Application Error	1000	Application Crashing Events	"Faulting application name: vmware-usbarbitrator64.exe, version: 20.10.0.0, time stamp: 0x669a1840
Faulting module name: unknown, version: 0.0.0.0, time stamp: 0x00000000
Exception code: 0xc0000005
Fault offset: 0x0000000000a95dd6
Faulting process id: 0x0x4024
Faulting application start time: 0x0x1DBE16DC9EEC210
Faulting application path: C:\Program Files (x86)\Common Files\VMware\USB\vmware-usbarbitrator64.exe
Faulting module path: unknown
Report Id: 386a7148-1119-4011-b50d-5753ac6e062c
Faulting package full name: 
Faulting package-relative application ID: "
