Information	20/06/2025 07:07:49	Windows Error Reporting	1001	None	"Fault bucket 2120996873715200844, type 4
Event Name: APPCRASH
Response: Not available
Cab Id: 0

Problem signature:
P1: HotKeyServiceUWP.exe
P2: 8.10.46.337
P3: 67ee32ff
P4: StackHash_f9d8
P5: 0.0.0.0
P6: 00000000
P7: c0000005
P8: PCH_B0_FROM_unknown+0x0000000000000000
P9: 
P10: 

Attached files:
\\?\C:\ProgramData\Microsoft\Windows\WER\Temp\WER.d26bfd27-5c18-4b45-b167-67f8a73b0b69.tmp.mdmp
\\?\C:\ProgramData\Microsoft\Windows\WER\Temp\WER.1f29b6b9-e291-49e8-b88b-7a2b600df38b.tmp.WERInternalMetadata.xml
WPR_initiated_DiagTrackMiniLogger_OneTrace_User_Logger_20250608_1_EC_0_inject.etl
\\?\C:\ProgramData\Microsoft\Windows\WER\Temp\WER.7cde2a41-3c7c-4740-a61c-591d9c43136f.tmp.etl
WPR_initiated_DiagTrackMiniLogger_WPR System Collector_inject.etl
\\?\C:\ProgramData\Microsoft\Windows\WER\Temp\WER.05488f01-b431-4dc2-a457-aa2f35e3f1ef.tmp.etl
\\?\C:\ProgramData\Microsoft\Windows\WER\Temp\WER.b8f10ccf-14f1-44ef-b02b-74932d7ca720.tmp.csv
\\?\C:\ProgramData\Microsoft\Windows\WER\Temp\WER.7be7b487-13a7-4716-88ae-e1795587558f.tmp.txt
\\?\C:\ProgramData\Microsoft\Windows\WER\Temp\WER.601fa595-6d53-4df4-a7bb-df0e4bec9c57.tmp.xml

These files may be available here:
\\?\C:\ProgramData\Microsoft\Windows\WER\ReportArchive\AppCrash_HotKeyServiceUWP_2b8a8c7232c51d28345374e15d02e1224b454cd_b8181675_ae97e89c-cca2-4003-b194-4ed140b51ac1

Analysis symbol: 
Rechecking for solution: 0
Report Id: d8e69210-e4f8-4eab-a5b6-b3954de4503e
Report Status: 268435456
Hashed bucket: dfa1cf850c1ffe22dd6f4b6b4b82334c
Cab Guid: 0"
Error	20/06/2025 07:07:46	Application Error	1000	Application Crashing Events	"Faulting application name: HotKeyServiceUWP.exe, version: 8.10.46.337, time stamp: 0x67ee32ff
Faulting module name: unknown, version: 0.0.0.0, time stamp: 0x00000000
Exception code: 0xc0000005
Fault offset: 0x0000000000f15dd6
Faulting process id: 0x0x79A4
Faulting application start time: 0x0x1DBE17725FC7391
Faulting application path: C:\Windows\System32\DriverStore\FileRepository\hpqkbsoftwarecompnent.inf_amd64_a22c6a91e05f8cee\HotKeyServiceUWP.exe
Faulting module path: unknown
Report Id: d8e69210-e4f8-4eab-a5b6-b3954de4503e
Faulting package full name: 
Faulting package-relative application ID: "
Information	20/06/2025 07:07:33	Windows Error Reporting	1001	None	"Fault bucket 1749154308405373022, type 4
Event Name: APPCRASH
Response: Not available
Cab Id: 0

Problem signature:
P1: vmware-usbarbitrator64.exe
P2: 20.10.0.0
P3: 669a1840
P4: StackHash_f9d8
P5: 0.0.0.0
P6: 00000000
P7: c0000005
P8: PCH_00_FROM_unknown+0x0000000000000000
P9: 
P10: 

Attached files:
\\?\C:\ProgramData\Microsoft\Windows\WER\Temp\WER.9ab6c81d-cc9d-478d-a21a-cf8a84916451.tmp.mdmp
\\?\C:\ProgramData\Microsoft\Windows\WER\Temp\WER.80bb567d-ce21-44db-8f0f-b6094112b289.tmp.WERInternalMetadata.xml
WPR_initiated_DiagTrackMiniLogger_OneTrace_User_Logger_20250608_1_EC_0_inject.etl
\\?\C:\ProgramData\Microsoft\Windows\WER\Temp\WER.b3edd72e-c135-4632-a6ca-1cfcf9704ab4.tmp.etl
WPR_initiated_DiagTrackMiniLogger_WPR System Collector_inject.etl
\\?\C:\ProgramData\Microsoft\Windows\WER\Temp\WER.83e4fd9e-9486-4c13-ae28-5f2257562f66.tmp.etl
\\?\C:\ProgramData\Microsoft\Windows\WER\Temp\WER.bd195f6d-b6fd-4c99-acb8-6d35bac33a00.tmp.csv
\\?\C:\ProgramData\Microsoft\Windows\WER\Temp\WER.a9586c5e-8ca9-421c-8359-4cb43eb69110.tmp.txt
\\?\C:\ProgramData\Microsoft\Windows\WER\Temp\WER.6a7a3109-0c3d-4c3d-b6e3-8315a10985ea.tmp.xml

These files may be available here:
\\?\C:\ProgramData\Microsoft\Windows\WER\ReportArchive\AppCrash_vmware-usbarbitr_1ec8c11773b06963b63627bb8c4cbf537b17c25_17c75580_1a19b9ee-6c45-45b2-ab22-8451ef1336e9

Analysis symbol: 
Rechecking for solution: 0
Report Id: 608708fe-27c7-4963-9123-522c3f431a7b
Report Status: 268435456
Hashed bucket: f1ca7ee4517e896fa8463e9379d8a85e
Cab Guid: 0"
Error	20/06/2025 07:07:30	Application Error	1000	Application Crashing Events	"Faulting application name: vmware-usbarbitrator64.exe, version: 20.10.0.0, time stamp: 0x669a1840
Faulting module name: unknown, version: 0.0.0.0, time stamp: 0x00000000
Exception code: 0xc0000005
Fault offset: 0x0000000000f05dd6
Faulting process id: 0x0x6120
Faulting application start time: 0x0x1DBE176EA17E564
Faulting application path: C:\Program Files (x86)\Common Files\VMware\USB\vmware-usbarbitrator64.exe
Faulting module path: unknown
Report Id: 608708fe-27c7-4963-9123-522c3f431a7b
Faulting package full name: 
Faulting package-relative application ID: "
Information	20/06/2025 07:06:19	HotKeyServiceUWP	0	(2)	"The description for Event ID 0 from source HotKeyServiceUWP cannot be found. Either the component that raises this event is not installed on your local computer or the installation is corrupted. You can install or repair the component on the local computer.

If the event originated on another computer, the display information had to be saved with the event.

The following information was included with the event: 

RpcServerMonitoringThread - Entry

The message resource is present but the message was not found in the message table
"
Information	20/06/2025 07:06:19	HotKeyServiceUWP	0	(2)	"The description for Event ID 0 from source HotKeyServiceUWP cannot be found. Either the component that raises this event is not installed on your local computer or the installation is corrupted. You can install or repair the component on the local computer.

If the event originated on another computer, the display information had to be saved with the event.

The following information was included with the event: 

HP Hotkey UWP Service (8.10.46.337) in OnStart

The message resource is present but the message was not found in the message table
"
Information	20/06/2025 07:04:28	Windows Error Reporting	1001	None	"Fault bucket 1749154308405373022, type 4
Event Name: APPCRASH
Response: Not available
Cab Id: 0

Problem signature:
P1: vmware-usbarbitrator64.exe
P2: 20.10.0.0
P3: 669a1840
P4: StackHash_f9d8
P5: 0.0.0.0
P6: 00000000
P7: c0000005
P8: PCH_1E_FROM_unknown+0x0000000000000000
P9: 
P10: 

Attached files:
\\?\C:\ProgramData\Microsoft\Windows\WER\Temp\WER.e7971589-b63e-4ed8-9517-32841c850cad.tmp.mdmp
\\?\C:\ProgramData\Microsoft\Windows\WER\Temp\WER.6075e74d-9aa7-4c49-a91c-3be7df44fa6f.tmp.WERInternalMetadata.xml
WPR_initiated_DiagTrackMiniLogger_OneTrace_User_Logger_20250608_1_EC_0_inject.etl
\\?\C:\ProgramData\Microsoft\Windows\WER\Temp\WER.0779c57f-91be-41b4-b8b3-39048d6b6342.tmp.etl
WPR_initiated_DiagTrackMiniLogger_WPR System Collector_inject.etl
\\?\C:\ProgramData\Microsoft\Windows\WER\Temp\WER.ca1609f1-848e-4cdb-8f85-918aa3daccc2.tmp.etl
\\?\C:\ProgramData\Microsoft\Windows\WER\Temp\WER.aff76544-76cf-47c1-a8a0-b2a4c7c4e87d.tmp.csv
\\?\C:\ProgramData\Microsoft\Windows\WER\Temp\WER.f8ddd404-b1f6-473f-bcb9-9cad8d2bc0c9.tmp.txt
\\?\C:\ProgramData\Microsoft\Windows\WER\Temp\WER.4dff1fe2-23ac-4295-8e31-7fb8c3da7e57.tmp.xml

These files may be available here:
\\?\C:\ProgramData\Microsoft\Windows\WER\ReportArchive\AppCrash_vmware-usbarbitr_bb4e5f2e761ac65830676615b45ae40c744617c_17c75580_78c8d3d6-2625-4444-8f47-d5a883ab16f1

Analysis symbol: 
Rechecking for solution: 0
Report Id: 3762dff2-75b7-461d-9a90-348d3eb4701f
Report Status: 268435456
Hashed bucket: f1ca7ee4517e896fa8463e9379d8a85e
Cab Guid: 0"
Error	20/06/2025 07:04:25	Application Error	1000	Application Crashing Events	"Faulting application name: vmware-usbarbitrator64.exe, version: 20.10.0.0, time stamp: 0x669a1840
Faulting module name: unknown, version: 0.0.0.0, time stamp: 0x00000000
Exception code: 0xc0000005
Fault offset: 0x00000000009a5dd6
Faulting process id: 0x0x2090
Faulting application start time: 0x0x1DBE1765EFEE1E2
Faulting application path: C:\Program Files (x86)\Common Files\VMware\USB\vmware-usbarbitrator64.exe
Faulting module path: unknown
Report Id: 3762dff2-75b7-461d-9a90-348d3eb4701f
Faulting package full name: 
Faulting package-relative application ID: "
Information	20/06/2025 07:04:12	Windows Error Reporting	1001	None	"Fault bucket 1833580701306877483, type 4
Event Name: APPCRASH
Response: Not available
Cab Id: 0

Problem signature:
P1: HPAudioAnalytics.exe
P2: 8.10.46.337
P3: 67ee326a
P4: StackHash_f9d8
P5: 0.0.0.0
P6: 00000000
P7: c0000005
P8: PCH_B0_FROM_unknown+0x0000000000000000
P9: 
P10: 

Attached files:
\\?\C:\ProgramData\Microsoft\Windows\WER\Temp\WER.5aa3238b-c8d6-454f-9a65-aac1ed9379a9.tmp.mdmp
\\?\C:\ProgramData\Microsoft\Windows\WER\Temp\WER.53f82a7c-7cb7-4013-9eaf-c14da5899a8e.tmp.WERInternalMetadata.xml
WPR_initiated_DiagTrackMiniLogger_OneTrace_User_Logger_20250608_1_EC_0_inject.etl
\\?\C:\ProgramData\Microsoft\Windows\WER\Temp\WER.9f7af5fc-330b-4413-ac16-5887ecb93ee1.tmp.etl
WPR_initiated_DiagTrackMiniLogger_WPR System Collector_inject.etl
\\?\C:\ProgramData\Microsoft\Windows\WER\Temp\WER.fa09deac-49b5-423e-b5a2-fd6cac5028ed.tmp.etl
\\?\C:\ProgramData\Microsoft\Windows\WER\Temp\WER.a0ea5ff8-4bcc-40ab-b58b-2d5190cfe5c8.tmp.csv
\\?\C:\ProgramData\Microsoft\Windows\WER\Temp\WER.b973a850-7575-4248-a47b-5effaeb69080.tmp.txt
\\?\C:\ProgramData\Microsoft\Windows\WER\Temp\WER.277bcee5-e160-4ee3-861f-10bb8c3071a0.tmp.xml

These files may be available here:
\\?\C:\ProgramData\Microsoft\Windows\WER\ReportArchive\AppCrash_HPAudioAnalytics_4254ce8ad7c328eb8bb8b11e8d85e14ed77ab877_fe948d19_8dbb81c5-5af2-43b3-abb9-15e14ec9f147

Analysis symbol: 
Rechecking for solution: 0
Report Id: 7133e8d9-93fd-4ca8-8e28-c28a67cb2db3
Report Status: 268435456
Hashed bucket: c52742e85a88a80ca9722feee068762b
Cab Guid: 0"
Error	20/06/2025 07:04:09	Application Error	1000	Application Crashing Events	"Faulting application name: HPAudioAnalytics.exe, version: 8.10.46.337, time stamp: 0x67ee326a
Faulting module name: unknown, version: 0.0.0.0, time stamp: 0x00000000
Exception code: 0xc0000005
Fault offset: 0x0000000000f15dd6
Faulting process id: 0x0x8F80
Faulting application start time: 0x0x1DBE176A37C1E92
Faulting application path: C:\Windows\System32\DriverStore\FileRepository\hpqkbsoftwarecompnent.inf_amd64_a22c6a91e05f8cee\HPAudioAnalytics.exe
Faulting module path: unknown
Report Id: 7133e8d9-93fd-4ca8-8e28-c28a67cb2db3
Faulting package full name: 
Faulting package-relative application ID: "
Information	20/06/2025 07:03:58	Microsoft-Windows-Complus	781	None	The COM+ sub system is suppressing duplicate event log entries for a duration of 86400 seconds.  The suppression timeout can be controlled by a REG_DWORD value named SuppressDuplicateDuration under the following registry key: HKLM\Software\Microsoft\COM3\Eventlog.
Information	20/06/2025 07:03:57	Windows Error Reporting	1001	None	"Fault bucket 2115955934357232936, type 4
Event Name: APPCRASH
Response: Not available
Cab Id: 0

Problem signature:
P1: dllhost.exe
P2: 10.0.22621.1
P3: 05e70ed3
P4: StackHash_f9d8
P5: 0.0.0.0
P6: 00000000
P7: c0000005
P8: PCH_73_FROM_unknown+0x0000000000000000
P9: 
P10: 

Attached files:
\\?\C:\ProgramData\Microsoft\Windows\WER\Temp\WER.61c293c3-9ae0-4982-abce-7283076abfc2.tmp.mdmp
\\?\C:\ProgramData\Microsoft\Windows\WER\Temp\WER.e524407f-1d6f-4cdb-b981-28619d346fb1.tmp.WERInternalMetadata.xml
WPR_initiated_DiagTrackMiniLogger_OneTrace_User_Logger_20250608_1_EC_0_inject.etl
\\?\C:\ProgramData\Microsoft\Windows\WER\Temp\WER.4731b899-33a6-402c-b295-40a95342b0ec.tmp.etl
WPR_initiated_DiagTrackMiniLogger_WPR System Collector_inject.etl
\\?\C:\ProgramData\Microsoft\Windows\WER\Temp\WER.3c4821f9-289b-4a9e-abb8-a5fd15897e7b.tmp.etl
\\?\C:\ProgramData\Microsoft\Windows\WER\Temp\WER.b51698b9-f29b-4f19-a36e-daeeff86817d.tmp.csv
\\?\C:\ProgramData\Microsoft\Windows\WER\Temp\WER.ea9c1d5b-c4e0-4bce-b32b-9bd562fc4184.tmp.txt
\\?\C:\ProgramData\Microsoft\Windows\WER\Temp\WER.b0a2cb1a-0f73-47a1-ae79-669ecf9d9b26.tmp.xml

These files may be available here:
\\?\C:\ProgramData\Microsoft\Windows\WER\ReportArchive\AppCrash_dllhost.exe_c84e8b408812b71d0a56c510f0a2151fcb63c7_e7c336b8_184312ba-a074-45d8-8409-2c277627086e

Analysis symbol: 
Rechecking for solution: 0
Report Id: 317ee5cf-6daa-475f-b56d-9db4c95dbb0f
Report Status: 268435456
Hashed bucket: c00013d530715c43fd5d62b623be1d28
Cab Guid: 0"
Error	20/06/2025 07:03:53	Application Error	1000	Application Crashing Events	"Faulting application name: dllhost.exe, version: 10.0.22621.1, time stamp: 0x05e70ed3
Faulting module name: unknown, version: 0.0.0.0, time stamp: 0x00000000
Exception code: 0xc0000005
Fault offset: 0x0000000000945dd6
Faulting process id: 0x0x8B5C
Faulting application start time: 0x0x1DBE176635393E9
Faulting application path: C:\Windows\system32\dllhost.exe
Faulting module path: unknown
Report Id: 317ee5cf-6daa-475f-b56d-9db4c95dbb0f
Faulting package full name: 
Faulting package-relative application ID: "
Information	20/06/2025 07:02:40	HotKeyServiceUWP	0	(2)	"The description for Event ID 0 from source HotKeyServiceUWP cannot be found. Either the component that raises this event is not installed on your local computer or the installation is corrupted. You can install or repair the component on the local computer.

If the event originated on another computer, the display information had to be saved with the event.

The following information was included with the event: 

HP Audio Analytics Service (8.10.46.337) in OnStart

The message resource is present but the message was not found in the message table
"
Information	20/06/2025 07:00:52	Microsoft-Windows-Complus	781	None	The COM+ sub system is suppressing duplicate event log entries for a duration of 86400 seconds.  The suppression timeout can be controlled by a REG_DWORD value named SuppressDuplicateDuration under the following registry key: HKLM\Software\Microsoft\COM3\Eventlog.
Information	20/06/2025 07:00:51	Windows Error Reporting	1001	None	"Fault bucket 2115955934357232936, type 4
Event Name: APPCRASH
Response: Not available
Cab Id: 0

Problem signature:
P1: dllhost.exe
P2: 10.0.22621.1
P3: 05e70ed3
P4: StackHash_f9d8
P5: 0.0.0.0
P6: 00000000
P7: c0000005
P8: PCH_9C_FROM_unknown+0x0000000000000000
P9: 
P10: 

Attached files:
\\?\C:\ProgramData\Microsoft\Windows\WER\Temp\WER.d2cbae2e-247e-4197-9d74-ee6a4a4b4c8f.tmp.mdmp
\\?\C:\ProgramData\Microsoft\Windows\WER\Temp\WER.6a57b027-d125-4972-9dc7-a9c3ea7cbd30.tmp.WERInternalMetadata.xml
WPR_initiated_DiagTrackMiniLogger_OneTrace_User_Logger_20250608_1_EC_0_inject.etl
\\?\C:\ProgramData\Microsoft\Windows\WER\Temp\WER.e19dc5f6-e6d1-4c70-9354-c89a2ee813be.tmp.etl
WPR_initiated_DiagTrackMiniLogger_WPR System Collector_inject.etl
\\?\C:\ProgramData\Microsoft\Windows\WER\Temp\WER.604d9488-5135-450c-ac61-4ca437d150fe.tmp.etl
\\?\C:\ProgramData\Microsoft\Windows\WER\Temp\WER.e31b3f29-b14b-4414-a05e-06bd0a8b457a.tmp.csv
\\?\C:\ProgramData\Microsoft\Windows\WER\Temp\WER.8a36a3ee-8b4f-4ec1-8171-80cd141eb4ed.tmp.txt
\\?\C:\ProgramData\Microsoft\Windows\WER\Temp\WER.c73c605b-6f47-496f-b584-dd7b0d390236.tmp.xml

These files may be available here:
\\?\C:\ProgramData\Microsoft\Windows\WER\ReportArchive\AppCrash_dllhost.exe_b7708e6112c3d3ea555e15432f2d9b42994b3d_e7c336b8_f9f4b90a-89f3-4a22-a2e5-d5602bea3c2f

Analysis symbol: 
Rechecking for solution: 0
Report Id: 51ccc9c5-703b-437a-9ec5-c833f121fd1e
Report Status: 268435456
Hashed bucket: c00013d530715c43fd5d62b623be1d28
Cab Guid: 0"
Error	20/06/2025 07:00:47	Application Error	1000	Application Crashing Events	"Faulting application name: dllhost.exe, version: 10.0.22621.1, time stamp: 0x05e70ed3
Faulting module name: unknown, version: 0.0.0.0, time stamp: 0x00000000
Exception code: 0xc0000005
Fault offset: 0x0000000000905dd6
Faulting process id: 0x0x60D8
Faulting application start time: 0x0x1DBE17646885D03
Faulting application path: C:\Windows\system32\dllhost.exe
Faulting module path: unknown
Report Id: 51ccc9c5-703b-437a-9ec5-c833f121fd1e
Faulting package full name: 
Faulting package-relative application ID: "
Information	20/06/2025 07:00:35	Windows Error Reporting	1001	None	"Fault bucket 1749154308405373022, type 4
Event Name: APPCRASH
Response: Not available
Cab Id: 0

Problem signature:
P1: vmware-usbarbitrator64.exe
P2: 20.10.0.0
P3: 669a1840
P4: StackHash_f9d8
P5: 0.0.0.0
P6: 00000000
P7: c0000005
P8: PCH_B0_FROM_unknown+0x0000000000000000
P9: 
P10: 

Attached files:
\\?\C:\ProgramData\Microsoft\Windows\WER\Temp\WER.9785a7c5-b405-487f-819e-fac6a088e0eb.tmp.mdmp
\\?\C:\ProgramData\Microsoft\Windows\WER\Temp\WER.194f91ed-e234-4f2c-bc9f-65e83fae53ee.tmp.WERInternalMetadata.xml
WPR_initiated_DiagTrackMiniLogger_OneTrace_User_Logger_20250608_1_EC_0_inject.etl
\\?\C:\ProgramData\Microsoft\Windows\WER\Temp\WER.f732ffcf-5936-4efd-8d3a-1a0dbf4fdd74.tmp.etl
WPR_initiated_DiagTrackMiniLogger_WPR System Collector_inject.etl
\\?\C:\ProgramData\Microsoft\Windows\WER\Temp\WER.35373808-0273-42d6-acb8-1525fa0ded58.tmp.etl
\\?\C:\ProgramData\Microsoft\Windows\WER\Temp\WER.54fd4325-ebbe-4d7a-b8ff-818befe63233.tmp.csv
\\?\C:\ProgramData\Microsoft\Windows\WER\Temp\WER.cfbddc36-067a-47cd-b7df-4f62d06184e5.tmp.txt
\\?\C:\ProgramData\Microsoft\Windows\WER\Temp\WER.34577e8d-d147-4cba-8039-e06d5695ea84.tmp.xml

These files may be available here:
\\?\C:\ProgramData\Microsoft\Windows\WER\ReportArchive\AppCrash_vmware-usbarbitr_584f101572da5e74f5386f63b7f1acc7fec390_17c75580_88e8d3f2-40d8-4c93-b9c9-f9d729daf658

Analysis symbol: 
Rechecking for solution: 0
Report Id: 82994f09-9435-4714-acab-29f8a4c31d53
Report Status: 268435456
Hashed bucket: f1ca7ee4517e896fa8463e9379d8a85e
Cab Guid: 0"
Error	20/06/2025 07:00:31	Application Error	1000	Application Crashing Events	"Faulting application name: vmware-usbarbitrator64.exe, version: 20.10.0.0, time stamp: 0x669a1840
Faulting module name: unknown, version: 0.0.0.0, time stamp: 0x00000000
Exception code: 0xc0000005
Fault offset: 0x0000000000f15dd6
Faulting process id: 0x0x23A0
Faulting application start time: 0x0x1DBE175C9789862
Faulting application path: C:\Program Files (x86)\Common Files\VMware\USB\vmware-usbarbitrator64.exe
Faulting module path: unknown
Report Id: 82994f09-9435-4714-acab-29f8a4c31d53
Faulting package full name: 
Faulting package-relative application ID: "
Information	20/06/2025 07:00:19	Windows Error Reporting	1001	None	"Fault bucket 2120996873715200844, type 4
Event Name: APPCRASH
Response: Not available
Cab Id: 0

Problem signature:
P1: HotKeyServiceUWP.exe
P2: 8.10.46.337
P3: 67ee32ff
P4: StackHash_f9d8
P5: 0.0.0.0
P6: 00000000
P7: c0000005
P8: PCH_4D_FROM_unknown+0x0000000000000000
P9: 
P10: 

Attached files:
\\?\C:\ProgramData\Microsoft\Windows\WER\Temp\WER.e74e9ed7-3dce-4174-8c6a-a270322a4412.tmp.mdmp
\\?\C:\ProgramData\Microsoft\Windows\WER\Temp\WER.088c46f1-39c8-434d-a984-0a1197102771.tmp.WERInternalMetadata.xml
WPR_initiated_DiagTrackMiniLogger_OneTrace_User_Logger_20250608_1_EC_0_inject.etl
\\?\C:\ProgramData\Microsoft\Windows\WER\Temp\WER.cf0b6419-17cb-4332-8dc7-bafe55c9035f.tmp.etl
WPR_initiated_DiagTrackMiniLogger_WPR System Collector_inject.etl
\\?\C:\ProgramData\Microsoft\Windows\WER\Temp\WER.38f2c6df-47cd-42fd-8d64-3fa7919b46d8.tmp.etl
\\?\C:\ProgramData\Microsoft\Windows\WER\Temp\WER.1a313928-f508-44d6-8d62-649c464bc601.tmp.csv
\\?\C:\ProgramData\Microsoft\Windows\WER\Temp\WER.6ba6aac5-8546-43d5-82bc-863e47b7bba6.tmp.txt
\\?\C:\ProgramData\Microsoft\Windows\WER\Temp\WER.14fb2bca-ed81-49d8-a8fc-7af6023aec7c.tmp.xml

These files may be available here:
\\?\C:\ProgramData\Microsoft\Windows\WER\ReportArchive\AppCrash_HotKeyServiceUWP_478859a463e2e96eb08453989311349e65a142_b8181675_dae84b89-df83-40db-a49b-9c9174525e21

Analysis symbol: 
Rechecking for solution: 0
Report Id: 7aa77cf4-d6f3-46cf-b89e-e73a53b2cd19
Report Status: 268435456
Hashed bucket: dfa1cf850c1ffe22dd6f4b6b4b82334c
Cab Guid: 0"
Error	20/06/2025 07:00:15	Application Error	1000	Application Crashing Events	"Faulting application name: HotKeyServiceUWP.exe, version: 8.10.46.337, time stamp: 0x67ee32ff
Faulting module name: unknown, version: 0.0.0.0, time stamp: 0x00000000
Exception code: 0xc0000005
Fault offset: 0x0000000000f55dd6
Faulting process id: 0x0x6150
Faulting application start time: 0x0x1DBE175ED36176E
Faulting application path: C:\Windows\System32\DriverStore\FileRepository\hpqkbsoftwarecompnent.inf_amd64_a22c6a91e05f8cee\HotKeyServiceUWP.exe
Faulting module path: unknown
Report Id: 7aa77cf4-d6f3-46cf-b89e-e73a53b2cd19
Faulting package full name: 
Faulting package-relative application ID: "
Information	20/06/2025 07:00:04	Microsoft-Windows-Complus	781	None	The COM+ sub system is suppressing duplicate event log entries for a duration of 86400 seconds.  The suppression timeout can be controlled by a REG_DWORD value named SuppressDuplicateDuration under the following registry key: HKLM\Software\Microsoft\COM3\Eventlog.
Information	20/06/2025 07:00:03	Windows Error Reporting	1001	None	"Fault bucket 2115955934357232936, type 4
Event Name: APPCRASH
Response: Not available
Cab Id: 0

Problem signature:
P1: dllhost.exe
P2: 10.0.22621.1
P3: 05e70ed3
P4: StackHash_f9d8
P5: 0.0.0.0
P6: 00000000
P7: c0000005
P8: PCH_9C_FROM_unknown+0x0000000000000000
P9: 
P10: 

Attached files:
\\?\C:\ProgramData\Microsoft\Windows\WER\Temp\WER.2e9a12e3-8162-475f-bb42-1bb6643f82f2.tmp.mdmp
\\?\C:\ProgramData\Microsoft\Windows\WER\Temp\WER.78104a6d-6426-4d03-86c8-cec4283aabf6.tmp.WERInternalMetadata.xml
WPR_initiated_DiagTrackMiniLogger_OneTrace_User_Logger_20250608_1_EC_0_inject.etl
\\?\C:\ProgramData\Microsoft\Windows\WER\Temp\WER.b39088b1-360c-47ee-af1a-3f2cd44079b8.tmp.etl
WPR_initiated_DiagTrackMiniLogger_WPR System Collector_inject.etl
\\?\C:\ProgramData\Microsoft\Windows\WER\Temp\WER.f7f636a3-1fdf-48eb-bc26-5ce9dec87c33.tmp.etl
\\?\C:\ProgramData\Microsoft\Windows\WER\Temp\WER.467fd568-3585-4b68-8ff2-ec8bd9548771.tmp.csv
\\?\C:\ProgramData\Microsoft\Windows\WER\Temp\WER.5d3fe6ed-c244-479f-9778-87ba07b9cc79.tmp.txt
\\?\C:\ProgramData\Microsoft\Windows\WER\Temp\WER.5f94f600-8ef3-408a-ba2f-be2e6c8814b5.tmp.xml

These files may be available here:
\\?\C:\ProgramData\Microsoft\Windows\WER\ReportArchive\AppCrash_dllhost.exe_b7708e6112c3d3ea555e15432f2d9b42994b3d_e7c336b8_bf9ece5b-bf50-4b0b-9fdf-673f0f67f0de

Analysis symbol: 
Rechecking for solution: 0
Report Id: 461a0768-bed9-44e9-ad3e-7c074056dd9e
Report Status: 2147487744
Hashed bucket: c00013d530715c43fd5d62b623be1d28
Cab Guid: 0"
Error	20/06/2025 06:59:59	Application Error	1000	Application Crashing Events	"Faulting application name: dllhost.exe, version: 10.0.22621.1, time stamp: 0x05e70ed3
Faulting module name: unknown, version: 0.0.0.0, time stamp: 0x00000000
Exception code: 0xc0000005
Fault offset: 0x0000000000905dd6
Faulting process id: 0x0x90C
Faulting application start time: 0x0x1DBE175D75391AC
Faulting application path: C:\Windows\system32\dllhost.exe
Faulting module path: unknown
Report Id: 461a0768-bed9-44e9-ad3e-7c074056dd9e
Faulting package full name: 
Faulting package-relative application ID: "
Information	20/06/2025 06:57:34	HotKeyServiceUWP	0	(2)	"The description for Event ID 0 from source HotKeyServiceUWP cannot be found. Either the component that raises this event is not installed on your local computer or the installation is corrupted. You can install or repair the component on the local computer.

If the event originated on another computer, the display information had to be saved with the event.

The following information was included with the event: 

RpcServerMonitoringThread - Entry

The message resource is present but the message was not found in the message table
"
Information	20/06/2025 06:57:34	HotKeyServiceUWP	0	(2)	"The description for Event ID 0 from source HotKeyServiceUWP cannot be found. Either the component that raises this event is not installed on your local computer or the installation is corrupted. You can install or repair the component on the local computer.

If the event originated on another computer, the display information had to be saved with the event.

The following information was included with the event: 

HP Hotkey UWP Service (8.10.46.337) in OnStart

The message resource is present but the message was not found in the message table
"
Information	20/06/2025 06:56:57	Microsoft-Windows-Complus	781	None	The COM+ sub system is suppressing duplicate event log entries for a duration of 86400 seconds.  The suppression timeout can be controlled by a REG_DWORD value named SuppressDuplicateDuration under the following registry key: HKLM\Software\Microsoft\COM3\Eventlog.
Information	20/06/2025 06:56:56	Windows Error Reporting	1001	None	"Fault bucket 2115955934357232936, type 4
Event Name: APPCRASH
Response: Not available
Cab Id: 0

Problem signature:
P1: dllhost.exe
P2: 10.0.22621.1
P3: 05e70ed3
P4: StackHash_f9d8
P5: 0.0.0.0
P6: 00000000
P7: c0000005
P8: PCH_BD_FROM_unknown+0x0000000000000000
P9: 
P10: 

Attached files:
\\?\C:\ProgramData\Microsoft\Windows\WER\Temp\WER.d7979809-7ca0-44c1-88c7-9b3b55525d68.tmp.mdmp
\\?\C:\ProgramData\Microsoft\Windows\WER\Temp\WER.19a126e5-0940-41b7-9ac7-a1efbe56c360.tmp.WERInternalMetadata.xml
WPR_initiated_DiagTrackMiniLogger_OneTrace_User_Logger_20250608_1_EC_0_inject.etl
\\?\C:\ProgramData\Microsoft\Windows\WER\Temp\WER.3a682aee-4820-4448-9b5d-e0627e0abbf8.tmp.etl
WPR_initiated_DiagTrackMiniLogger_WPR System Collector_inject.etl
\\?\C:\ProgramData\Microsoft\Windows\WER\Temp\WER.dc1a4ad0-f422-42e0-b54b-93ef70e41797.tmp.etl
\\?\C:\ProgramData\Microsoft\Windows\WER\Temp\WER.ad815fda-b49f-4ad2-b47d-cc69ea16c309.tmp.csv
\\?\C:\ProgramData\Microsoft\Windows\WER\Temp\WER.e8cac7ee-5f98-42d8-b038-538e8b581262.tmp.txt
\\?\C:\ProgramData\Microsoft\Windows\WER\Temp\WER.48c9dfe6-f00e-4615-999d-493adb9c6971.tmp.xml

These files may be available here:
\\?\C:\ProgramData\Microsoft\Windows\WER\ReportArchive\AppCrash_dllhost.exe_2f1736239951e2988ff4580aea19c84bd33c497_e7c336b8_d3540cb4-b62b-4089-8833-a3a38797e6d7

Analysis symbol: 
Rechecking for solution: 0
Report Id: b4a9a0a0-def4-4501-a1a5-41363be93032
Report Status: 268435456
Hashed bucket: c00013d530715c43fd5d62b623be1d28
Cab Guid: 0"
Error	20/06/2025 06:56:52	Application Error	1000	Application Crashing Events	"Faulting application name: dllhost.exe, version: 10.0.22621.1, time stamp: 0x05e70ed3
Faulting module name: unknown, version: 0.0.0.0, time stamp: 0x00000000
Exception code: 0xc0000005
Fault offset: 0x0000000000935dd6
Faulting process id: 0x0x5758
Faulting application start time: 0x0x1DBE1750DB1A0CE
Faulting application path: C:\Windows\system32\dllhost.exe
Faulting module path: unknown
Report Id: b4a9a0a0-def4-4501-a1a5-41363be93032
Faulting package full name: 
Faulting package-relative application ID: "
Information	20/06/2025 06:56:40	Windows Error Reporting	1001	None	"Fault bucket 1833580701306877483, type 4
Event Name: APPCRASH
Response: Not available
Cab Id: 0

Problem signature:
P1: HPAudioAnalytics.exe
P2: 8.10.46.337
P3: 67ee326a
P4: StackHash_f9d8
P5: 0.0.0.0
P6: 00000000
P7: c0000005
P8: PCH_4D_FROM_unknown+0x0000000000000000
P9: 
P10: 

Attached files:
\\?\C:\ProgramData\Microsoft\Windows\WER\Temp\WER.b9a23756-024a-43c1-b289-4b304037ad0e.tmp.mdmp
\\?\C:\ProgramData\Microsoft\Windows\WER\Temp\WER.def48cc6-5b98-4292-abaf-2fc9721e6356.tmp.WERInternalMetadata.xml
WPR_initiated_DiagTrackMiniLogger_OneTrace_User_Logger_20250608_1_EC_0_inject.etl
\\?\C:\ProgramData\Microsoft\Windows\WER\Temp\WER.cfda3f2b-ded2-47e7-ba59-b050e82007ae.tmp.etl
WPR_initiated_DiagTrackMiniLogger_WPR System Collector_inject.etl
\\?\C:\ProgramData\Microsoft\Windows\WER\Temp\WER.4d845b8d-e890-41b7-b99b-7bd0d5f44a5f.tmp.etl
\\?\C:\ProgramData\Microsoft\Windows\WER\Temp\WER.c4eda030-26d5-419b-ab51-aaa3ff36a531.tmp.csv
\\?\C:\ProgramData\Microsoft\Windows\WER\Temp\WER.b2e20ec8-a64d-4d5d-aa10-b1e9b1e67767.tmp.txt
\\?\C:\ProgramData\Microsoft\Windows\WER\Temp\WER.129fbc26-f77c-467c-9a66-1834253e0cb7.tmp.xml

These files may be available here:
\\?\C:\ProgramData\Microsoft\Windows\WER\ReportArchive\AppCrash_HPAudioAnalytics_914b412fe8078186ff8db7c2a4f2b74c9c48_fe948d19_a5cbe2ce-2564-4a08-80ec-72d6a4e1e14f

Analysis symbol: 
Rechecking for solution: 0
Report Id: 8f5faa93-ab6c-4fa4-8398-1f4f845beb71
Report Status: 268435456
Hashed bucket: c52742e85a88a80ca9722feee068762b
Cab Guid: 0"
Error	20/06/2025 06:56:36	Application Error	1000	Application Crashing Events	"Faulting application name: HPAudioAnalytics.exe, version: 8.10.46.337, time stamp: 0x67ee326a
Faulting module name: unknown, version: 0.0.0.0, time stamp: 0x00000000
Exception code: 0xc0000005
Fault offset: 0x0000000000f55dd6
Faulting process id: 0x0x760
Faulting application start time: 0x0x1DBE175AF1C51BC
Faulting application path: C:\Windows\System32\DriverStore\FileRepository\hpqkbsoftwarecompnent.inf_amd64_a22c6a91e05f8cee\HPAudioAnalytics.exe
Faulting module path: unknown
Report Id: 8f5faa93-ab6c-4fa4-8398-1f4f845beb71
Faulting package full name: 
Faulting package-relative application ID: "
Information	20/06/2025 06:56:24	Windows Error Reporting	1001	None	"Fault bucket 1749154308405373022, type 4
Event Name: APPCRASH
Response: Not available
Cab Id: 0

Problem signature:
P1: vmware-usbarbitrator64.exe
P2: 20.10.0.0
P3: 669a1840
P4: StackHash_f9d8
P5: 0.0.0.0
P6: 00000000
P7: c0000005
P8: PCH_B0_FROM_unknown+0x0000000000000000
P9: 
P10: 

Attached files:
\\?\C:\ProgramData\Microsoft\Windows\WER\Temp\WER.da699895-796b-4035-ab26-52716dde1461.tmp.mdmp
\\?\C:\ProgramData\Microsoft\Windows\WER\Temp\WER.63b79f47-b911-4d87-829d-4ac1d76a1189.tmp.WERInternalMetadata.xml
WPR_initiated_DiagTrackMiniLogger_OneTrace_User_Logger_20250608_1_EC_0_inject.etl
\\?\C:\ProgramData\Microsoft\Windows\WER\Temp\WER.d0223a61-77ae-4bdb-9291-e0739b53fd2d.tmp.etl
WPR_initiated_DiagTrackMiniLogger_WPR System Collector_inject.etl
\\?\C:\ProgramData\Microsoft\Windows\WER\Temp\WER.db2ee8f0-985b-498b-a15e-1fd641e95fbb.tmp.etl
\\?\C:\ProgramData\Microsoft\Windows\WER\Temp\WER.4e039a29-efb8-4521-9887-1faa60f5f3d1.tmp.csv
\\?\C:\ProgramData\Microsoft\Windows\WER\Temp\WER.b7be9460-6025-4696-8ad1-1051d8905654.tmp.txt
\\?\C:\ProgramData\Microsoft\Windows\WER\Temp\WER.31442a28-9b32-4ef4-8feb-22f83ebb3ced.tmp.xml

These files may be available here:
\\?\C:\ProgramData\Microsoft\Windows\WER\ReportArchive\AppCrash_vmware-usbarbitr_584f101572da5e74f5386f63b7f1acc7fec390_17c75580_8cf1f38d-02e0-475a-b13f-01f521e08aa4

Analysis symbol: 
Rechecking for solution: 0
Report Id: 42be119c-d9ae-4d04-8513-c316c27fa939
Report Status: 268435456
Hashed bucket: f1ca7ee4517e896fa8463e9379d8a85e
Cab Guid: 0"
Error	20/06/2025 06:56:21	Application Error	1000	Application Crashing Events	"Faulting application name: vmware-usbarbitrator64.exe, version: 20.10.0.0, time stamp: 0x669a1840
Faulting module name: unknown, version: 0.0.0.0, time stamp: 0x00000000
Exception code: 0xc0000005
Fault offset: 0x0000000000f15dd6
Faulting process id: 0x0x1CD0
Faulting application start time: 0x0x1DBE175951A946E
Faulting application path: C:\Program Files (x86)\Common Files\VMware\USB\vmware-usbarbitrator64.exe
Faulting module path: unknown
Report Id: 42be119c-d9ae-4d04-8513-c316c27fa939
Faulting package full name: 
Faulting package-relative application ID: "
Information	20/06/2025 06:55:50	HotKeyServiceUWP	0	(2)	"The description for Event ID 0 from source HotKeyServiceUWP cannot be found. Either the component that raises this event is not installed on your local computer or the installation is corrupted. You can install or repair the component on the local computer.

If the event originated on another computer, the display information had to be saved with the event.

The following information was included with the event: 

HP Audio Analytics Service (8.10.46.337) in OnStart

The message resource is present but the message was not found in the message table
"
Information	20/06/2025 06:54:56	Windows Error Reporting	1001	None	"Fault bucket 1749154308405373022, type 4
Event Name: APPCRASH
Response: Not available
Cab Id: 0

Problem signature:
P1: vmware-usbarbitrator64.exe
P2: 20.10.0.0
P3: 669a1840
P4: StackHash_f9d8
P5: 0.0.0.0
P6: 00000000
P7: c0000005
P8: PCH_00_FROM_unknown+0x0000000000000000
P9: 
P10: 

Attached files:
\\?\C:\ProgramData\Microsoft\Windows\WER\Temp\WER.526580aa-dd64-40f6-90a4-41703b12aa68.tmp.mdmp
\\?\C:\ProgramData\Microsoft\Windows\WER\Temp\WER.44583a91-1ae7-411e-aaff-3fb4df359228.tmp.WERInternalMetadata.xml
WPR_initiated_DiagTrackMiniLogger_OneTrace_User_Logger_20250608_1_EC_0_inject.etl
\\?\C:\ProgramData\Microsoft\Windows\WER\Temp\WER.6579c312-109f-4ed9-bf0f-25f9570deb54.tmp.etl
WPR_initiated_DiagTrackMiniLogger_WPR System Collector_inject.etl
\\?\C:\ProgramData\Microsoft\Windows\WER\Temp\WER.b7baff66-8bbf-449b-91ad-c6eca3f678ed.tmp.etl
\\?\C:\ProgramData\Microsoft\Windows\WER\Temp\WER.8a06702f-8cb3-42ea-b9c6-a7363b83bfed.tmp.csv
\\?\C:\ProgramData\Microsoft\Windows\WER\Temp\WER.dbfc2273-b3d1-4891-85b4-f8f11be6a954.tmp.txt
\\?\C:\ProgramData\Microsoft\Windows\WER\Temp\WER.edc0d89d-4d13-4897-b818-d8d5ca589f65.tmp.xml

These files may be available here:
\\?\C:\ProgramData\Microsoft\Windows\WER\ReportArchive\AppCrash_vmware-usbarbitr_1ec8c11773b06963b63627bb8c4cbf537b17c25_17c75580_d2cf5585-7be2-4700-89af-ef1ad2e051e1

Analysis symbol: 
Rechecking for solution: 0
Report Id: 316613c0-a9d2-4ca5-b48d-cac9a28c4a8c
Report Status: 268435456
Hashed bucket: f1ca7ee4517e896fa8463e9379d8a85e
Cab Guid: 0"
Error	20/06/2025 06:54:52	Application Error	1000	Application Crashing Events	"Faulting application name: vmware-usbarbitrator64.exe, version: 20.10.0.0, time stamp: 0x669a1840
Faulting module name: unknown, version: 0.0.0.0, time stamp: 0x00000000
Exception code: 0xc0000005
Fault offset: 0x0000000000f05dd6
Faulting process id: 0x0x337C
Faulting application start time: 0x0x1DBE175263C438C
Faulting application path: C:\Program Files (x86)\Common Files\VMware\USB\vmware-usbarbitrator64.exe
Faulting module path: unknown
Report Id: 316613c0-a9d2-4ca5-b48d-cac9a28c4a8c
Faulting package full name: 
Faulting package-relative application ID: "
Information	20/06/2025 06:51:50	Windows Error Reporting	1001	None	"Fault bucket 1749154308405373022, type 4
Event Name: APPCRASH
Response: Not available
Cab Id: 0

Problem signature:
P1: vmware-usbarbitrator64.exe
P2: 20.10.0.0
P3: 669a1840
P4: StackHash_f9d8
P5: 0.0.0.0
P6: 00000000
P7: c0000005
P8: PCH_C2_FROM_unknown+0x0000000000000000
P9: 
P10: 

Attached files:
\\?\C:\ProgramData\Microsoft\Windows\WER\Temp\WER.51e9da85-1913-4ebd-b1f7-8e9b31045fe3.tmp.mdmp
\\?\C:\ProgramData\Microsoft\Windows\WER\Temp\WER.b28ac9f8-192b-4bf2-b1a0-057664649534.tmp.WERInternalMetadata.xml
WPR_initiated_DiagTrackMiniLogger_OneTrace_User_Logger_20250608_1_EC_0_inject.etl
\\?\C:\ProgramData\Microsoft\Windows\WER\Temp\WER.db236e20-66a9-4ac5-85b7-2da8c416a58c.tmp.etl
WPR_initiated_DiagTrackMiniLogger_WPR System Collector_inject.etl
\\?\C:\ProgramData\Microsoft\Windows\WER\Temp\WER.881b6b6a-babe-4827-bc26-37b42f0b1677.tmp.etl
\\?\C:\ProgramData\Microsoft\Windows\WER\Temp\WER.d479652b-8bd5-4ed1-beb7-8168474ebf92.tmp.csv
\\?\C:\ProgramData\Microsoft\Windows\WER\Temp\WER.16366d11-dda4-42b9-9d04-fd54547c3de3.tmp.txt
\\?\C:\ProgramData\Microsoft\Windows\WER\Temp\WER.c80203c5-7a9a-4e73-be64-3c72198a372f.tmp.xml

These files may be available here:
\\?\C:\ProgramData\Microsoft\Windows\WER\ReportArchive\AppCrash_vmware-usbarbitr_ae965550e4d8788fdb87659ec96ef0be4bc43bb9_17c75580_47d25ba7-d5a5-4abf-a07c-fd0ea15a8ac8

Analysis symbol: 
Rechecking for solution: 0
Report Id: 706592f0-cc2e-427a-a1b5-1e640736aa00
Report Status: 268435456
Hashed bucket: f1ca7ee4517e896fa8463e9379d8a85e
Cab Guid: 0"
Error	20/06/2025 06:51:47	Application Error	1000	Application Crashing Events	"Faulting application name: vmware-usbarbitrator64.exe, version: 20.10.0.0, time stamp: 0x669a1840
Faulting module name: unknown, version: 0.0.0.0, time stamp: 0x00000000
Exception code: 0xc0000005
Fault offset: 0x0000000000ef5dd6
Faulting process id: 0x0x4BFC
Faulting application start time: 0x0x1DBE1745D2D38EA
Faulting application path: C:\Program Files (x86)\Common Files\VMware\USB\vmware-usbarbitrator64.exe
Faulting module path: unknown
Report Id: 706592f0-cc2e-427a-a1b5-1e640736aa00
Faulting package full name: 
Faulting package-relative application ID: "
Information	20/06/2025 06:51:34	Windows Error Reporting	1001	None	"Fault bucket 2120996873715200844, type 4
Event Name: APPCRASH
Response: Not available
Cab Id: 0

Problem signature:
P1: HotKeyServiceUWP.exe
P2: 8.10.46.337
P3: 67ee32ff
P4: StackHash_f9d8
P5: 0.0.0.0
P6: 00000000
P7: c0000005
P8: PCH_38_FROM_unknown+0x0000000000000000
P9: 
P10: 

Attached files:
\\?\C:\ProgramData\Microsoft\Windows\WER\Temp\WER.9cedf0a7-e0c4-49b3-8fcd-8ea4c21976a3.tmp.mdmp
\\?\C:\ProgramData\Microsoft\Windows\WER\Temp\WER.543de144-e1ce-4b32-8315-444d11fd9857.tmp.WERInternalMetadata.xml
WPR_initiated_DiagTrackMiniLogger_OneTrace_User_Logger_20250608_1_EC_0_inject.etl
\\?\C:\ProgramData\Microsoft\Windows\WER\Temp\WER.d83d7b88-2156-4362-9f54-d98621e50f55.tmp.etl
WPR_initiated_DiagTrackMiniLogger_WPR System Collector_inject.etl
\\?\C:\ProgramData\Microsoft\Windows\WER\Temp\WER.78e81d76-e260-49a0-b1a9-df3b46a6f6b3.tmp.etl
\\?\C:\ProgramData\Microsoft\Windows\WER\Temp\WER.3d22a794-ca60-4cb3-9c64-66997cb1640e.tmp.csv
\\?\C:\ProgramData\Microsoft\Windows\WER\Temp\WER.867cd99a-8bde-4ace-b24b-df39289c19aa.tmp.txt
\\?\C:\ProgramData\Microsoft\Windows\WER\Temp\WER.a1d69eb5-9630-4bfd-b531-6f9b67016506.tmp.xml

These files may be available here:
\\?\C:\ProgramData\Microsoft\Windows\WER\ReportArchive\AppCrash_HotKeyServiceUWP_63c3c5df9390288183ece9d79495af785dae3b_b8181675_0d287f3a-7c6a-414d-aa3e-6a9f3ec58d3b

Analysis symbol: 
Rechecking for solution: 0
Report Id: 45412c06-8306-43e2-8023-afef39ded951
Report Status: 268435456
Hashed bucket: dfa1cf850c1ffe22dd6f4b6b4b82334c
Cab Guid: 0"
Error	20/06/2025 06:51:30	Application Error	1000	Application Crashing Events	"Faulting application name: HotKeyServiceUWP.exe, version: 8.10.46.337, time stamp: 0x67ee32ff
Faulting module name: unknown, version: 0.0.0.0, time stamp: 0x00000000
Exception code: 0xc0000005
Fault offset: 0x0000000000f45dd6
Faulting process id: 0x0x2EE0
Faulting application start time: 0x0x1DBE174F90558EC
Faulting application path: C:\Windows\System32\DriverStore\FileRepository\hpqkbsoftwarecompnent.inf_amd64_a22c6a91e05f8cee\HotKeyServiceUWP.exe
Faulting module path: unknown
Report Id: 45412c06-8306-43e2-8023-afef39ded951
Faulting package full name: 
Faulting package-relative application ID: "
Information	20/06/2025 06:51:19	Microsoft-Windows-Complus	781	None	The COM+ sub system is suppressing duplicate event log entries for a duration of 86400 seconds.  The suppression timeout can be controlled by a REG_DWORD value named SuppressDuplicateDuration under the following registry key: HKLM\Software\Microsoft\COM3\Eventlog.
Information	20/06/2025 06:51:18	Windows Error Reporting	1001	None	"Fault bucket 2115955934357232936, type 4
Event Name: APPCRASH
Response: Not available
Cab Id: 0

Problem signature:
P1: dllhost.exe
P2: 10.0.22621.1
P3: 05e70ed3
P4: StackHash_f9d8
P5: 0.0.0.0
P6: 00000000
P7: c0000005
P8: PCH_9C_FROM_unknown+0x0000000000000000
P9: 
P10: 

Attached files:
\\?\C:\ProgramData\Microsoft\Windows\WER\Temp\WER.8fb7e7e7-ee57-4eaf-9986-bc93ba39f9dd.tmp.mdmp
\\?\C:\ProgramData\Microsoft\Windows\WER\Temp\WER.82eac8c3-a9e4-47f1-9158-3f333ca5d591.tmp.WERInternalMetadata.xml
WPR_initiated_DiagTrackMiniLogger_OneTrace_User_Logger_20250608_1_EC_0_inject.etl
\\?\C:\ProgramData\Microsoft\Windows\WER\Temp\WER.32336e39-a84e-41fc-854e-04c6729be2af.tmp.etl
WPR_initiated_DiagTrackMiniLogger_WPR System Collector_inject.etl
\\?\C:\ProgramData\Microsoft\Windows\WER\Temp\WER.4c71c380-46fb-4065-b621-a2a4e717a3ae.tmp.etl
\\?\C:\ProgramData\Microsoft\Windows\WER\Temp\WER.c649eda9-4e93-44cd-b499-7696ae7176ec.tmp.csv
\\?\C:\ProgramData\Microsoft\Windows\WER\Temp\WER.23dacce9-9e4e-447e-958e-27b1fd8ee633.tmp.txt
\\?\C:\ProgramData\Microsoft\Windows\WER\Temp\WER.a632827f-787e-4812-9f4b-bb6d804006a0.tmp.xml

These files may be available here:
\\?\C:\ProgramData\Microsoft\Windows\WER\ReportArchive\AppCrash_dllhost.exe_b7708e6112c3d3ea555e15432f2d9b42994b3d_e7c336b8_69684ca8-c7aa-40b7-99f0-b592adb5fb17

Analysis symbol: 
Rechecking for solution: 0
Report Id: f06c0892-d144-46f0-a36c-fc148016ffb2
Report Status: 268435456
Hashed bucket: c00013d530715c43fd5d62b623be1d28
Cab Guid: 0"
Error	20/06/2025 06:51:14	Application Error	1000	Application Crashing Events	"Faulting application name: dllhost.exe, version: 10.0.22621.1, time stamp: 0x05e70ed3
Faulting module name: unknown, version: 0.0.0.0, time stamp: 0x00000000
Exception code: 0xc0000005
Fault offset: 0x0000000000905dd6
Faulting process id: 0x0x6614
Faulting application start time: 0x0x1DBE174CFEB3B94
Faulting application path: C:\Windows\system32\dllhost.exe
Faulting module path: unknown
Report Id: f06c0892-d144-46f0-a36c-fc148016ffb2
Faulting package full name: 
Faulting package-relative application ID: "
Information	20/06/2025 06:50:44	HotKeyServiceUWP	0	(2)	"The description for Event ID 0 from source HotKeyServiceUWP cannot be found. Either the component that raises this event is not installed on your local computer or the installation is corrupted. You can install or repair the component on the local computer.

If the event originated on another computer, the display information had to be saved with the event.

The following information was included with the event: 

RpcServerMonitoringThread - Entry

The message resource is present but the message was not found in the message table
"
Information	20/06/2025 06:50:44	HotKeyServiceUWP	0	(2)	"The description for Event ID 0 from source HotKeyServiceUWP cannot be found. Either the component that raises this event is not installed on your local computer or the installation is corrupted. You can install or repair the component on the local computer.

If the event originated on another computer, the display information had to be saved with the event.

The following information was included with the event: 

HP Hotkey UWP Service (8.10.46.337) in OnStart

The message resource is present but the message was not found in the message table
"
Information	20/06/2025 06:49:50	Windows Error Reporting	1001	None	"Fault bucket 1833580701306877483, type 4
Event Name: APPCRASH
Response: Not available
Cab Id: 0

Problem signature:
P1: HPAudioAnalytics.exe
P2: 8.10.46.337
P3: 67ee326a
P4: StackHash_f9d8
P5: 0.0.0.0
P6: 00000000
P7: c0000005
P8: PCH_38_FROM_unknown+0x0000000000000000
P9: 
P10: 

Attached files:
\\?\C:\ProgramData\Microsoft\Windows\WER\Temp\WER.9b1ecfb3-d061-4bd0-8b47-8e190727d703.tmp.mdmp
\\?\C:\ProgramData\Microsoft\Windows\WER\Temp\WER.192aff59-a628-44db-9fbb-9da4d369cc56.tmp.WERInternalMetadata.xml
WPR_initiated_DiagTrackMiniLogger_OneTrace_User_Logger_20250608_1_EC_0_inject.etl
\\?\C:\ProgramData\Microsoft\Windows\WER\Temp\WER.a992ad01-7c20-4e66-822b-0daae60d4172.tmp.etl
WPR_initiated_DiagTrackMiniLogger_WPR System Collector_inject.etl
\\?\C:\ProgramData\Microsoft\Windows\WER\Temp\WER.6d313dfd-6f18-499d-8e4c-da2a2582b20f.tmp.etl
\\?\C:\ProgramData\Microsoft\Windows\WER\Temp\WER.efc5fb97-304c-4642-ab31-3b6f32de2c56.tmp.csv
\\?\C:\ProgramData\Microsoft\Windows\WER\Temp\WER.3c1334d2-c7d1-440e-9b92-bcdc499ec993.tmp.txt
\\?\C:\ProgramData\Microsoft\Windows\WER\Temp\WER.f73fac7c-4cf6-4080-902d-e1bb95ccdf65.tmp.xml

These files may be available here:
\\?\C:\ProgramData\Microsoft\Windows\WER\ReportArchive\AppCrash_HPAudioAnalytics_8c1bca597134a7527afd6340d0d8e5654859_fe948d19_e716a8ef-5274-4de6-82a0-d231d13f7969

Analysis symbol: 
Rechecking for solution: 0
Report Id: a2451e87-664b-414f-9a1a-261d9d47fcf7
Report Status: 268435456
Hashed bucket: c52742e85a88a80ca9722feee068762b
Cab Guid: 0"
Error	20/06/2025 06:49:46	Application Error	1000	Application Crashing Events	"Faulting application name: HPAudioAnalytics.exe, version: 8.10.46.337, time stamp: 0x67ee326a
Faulting module name: unknown, version: 0.0.0.0, time stamp: 0x00000000
Exception code: 0xc0000005
Fault offset: 0x0000000000f45dd6
Faulting process id: 0x0x4634
Faulting application start time: 0x0x1DBE174BAF721A1
Faulting application path: C:\Windows\System32\DriverStore\FileRepository\hpqkbsoftwarecompnent.inf_amd64_a22c6a91e05f8cee\HPAudioAnalytics.exe
Faulting module path: unknown
Report Id: a2451e87-664b-414f-9a1a-261d9d47fcf7
Faulting package full name: 
Faulting package-relative application ID: "
Information	20/06/2025 06:49:35	Microsoft-Windows-Complus	781	None	The COM+ sub system is suppressing duplicate event log entries for a duration of 86400 seconds.  The suppression timeout can be controlled by a REG_DWORD value named SuppressDuplicateDuration under the following registry key: HKLM\Software\Microsoft\COM3\Eventlog.
Information	20/06/2025 06:49:34	Windows Error Reporting	1001	None	"Fault bucket 2115955934357232936, type 4
Event Name: APPCRASH
Response: Not available
Cab Id: 0

Problem signature:
P1: dllhost.exe
P2: 10.0.22621.1
P3: 05e70ed3
P4: StackHash_f9d8
P5: 0.0.0.0
P6: 00000000
P7: c0000005
P8: PCH_9C_FROM_unknown+0x0000000000000000
P9: 
P10: 

Attached files:
\\?\C:\ProgramData\Microsoft\Windows\WER\Temp\WER.537b32be-2fbf-4cda-82b2-87d97e1c2503.tmp.mdmp
\\?\C:\ProgramData\Microsoft\Windows\WER\Temp\WER.c852efb3-219b-46b7-b34d-c6ae8a47d52c.tmp.WERInternalMetadata.xml
WPR_initiated_DiagTrackMiniLogger_OneTrace_User_Logger_20250608_1_EC_0_inject.etl
\\?\C:\ProgramData\Microsoft\Windows\WER\Temp\WER.aebc0a77-b17d-49c8-88f9-225263d24fd4.tmp.etl
WPR_initiated_DiagTrackMiniLogger_WPR System Collector_inject.etl
\\?\C:\ProgramData\Microsoft\Windows\WER\Temp\WER.5898e79b-a995-4801-8e6d-38ece0334a21.tmp.etl
\\?\C:\ProgramData\Microsoft\Windows\WER\Temp\WER.7485a80d-ecc0-472b-8db7-4eaaba592a5b.tmp.csv
\\?\C:\ProgramData\Microsoft\Windows\WER\Temp\WER.eef8fe57-2ce3-41cf-945e-0184cc30847b.tmp.txt
\\?\C:\ProgramData\Microsoft\Windows\WER\Temp\WER.643e93c3-d995-44d4-bec6-c57c9bf63e32.tmp.xml

These files may be available here:
\\?\C:\ProgramData\Microsoft\Windows\WER\ReportArchive\AppCrash_dllhost.exe_b7708e6112c3d3ea555e15432f2d9b42994b3d_e7c336b8_be883a50-21c8-4973-a4ae-9daf42d1a883

Analysis symbol: 
Rechecking for solution: 0
Report Id: dbed4ff3-6c89-42c5-ab8b-3caf9491334a
Report Status: 268435456
Hashed bucket: c00013d530715c43fd5d62b623be1d28
Cab Guid: 0"
Error	20/06/2025 06:49:31	Application Error	1000	Application Crashing Events	"Faulting application name: dllhost.exe, version: 10.0.22621.1, time stamp: 0x05e70ed3
Faulting module name: unknown, version: 0.0.0.0, time stamp: 0x00000000
Exception code: 0xc0000005
Fault offset: 0x0000000000905dd6
Faulting process id: 0x0x7B90
Faulting application start time: 0x0x1DBE17461576136
Faulting application path: C:\Windows\system32\dllhost.exe
Faulting module path: unknown
Report Id: dbed4ff3-6c89-42c5-ab8b-3caf9491334a
Faulting package full name: 
Faulting package-relative application ID: "
Information	20/06/2025 06:49:00	HotKeyServiceUWP	0	(2)	"The description for Event ID 0 from source HotKeyServiceUWP cannot be found. Either the component that raises this event is not installed on your local computer or the installation is corrupted. You can install or repair the component on the local computer.

If the event originated on another computer, the display information had to be saved with the event.

The following information was included with the event: 

HP Audio Analytics Service (8.10.46.337) in OnStart

The message resource is present but the message was not found in the message table
"
Information	20/06/2025 06:46:30	Microsoft-Windows-Complus	781	None	The COM+ sub system is suppressing duplicate event log entries for a duration of 86400 seconds.  The suppression timeout can be controlled by a REG_DWORD value named SuppressDuplicateDuration under the following registry key: HKLM\Software\Microsoft\COM3\Eventlog.
