Information	20/06/2025 09:22:25	Windows Error Reporting	1001	None	"Fault bucket 2115955934357232936, type 4
Event Name: APPCRASH
Response: Not available
Cab Id: 1885464638233110186

Problem signature:
P1: dllhost.exe
P2: 10.0.22621.1
P3: 05e70ed3
P4: StackHash_f9d8
P5: 0.0.0.0
P6: 00000000
P7: c0000005
P8: PCH_25_FROM_unknown+0x0000000000000000
P9: 
P10: 

Attached files:
\\?\C:\ProgramData\Microsoft\Windows\WER\Temp\WER.a64e9745-fe39-4c17-81ec-60b3c884e1c2.tmp.mdmp
\\?\C:\ProgramData\Microsoft\Windows\WER\Temp\WER.2d3d31b3-5475-48a3-9955-5e5028487744.tmp.WERInternalMetadata.xml
WPR_initiated_DiagTrackMiniLogger_OneTrace_User_Logger_20240808_1_EC_0_inject.etl
\\?\C:\ProgramData\Microsoft\Windows\WER\Temp\WER.9b1d4eea-a25d-40e6-b7b5-0812a85f5fc1.tmp.etl
WPR_initiated_DiagTrackMiniLogger_WPR System Collector_inject.etl
\\?\C:\ProgramData\Microsoft\Windows\WER\Temp\WER.98dfec34-1354-4d88-8ef2-4c313f19e583.tmp.etl
\\?\C:\ProgramData\Microsoft\Windows\WER\Temp\WER.fbf541fb-f174-49d3-8128-7d195ea3c0f6.tmp.csv
\\?\C:\ProgramData\Microsoft\Windows\WER\Temp\WER.073676b8-cbac-4c88-9dba-275918981b8d.tmp.txt
\\?\C:\ProgramData\Microsoft\Windows\WER\Temp\WER.d4277b89-5d9b-4040-b9b2-49c73d68fd7a.tmp.xml
\\?\C:\Windows\SystemTemp\WER.d09d913f-5d2f-41a0-b77c-519d665b4378.tmp.appcompat.txt
\\?\C:\Windows\SystemTemp\WER.b9e6dbb4-b55a-46a4-880e-81430ae6d32f.tmp.WERDataCollectionStatus.txt
memory.hdmp

These files may be available here:
\\?\C:\ProgramData\Microsoft\Windows\WER\ReportArchive\AppCrash_dllhost.exe_d6ff61f8caa49a4f3f6ec02b721a5b3b79_e7c336b8_cab_f7071699-0086-4939-9cb3-c148c3668257

Analysis symbol: 
Rechecking for solution: 0
Report Id: 0da177a8-2df6-4994-bf6f-7c103e6346fd
Report Status: 268485006
Hashed bucket: c00013d530715c43fd5d62b623be1d28
Cab Guid: a5a46a8f-d11b-4661-8a2a-84194e71e6aa"
Information	20/06/2025 09:22:19	Windows Error Reporting	1001	None	"Fault bucket 1883660801259629723, type 4
Event Name: APPCRASH
Response: Not available
Cab Id: 1966129558128155827

Problem signature:
P1: AcroTray.exe
P2: 22.1.20117.0
P3: 624e6596
P4: StackHash_f9d8
P5: 0.0.0.0
P6: 00000000
P7: c0000005
P8: PCH_E4_FROM_unknown+0x0000000000000000
P9: 
P10: 

Attached files:
\\?\C:\ProgramData\Microsoft\Windows\WER\Temp\WER.bb0f4ebd-f12a-463c-93f9-6ab068354156.tmp.mdmp
\\?\C:\ProgramData\Microsoft\Windows\WER\Temp\WER.345d7320-056b-45d7-88a9-f1d425b48881.tmp.WERInternalMetadata.xml
WPR_initiated_DiagTrackMiniLogger_OneTrace_User_Logger_20240808_1_EC_0_inject.etl
\\?\C:\ProgramData\Microsoft\Windows\WER\Temp\WER.4d4c6b1c-267c-4691-9a06-fef3ef0e2d00.tmp.etl
WPR_initiated_DiagTrackMiniLogger_WPR System Collector_inject.etl
\\?\C:\ProgramData\Microsoft\Windows\WER\Temp\WER.436e93de-bb73-40e0-bf12-3770f1af8191.tmp.etl
\\?\C:\ProgramData\Microsoft\Windows\WER\Temp\WER.a02b3baa-790c-4879-af38-9f797ff60186.tmp.csv
\\?\C:\ProgramData\Microsoft\Windows\WER\Temp\WER.1c4dbc92-268a-4000-aa03-9175c1b2a77a.tmp.txt
\\?\C:\ProgramData\Microsoft\Windows\WER\Temp\WER.ae78c210-1348-438e-84f0-b7c19c71b103.tmp.xml
\\?\C:\Users\HP EliteBook\AppData\Local\Temp\WER.b12a1510-5ca5-415b-8a63-8ecaca1285c6.tmp.appcompat.txt
\\?\C:\Users\HP EliteBook\AppData\Local\Temp\WER.bcfb2fa4-9751-4fb0-8015-f8ffa1c329c5.tmp.WERDataCollectionStatus.txt
memory.hdmp

These files may be available here:
\\?\C:\ProgramData\Microsoft\Windows\WER\ReportArchive\AppCrash_AcroTray.exe_48c44f7f795b1d5faa2dfa88da5f5a9369fc82eb_5e2c1be6_cab_9e8c7752-5e63-4c6c-9b09-8abbc580f667

Analysis symbol: 
Rechecking for solution: 0
Report Id: b52a1727-3a25-4783-a32e-bf0c7493709d
Report Status: 268485006
Hashed bucket: 1ed2db254b20e04ffa241b84c8686c9b
Cab Guid: 3c2e1385-cccc-42d5-ab49-186a869fdcb3"
Information	20/06/2025 09:22:13	Windows Error Reporting	1001	None	"Fault bucket 1749154308405373022, type 4
Event Name: APPCRASH
Response: Not available
Cab Id: 1627709647780504551

Problem signature:
P1: vmware-usbarbitrator64.exe
P2: 20.10.0.0
P3: 669a1840
P4: StackHash_f9d8
P5: 0.0.0.0
P6: 00000000
P7: c0000005
P8: PCH_35_FROM_unknown+0x0000000000000000
P9: 
P10: 

Attached files:
\\?\C:\ProgramData\Microsoft\Windows\WER\Temp\WER.08adf3f2-4f64-4638-9698-92d4a2c52bb4.tmp.mdmp
\\?\C:\ProgramData\Microsoft\Windows\WER\Temp\WER.3454ec03-3adf-4528-aed5-f4794516a232.tmp.WERInternalMetadata.xml
WPR_initiated_DiagTrackMiniLogger_OneTrace_User_Logger_20240808_1_EC_0_inject.etl
\\?\C:\ProgramData\Microsoft\Windows\WER\Temp\WER.2955439c-1609-4f91-9940-0b7aafcd2dee.tmp.etl
WPR_initiated_DiagTrackMiniLogger_WPR System Collector_inject.etl
\\?\C:\ProgramData\Microsoft\Windows\WER\Temp\WER.ccaea7c7-5346-426c-ac92-65eecc664a39.tmp.etl
\\?\C:\ProgramData\Microsoft\Windows\WER\Temp\WER.c5d3924a-3cf5-4907-961e-6f70a36fdd9d.tmp.csv
\\?\C:\ProgramData\Microsoft\Windows\WER\Temp\WER.f4425685-6f5b-4694-b9ee-9b75d7658989.tmp.txt
\\?\C:\ProgramData\Microsoft\Windows\WER\Temp\WER.8899d69f-f2c7-4274-a663-f6660c4a4f61.tmp.xml
\\?\C:\Windows\SystemTemp\WER.d9c5a99d-f4b1-4da7-bbc1-524e2185ef89.tmp.appcompat.txt
\\?\C:\Windows\SystemTemp\WER.54f77d63-6189-4597-8252-eed04c1fb594.tmp.WERDataCollectionStatus.txt
memory.hdmp

These files may be available here:
\\?\C:\ProgramData\Microsoft\Windows\WER\ReportArchive\AppCrash_vmware-usbarbitr_131cb7ade3ca9a1e4e95056870207123bb6cd8_17c75580_cab_76f44dc6-166c-479e-967d-298803b7a25d

Analysis symbol: 
Rechecking for solution: 0
Report Id: 440facbc-cd0f-40c6-bce8-92112a5eda09
Report Status: 268485006
Hashed bucket: f1ca7ee4517e896fa8463e9379d8a85e
Cab Guid: 2cbfc67c-33c8-4867-8696-c94cf96ee3e7"
Information	20/06/2025 09:22:05	Windows Error Reporting	1001	None	"Fault bucket 2115955934357232936, type 4
Event Name: APPCRASH
Response: Not available
Cab Id: 2191758461304101151

Problem signature:
P1: dllhost.exe
P2: 10.0.22621.1
P3: 05e70ed3
P4: StackHash_f9d8
P5: 0.0.0.0
P6: 00000000
P7: c0000005
P8: PCH_4B_FROM_unknown+0x0000000000000000
P9: 
P10: 

Attached files:
\\?\C:\ProgramData\Microsoft\Windows\WER\Temp\WER.2211db22-319b-4ea6-9f95-5ecbe12c35c1.tmp.mdmp
\\?\C:\ProgramData\Microsoft\Windows\WER\Temp\WER.b1546207-e12f-4cec-a88d-e399149a8ed2.tmp.WERInternalMetadata.xml
WPR_initiated_DiagTrackMiniLogger_OneTrace_User_Logger_20240808_1_EC_0_inject.etl
\\?\C:\ProgramData\Microsoft\Windows\WER\Temp\WER.2c12fb58-7078-4ed8-b73d-33c9d1ec0e39.tmp.etl
WPR_initiated_DiagTrackMiniLogger_WPR System Collector_inject.etl
\\?\C:\ProgramData\Microsoft\Windows\WER\Temp\WER.024d04a2-8fee-48a0-a7f5-914181f7bc33.tmp.etl
\\?\C:\ProgramData\Microsoft\Windows\WER\Temp\WER.ced4e8a4-68db-4e25-942b-e6be8f3fe3f4.tmp.csv
\\?\C:\ProgramData\Microsoft\Windows\WER\Temp\WER.3f1bed81-ea24-4656-8d08-9e471665fbc0.tmp.txt
\\?\C:\ProgramData\Microsoft\Windows\WER\Temp\WER.e710c33b-6956-4392-b75e-4301dd6eb5b2.tmp.xml
\\?\C:\Windows\SystemTemp\WER.e3a1ae77-aa96-4696-b675-0fa2884d7fec.tmp.appcompat.txt
\\?\C:\Windows\SystemTemp\WER.a7cdc7ea-9dd9-46a5-bc25-67ac2a33ae4d.tmp.WERDataCollectionStatus.txt
memory.hdmp

These files may be available here:
\\?\C:\ProgramData\Microsoft\Windows\WER\ReportArchive\AppCrash_dllhost.exe_e2c63fef1373a35ac0b634548b13aa5eede3c88_e7c336b8_cab_e8eeb4ec-7d57-4d8a-afcc-1c45369ea5c5

Analysis symbol: 
Rechecking for solution: 0
Report Id: 7a6dfb23-552d-4f16-a0ef-9d329189557e
Report Status: 268485006
Hashed bucket: c00013d530715c43fd5d62b623be1d28
Cab Guid: 3267f3b5-a101-44d4-8e6a-b0b5477cd91f"
Information	20/06/2025 09:21:59	Windows Error Reporting	1001	None	"Fault bucket 2115955934357232936, type 4
Event Name: APPCRASH
Response: Not available
Cab Id: 1922227416349873530

Problem signature:
P1: dllhost.exe
P2: 10.0.22621.1
P3: 05e70ed3
P4: StackHash_f9d8
P5: 0.0.0.0
P6: 00000000
P7: c0000005
P8: PCH_4C_FROM_unknown+0x0000000000000000
P9: 
P10: 

Attached files:
\\?\C:\ProgramData\Microsoft\Windows\WER\Temp\WER.ca42b7b5-3e43-40ef-95c5-6fa5f71febd3.tmp.mdmp
\\?\C:\ProgramData\Microsoft\Windows\WER\Temp\WER.cc41fad9-5920-4510-bf21-e53ab4e95bd2.tmp.WERInternalMetadata.xml
WPR_initiated_DiagTrackMiniLogger_OneTrace_User_Logger_20240808_1_EC_0_inject.etl
\\?\C:\ProgramData\Microsoft\Windows\WER\Temp\WER.828393d1-694e-4fae-8177-4fe47aeef522.tmp.etl
WPR_initiated_DiagTrackMiniLogger_WPR System Collector_inject.etl
\\?\C:\ProgramData\Microsoft\Windows\WER\Temp\WER.b9b4e9a7-70f6-45fe-976c-11125bbec79a.tmp.etl
\\?\C:\ProgramData\Microsoft\Windows\WER\Temp\WER.0c4374e8-3484-46bc-859f-091a380b4a60.tmp.csv
\\?\C:\ProgramData\Microsoft\Windows\WER\Temp\WER.97cbdc64-8593-4328-9f3a-c7ab81a52277.tmp.txt
\\?\C:\ProgramData\Microsoft\Windows\WER\Temp\WER.1db19e75-35b2-44de-9915-720ed665aaab.tmp.xml
\\?\C:\Windows\SystemTemp\WER.755b8a01-1204-4654-8383-8138e57e8a87.tmp.appcompat.txt
\\?\C:\Windows\SystemTemp\WER.5a6319ab-90f2-4d0c-b2cc-42b023e8ced2.tmp.WERDataCollectionStatus.txt
memory.hdmp

These files may be available here:
\\?\C:\ProgramData\Microsoft\Windows\WER\ReportArchive\AppCrash_dllhost.exe_b2e8fac43cfd7e160c7a3c2db556a3655c74d2_e7c336b8_cab_1a11b494-6bef-4cea-96cd-4888f3dce2d1

Analysis symbol: 
Rechecking for solution: 0
Report Id: 500b7391-035d-48c7-a435-0e876e42fa5e
Report Status: 268485006
Hashed bucket: c00013d530715c43fd5d62b623be1d28
Cab Guid: 59044bb1-1e21-43cf-8aad-1fa6990d157a"
Information	20/06/2025 09:21:58	Chrome	256	(1)	[9288:15480:0620/092158.807:INFO:chrome\browser\extensions\extension_garbage_collector.cc:184] Garbage collection for extensions on file thread is complete.
Information	20/06/2025 09:21:58	Chrome	256	(1)	[9288:13200:0620/092158.577:INFO:chrome\browser\extensions\extension_garbage_collector.cc:184] Garbage collection for extensions on file thread is complete.
Information	20/06/2025 09:21:53	Windows Error Reporting	1001	None	"Fault bucket 2115955934357232936, type 4
Event Name: APPCRASH
Response: Not available
Cab Id: 1833147380878128883

Problem signature:
P1: DllHost.exe
P2: 10.0.22621.1
P3: 05e70ed3
P4: StackHash_f9d8
P5: 0.0.0.0
P6: 00000000
P7: c0000005
P8: PCH_9C_FROM_unknown+0x0000000000000000
P9: 
P10: 

Attached files:
\\?\C:\ProgramData\Microsoft\Windows\WER\Temp\WER.8c677267-abea-4140-8785-70d2a0c1a30f.tmp.mdmp
\\?\C:\ProgramData\Microsoft\Windows\WER\Temp\WER.28f1355b-2482-4804-bfe1-3af274f90996.tmp.WERInternalMetadata.xml
WPR_initiated_DiagTrackMiniLogger_OneTrace_User_Logger_20240808_1_EC_0_inject.etl
\\?\C:\ProgramData\Microsoft\Windows\WER\Temp\WER.15bdf055-63cd-4ca2-a95d-6fab89c5ff70.tmp.etl
WPR_initiated_DiagTrackMiniLogger_WPR System Collector_inject.etl
\\?\C:\ProgramData\Microsoft\Windows\WER\Temp\WER.9b52eb1d-d03d-408c-90e0-c316a13fb3a5.tmp.etl
\\?\C:\ProgramData\Microsoft\Windows\WER\Temp\WER.1995b899-f3d8-4c1f-a681-66baa9dd2563.tmp.csv
\\?\C:\ProgramData\Microsoft\Windows\WER\Temp\WER.f2c3432a-eb2a-4c92-b517-47c1025b678b.tmp.txt
\\?\C:\ProgramData\Microsoft\Windows\WER\Temp\WER.a2e7c9d4-819f-40ac-8e14-72bcac75a6a7.tmp.xml
\\?\C:\Users\HP EliteBook\AppData\Local\Temp\WER.0ad7fd8a-db75-4ef0-8b51-fe836bf9ef8f.tmp.appcompat.txt
\\?\C:\Users\HP EliteBook\AppData\Local\Temp\WER.aeb0bc9b-2685-4c11-983b-929872c68647.tmp.WERDataCollectionStatus.txt
memory.hdmp

These files may be available here:
\\?\C:\ProgramData\Microsoft\Windows\WER\ReportArchive\AppCrash_DllHost.exe_99c252ea240657bcb6eff2da35cde2888754_9adb22e4_cab_e3ad289e-e155-4ba9-a4d4-c9c85a36e24a

Analysis symbol: 
Rechecking for solution: 0
Report Id: 66016c38-0318-4f4e-be06-e7aa902a4993
Report Status: 268485006
Hashed bucket: c00013d530715c43fd5d62b623be1d28
Cab Guid: 00603571-45cd-4eed-b970-a5d49a2db6f3"
Information	20/06/2025 09:21:47	Windows Error Reporting	1001	None	"Fault bucket 1981435546086905167, type 5
Event Name: UpdateAgentDiag
Response: Not available
Cab Id: 1527083989732579344

Problem signature:
P1: 24
P2: X
P3: 5
P4: 0xC0000005
P5: amd64
P6: 22631
P7: ni_release
P8: 22621
P9: ni_release_svc_prod1
P10: 5472

Attached files:
\\?\C:\Windows\Logs\MoSetup\UpdateAgent.log
\\?\C:\Windows\Logs\MoSetup\ActionList.xml
\\?\C:\Windows\Logs\MoSetup\DeviceInventory.xml
\\?\C:\ProgramData\Microsoft\Windows\WER\Temp\WER.9d585eb3-f5f5-4100-be54-dee7829ba256.tmp.WERInternalMetadata.xml
WPR_initiated_DiagTrackMiniLogger_OneTrace_User_Logger_20240808_1_EC_0_inject.etl
\\?\C:\ProgramData\Microsoft\Windows\WER\Temp\WER.9a041e60-86cb-4625-b2c0-11e8d2db5fa5.tmp.etl
WPR_initiated_DiagTrackMiniLogger_WPR System Collector_inject.etl
\\?\C:\ProgramData\Microsoft\Windows\WER\Temp\WER.d9c2acdd-f4d9-4c7c-bec9-f3396a8e3e1d.tmp.etl
\\?\C:\ProgramData\Microsoft\Windows\WER\Temp\WER.4d890088-deab-4fc5-91d2-165ab9d7a3cd.tmp.csv
\\?\C:\ProgramData\Microsoft\Windows\WER\Temp\WER.6d0aa8e4-ce27-4b29-85ab-af6df39453be.tmp.txt
\\?\C:\ProgramData\Microsoft\Windows\WER\Temp\WER.9a8e232d-b332-4519-8035-7789b4e9cf5d.tmp.xml
\\?\C:\Windows\SystemTemp\WER.bd21e791-0f28-47a7-b2e1-6b089c98f704.tmp.WERDataCollectionStatus.txt

These files may be available here:
\\?\C:\ProgramData\Microsoft\Windows\WER\ReportArchive\NonCritical_24_9bad202a5f9a26efce75b4aef877739f57adadc_00000000_cab_c1d1d64e-7e91-402e-84f7-a3870fec18c1

Analysis symbol: 
Rechecking for solution: 0
Report Id: c1d1d64e-7e91-402e-84f7-a3870fec18c1
Report Status: 268485006
Hashed bucket: 69e48286d11d1841bb7f79218dd7954f
Cab Guid: 61bee1bd-0768-4797-9531-4acc3e325810"
Information	20/06/2025 09:21:40	Windows Error Reporting	1001	None	"Fault bucket 1883660801259629723, type 4
Event Name: APPCRASH
Response: Not available
Cab Id: 1688998017945850688

Problem signature:
P1: AcroTray.exe
P2: 22.1.20117.0
P3: 624e6596
P4: StackHash_f9d8
P5: 0.0.0.0
P6: 00000000
P7: c0000005
P8: PCH_23_FROM_unknown+0x0000000000000000
P9: 
P10: 

Attached files:
\\?\C:\ProgramData\Microsoft\Windows\WER\Temp\WER.80a4ac0e-13e2-41c7-a410-3cf01da405ed.tmp.mdmp
\\?\C:\ProgramData\Microsoft\Windows\WER\Temp\WER.2e7f230d-379e-4b95-b2de-ed450719231b.tmp.WERInternalMetadata.xml
WPR_initiated_DiagTrackMiniLogger_OneTrace_User_Logger_20240808_1_EC_0_inject.etl
\\?\C:\ProgramData\Microsoft\Windows\WER\Temp\WER.fcc58896-3e80-4ebb-af7e-185bd3144b6e.tmp.etl
WPR_initiated_DiagTrackMiniLogger_WPR System Collector_inject.etl
\\?\C:\ProgramData\Microsoft\Windows\WER\Temp\WER.df43cff1-5968-4832-a464-057b0695e126.tmp.etl
\\?\C:\ProgramData\Microsoft\Windows\WER\Temp\WER.8d27da8f-8ae5-437c-bf94-a06a4973ff72.tmp.csv
\\?\C:\ProgramData\Microsoft\Windows\WER\Temp\WER.0b47fca6-920a-4dd5-9839-faa350a000f3.tmp.txt
\\?\C:\ProgramData\Microsoft\Windows\WER\Temp\WER.7bdd9c29-8508-4148-b9bd-71603cd73487.tmp.xml
\\?\C:\Users\HP EliteBook\AppData\Local\Temp\WER.2b1b84df-288c-4b6c-b086-cfd64442ed6c.tmp.appcompat.txt
\\?\C:\Users\HP EliteBook\AppData\Local\Temp\WER.dc7f0e4e-84c9-40eb-8564-42beea33c4f7.tmp.WERDataCollectionStatus.txt
memory.hdmp

These files may be available here:
\\?\C:\ProgramData\Microsoft\Windows\WER\ReportArchive\AppCrash_AcroTray.exe_e3d0e38b3779cf744319b9868e4194f3839eeed_5e2c1be6_cab_1195f60b-6620-4a2e-9fd4-cbc452ca7c03

Analysis symbol: 
Rechecking for solution: 0
Report Id: 0f9e859a-2c13-43d1-a13e-63a94a04de34
Report Status: 268485006
Hashed bucket: 1ed2db254b20e04ffa241b84c8686c9b
Cab Guid: f9db2b77-4dca-47b0-9770-86bfa6005340"
Information	20/06/2025 09:21:14	Windows Error Reporting	1001	None	"Fault bucket , type 0
Event Name: MoAppCrash
Response: Not available
Cab Id: 0

Problem signature:
P1: MicrosoftWindows.Client.CBS_1000.22700.1055.0_x64__cw5n1h2txyewy
P2: praid:CortanaUI
P3: 2124.28300.50.0
P4: 673536c5
P5: TextHash12_295
P6: 0.0.0.0
P7: 00000000
P8: 80070679
P9: 0
P10: 

Attached files:
\\?\C:\ProgramData\Microsoft\Windows\WER\Temp\WER.aa968a37-a229-4e1a-8be7-3904607e410c.tmp.WERInternalMetadata.xml

These files may be available here:
\\?\C:\ProgramData\Microsoft\Windows\WER\ReportQueue\AppCrash_MicrosoftWindows_fb374a1322d62aa9e6d2ea5f21832a829d134e_3f6b8fe7_df3002b3-0a09-4fcc-b263-72e053c8b57b

Analysis symbol: 
Rechecking for solution: 0
Report Id: bc970b95-93f4-4a83-836e-6357703a4db4
Report Status: 4198
Hashed bucket: 
Cab Guid: 0"
Information	20/06/2025 09:21:14	Windows Error Reporting	1001	None	"Fault bucket , type 0
Event Name: MoAppCrash
Response: Not available
Cab Id: 0

Problem signature:
P1: MicrosoftWindows.Client.CBS_1000.22700.1055.0_x64__cw5n1h2txyewy
P2: praid:CortanaUI
P3: 2124.28300.50.0
P4: 673536c5
P5: TextHash12_295
P6: 0.0.0.0
P7: 00000000
P8: 80070679
P9: 0
P10: 

Attached files:
\\?\C:\ProgramData\Microsoft\Windows\WER\Temp\WER.7cef0bb1-9e86-49d8-a640-9da5279a71f2.tmp.WERInternalMetadata.xml

These files may be available here:
\\?\C:\ProgramData\Microsoft\Windows\WER\ReportQueue\AppCrash_MicrosoftWindows_fb374a1322d62aa9e6d2ea5f21832a829d134e_3f6b8fe7_4f8e1abb-912f-49e2-8f38-fab605f4b9b9

Analysis symbol: 
Rechecking for solution: 0
Report Id: cd90d867-5307-4a06-b8c1-80c412eff20e
Report Status: 4198
Hashed bucket: 
Cab Guid: 0"
Information	20/06/2025 09:21:14	Windows Error Reporting	1001	None	"Fault bucket , type 0
Event Name: MoAppCrash
Response: Not available
Cab Id: 0

Problem signature:
P1: MicrosoftWindows.Client.CBS_1000.22700.1055.0_x64__cw5n1h2txyewy
P2: praid:CortanaUI
P3: 2124.28300.50.0
P4: 673536c5
P5: twinapi.appcore.dll
P6: 10.0.22621.4541
P7: 323da41e
P8: 80070679
P9: 00000000000dee63
P10: 

Attached files:
\\?\C:\ProgramData\Microsoft\Windows\WER\Temp\WER.56328cea-1e1c-4fe2-b47c-56c0c3a17c14.tmp.WERInternalMetadata.xml

These files may be available here:
\\?\C:\ProgramData\Microsoft\Windows\WER\ReportQueue\AppCrash_MicrosoftWindows_b774217837e29b2df016d35b265c64f9fc99291a_3f6b8fe7_3c1c4eea-ba78-4aac-9d5e-4d031d233aec

Analysis symbol: 
Rechecking for solution: 0
Report Id: 31290824-b639-4337-9625-222c26f950af
Report Status: 4198
Hashed bucket: 
Cab Guid: 0"
Information	20/06/2025 09:21:14	Windows Error Reporting	1001	None	"Fault bucket , type 0
Event Name: MoAppCrash
Response: Not available
Cab Id: 0

Problem signature:
P1: MicrosoftWindows.Client.CBS_1000.22700.1055.0_x64__cw5n1h2txyewy
P2: praid:CortanaUI
P3: 2124.28300.50.0
P4: 673536c5
P5: TextHash12_295
P6: 0.0.0.0
P7: 00000000
P8: 80070679
P9: 0
P10: 

Attached files:
\\?\C:\ProgramData\Microsoft\Windows\WER\Temp\WER.80fab8b3-6be3-4997-96d3-9ce9e3a27a1c.tmp.mdmp
\\?\C:\ProgramData\Microsoft\Windows\WER\Temp\WER.61983c6e-37be-4be7-bc41-790ed09bceeb.tmp.WERInternalMetadata.xml
\\?\C:\ProgramData\Microsoft\Windows\WER\ReportQueue\AppCrash_MicrosoftWindows_fb374a1322d62aa9e6d2ea5f21832a829d134e_3f6b8fe7_cab_620075cc-f827-43ed-8bdc-ca86ed1ab534\WPR_initiated_DiagTrackMiniLogger_OneTrace_User_Logger_20250608_1_EC_0_inject.etl
\\?\C:\ProgramData\Microsoft\Windows\WER\Temp\WER.9500ed33-df7d-4708-b4f8-ecb5da7b16d9.tmp.etl
\\?\C:\ProgramData\Microsoft\Windows\WER\ReportQueue\AppCrash_MicrosoftWindows_fb374a1322d62aa9e6d2ea5f21832a829d134e_3f6b8fe7_cab_620075cc-f827-43ed-8bdc-ca86ed1ab534\WPR_initiated_DiagTrackMiniLogger_WPR System Collector_inject.etl
\\?\C:\ProgramData\Microsoft\Windows\WER\Temp\WER.bfa3590a-95d0-495c-92ad-70be9d74bd8f.tmp.etl
\\?\C:\ProgramData\Microsoft\Windows\WER\Temp\WER.80e24803-4d24-4fa4-af3b-e26bbf6df54b.tmp.csv
\\?\C:\ProgramData\Microsoft\Windows\WER\Temp\WER.6e4c1401-583d-457a-bba7-5a5bea8cb7c4.tmp.txt
\\?\C:\ProgramData\Microsoft\Windows\WER\Temp\WER.e7a5ac84-16ea-4450-b7be-7ac1bf20bf2c.tmp.xml
\\?\C:\Users\HP EliteBook\AppData\Local\Temp\WER.5731ec18-1e49-49de-9e06-ef0e8a94ab1a.tmp.appcompat.txt
\\?\C:\ProgramData\Microsoft\Windows\WER\ReportQueue\AppCrash_MicrosoftWindows_fb374a1322d62aa9e6d2ea5f21832a829d134e_3f6b8fe7_cab_620075cc-f827-43ed-8bdc-ca86ed1ab534\memory.hdmp

These files may be available here:
\\?\C:\ProgramData\Microsoft\Windows\WER\ReportQueue\AppCrash_MicrosoftWindows_fb374a1322d62aa9e6d2ea5f21832a829d134e_3f6b8fe7_cab_620075cc-f827-43ed-8bdc-ca86ed1ab534

Analysis symbol: 
Rechecking for solution: 0
Report Id: 54d22ce1-1b48-4c24-924f-2b4af11407e9
Report Status: 102
Hashed bucket: 
Cab Guid: 0"
Information	20/06/2025 09:21:13	Windows Error Reporting	1001	None	"Fault bucket , type 0
Event Name: APPCRASH
Response: Not available
Cab Id: 0

Problem signature:
P1: chrome.exe
P2: 137.0.7151.119
P3: 68508c91
P4: StackHash_f9d8
P5: 0.0.0.0
P6: 00000000
P7: c0000005
P8: PCH_B2_FROM_unknown+0x0000000000000000
P9: 
P10: 

Attached files:
\\?\C:\ProgramData\Microsoft\Windows\WER\Temp\WER.aadf13da-d14f-4ebd-bbb1-b9f45f9e971c.tmp.mdmp
\\?\C:\ProgramData\Microsoft\Windows\WER\Temp\WER.ec5542a7-25c4-439a-a3ac-9cee89fd0aee.tmp.WERInternalMetadata.xml
WPR_initiated_DiagTrackMiniLogger_OneTrace_User_Logger_20250608_1_EC_0_inject.etl
\\?\C:\ProgramData\Microsoft\Windows\WER\Temp\WER.314a1efa-be10-4b50-8779-c116c996233a.tmp.etl
WPR_initiated_DiagTrackMiniLogger_WPR System Collector_inject.etl
\\?\C:\ProgramData\Microsoft\Windows\WER\Temp\WER.80fc9fb2-0887-4f98-9a62-6ec242bd3e7a.tmp.etl
\\?\C:\ProgramData\Microsoft\Windows\WER\Temp\WER.cd039780-61f1-4b05-8155-25573d7bdc6e.tmp.csv
\\?\C:\ProgramData\Microsoft\Windows\WER\Temp\WER.97f9b7e1-4aca-4b0a-97e1-cc4ab9408676.tmp.txt
\\?\C:\ProgramData\Microsoft\Windows\WER\Temp\WER.a847a814-6bf7-4763-be48-fb955fa8edd6.tmp.xml
\\?\C:\Users\HP EliteBook\AppData\Local\Temp\WER.6ed6eb09-2230-44b1-95cd-65e837dbdb28.tmp.appcompat.txt
\\?\C:\Users\HP EliteBook\AppData\Local\Temp\WER.76317888-923c-4de7-b124-6faeb92b2c48.tmp.WERDataCollectionStatus.txt
memory.hdmp

These files may be available here:
\\?\C:\ProgramData\Microsoft\Windows\WER\ReportQueue\AppCrash_chrome.exe_feb59274a57a9c1f81e4a55b38e79c42b8ac1ae_fc697ea1_cab_8386cdea-7bfa-4af3-8e22-f7cc3f3905dc

Analysis symbol: 
Rechecking for solution: 0
Report Id: e46e94da-761b-40fe-a327-cbec1ea5f569
Report Status: 398
Hashed bucket: 
Cab Guid: 0"
Information	20/06/2025 09:21:13	Windows Error Reporting	1001	None	"Fault bucket , type 0
Event Name: APPCRASH
Response: Not available
Cab Id: 0

Problem signature:
P1: dllhost.exe
P2: 10.0.22621.1
P3: 05e70ed3
P4: StackHash_f9d8
P5: 0.0.0.0
P6: 00000000
P7: c0000005
P8: PCH_BD_FROM_unknown+0x0000000000000000
P9: 
P10: 

Attached files:
\\?\C:\ProgramData\Microsoft\Windows\WER\Temp\WER.f3ac0ffb-bc15-4cc0-a690-e26fb5cd51d2.tmp.mdmp
\\?\C:\ProgramData\Microsoft\Windows\WER\Temp\WER.e2bac5c5-0fa1-4d90-bf59-40183bcd6e24.tmp.WERInternalMetadata.xml
WPR_initiated_DiagTrackMiniLogger_OneTrace_User_Logger_20250608_1_EC_0_inject.etl
\\?\C:\ProgramData\Microsoft\Windows\WER\Temp\WER.7d813e1c-15a8-45e2-8870-68fc775b08ae.tmp.etl
WPR_initiated_DiagTrackMiniLogger_WPR System Collector_inject.etl
\\?\C:\ProgramData\Microsoft\Windows\WER\Temp\WER.250b3873-97a2-4c71-bdb0-6811f32d0719.tmp.etl
\\?\C:\ProgramData\Microsoft\Windows\WER\Temp\WER.3444cb67-aa03-4550-9fb0-0dd28ba1fe32.tmp.csv
\\?\C:\ProgramData\Microsoft\Windows\WER\Temp\WER.1a78fb9a-eeb8-45e2-b88e-2ee0d2a59298.tmp.txt
\\?\C:\ProgramData\Microsoft\Windows\WER\Temp\WER.b2634890-42bf-4ab9-ba93-ad858fff10a6.tmp.xml
\\?\C:\Windows\SystemTemp\WER.b2eda48a-8b60-4c46-8289-091f02e96635.tmp.appcompat.txt
\\?\C:\Windows\SystemTemp\WER.f29b68de-14d7-46ec-9475-40422532ce11.tmp.WERDataCollectionStatus.txt
memory.hdmp

These files may be available here:
\\?\C:\ProgramData\Microsoft\Windows\WER\ReportQueue\AppCrash_dllhost.exe_2f1736239951e2988ff4580aea19c84bd33c497_e7c336b8_cab_7212f5a5-51f0-44c2-8dc5-a0273dfbe460

Analysis symbol: 
Rechecking for solution: 0
Report Id: ee5e7a79-142d-48c0-bd55-f688e89db9b3
Report Status: 33166
Hashed bucket: 
Cab Guid: 0"
Information	20/06/2025 09:21:13	Windows Error Reporting	1001	None	"Fault bucket , type 0
Event Name: APPCRASH
Response: Not available
Cab Id: 0

Problem signature:
P1: dllhost.exe
P2: 10.0.22621.1
P3: 05e70ed3
P4: StackHash_f9d8
P5: 0.0.0.0
P6: 00000000
P7: c0000005
P8: PCH_73_FROM_unknown+0x0000000000000000
P9: 
P10: 

Attached files:
\\?\C:\ProgramData\Microsoft\Windows\WER\Temp\WER.a16c2f55-c090-4380-bb21-b31f806e1451.tmp.mdmp
\\?\C:\ProgramData\Microsoft\Windows\WER\Temp\WER.0679ca7d-d4a2-45d2-85bc-2c2a9d987c99.tmp.WERInternalMetadata.xml
WPR_initiated_DiagTrackMiniLogger_OneTrace_User_Logger_20240808_1_EC_0_inject.etl
\\?\C:\ProgramData\Microsoft\Windows\WER\Temp\WER.2100aa34-3875-417c-9675-ee770a264d7c.tmp.etl
WPR_initiated_DiagTrackMiniLogger_WPR System Collector_inject.etl
\\?\C:\ProgramData\Microsoft\Windows\WER\Temp\WER.28fd5547-4ad7-4568-a2eb-895fbe1302a9.tmp.etl
\\?\C:\ProgramData\Microsoft\Windows\WER\Temp\WER.41018a27-1ff3-4ff3-8be4-f0307d06fd6a.tmp.csv
\\?\C:\ProgramData\Microsoft\Windows\WER\Temp\WER.31af3367-54b1-463b-8290-426303ec018c.tmp.txt
\\?\C:\ProgramData\Microsoft\Windows\WER\Temp\WER.7159f313-2f70-4f9d-92b1-421ba3323fa2.tmp.xml
\\?\C:\Windows\SystemTemp\WER.bf3b9631-9ea7-4315-93fc-3a32fb46d0a1.tmp.appcompat.txt
\\?\C:\Windows\SystemTemp\WER.77d4e607-d998-4b2d-8568-66b343b6e3de.tmp.WERDataCollectionStatus.txt
memory.hdmp

These files may be available here:
\\?\C:\ProgramData\Microsoft\Windows\WER\ReportQueue\AppCrash_dllhost.exe_c84e8b408812b71d0a56c510f0a2151fcb63c7_e7c336b8_cab_c951dea5-651e-4f46-b1b3-5673885483bd

Analysis symbol: 
Rechecking for solution: 0
Report Id: 1fbe41bd-50dd-4799-be04-1324b64ee0a6
Report Status: 33166
Hashed bucket: 
Cab Guid: 0"
Information	20/06/2025 09:21:13	Windows Error Reporting	1001	None	"Fault bucket , type 0
Event Name: APPCRASH
Response: Not available
Cab Id: 0

Problem signature:
P1: dllhost.exe
P2: 10.0.22621.1
P3: 05e70ed3
P4: StackHash_f9d8
P5: 0.0.0.0
P6: 00000000
P7: c0000005
P8: PCH_57_FROM_unknown+0x0000000000000000
P9: 
P10: 

Attached files:
\\?\C:\ProgramData\Microsoft\Windows\WER\Temp\WER.729ddab5-0015-4121-87eb-15013561ec0a.tmp.mdmp
\\?\C:\ProgramData\Microsoft\Windows\WER\Temp\WER.cb3c8048-b3c2-4225-8fc8-ee0c82c2ee02.tmp.WERInternalMetadata.xml
WPR_initiated_DiagTrackMiniLogger_OneTrace_User_Logger_20240808_1_EC_0_inject.etl
\\?\C:\ProgramData\Microsoft\Windows\WER\Temp\WER.8ae20704-8091-4d28-89f4-9306101a08c4.tmp.etl
WPR_initiated_DiagTrackMiniLogger_WPR System Collector_inject.etl
\\?\C:\ProgramData\Microsoft\Windows\WER\Temp\WER.74742157-5b8c-4c4e-98ea-479d933cc534.tmp.etl
\\?\C:\ProgramData\Microsoft\Windows\WER\Temp\WER.36b1e736-a872-44c3-911c-2f288ba7cd0e.tmp.csv
\\?\C:\ProgramData\Microsoft\Windows\WER\Temp\WER.26d41961-8bb8-4a45-9e96-9a0bf6d8ff7b.tmp.txt
\\?\C:\ProgramData\Microsoft\Windows\WER\Temp\WER.ddd1a3b0-c69d-4f83-b9b1-538a58de0cf6.tmp.xml
\\?\C:\Windows\SystemTemp\WER.b9051e13-07a6-44db-bc59-bd47cec336f0.tmp.appcompat.txt
\\?\C:\Windows\SystemTemp\WER.8bab3788-1ca7-4930-abb6-e2676ce45a19.tmp.WERDataCollectionStatus.txt
memory.hdmp

These files may be available here:
\\?\C:\ProgramData\Microsoft\Windows\WER\ReportQueue\AppCrash_dllhost.exe_50be1f11d1b657ba16be9c37736376e9b894487_e7c336b8_cab_01aa37a1-47aa-40e2-9f33-aeca48b0d22a

Analysis symbol: 
Rechecking for solution: 0
Report Id: 67cd2a20-3766-4479-b058-5facf1cb8dd1
Report Status: 33166
Hashed bucket: 
Cab Guid: 0"
Information	20/06/2025 09:21:13	Windows Error Reporting	1001	None	"Fault bucket , type 0
Event Name: APPCRASH
Response: Not available
Cab Id: 0

Problem signature:
P1: dllhost.exe
P2: 10.0.22621.1
P3: 05e70ed3
P4: StackHash_f9d8
P5: 0.0.0.0
P6: 00000000
P7: c0000005
P8: PCH_25_FROM_unknown+0x0000000000000000
P9: 
P10: 

Attached files:
\\?\C:\ProgramData\Microsoft\Windows\WER\Temp\WER.a64e9745-fe39-4c17-81ec-60b3c884e1c2.tmp.mdmp
\\?\C:\ProgramData\Microsoft\Windows\WER\Temp\WER.2d3d31b3-5475-48a3-9955-5e5028487744.tmp.WERInternalMetadata.xml
WPR_initiated_DiagTrackMiniLogger_OneTrace_User_Logger_20240808_1_EC_0_inject.etl
\\?\C:\ProgramData\Microsoft\Windows\WER\Temp\WER.9b1d4eea-a25d-40e6-b7b5-0812a85f5fc1.tmp.etl
WPR_initiated_DiagTrackMiniLogger_WPR System Collector_inject.etl
\\?\C:\ProgramData\Microsoft\Windows\WER\Temp\WER.98dfec34-1354-4d88-8ef2-4c313f19e583.tmp.etl
\\?\C:\ProgramData\Microsoft\Windows\WER\Temp\WER.fbf541fb-f174-49d3-8128-7d195ea3c0f6.tmp.csv
\\?\C:\ProgramData\Microsoft\Windows\WER\Temp\WER.073676b8-cbac-4c88-9dba-275918981b8d.tmp.txt
\\?\C:\ProgramData\Microsoft\Windows\WER\Temp\WER.d4277b89-5d9b-4040-b9b2-49c73d68fd7a.tmp.xml
\\?\C:\Windows\SystemTemp\WER.d09d913f-5d2f-41a0-b77c-519d665b4378.tmp.appcompat.txt
\\?\C:\Windows\SystemTemp\WER.b9e6dbb4-b55a-46a4-880e-81430ae6d32f.tmp.WERDataCollectionStatus.txt
memory.hdmp

These files may be available here:
\\?\C:\ProgramData\Microsoft\Windows\WER\ReportQueue\AppCrash_dllhost.exe_d6ff61f8caa49a4f3f6ec02b721a5b3b79_e7c336b8_cab_f7071699-0086-4939-9cb3-c148c3668257

Analysis symbol: 
Rechecking for solution: 0
Report Id: 0da177a8-2df6-4994-bf6f-7c103e6346fd
Report Status: 49550
Hashed bucket: 
Cab Guid: 0"
Information	20/06/2025 09:21:13	Windows Error Reporting	1001	None	"Fault bucket , type 0
Event Name: APPCRASH
Response: Not available
Cab Id: 0

Problem signature:
P1: AcroTray.exe
P2: 22.1.20117.0
P3: 624e6596
P4: StackHash_f9d8
P5: 0.0.0.0
P6: 00000000
P7: c0000005
P8: PCH_E4_FROM_unknown+0x0000000000000000
P9: 
P10: 

Attached files:
\\?\C:\ProgramData\Microsoft\Windows\WER\Temp\WER.bb0f4ebd-f12a-463c-93f9-6ab068354156.tmp.mdmp
\\?\C:\ProgramData\Microsoft\Windows\WER\Temp\WER.345d7320-056b-45d7-88a9-f1d425b48881.tmp.WERInternalMetadata.xml
WPR_initiated_DiagTrackMiniLogger_OneTrace_User_Logger_20240808_1_EC_0_inject.etl
\\?\C:\ProgramData\Microsoft\Windows\WER\Temp\WER.4d4c6b1c-267c-4691-9a06-fef3ef0e2d00.tmp.etl
WPR_initiated_DiagTrackMiniLogger_WPR System Collector_inject.etl
\\?\C:\ProgramData\Microsoft\Windows\WER\Temp\WER.436e93de-bb73-40e0-bf12-3770f1af8191.tmp.etl
\\?\C:\ProgramData\Microsoft\Windows\WER\Temp\WER.a02b3baa-790c-4879-af38-9f797ff60186.tmp.csv
\\?\C:\ProgramData\Microsoft\Windows\WER\Temp\WER.1c4dbc92-268a-4000-aa03-9175c1b2a77a.tmp.txt
\\?\C:\ProgramData\Microsoft\Windows\WER\Temp\WER.ae78c210-1348-438e-84f0-b7c19c71b103.tmp.xml
\\?\C:\Users\HP EliteBook\AppData\Local\Temp\WER.b12a1510-5ca5-415b-8a63-8ecaca1285c6.tmp.appcompat.txt
\\?\C:\Users\HP EliteBook\AppData\Local\Temp\WER.bcfb2fa4-9751-4fb0-8015-f8ffa1c329c5.tmp.WERDataCollectionStatus.txt
memory.hdmp

These files may be available here:
\\?\C:\ProgramData\Microsoft\Windows\WER\ReportQueue\AppCrash_AcroTray.exe_48c44f7f795b1d5faa2dfa88da5f5a9369fc82eb_5e2c1be6_cab_9e8c7752-5e63-4c6c-9b09-8abbc580f667

Analysis symbol: 
Rechecking for solution: 0
Report Id: b52a1727-3a25-4783-a32e-bf0c7493709d
Report Status: 49550
Hashed bucket: 
Cab Guid: 0"
Information	20/06/2025 09:21:13	Windows Error Reporting	1001	None	"Fault bucket , type 0
Event Name: APPCRASH
Response: Not available
Cab Id: 0

Problem signature:
P1: vmware-usbarbitrator64.exe
P2: 20.10.0.0
P3: 669a1840
P4: StackHash_f9d8
P5: 0.0.0.0
P6: 00000000
P7: c0000005
P8: PCH_35_FROM_unknown+0x0000000000000000
P9: 
P10: 

Attached files:
\\?\C:\ProgramData\Microsoft\Windows\WER\Temp\WER.08adf3f2-4f64-4638-9698-92d4a2c52bb4.tmp.mdmp
\\?\C:\ProgramData\Microsoft\Windows\WER\Temp\WER.3454ec03-3adf-4528-aed5-f4794516a232.tmp.WERInternalMetadata.xml
WPR_initiated_DiagTrackMiniLogger_OneTrace_User_Logger_20240808_1_EC_0_inject.etl
\\?\C:\ProgramData\Microsoft\Windows\WER\Temp\WER.2955439c-1609-4f91-9940-0b7aafcd2dee.tmp.etl
WPR_initiated_DiagTrackMiniLogger_WPR System Collector_inject.etl
\\?\C:\ProgramData\Microsoft\Windows\WER\Temp\WER.ccaea7c7-5346-426c-ac92-65eecc664a39.tmp.etl
\\?\C:\ProgramData\Microsoft\Windows\WER\Temp\WER.c5d3924a-3cf5-4907-961e-6f70a36fdd9d.tmp.csv
\\?\C:\ProgramData\Microsoft\Windows\WER\Temp\WER.f4425685-6f5b-4694-b9ee-9b75d7658989.tmp.txt
\\?\C:\ProgramData\Microsoft\Windows\WER\Temp\WER.8899d69f-f2c7-4274-a663-f6660c4a4f61.tmp.xml
\\?\C:\Windows\SystemTemp\WER.d9c5a99d-f4b1-4da7-bbc1-524e2185ef89.tmp.appcompat.txt
\\?\C:\Windows\SystemTemp\WER.54f77d63-6189-4597-8252-eed04c1fb594.tmp.WERDataCollectionStatus.txt
memory.hdmp

These files may be available here:
\\?\C:\ProgramData\Microsoft\Windows\WER\ReportQueue\AppCrash_vmware-usbarbitr_131cb7ade3ca9a1e4e95056870207123bb6cd8_17c75580_cab_76f44dc6-166c-479e-967d-298803b7a25d

Analysis symbol: 
Rechecking for solution: 0
Report Id: 440facbc-cd0f-40c6-bce8-92112a5eda09
Report Status: 49550
Hashed bucket: 
Cab Guid: 0"
Information	20/06/2025 09:21:13	Windows Error Reporting	1001	None	"Fault bucket , type 0
Event Name: APPCRASH
Response: Not available
Cab Id: 0

Problem signature:
P1: dllhost.exe
P2: 10.0.22621.1
P3: 05e70ed3
P4: StackHash_f9d8
P5: 0.0.0.0
P6: 00000000
P7: c0000005
P8: PCH_4B_FROM_unknown+0x0000000000000000
P9: 
P10: 

Attached files:
\\?\C:\ProgramData\Microsoft\Windows\WER\Temp\WER.2211db22-319b-4ea6-9f95-5ecbe12c35c1.tmp.mdmp
\\?\C:\ProgramData\Microsoft\Windows\WER\Temp\WER.b1546207-e12f-4cec-a88d-e399149a8ed2.tmp.WERInternalMetadata.xml
WPR_initiated_DiagTrackMiniLogger_OneTrace_User_Logger_20240808_1_EC_0_inject.etl
\\?\C:\ProgramData\Microsoft\Windows\WER\Temp\WER.2c12fb58-7078-4ed8-b73d-33c9d1ec0e39.tmp.etl
WPR_initiated_DiagTrackMiniLogger_WPR System Collector_inject.etl
\\?\C:\ProgramData\Microsoft\Windows\WER\Temp\WER.024d04a2-8fee-48a0-a7f5-914181f7bc33.tmp.etl
\\?\C:\ProgramData\Microsoft\Windows\WER\Temp\WER.ced4e8a4-68db-4e25-942b-e6be8f3fe3f4.tmp.csv
\\?\C:\ProgramData\Microsoft\Windows\WER\Temp\WER.3f1bed81-ea24-4656-8d08-9e471665fbc0.tmp.txt
\\?\C:\ProgramData\Microsoft\Windows\WER\Temp\WER.e710c33b-6956-4392-b75e-4301dd6eb5b2.tmp.xml
\\?\C:\Windows\SystemTemp\WER.e3a1ae77-aa96-4696-b675-0fa2884d7fec.tmp.appcompat.txt
\\?\C:\Windows\SystemTemp\WER.a7cdc7ea-9dd9-46a5-bc25-67ac2a33ae4d.tmp.WERDataCollectionStatus.txt
memory.hdmp

These files may be available here:
\\?\C:\ProgramData\Microsoft\Windows\WER\ReportQueue\AppCrash_dllhost.exe_e2c63fef1373a35ac0b634548b13aa5eede3c88_e7c336b8_cab_e8eeb4ec-7d57-4d8a-afcc-1c45369ea5c5

Analysis symbol: 
Rechecking for solution: 0
Report Id: 7a6dfb23-552d-4f16-a0ef-9d329189557e
Report Status: 49550
Hashed bucket: 
Cab Guid: 0"
Information	20/06/2025 09:21:12	Windows Error Reporting	1001	None	"Fault bucket , type 0
Event Name: APPCRASH
Response: Not available
Cab Id: 0

Problem signature:
P1: dllhost.exe
P2: 10.0.22621.1
P3: 05e70ed3
P4: StackHash_f9d8
P5: 0.0.0.0
P6: 00000000
P7: c0000005
P8: PCH_4C_FROM_unknown+0x0000000000000000
P9: 
P10: 

Attached files:
\\?\C:\ProgramData\Microsoft\Windows\WER\Temp\WER.ca42b7b5-3e43-40ef-95c5-6fa5f71febd3.tmp.mdmp
\\?\C:\ProgramData\Microsoft\Windows\WER\Temp\WER.cc41fad9-5920-4510-bf21-e53ab4e95bd2.tmp.WERInternalMetadata.xml
WPR_initiated_DiagTrackMiniLogger_OneTrace_User_Logger_20240808_1_EC_0_inject.etl
\\?\C:\ProgramData\Microsoft\Windows\WER\Temp\WER.828393d1-694e-4fae-8177-4fe47aeef522.tmp.etl
WPR_initiated_DiagTrackMiniLogger_WPR System Collector_inject.etl
\\?\C:\ProgramData\Microsoft\Windows\WER\Temp\WER.b9b4e9a7-70f6-45fe-976c-11125bbec79a.tmp.etl
\\?\C:\ProgramData\Microsoft\Windows\WER\Temp\WER.0c4374e8-3484-46bc-859f-091a380b4a60.tmp.csv
\\?\C:\ProgramData\Microsoft\Windows\WER\Temp\WER.97cbdc64-8593-4328-9f3a-c7ab81a52277.tmp.txt
\\?\C:\ProgramData\Microsoft\Windows\WER\Temp\WER.1db19e75-35b2-44de-9915-720ed665aaab.tmp.xml
\\?\C:\Windows\SystemTemp\WER.755b8a01-1204-4654-8383-8138e57e8a87.tmp.appcompat.txt
\\?\C:\Windows\SystemTemp\WER.5a6319ab-90f2-4d0c-b2cc-42b023e8ced2.tmp.WERDataCollectionStatus.txt
memory.hdmp

These files may be available here:
\\?\C:\ProgramData\Microsoft\Windows\WER\ReportQueue\AppCrash_dllhost.exe_b2e8fac43cfd7e160c7a3c2db556a3655c74d2_e7c336b8_cab_1a11b494-6bef-4cea-96cd-4888f3dce2d1

Analysis symbol: 
Rechecking for solution: 0
Report Id: 500b7391-035d-48c7-a435-0e876e42fa5e
Report Status: 49550
Hashed bucket: 
Cab Guid: 0"
Information	20/06/2025 09:21:12	Windows Error Reporting	1001	None	"Fault bucket , type 0
Event Name: APPCRASH
Response: Not available
Cab Id: 0

Problem signature:
P1: DllHost.exe
P2: 10.0.22621.1
P3: 05e70ed3
P4: StackHash_f9d8
P5: 0.0.0.0
P6: 00000000
P7: c0000005
P8: PCH_9C_FROM_unknown+0x0000000000000000
P9: 
P10: 

Attached files:
\\?\C:\ProgramData\Microsoft\Windows\WER\Temp\WER.8c677267-abea-4140-8785-70d2a0c1a30f.tmp.mdmp
\\?\C:\ProgramData\Microsoft\Windows\WER\Temp\WER.28f1355b-2482-4804-bfe1-3af274f90996.tmp.WERInternalMetadata.xml
WPR_initiated_DiagTrackMiniLogger_OneTrace_User_Logger_20240808_1_EC_0_inject.etl
\\?\C:\ProgramData\Microsoft\Windows\WER\Temp\WER.15bdf055-63cd-4ca2-a95d-6fab89c5ff70.tmp.etl
WPR_initiated_DiagTrackMiniLogger_WPR System Collector_inject.etl
\\?\C:\ProgramData\Microsoft\Windows\WER\Temp\WER.9b52eb1d-d03d-408c-90e0-c316a13fb3a5.tmp.etl
\\?\C:\ProgramData\Microsoft\Windows\WER\Temp\WER.1995b899-f3d8-4c1f-a681-66baa9dd2563.tmp.csv
\\?\C:\ProgramData\Microsoft\Windows\WER\Temp\WER.f2c3432a-eb2a-4c92-b517-47c1025b678b.tmp.txt
\\?\C:\ProgramData\Microsoft\Windows\WER\Temp\WER.a2e7c9d4-819f-40ac-8e14-72bcac75a6a7.tmp.xml
\\?\C:\Users\HP EliteBook\AppData\Local\Temp\WER.0ad7fd8a-db75-4ef0-8b51-fe836bf9ef8f.tmp.appcompat.txt
\\?\C:\Users\HP EliteBook\AppData\Local\Temp\WER.aeb0bc9b-2685-4c11-983b-929872c68647.tmp.WERDataCollectionStatus.txt
memory.hdmp

These files may be available here:
\\?\C:\ProgramData\Microsoft\Windows\WER\ReportQueue\AppCrash_DllHost.exe_99c252ea240657bcb6eff2da35cde2888754_9adb22e4_cab_e3ad289e-e155-4ba9-a4d4-c9c85a36e24a

Analysis symbol: 
Rechecking for solution: 0
Report Id: 66016c38-0318-4f4e-be06-e7aa902a4993
Report Status: 49550
Hashed bucket: 
Cab Guid: 0"
Information	20/06/2025 09:21:12	Windows Error Reporting	1001	None	"Fault bucket , type 0
Event Name: UpdateAgentDiag
Response: Not available
Cab Id: 0

Problem signature:
P1: 24
P2: X
P3: 5
P4: 0xC0000005
P5: amd64
P6: 22631
P7: ni_release
P8: 22621
P9: ni_release_svc_prod1
P10: 5472

Attached files:
\\?\C:\Windows\Logs\MoSetup\UpdateAgent.log
\\?\C:\Windows\Logs\MoSetup\ActionList.xml
\\?\C:\Windows\Logs\MoSetup\DeviceInventory.xml
\\?\C:\ProgramData\Microsoft\Windows\WER\Temp\WER.9d585eb3-f5f5-4100-be54-dee7829ba256.tmp.WERInternalMetadata.xml
WPR_initiated_DiagTrackMiniLogger_OneTrace_User_Logger_20240808_1_EC_0_inject.etl
\\?\C:\ProgramData\Microsoft\Windows\WER\Temp\WER.9a041e60-86cb-4625-b2c0-11e8d2db5fa5.tmp.etl
WPR_initiated_DiagTrackMiniLogger_WPR System Collector_inject.etl
\\?\C:\ProgramData\Microsoft\Windows\WER\Temp\WER.d9c2acdd-f4d9-4c7c-bec9-f3396a8e3e1d.tmp.etl
\\?\C:\ProgramData\Microsoft\Windows\WER\Temp\WER.4d890088-deab-4fc5-91d2-165ab9d7a3cd.tmp.csv
\\?\C:\ProgramData\Microsoft\Windows\WER\Temp\WER.6d0aa8e4-ce27-4b29-85ab-af6df39453be.tmp.txt
\\?\C:\ProgramData\Microsoft\Windows\WER\Temp\WER.9a8e232d-b332-4519-8035-7789b4e9cf5d.tmp.xml
\\?\C:\Windows\SystemTemp\WER.bd21e791-0f28-47a7-b2e1-6b089c98f704.tmp.WERDataCollectionStatus.txt

These files may be available here:
\\?\C:\ProgramData\Microsoft\Windows\WER\ReportQueue\NonCritical_24_9bad202a5f9a26efce75b4aef877739f57adadc_00000000_cab_c1d1d64e-7e91-402e-84f7-a3870fec18c1

Analysis symbol: 
Rechecking for solution: 0
Report Id: c1d1d64e-7e91-402e-84f7-a3870fec18c1
Report Status: 49550
Hashed bucket: 
Cab Guid: 0"
Information	20/06/2025 09:21:12	Windows Error Reporting	1001	None	"Fault bucket 1883660801259629723, type 4
Event Name: APPCRASH
Response: Not available
Cab Id: 0

Problem signature:
P1: AcroTray.exe
P2: 22.1.20117.0
P3: 624e6596
P4: StackHash_f9d8
P5: 0.0.0.0
P6: 00000000
P7: c0000005
P8: PCH_23_FROM_unknown+0x0000000000000000
P9: 
P10: 

Attached files:
\\?\C:\ProgramData\Microsoft\Windows\WER\Temp\WER.80a4ac0e-13e2-41c7-a410-3cf01da405ed.tmp.mdmp
\\?\C:\ProgramData\Microsoft\Windows\WER\Temp\WER.2e7f230d-379e-4b95-b2de-ed450719231b.tmp.WERInternalMetadata.xml
WPR_initiated_DiagTrackMiniLogger_OneTrace_User_Logger_20240808_1_EC_0_inject.etl
\\?\C:\ProgramData\Microsoft\Windows\WER\Temp\WER.fcc58896-3e80-4ebb-af7e-185bd3144b6e.tmp.etl
WPR_initiated_DiagTrackMiniLogger_WPR System Collector_inject.etl
\\?\C:\ProgramData\Microsoft\Windows\WER\Temp\WER.df43cff1-5968-4832-a464-057b0695e126.tmp.etl
\\?\C:\ProgramData\Microsoft\Windows\WER\Temp\WER.8d27da8f-8ae5-437c-bf94-a06a4973ff72.tmp.csv
\\?\C:\ProgramData\Microsoft\Windows\WER\Temp\WER.0b47fca6-920a-4dd5-9839-faa350a000f3.tmp.txt
\\?\C:\ProgramData\Microsoft\Windows\WER\Temp\WER.7bdd9c29-8508-4148-b9bd-71603cd73487.tmp.xml
\\?\C:\Users\HP EliteBook\AppData\Local\Temp\WER.2b1b84df-288c-4b6c-b086-cfd64442ed6c.tmp.appcompat.txt
\\?\C:\Users\HP EliteBook\AppData\Local\Temp\WER.dc7f0e4e-84c9-40eb-8564-42beea33c4f7.tmp.WERDataCollectionStatus.txt
memory.hdmp

These files may be available here:
\\?\C:\ProgramData\Microsoft\Windows\WER\ReportQueue\AppCrash_AcroTray.exe_e3d0e38b3779cf744319b9868e4194f3839eeed_5e2c1be6_cab_1195f60b-6620-4a2e-9fd4-cbc452ca7c03

Analysis symbol: 
Rechecking for solution: 0
Report Id: 0f9e859a-2c13-43d1-a13e-63a94a04de34
Report Status: 49550
Hashed bucket: 1ed2db254b20e04ffa241b84c8686c9b
Cab Guid: 0"
Information	20/06/2025 09:21:09	Windows Error Reporting	1001	None	"Fault bucket 2115955934357232936, type 4
Event Name: APPCRASH
Response: Not available
Cab Id: 1575766165963488708

Problem signature:
P1: dllhost.exe
P2: 10.0.22621.1
P3: 05e70ed3
P4: StackHash_f9d8
P5: 0.0.0.0
P6: 00000000
P7: c0000005
P8: PCH_9C_FROM_unknown+0x0000000000000000
P9: 
P10: 

Attached files:
\\?\C:\ProgramData\Microsoft\Windows\WER\Temp\WER.583217da-d316-4f98-a048-ad9199667d57.tmp.mdmp
\\?\C:\ProgramData\Microsoft\Windows\WER\Temp\WER.587f3a23-99d8-4ec9-ab5f-be0b77d79cc0.tmp.WERInternalMetadata.xml
WPR_initiated_DiagTrackMiniLogger_OneTrace_User_Logger_20240808_1_EC_0_inject.etl
\\?\C:\ProgramData\Microsoft\Windows\WER\Temp\WER.6e4b32c4-c399-4805-80ac-86fdded636ec.tmp.etl
WPR_initiated_DiagTrackMiniLogger_WPR System Collector_inject.etl
\\?\C:\ProgramData\Microsoft\Windows\WER\Temp\WER.67c03fb5-0072-40b2-bd4b-b82e371a154e.tmp.etl
\\?\C:\ProgramData\Microsoft\Windows\WER\Temp\WER.70069346-3ffc-4849-bba0-ab3e9903b218.tmp.csv
\\?\C:\ProgramData\Microsoft\Windows\WER\Temp\WER.8f675e74-c2f8-439d-b34e-1eb0857ceecf.tmp.txt
\\?\C:\ProgramData\Microsoft\Windows\WER\Temp\WER.04b719a1-cfac-4f60-a786-642817200ff2.tmp.xml
\\?\C:\Windows\SystemTemp\WER.efefe79a-3c23-4dfa-a61b-73b4f53603e4.tmp.appcompat.txt
\\?\C:\ProgramData\Microsoft\Windows\WER\ReportQueue\AppCrash_dllhost.exe_b7708e6112c3d3ea555e15432f2d9b42994b3d_e7c336b8_cab_7d5a66e1-f9c7-47b7-ae66-1d2371753b21\memory.hdmp
\\?\C:\Windows\SystemTemp\WER.e67eef87-51d8-4152-9346-7c3d5619eb00.tmp.WERDataCollectionStatus.txt

These files may be available here:
\\?\C:\ProgramData\Microsoft\Windows\WER\ReportArchive\AppCrash_dllhost.exe_b7708e6112c3d3ea555e15432f2d9b42994b3d_e7c336b8_cab_7d5a66e1-f9c7-47b7-ae66-1d2371753b21

Analysis symbol: 
Rechecking for solution: 0
Report Id: 30df3887-04d8-4eeb-9baf-2a90e50f4973
Report Status: 268485102
Hashed bucket: c00013d530715c43fd5d62b623be1d28
Cab Guid: 0194d5d6-beb9-487b-a5de-3efaab553dc4"
Information	20/06/2025 09:21:05	Windows Error Reporting	1001	None	"Fault bucket 1897925277628633341, type 4
Event Name: APPCRASH
Response: Not available
Cab Id: 1528438256893155793

Problem signature:
P1: WTabletServiceISD.exe
P2: 7.7.1.34
P3: 610c1793
P4: StackHash_f9d8
P5: 0.0.0.0
P6: 00000000
P7: c0000005
P8: PCH_B0_FROM_unknown+0x0000000000000000
P9: 
P10: 

Attached files:
\\?\C:\ProgramData\Microsoft\Windows\WER\Temp\WER.5bb79c91-653e-4c92-b005-3df0a4c65d1c.tmp.mdmp
\\?\C:\ProgramData\Microsoft\Windows\WER\Temp\WER.2dbcba44-9e3a-45b0-a9ed-934009da936c.tmp.WERInternalMetadata.xml
WPR_initiated_DiagTrackMiniLogger_OneTrace_User_Logger_20240808_1_EC_0_inject.etl
\\?\C:\ProgramData\Microsoft\Windows\WER\Temp\WER.786a77a4-a92a-43fe-80bd-3c0175311d40.tmp.etl
WPR_initiated_DiagTrackMiniLogger_WPR System Collector_inject.etl
\\?\C:\ProgramData\Microsoft\Windows\WER\Temp\WER.aa945203-cc1f-4741-a3f1-73baa7fc5f61.tmp.etl
\\?\C:\ProgramData\Microsoft\Windows\WER\Temp\WER.7405a427-6d10-4e24-9d7f-dcbe17bb888a.tmp.csv
\\?\C:\ProgramData\Microsoft\Windows\WER\Temp\WER.2f3ac15f-a7fd-449d-939e-cf96a483a8c8.tmp.txt
\\?\C:\ProgramData\Microsoft\Windows\WER\Temp\WER.d01b8388-f570-4571-9d81-f4c7ba6d2eda.tmp.xml
\\?\C:\Windows\SystemTemp\WER.b25a5076-930c-4d33-87b2-38556a2b2213.tmp.appcompat.txt
\\?\C:\ProgramData\Microsoft\Windows\WER\ReportQueue\AppCrash_WTabletServiceIS_cb6fc08adf601c7a34d95bf13630122057b4c165_85776457_cab_955061a7-575e-4c2c-b91b-2c9a1d733d39\memory.hdmp
\\?\C:\Windows\SystemTemp\WER.c0e153df-341f-4e4a-8b3f-ebfb63a851ca.tmp.WERDataCollectionStatus.txt

These files may be available here:
\\?\C:\ProgramData\Microsoft\Windows\WER\ReportArchive\AppCrash_WTabletServiceIS_cb6fc08adf601c7a34d95bf13630122057b4c165_85776457_cab_955061a7-575e-4c2c-b91b-2c9a1d733d39

Analysis symbol: 
Rechecking for solution: 0
Report Id: 5740323b-d28a-4afa-8d4f-ee485099e73d
Report Status: 268485102
Hashed bucket: cafa3ac5b7cacc81da56c8fbff4a10fd
Cab Guid: 5322a47a-6852-48df-9536-1a7f233bd9d1"
Information	20/06/2025 09:21:00	Windows Error Reporting	1001	None	"Fault bucket 1931562636953644813, type 4
Event Name: APPCRASH
Response: Not available
Cab Id: 2295438908024707599

Problem signature:
P1: chrome.exe
P2: 132.0.6834.197
P3: 67a3f19d
P4: StackHash_f9d8
P5: 0.0.0.0
P6: 00000000
P7: c0000005
P8: PCH_92_FROM_unknown+0x0000000000000000
P9: 
P10: 

Attached files:
\\?\C:\ProgramData\Microsoft\Windows\WER\Temp\WER.84d615a6-cc2b-4cf8-a41c-769975e58584.tmp.mdmp
\\?\C:\ProgramData\Microsoft\Windows\WER\Temp\WER.ad1a0303-9165-4b01-b57a-805ab832ab7d.tmp.WERInternalMetadata.xml
WPR_initiated_DiagTrackMiniLogger_OneTrace_User_Logger_20240808_1_EC_0_inject.etl
\\?\C:\ProgramData\Microsoft\Windows\WER\Temp\WER.a9c5b6ef-b5ab-4ba0-ac9b-763a0d99846f.tmp.etl
WPR_initiated_DiagTrackMiniLogger_WPR System Collector_inject.etl
\\?\C:\ProgramData\Microsoft\Windows\WER\Temp\WER.f7057650-8486-47f9-8b12-a0592ed9bb45.tmp.etl
\\?\C:\ProgramData\Microsoft\Windows\WER\Temp\WER.70b59d05-67a3-43c4-af65-0d291cdd8c09.tmp.csv
\\?\C:\ProgramData\Microsoft\Windows\WER\Temp\WER.804cc032-0162-4553-b806-15c7136b5483.tmp.txt
\\?\C:\ProgramData\Microsoft\Windows\WER\Temp\WER.eec3dc7b-4a12-45a8-a56d-5bf7f05202ea.tmp.xml
\\?\C:\Users\HP EliteBook\AppData\Local\Temp\WER.ca068932-a6ae-4394-a2a9-019e97294105.tmp.appcompat.txt
\\?\C:\Users\HP EliteBook\AppData\Local\Temp\WER.ba0c809a-7e30-42ca-baff-3719f314988f.tmp.WERDataCollectionStatus.txt
memory.hdmp

These files may be available here:
\\?\C:\ProgramData\Microsoft\Windows\WER\ReportArchive\AppCrash_chrome.exe_680e6ae2c62da46cecb531c11cb61b95dae1be_ea9e4dd4_cab_36106089-2bcf-409c-8391-be0685e3bb2c

Analysis symbol: 
Rechecking for solution: 0
Report Id: 9ddbb958-c177-420a-81d6-00629b5c555f
Report Status: 268485006
Hashed bucket: 068688eff0686da3aace49fc0509ef0d
Cab Guid: 9cc9989d-f11c-4151-8fdb-09866c6c5a0f"
Information	20/06/2025 09:20:52	Windows Error Reporting	1001	None	"Fault bucket 1561481278239521385, type 5
Event Name: MoAppCrash
Response: Not available
Cab Id: 0

Problem signature:
P1: MicrosoftWindows.Client.CBS_1000.22700.1055.0_x64__cw5n1h2txyewy
P2: praid:CortanaUI
P3: 2124.28300.50.0
P4: 673536c5
P5: TextHash12_295
P6: 0.0.0.0
P7: 00000000
P8: 80070679
P9: 0
P10: 

Attached files:
\\?\C:\ProgramData\Microsoft\Windows\WER\Temp\WER.1e246131-d020-4b69-b148-9461cf427273.tmp.WERInternalMetadata.xml

These files may be available here:
\\?\C:\ProgramData\Microsoft\Windows\WER\ReportArchive\AppCrash_MicrosoftWindows_fb374a1322d62aa9e6d2ea5f21832a829d134e_3f6b8fe7_d79e6389-cdfb-4382-9c07-3ee303eb7cb0

Analysis symbol: 
Rechecking for solution: 0
Report Id: c3296529-02a6-4d23-b9bd-61e9aabf4ec4
Report Status: 268439554
Hashed bucket: 6fdc15cfc1e24c2ed5ab7ef310e3ba69
Cab Guid: 0"
Information	20/06/2025 09:20:50	Windows Error Reporting	1001	None	"Fault bucket 1561481278239521385, type 5
Event Name: MoAppCrash
Response: Not available
Cab Id: 0

Problem signature:
P1: MicrosoftWindows.Client.CBS_1000.22700.1055.0_x64__cw5n1h2txyewy
P2: praid:CortanaUI
P3: 2124.28300.50.0
P4: 673536c5
P5: TextHash12_295
P6: 0.0.0.0
P7: 00000000
P8: 80070679
P9: 0
P10: 

Attached files:
\\?\C:\ProgramData\Microsoft\Windows\WER\Temp\WER.9eb4cd47-6dd1-48fb-bbe5-3875f8a5f0ed.tmp.WERInternalMetadata.xml

These files may be available here:
\\?\C:\ProgramData\Microsoft\Windows\WER\ReportArchive\AppCrash_MicrosoftWindows_fb374a1322d62aa9e6d2ea5f21832a829d134e_3f6b8fe7_622783d1-e4b3-422e-912a-d01e7a6fe89a

Analysis symbol: 
Rechecking for solution: 0
Report Id: 24c3e477-7804-4f39-abd3-6a7e71451e86
Report Status: 2147487750
Hashed bucket: 6fdc15cfc1e24c2ed5ab7ef310e3ba69
Cab Guid: 0"
