Information	20/06/2025 07:24:46	Windows Error Reporting	1001	None	"Fault bucket , type 0
Event Name: APPCRASH
Response: Not available
Cab Id: 0

Problem signature:
P1: dllhost.exe
P2: 10.0.22621.1
P3: 05e70ed3
P4: StackHash_f9d8
P5: 0.0.0.0
P6: 00000000
P7: c0000005
P8: PCH_9C_FROM_unknown+0x0000000000000000
P9: 
P10: 

Attached files:
\\?\C:\ProgramData\Microsoft\Windows\WER\Temp\WER.583217da-d316-4f98-a048-ad9199667d57.tmp.mdmp
\\?\C:\ProgramData\Microsoft\Windows\WER\Temp\WER.587f3a23-99d8-4ec9-ab5f-be0b77d79cc0.tmp.WERInternalMetadata.xml
WPR_initiated_DiagTrackMiniLogger_OneTrace_User_Logger_20240808_1_EC_0_inject.etl
\\?\C:\ProgramData\Microsoft\Windows\WER\Temp\WER.6e4b32c4-c399-4805-80ac-86fdded636ec.tmp.etl
WPR_initiated_DiagTrackMiniLogger_WPR System Collector_inject.etl
\\?\C:\ProgramData\Microsoft\Windows\WER\Temp\WER.67c03fb5-0072-40b2-bd4b-b82e371a154e.tmp.etl
\\?\C:\ProgramData\Microsoft\Windows\WER\Temp\WER.70069346-3ffc-4849-bba0-ab3e9903b218.tmp.csv
\\?\C:\ProgramData\Microsoft\Windows\WER\Temp\WER.8f675e74-c2f8-439d-b34e-1eb0857ceecf.tmp.txt
\\?\C:\ProgramData\Microsoft\Windows\WER\Temp\WER.04b719a1-cfac-4f60-a786-642817200ff2.tmp.xml
\\?\C:\Windows\SystemTemp\WER.efefe79a-3c23-4dfa-a61b-73b4f53603e4.tmp.appcompat.txt
\\?\C:\ProgramData\Microsoft\Windows\WER\ReportQueue\AppCrash_dllhost.exe_b7708e6112c3d3ea555e15432f2d9b42994b3d_e7c336b8_cab_7d5a66e1-f9c7-47b7-ae66-1d2371753b21\memory.hdmp
\\?\C:\Windows\SystemTemp\WER.e67eef87-51d8-4152-9346-7c3d5619eb00.tmp.WERDataCollectionStatus.txt

These files may be available here:
\\?\C:\ProgramData\Microsoft\Windows\WER\ReportQueue\AppCrash_dllhost.exe_b7708e6112c3d3ea555e15432f2d9b42994b3d_e7c336b8_cab_7d5a66e1-f9c7-47b7-ae66-1d2371753b21

Analysis symbol: 
Rechecking for solution: 0
Report Id: 30df3887-04d8-4eeb-9baf-2a90e50f4973
Report Status: 49646
Hashed bucket: 
Cab Guid: 0"
Information	20/06/2025 07:24:46	Windows Error Reporting	1001	None	"Fault bucket , type 0
Event Name: APPCRASH
Response: Not available
Cab Id: 0

Problem signature:
P1: WTabletServiceISD.exe
P2: 7.7.1.34
P3: 610c1793
P4: StackHash_f9d8
P5: 0.0.0.0
P6: 00000000
P7: c0000005
P8: PCH_B0_FROM_unknown+0x0000000000000000
P9: 
P10: 

Attached files:
\\?\C:\ProgramData\Microsoft\Windows\WER\Temp\WER.5bb79c91-653e-4c92-b005-3df0a4c65d1c.tmp.mdmp
\\?\C:\ProgramData\Microsoft\Windows\WER\Temp\WER.2dbcba44-9e3a-45b0-a9ed-934009da936c.tmp.WERInternalMetadata.xml
WPR_initiated_DiagTrackMiniLogger_OneTrace_User_Logger_20240808_1_EC_0_inject.etl
\\?\C:\ProgramData\Microsoft\Windows\WER\Temp\WER.786a77a4-a92a-43fe-80bd-3c0175311d40.tmp.etl
WPR_initiated_DiagTrackMiniLogger_WPR System Collector_inject.etl
\\?\C:\ProgramData\Microsoft\Windows\WER\Temp\WER.aa945203-cc1f-4741-a3f1-73baa7fc5f61.tmp.etl
\\?\C:\ProgramData\Microsoft\Windows\WER\Temp\WER.7405a427-6d10-4e24-9d7f-dcbe17bb888a.tmp.csv
\\?\C:\ProgramData\Microsoft\Windows\WER\Temp\WER.2f3ac15f-a7fd-449d-939e-cf96a483a8c8.tmp.txt
\\?\C:\ProgramData\Microsoft\Windows\WER\Temp\WER.d01b8388-f570-4571-9d81-f4c7ba6d2eda.tmp.xml
\\?\C:\Windows\SystemTemp\WER.b25a5076-930c-4d33-87b2-38556a2b2213.tmp.appcompat.txt
\\?\C:\ProgramData\Microsoft\Windows\WER\ReportQueue\AppCrash_WTabletServiceIS_cb6fc08adf601c7a34d95bf13630122057b4c165_85776457_cab_955061a7-575e-4c2c-b91b-2c9a1d733d39\memory.hdmp
\\?\C:\Windows\SystemTemp\WER.c0e153df-341f-4e4a-8b3f-ebfb63a851ca.tmp.WERDataCollectionStatus.txt

These files may be available here:
\\?\C:\ProgramData\Microsoft\Windows\WER\ReportQueue\AppCrash_WTabletServiceIS_cb6fc08adf601c7a34d95bf13630122057b4c165_85776457_cab_955061a7-575e-4c2c-b91b-2c9a1d733d39

Analysis symbol: 
Rechecking for solution: 0
Report Id: 5740323b-d28a-4afa-8d4f-ee485099e73d
Report Status: 49646
Hashed bucket: 
Cab Guid: 0"
Information	20/06/2025 07:24:46	Windows Error Reporting	1001	None	"Fault bucket , type 0
Event Name: APPCRASH
Response: Not available
Cab Id: 0

Problem signature:
P1: chrome.exe
P2: 132.0.6834.197
P3: 67a3f19d
P4: StackHash_f9d8
P5: 0.0.0.0
P6: 00000000
P7: c0000005
P8: PCH_92_FROM_unknown+0x0000000000000000
P9: 
P10: 

Attached files:
\\?\C:\ProgramData\Microsoft\Windows\WER\Temp\WER.84d615a6-cc2b-4cf8-a41c-769975e58584.tmp.mdmp
\\?\C:\ProgramData\Microsoft\Windows\WER\Temp\WER.ad1a0303-9165-4b01-b57a-805ab832ab7d.tmp.WERInternalMetadata.xml
WPR_initiated_DiagTrackMiniLogger_OneTrace_User_Logger_20240808_1_EC_0_inject.etl
\\?\C:\ProgramData\Microsoft\Windows\WER\Temp\WER.a9c5b6ef-b5ab-4ba0-ac9b-763a0d99846f.tmp.etl
WPR_initiated_DiagTrackMiniLogger_WPR System Collector_inject.etl
\\?\C:\ProgramData\Microsoft\Windows\WER\Temp\WER.f7057650-8486-47f9-8b12-a0592ed9bb45.tmp.etl
\\?\C:\ProgramData\Microsoft\Windows\WER\Temp\WER.70b59d05-67a3-43c4-af65-0d291cdd8c09.tmp.csv
\\?\C:\ProgramData\Microsoft\Windows\WER\Temp\WER.804cc032-0162-4553-b806-15c7136b5483.tmp.txt
\\?\C:\ProgramData\Microsoft\Windows\WER\Temp\WER.eec3dc7b-4a12-45a8-a56d-5bf7f05202ea.tmp.xml
\\?\C:\Users\HP EliteBook\AppData\Local\Temp\WER.ca068932-a6ae-4394-a2a9-019e97294105.tmp.appcompat.txt
\\?\C:\Users\HP EliteBook\AppData\Local\Temp\WER.ba0c809a-7e30-42ca-baff-3719f314988f.tmp.WERDataCollectionStatus.txt
memory.hdmp

These files may be available here:
\\?\C:\ProgramData\Microsoft\Windows\WER\ReportQueue\AppCrash_chrome.exe_680e6ae2c62da46cecb531c11cb61b95dae1be_ea9e4dd4_cab_36106089-2bcf-409c-8391-be0685e3bb2c

Analysis symbol: 
Rechecking for solution: 0
Report Id: 9ddbb958-c177-420a-81d6-00629b5c555f
Report Status: 49550
Hashed bucket: 
Cab Guid: 0"
Information	20/06/2025 07:23:02	Microsoft-Windows-Complus	781	None	The COM+ sub system is suppressing duplicate event log entries for a duration of 86400 seconds.  The suppression timeout can be controlled by a REG_DWORD value named SuppressDuplicateDuration under the following registry key: HKLM\Software\Microsoft\COM3\Eventlog.
Information	20/06/2025 07:23:01	Windows Error Reporting	1001	None	"Fault bucket 2115955934357232936, type 4
Event Name: APPCRASH
Response: Not available
Cab Id: 0

Problem signature:
P1: dllhost.exe
P2: 10.0.22621.1
P3: 05e70ed3
P4: StackHash_f9d8
P5: 0.0.0.0
P6: 00000000
P7: c0000005
P8: PCH_9C_FROM_unknown+0x0000000000000000
P9: 
P10: 

Attached files:
\\?\C:\ProgramData\Microsoft\Windows\WER\Temp\WER.895e5940-36e1-4d26-9ed2-543f22189d34.tmp.mdmp
\\?\C:\ProgramData\Microsoft\Windows\WER\Temp\WER.3f469454-63b4-4cae-b203-a98b3e2fb461.tmp.WERInternalMetadata.xml
WPR_initiated_DiagTrackMiniLogger_OneTrace_User_Logger_20250608_1_EC_0_inject.etl
\\?\C:\ProgramData\Microsoft\Windows\WER\Temp\WER.b8dc0cad-3858-4068-9b59-dfa6e7a7d236.tmp.etl
WPR_initiated_DiagTrackMiniLogger_WPR System Collector_inject.etl
\\?\C:\ProgramData\Microsoft\Windows\WER\Temp\WER.4d9bd1e0-bbea-4ce2-9bb2-d5b6de981533.tmp.etl
\\?\C:\ProgramData\Microsoft\Windows\WER\Temp\WER.aed1f356-6ce5-4aa7-be2b-309c555cb048.tmp.csv
\\?\C:\ProgramData\Microsoft\Windows\WER\Temp\WER.b84669b0-d9f5-4fbd-be77-32861d7fb177.tmp.txt
\\?\C:\ProgramData\Microsoft\Windows\WER\Temp\WER.e4764cae-ae2d-4e57-9716-d1e3718c27ce.tmp.xml

These files may be available here:
\\?\C:\ProgramData\Microsoft\Windows\WER\ReportArchive\AppCrash_dllhost.exe_b7708e6112c3d3ea555e15432f2d9b42994b3d_e7c336b8_5f823650-d179-4f11-9586-d565af59334f

Analysis symbol: 
Rechecking for solution: 0
Report Id: a7b1d8b6-96b7-43bc-a443-756569fd46ac
Report Status: 268435456
Hashed bucket: c00013d530715c43fd5d62b623be1d28
Cab Guid: 0"
Error	20/06/2025 07:22:58	Application Error	1000	Application Crashing Events	"Faulting application name: dllhost.exe, version: 10.0.22621.1, time stamp: 0x05e70ed3
Faulting module name: unknown, version: 0.0.0.0, time stamp: 0x00000000
Exception code: 0xc0000005
Fault offset: 0x0000000000905dd6
Faulting process id: 0x0x11A8
Faulting application start time: 0x0x1DBE1783E368E60
Faulting application path: C:\Windows\system32\dllhost.exe
Faulting module path: unknown
Report Id: a7b1d8b6-96b7-43bc-a443-756569fd46ac
Faulting package full name: 
Faulting package-relative application ID: "
Information	20/06/2025 07:22:45	Windows Error Reporting	1001	None	"Fault bucket 1749154308405373022, type 4
Event Name: APPCRASH
Response: Not available
Cab Id: 0

Problem signature:
P1: vmware-usbarbitrator64.exe
P2: 20.10.0.0
P3: 669a1840
P4: StackHash_f9d8
P5: 0.0.0.0
P6: 00000000
P7: c0000005
P8: PCH_00_FROM_unknown+0x0000000000000000
P9: 
P10: 

Attached files:
\\?\C:\ProgramData\Microsoft\Windows\WER\Temp\WER.80e9aaa8-3da8-4ede-a323-a58b7524e2c8.tmp.mdmp
\\?\C:\ProgramData\Microsoft\Windows\WER\Temp\WER.909c705e-5d6e-46bb-9bde-62c6cd63a653.tmp.WERInternalMetadata.xml
WPR_initiated_DiagTrackMiniLogger_OneTrace_User_Logger_20250608_1_EC_0_inject.etl
\\?\C:\ProgramData\Microsoft\Windows\WER\Temp\WER.ac6c8649-c544-452a-a8ee-1d193b338d33.tmp.etl
WPR_initiated_DiagTrackMiniLogger_WPR System Collector_inject.etl
\\?\C:\ProgramData\Microsoft\Windows\WER\Temp\WER.4c3e5508-3651-4fca-a9d5-5d05ed123c16.tmp.etl
\\?\C:\ProgramData\Microsoft\Windows\WER\Temp\WER.21677739-a6e9-4ef9-aa4c-493a22e28d5f.tmp.csv
\\?\C:\ProgramData\Microsoft\Windows\WER\Temp\WER.718d9391-569a-40ff-a0cc-b1165316d09a.tmp.txt
\\?\C:\ProgramData\Microsoft\Windows\WER\Temp\WER.305b86bc-98ea-4b05-9397-fdbff76b9e3c.tmp.xml

These files may be available here:
\\?\C:\ProgramData\Microsoft\Windows\WER\ReportArchive\AppCrash_vmware-usbarbitr_1ec8c11773b06963b63627bb8c4cbf537b17c25_17c75580_69978daa-eacf-4545-be4e-c3c61ec631c3

Analysis symbol: 
Rechecking for solution: 0
Report Id: 13ff22bf-e73d-48cb-b849-25ad61a795db
Report Status: 268435456
Hashed bucket: f1ca7ee4517e896fa8463e9379d8a85e
Cab Guid: 0"
Error	20/06/2025 07:22:42	Application Error	1000	Application Crashing Events	"Faulting application name: vmware-usbarbitrator64.exe, version: 20.10.0.0, time stamp: 0x669a1840
Faulting module name: unknown, version: 0.0.0.0, time stamp: 0x00000000
Exception code: 0xc0000005
Fault offset: 0x0000000000f05dd6
Faulting process id: 0x0x73D4
Faulting application start time: 0x0x1DBE179392A6B75
Faulting application path: C:\Program Files (x86)\Common Files\VMware\USB\vmware-usbarbitrator64.exe
Faulting module path: unknown
Report Id: 13ff22bf-e73d-48cb-b849-25ad61a795db
Faulting package full name: 
Faulting package-relative application ID: "
Information	20/06/2025 07:21:16	Windows Error Reporting	1001	None	"Fault bucket 2120996873715200844, type 4
Event Name: APPCRASH
Response: Not available
Cab Id: 0

Problem signature:
P1: HotKeyServiceUWP.exe
P2: 8.10.46.337
P3: 67ee32ff
P4: StackHash_f9d8
P5: 0.0.0.0
P6: 00000000
P7: c0000005
P8: PCH_00_FROM_unknown+0x0000000000000000
P9: 
P10: 

Attached files:
\\?\C:\ProgramData\Microsoft\Windows\WER\Temp\WER.98ffc3ab-b364-47cd-9ed3-92d1ed0ee37e.tmp.mdmp
\\?\C:\ProgramData\Microsoft\Windows\WER\Temp\WER.1f6fc730-0729-43a8-8f5e-6d06a197d8a9.tmp.WERInternalMetadata.xml
WPR_initiated_DiagTrackMiniLogger_OneTrace_User_Logger_20250608_1_EC_0_inject.etl
\\?\C:\ProgramData\Microsoft\Windows\WER\Temp\WER.43e808ef-484d-497a-b3cb-63e38cee89ea.tmp.etl
WPR_initiated_DiagTrackMiniLogger_WPR System Collector_inject.etl
\\?\C:\ProgramData\Microsoft\Windows\WER\Temp\WER.fe34df33-03b9-4845-95a9-75f4ea521751.tmp.etl
\\?\C:\ProgramData\Microsoft\Windows\WER\Temp\WER.dd8feb79-325a-45d0-9d65-0e506a1a8243.tmp.csv
\\?\C:\ProgramData\Microsoft\Windows\WER\Temp\WER.e64bf6c4-5494-4026-9d0e-18a46bc0fb43.tmp.txt
\\?\C:\ProgramData\Microsoft\Windows\WER\Temp\WER.3862cfb9-70f1-4e87-9407-b756486bae84.tmp.xml

These files may be available here:
\\?\C:\ProgramData\Microsoft\Windows\WER\ReportArchive\AppCrash_HotKeyServiceUWP_5540d725a180a02c3825b1f77c22eedc462a7_b8181675_f000bc13-1848-4955-838c-5743c38720f7

Analysis symbol: 
Rechecking for solution: 0
Report Id: 0a77e4b8-bd1c-4055-8ea1-3ed314010903
Report Status: 268435456
Hashed bucket: dfa1cf850c1ffe22dd6f4b6b4b82334c
Cab Guid: 0"
Error	20/06/2025 07:21:13	Application Error	1000	Application Crashing Events	"Faulting application name: HotKeyServiceUWP.exe, version: 8.10.46.337, time stamp: 0x67ee32ff
Faulting module name: unknown, version: 0.0.0.0, time stamp: 0x00000000
Exception code: 0xc0000005
Fault offset: 0x0000000000f05dd6
Faulting process id: 0x0x6ED0
Faulting application start time: 0x0x1DBE1791E647364
Faulting application path: C:\Windows\System32\DriverStore\FileRepository\hpqkbsoftwarecompnent.inf_amd64_a22c6a91e05f8cee\HotKeyServiceUWP.exe
Faulting module path: unknown
Report Id: 0a77e4b8-bd1c-4055-8ea1-3ed314010903
Faulting package full name: 
Faulting package-relative application ID: "
Information	20/06/2025 07:21:00	Windows Error Reporting	1001	None	"Fault bucket 1749154308405373022, type 4
Event Name: APPCRASH
Response: Not available
Cab Id: 0

Problem signature:
P1: vmware-usbarbitrator64.exe
P2: 20.10.0.0
P3: 669a1840
P4: StackHash_f9d8
P5: 0.0.0.0
P6: 00000000
P7: c0000005
P8: PCH_7C_FROM_unknown+0x0000000000000000
P9: 
P10: 

Attached files:
\\?\C:\ProgramData\Microsoft\Windows\WER\Temp\WER.e2b54d2c-572e-4d9f-8d74-65b30aea73ad.tmp.mdmp
\\?\C:\ProgramData\Microsoft\Windows\WER\Temp\WER.be737336-8b75-4e1e-8cd7-bf21c4640e65.tmp.WERInternalMetadata.xml
WPR_initiated_DiagTrackMiniLogger_OneTrace_User_Logger_20250608_1_EC_0_inject.etl
\\?\C:\ProgramData\Microsoft\Windows\WER\Temp\WER.11b97f97-9aa0-45a6-ad47-3cbe35875ba8.tmp.etl
WPR_initiated_DiagTrackMiniLogger_WPR System Collector_inject.etl
\\?\C:\ProgramData\Microsoft\Windows\WER\Temp\WER.a01ec0f4-0384-4e39-80b9-c635e0dc4360.tmp.etl
\\?\C:\ProgramData\Microsoft\Windows\WER\Temp\WER.b52690ef-5caf-41fc-a422-d5369cf83f35.tmp.csv
\\?\C:\ProgramData\Microsoft\Windows\WER\Temp\WER.a342cac6-f862-4064-9f34-874c313640eb.tmp.txt
\\?\C:\ProgramData\Microsoft\Windows\WER\Temp\WER.d99c87bb-6c9e-4949-9e04-b583daa3f153.tmp.xml

These files may be available here:
\\?\C:\ProgramData\Microsoft\Windows\WER\ReportArchive\AppCrash_vmware-usbarbitr_c23b90fa4bdf8d84a96d882fdedad24a624e3bb_17c75580_0ccd9c68-a85d-40ac-a0b4-097f4cf5e838

Analysis symbol: 
Rechecking for solution: 0
Report Id: ca8208dc-5014-40df-94e5-8c12b0effb46
Report Status: 268435456
Hashed bucket: f1ca7ee4517e896fa8463e9379d8a85e
Cab Guid: 0"
Error	20/06/2025 07:20:56	Application Error	1000	Application Crashing Events	"Faulting application name: vmware-usbarbitrator64.exe, version: 20.10.0.0, time stamp: 0x669a1840
Faulting module name: unknown, version: 0.0.0.0, time stamp: 0x00000000
Exception code: 0xc0000005
Fault offset: 0x0000000000ed5dd6
Faulting process id: 0x0x3844
Faulting application start time: 0x0x1DBE178FB4EC03C
Faulting application path: C:\Program Files (x86)\Common Files\VMware\USB\vmware-usbarbitrator64.exe
Faulting module path: unknown
Report Id: ca8208dc-5014-40df-94e5-8c12b0effb46
Faulting package full name: 
Faulting package-relative application ID: "
Information	20/06/2025 07:20:44	Windows Error Reporting	1001	None	"Fault bucket 1833580701306877483, type 4
Event Name: APPCRASH
Response: Not available
Cab Id: 0

Problem signature:
P1: HPAudioAnalytics.exe
P2: 8.10.46.337
P3: 67ee326a
P4: StackHash_f9d8
P5: 0.0.0.0
P6: 00000000
P7: c0000005
P8: PCH_B0_FROM_unknown+0x0000000000000000
P9: 
P10: 

Attached files:
\\?\C:\ProgramData\Microsoft\Windows\WER\Temp\WER.4a3bd04b-f0b8-41e0-98d0-54794be83239.tmp.mdmp
\\?\C:\ProgramData\Microsoft\Windows\WER\Temp\WER.ecd0d2c7-f65b-4a39-b37c-572ee22d7707.tmp.WERInternalMetadata.xml
WPR_initiated_DiagTrackMiniLogger_OneTrace_User_Logger_20250608_1_EC_0_inject.etl
\\?\C:\ProgramData\Microsoft\Windows\WER\Temp\WER.92f51db7-2fa6-4e42-9f03-c1e8a39a760d.tmp.etl
WPR_initiated_DiagTrackMiniLogger_WPR System Collector_inject.etl
\\?\C:\ProgramData\Microsoft\Windows\WER\Temp\WER.8b59ac1a-5bac-4e9f-9446-e6d1f4736c98.tmp.etl
\\?\C:\ProgramData\Microsoft\Windows\WER\Temp\WER.14819664-d8df-4da1-9a9a-f518b4c5a862.tmp.csv
\\?\C:\ProgramData\Microsoft\Windows\WER\Temp\WER.9707df6f-3df6-42ae-aa59-11c29c966976.tmp.txt
\\?\C:\ProgramData\Microsoft\Windows\WER\Temp\WER.abb5e3c6-4784-477a-b24b-a51a8cb7204f.tmp.xml

These files may be available here:
\\?\C:\ProgramData\Microsoft\Windows\WER\ReportArchive\AppCrash_HPAudioAnalytics_4254ce8ad7c328eb8bb8b11e8d85e14ed77ab877_fe948d19_322f8b0e-4839-46d2-8bc9-34e5107d42e1

Analysis symbol: 
Rechecking for solution: 0
Report Id: aeee00ee-f2bc-4a90-814d-61a2ce8afaa6
Report Status: 268435456
Hashed bucket: c52742e85a88a80ca9722feee068762b
Cab Guid: 0"
Error	20/06/2025 07:20:41	Application Error	1000	Application Crashing Events	"Faulting application name: HPAudioAnalytics.exe, version: 8.10.46.337, time stamp: 0x67ee326a
Faulting module name: unknown, version: 0.0.0.0, time stamp: 0x00000000
Exception code: 0xc0000005
Fault offset: 0x0000000000f15dd6
Faulting process id: 0x0x31E8
Faulting application start time: 0x0x1DBE178F71FE8EB
Faulting application path: C:\Windows\System32\DriverStore\FileRepository\hpqkbsoftwarecompnent.inf_amd64_a22c6a91e05f8cee\HPAudioAnalytics.exe
Faulting module path: unknown
Report Id: aeee00ee-f2bc-4a90-814d-61a2ce8afaa6
Faulting package full name: 
Faulting package-relative application ID: "
Information	20/06/2025 07:20:25	HotKeyServiceUWP	0	(2)	"The description for Event ID 0 from source HotKeyServiceUWP cannot be found. Either the component that raises this event is not installed on your local computer or the installation is corrupted. You can install or repair the component on the local computer.

If the event originated on another computer, the display information had to be saved with the event.

The following information was included with the event: 

RpcServerMonitoringThread - Entry

The message resource is present but the message was not found in the message table
"
Information	20/06/2025 07:20:25	HotKeyServiceUWP	0	(2)	"The description for Event ID 0 from source HotKeyServiceUWP cannot be found. Either the component that raises this event is not installed on your local computer or the installation is corrupted. You can install or repair the component on the local computer.

If the event originated on another computer, the display information had to be saved with the event.

The following information was included with the event: 

HP Hotkey UWP Service (8.10.46.337) in OnStart

The message resource is present but the message was not found in the message table
"
Information	20/06/2025 07:19:19	HotKeyServiceUWP	0	(2)	"The description for Event ID 0 from source HotKeyServiceUWP cannot be found. Either the component that raises this event is not installed on your local computer or the installation is corrupted. You can install or repair the component on the local computer.

If the event originated on another computer, the display information had to be saved with the event.

The following information was included with the event: 

HP Audio Analytics Service (8.10.46.337) in OnStart

The message resource is present but the message was not found in the message table
"
Information	20/06/2025 07:19:16	Windows Error Reporting	1001	None	"Fault bucket 1749154308405373022, type 4
Event Name: APPCRASH
Response: Not available
Cab Id: 0

Problem signature:
P1: vmware-usbarbitrator64.exe
P2: 20.10.0.0
P3: 669a1840
P4: StackHash_f9d8
P5: 0.0.0.0
P6: 00000000
P7: c0000005
P8: PCH_D2_FROM_unknown+0x0000000000000000
P9: 
P10: 

Attached files:
\\?\C:\ProgramData\Microsoft\Windows\WER\Temp\WER.cbcf88f9-ecbe-40aa-933a-547086c7cddd.tmp.mdmp
\\?\C:\ProgramData\Microsoft\Windows\WER\Temp\WER.58b8b044-c27a-4f94-acfc-01c897289b46.tmp.WERInternalMetadata.xml
WPR_initiated_DiagTrackMiniLogger_OneTrace_User_Logger_20250608_1_EC_0_inject.etl
\\?\C:\ProgramData\Microsoft\Windows\WER\Temp\WER.e7312efd-517d-4fe2-a181-9dc9697133c2.tmp.etl
WPR_initiated_DiagTrackMiniLogger_WPR System Collector_inject.etl
\\?\C:\ProgramData\Microsoft\Windows\WER\Temp\WER.74d13d81-7d7f-4d47-be69-c60de184551c.tmp.etl
\\?\C:\ProgramData\Microsoft\Windows\WER\Temp\WER.367ae65f-bf9f-49a1-894c-d3f79ba32a6a.tmp.csv
\\?\C:\ProgramData\Microsoft\Windows\WER\Temp\WER.98a2a59b-6e75-457f-8531-86e70ff62d85.tmp.txt
\\?\C:\ProgramData\Microsoft\Windows\WER\Temp\WER.af49dd39-9527-4bc2-9e02-122c97153178.tmp.xml

These files may be available here:
\\?\C:\ProgramData\Microsoft\Windows\WER\ReportArchive\AppCrash_vmware-usbarbitr_9c40a8d4a6a42d23b1977137a1399682c0421246_17c75580_d180d6ad-3605-4c04-b482-7c2dab91a14f

Analysis symbol: 
Rechecking for solution: 0
Report Id: df50a308-1cfd-42bb-9a36-93bd35d764e4
Report Status: 268435456
Hashed bucket: f1ca7ee4517e896fa8463e9379d8a85e
Cab Guid: 0"
Error	20/06/2025 07:19:13	Application Error	1000	Application Crashing Events	"Faulting application name: vmware-usbarbitrator64.exe, version: 20.10.0.0, time stamp: 0x669a1840
Faulting module name: unknown, version: 0.0.0.0, time stamp: 0x00000000
Exception code: 0xc0000005
Fault offset: 0x0000000000b65dd6
Faulting process id: 0x0x8884
Faulting application start time: 0x0x1DBE178C6F2DF9B
Faulting application path: C:\Program Files (x86)\Common Files\VMware\USB\vmware-usbarbitrator64.exe
Faulting module path: unknown
Report Id: df50a308-1cfd-42bb-9a36-93bd35d764e4
Faulting package full name: 
Faulting package-relative application ID: "
Information	20/06/2025 07:17:48	Windows Error Reporting	1001	None	"Fault bucket 1749154308405373022, type 4
Event Name: APPCRASH
Response: Not available
Cab Id: 0

Problem signature:
P1: vmware-usbarbitrator64.exe
P2: 20.10.0.0
P3: 669a1840
P4: StackHash_f9d8
P5: 0.0.0.0
P6: 00000000
P7: c0000005
P8: PCH_7C_FROM_unknown+0x0000000000000000
P9: 
P10: 

Attached files:
\\?\C:\ProgramData\Microsoft\Windows\WER\Temp\WER.ef79ec0f-8f84-4edc-af44-b51adc3023a5.tmp.mdmp
\\?\C:\ProgramData\Microsoft\Windows\WER\Temp\WER.9997692b-4dc3-4af4-b191-1d9b98cfe8b0.tmp.WERInternalMetadata.xml
WPR_initiated_DiagTrackMiniLogger_OneTrace_User_Logger_20250608_1_EC_0_inject.etl
\\?\C:\ProgramData\Microsoft\Windows\WER\Temp\WER.c9090801-8b71-4ab9-a006-69fb8bcaee31.tmp.etl
WPR_initiated_DiagTrackMiniLogger_WPR System Collector_inject.etl
\\?\C:\ProgramData\Microsoft\Windows\WER\Temp\WER.5e9364e6-52d3-4137-a5dc-972503ed6f2d.tmp.etl
\\?\C:\ProgramData\Microsoft\Windows\WER\Temp\WER.e6a32cb2-d688-4727-a120-f92c6844e485.tmp.csv
\\?\C:\ProgramData\Microsoft\Windows\WER\Temp\WER.ba03d2e0-369a-486e-83f6-e84fc1513973.tmp.txt
\\?\C:\ProgramData\Microsoft\Windows\WER\Temp\WER.6a20a55d-9c75-4b83-82de-cbb67777ad91.tmp.xml

These files may be available here:
\\?\C:\ProgramData\Microsoft\Windows\WER\ReportArchive\AppCrash_vmware-usbarbitr_c23b90fa4bdf8d84a96d882fdedad24a624e3bb_17c75580_36e31366-dd05-408c-aca4-f94decdef42a

Analysis symbol: 
Rechecking for solution: 0
Report Id: 2cd22988-3823-4640-a805-3118f20f6420
Report Status: 268435456
Hashed bucket: f1ca7ee4517e896fa8463e9379d8a85e
Cab Guid: 0"
Error	20/06/2025 07:17:44	Application Error	1000	Application Crashing Events	"Faulting application name: vmware-usbarbitrator64.exe, version: 20.10.0.0, time stamp: 0x669a1840
Faulting module name: unknown, version: 0.0.0.0, time stamp: 0x00000000
Exception code: 0xc0000005
Fault offset: 0x0000000000ed5dd6
Faulting process id: 0x0x7624
Faulting application start time: 0x0x1DBE17857D3C1DF
Faulting application path: C:\Program Files (x86)\Common Files\VMware\USB\vmware-usbarbitrator64.exe
Faulting module path: unknown
Report Id: 2cd22988-3823-4640-a805-3118f20f6420
Faulting package full name: 
Faulting package-relative application ID: "
Information	20/06/2025 07:14:42	Windows Error Reporting	1001	None	"Fault bucket 1749154308405373022, type 4
Event Name: APPCRASH
Response: Not available
Cab Id: 0

Problem signature:
P1: vmware-usbarbitrator64.exe
P2: 20.10.0.0
P3: 669a1840
P4: StackHash_f9d8
P5: 0.0.0.0
P6: 00000000
P7: c0000005
P8: PCH_3B_FROM_unknown+0x0000000000000000
P9: 
P10: 

Attached files:
\\?\C:\ProgramData\Microsoft\Windows\WER\Temp\WER.7204b7f5-67be-4381-bae5-817a05476697.tmp.mdmp
\\?\C:\ProgramData\Microsoft\Windows\WER\Temp\WER.c6cc6c83-6203-46b9-bca4-129414f38ec7.tmp.WERInternalMetadata.xml
WPR_initiated_DiagTrackMiniLogger_OneTrace_User_Logger_20250608_1_EC_0_inject.etl
\\?\C:\ProgramData\Microsoft\Windows\WER\Temp\WER.5140ac39-91f0-46bc-b8e8-71a77c69df8f.tmp.etl
WPR_initiated_DiagTrackMiniLogger_WPR System Collector_inject.etl
\\?\C:\ProgramData\Microsoft\Windows\WER\Temp\WER.90bac15d-e043-4f3f-bc26-2fb672944717.tmp.etl
\\?\C:\ProgramData\Microsoft\Windows\WER\Temp\WER.428ac510-1fc2-4552-ba44-3015be5910b3.tmp.csv
\\?\C:\ProgramData\Microsoft\Windows\WER\Temp\WER.13137093-9ccf-46fe-950b-e335cf65ce2c.tmp.txt
\\?\C:\ProgramData\Microsoft\Windows\WER\Temp\WER.3f496a57-07e4-4269-840c-40fbc0b06513.tmp.xml

These files may be available here:
\\?\C:\ProgramData\Microsoft\Windows\WER\ReportArchive\AppCrash_vmware-usbarbitr_3dc77472df543df23bb9f41c2ecb55694cc98_17c75580_f78c0a52-626e-4b10-97aa-3346e3332b5f

Analysis symbol: 
Rechecking for solution: 0
Report Id: 36dcf036-963d-43c1-adbf-42fc2348d79a
Report Status: 268435456
Hashed bucket: f1ca7ee4517e896fa8463e9379d8a85e
Cab Guid: 0"
Error	20/06/2025 07:14:38	Application Error	1000	Application Crashing Events	"Faulting application name: vmware-usbarbitrator64.exe, version: 20.10.0.0, time stamp: 0x669a1840
Faulting module name: unknown, version: 0.0.0.0, time stamp: 0x00000000
Exception code: 0xc0000005
Fault offset: 0x0000000000a85dd6
Faulting process id: 0x0x8E4
Faulting application start time: 0x0x1DBE17839E4E930
Faulting application path: C:\Program Files (x86)\Common Files\VMware\USB\vmware-usbarbitrator64.exe
Faulting module path: unknown
Report Id: 36dcf036-963d-43c1-adbf-42fc2348d79a
Faulting package full name: 
Faulting package-relative application ID: "
Information	20/06/2025 07:14:25	Windows Error Reporting	1001	None	"Fault bucket 2120996873715200844, type 4
Event Name: APPCRASH
Response: Not available
Cab Id: 0

Problem signature:
P1: HotKeyServiceUWP.exe
P2: 8.10.46.337
P3: 67ee32ff
P4: StackHash_f9d8
P5: 0.0.0.0
P6: 00000000
P7: c0000005
P8: PCH_4D_FROM_unknown+0x0000000000000000
P9: 
P10: 

Attached files:
\\?\C:\ProgramData\Microsoft\Windows\WER\Temp\WER.3181c503-f752-449e-acdc-f4d3523abaff.tmp.mdmp
\\?\C:\ProgramData\Microsoft\Windows\WER\Temp\WER.41acd6fe-eeff-49e7-b264-0e94ea815e1e.tmp.WERInternalMetadata.xml
WPR_initiated_DiagTrackMiniLogger_OneTrace_User_Logger_20250608_1_EC_0_inject.etl
\\?\C:\ProgramData\Microsoft\Windows\WER\Temp\WER.a9f0ac86-2361-4376-a31a-0c03b2165d8b.tmp.etl
WPR_initiated_DiagTrackMiniLogger_WPR System Collector_inject.etl
\\?\C:\ProgramData\Microsoft\Windows\WER\Temp\WER.9f214c33-500e-49f3-bd18-fcb767c07025.tmp.etl
\\?\C:\ProgramData\Microsoft\Windows\WER\Temp\WER.5db7f31d-ca0a-400d-b897-26e77637dc4d.tmp.csv
\\?\C:\ProgramData\Microsoft\Windows\WER\Temp\WER.7f8b7e4b-5484-4792-b2c4-c42e79f8b67a.tmp.txt
\\?\C:\ProgramData\Microsoft\Windows\WER\Temp\WER.d35b2119-02d2-4c73-a752-200a568b7b00.tmp.xml

These files may be available here:
\\?\C:\ProgramData\Microsoft\Windows\WER\ReportArchive\AppCrash_HotKeyServiceUWP_478859a463e2e96eb08453989311349e65a142_b8181675_80034174-bc52-4b7f-9e69-08287c93588d

Analysis symbol: 
Rechecking for solution: 0
Report Id: b53d3254-c5cf-4ed0-a549-7411e7e0d860
Report Status: 268435456
Hashed bucket: dfa1cf850c1ffe22dd6f4b6b4b82334c
Cab Guid: 0"
Error	20/06/2025 07:14:21	Application Error	1000	Application Crashing Events	"Faulting application name: HotKeyServiceUWP.exe, version: 8.10.46.337, time stamp: 0x67ee32ff
Faulting module name: unknown, version: 0.0.0.0, time stamp: 0x00000000
Exception code: 0xc0000005
Fault offset: 0x0000000000f55dd6
Faulting process id: 0x0xF18
Faulting application start time: 0x0x1DBE17832A17D9F
Faulting application path: C:\Windows\System32\DriverStore\FileRepository\hpqkbsoftwarecompnent.inf_amd64_a22c6a91e05f8cee\HotKeyServiceUWP.exe
Faulting module path: unknown
Report Id: b53d3254-c5cf-4ed0-a549-7411e7e0d860
Faulting package full name: 
Faulting package-relative application ID: "
Information	20/06/2025 07:14:09	Microsoft-Windows-Complus	781	None	The COM+ sub system is suppressing duplicate event log entries for a duration of 86400 seconds.  The suppression timeout can be controlled by a REG_DWORD value named SuppressDuplicateDuration under the following registry key: HKLM\Software\Microsoft\COM3\Eventlog.
Information	20/06/2025 07:14:08	Windows Error Reporting	1001	None	"Fault bucket 2115955934357232936, type 4
Event Name: APPCRASH
Response: Not available
Cab Id: 0

Problem signature:
P1: dllhost.exe
P2: 10.0.22621.1
P3: 05e70ed3
P4: StackHash_f9d8
P5: 0.0.0.0
P6: 00000000
P7: c0000005
P8: PCH_4B_FROM_unknown+0x0000000000000000
P9: 
P10: 

Attached files:
\\?\C:\ProgramData\Microsoft\Windows\WER\Temp\WER.eb812c23-8d7d-4dc7-b00f-562a2c39db2a.tmp.mdmp
\\?\C:\ProgramData\Microsoft\Windows\WER\Temp\WER.72ad3364-5d66-4387-9d9c-decaab99bbeb.tmp.WERInternalMetadata.xml
WPR_initiated_DiagTrackMiniLogger_OneTrace_User_Logger_20250608_1_EC_0_inject.etl
\\?\C:\ProgramData\Microsoft\Windows\WER\Temp\WER.082e303c-0b1e-4688-adc4-2ddb53a22fc4.tmp.etl
WPR_initiated_DiagTrackMiniLogger_WPR System Collector_inject.etl
\\?\C:\ProgramData\Microsoft\Windows\WER\Temp\WER.81329890-1c75-4a05-a362-1e5997e672c2.tmp.etl
\\?\C:\ProgramData\Microsoft\Windows\WER\Temp\WER.62fc2d54-52c7-4517-a407-22670156db37.tmp.csv
\\?\C:\ProgramData\Microsoft\Windows\WER\Temp\WER.da6e996a-ac05-4468-92c8-196271aca0dd.tmp.txt
\\?\C:\ProgramData\Microsoft\Windows\WER\Temp\WER.1477a5d5-9ae9-43e7-a976-bc60a40ac955.tmp.xml

These files may be available here:
\\?\C:\ProgramData\Microsoft\Windows\WER\ReportArchive\AppCrash_dllhost.exe_e2c63fef1373a35ac0b634548b13aa5eede3c88_e7c336b8_d415209e-6ad2-4dc1-8729-192da0aa5499

Analysis symbol: 
Rechecking for solution: 0
Report Id: f0d21638-bc5c-4e0e-9413-2249b829ee07
Report Status: 268435456
Hashed bucket: c00013d530715c43fd5d62b623be1d28
Cab Guid: 0"
Error	20/06/2025 07:14:04	Application Error	1000	Application Crashing Events	"Faulting application name: dllhost.exe, version: 10.0.22621.1, time stamp: 0x05e70ed3
Faulting module name: unknown, version: 0.0.0.0, time stamp: 0x00000000
Exception code: 0xc0000005
Fault offset: 0x0000000000545dd6
Faulting process id: 0x0x5940
Faulting application start time: 0x0x1DBE1782AD2C4D3
Faulting application path: C:\Windows\system32\dllhost.exe
Faulting module path: unknown
Report Id: f0d21638-bc5c-4e0e-9413-2249b829ee07
Faulting package full name: 
Faulting package-relative application ID: "
Information	20/06/2025 07:13:52	Windows Error Reporting	1001	None	"Fault bucket 1749154308405373022, type 4
Event Name: APPCRASH
Response: Not available
Cab Id: 0

Problem signature:
P1: vmware-usbarbitrator64.exe
P2: 20.10.0.0
P3: 669a1840
P4: StackHash_f9d8
P5: 0.0.0.0
P6: 00000000
P7: c0000005
P8: PCH_B0_FROM_unknown+0x0000000000000000
P9: 
P10: 

Attached files:
\\?\C:\ProgramData\Microsoft\Windows\WER\Temp\WER.773dfc5c-66dd-4d12-8f68-9bc6d7205408.tmp.mdmp
\\?\C:\ProgramData\Microsoft\Windows\WER\Temp\WER.d66928cd-f913-49da-b76b-5517eaf8b0c4.tmp.WERInternalMetadata.xml
WPR_initiated_DiagTrackMiniLogger_OneTrace_User_Logger_20250608_1_EC_0_inject.etl
\\?\C:\ProgramData\Microsoft\Windows\WER\Temp\WER.21c4e54e-4aa6-405b-9f6a-b5bfcf07f116.tmp.etl
WPR_initiated_DiagTrackMiniLogger_WPR System Collector_inject.etl
\\?\C:\ProgramData\Microsoft\Windows\WER\Temp\WER.a9e49e19-561e-4779-b1ba-5a2a6674756f.tmp.etl
\\?\C:\ProgramData\Microsoft\Windows\WER\Temp\WER.50382cf7-78ee-4a46-b584-5dc47af66fb9.tmp.csv
\\?\C:\ProgramData\Microsoft\Windows\WER\Temp\WER.20e6df22-8632-4942-9759-c30d416fae64.tmp.txt
\\?\C:\ProgramData\Microsoft\Windows\WER\Temp\WER.79b5d0f6-68de-448d-81fa-43a30b2fad4c.tmp.xml

These files may be available here:
\\?\C:\ProgramData\Microsoft\Windows\WER\ReportArchive\AppCrash_vmware-usbarbitr_584f101572da5e74f5386f63b7f1acc7fec390_17c75580_0cda0ccf-410e-4ccc-ba23-ee1bfdb50878

Analysis symbol: 
Rechecking for solution: 0
Report Id: 1f12a23c-f424-412c-bf7f-900a28af28ee
Report Status: 268435456
Hashed bucket: f1ca7ee4517e896fa8463e9379d8a85e
Cab Guid: 0"
Information	20/06/2025 07:13:50	HotKeyServiceUWP	0	(2)	"The description for Event ID 0 from source HotKeyServiceUWP cannot be found. Either the component that raises this event is not installed on your local computer or the installation is corrupted. You can install or repair the component on the local computer.

If the event originated on another computer, the display information had to be saved with the event.

The following information was included with the event: 

RpcServerMonitoringThread - Entry

The message resource is present but the message was not found in the message table
"
Information	20/06/2025 07:13:49	HotKeyServiceUWP	0	(2)	"The description for Event ID 0 from source HotKeyServiceUWP cannot be found. Either the component that raises this event is not installed on your local computer or the installation is corrupted. You can install or repair the component on the local computer.

If the event originated on another computer, the display information had to be saved with the event.

The following information was included with the event: 

HP Hotkey UWP Service (8.10.46.337) in OnStart

The message resource is present but the message was not found in the message table
"
Error	20/06/2025 07:13:48	Application Error	1000	Application Crashing Events	"Faulting application name: vmware-usbarbitrator64.exe, version: 20.10.0.0, time stamp: 0x669a1840
Faulting module name: unknown, version: 0.0.0.0, time stamp: 0x00000000
Exception code: 0xc0000005
Fault offset: 0x0000000000f15dd6
Faulting process id: 0x0x2B1C
Faulting application start time: 0x0x1DBE1781D2F3F5A
Faulting application path: C:\Program Files (x86)\Common Files\VMware\USB\vmware-usbarbitrator64.exe
Faulting module path: unknown
Report Id: 1f12a23c-f424-412c-bf7f-900a28af28ee
Faulting package full name: 
Faulting package-relative application ID: "
Information	20/06/2025 07:13:36	Microsoft-Windows-Complus	781	None	The COM+ sub system is suppressing duplicate event log entries for a duration of 86400 seconds.  The suppression timeout can be controlled by a REG_DWORD value named SuppressDuplicateDuration under the following registry key: HKLM\Software\Microsoft\COM3\Eventlog.
Information	20/06/2025 07:13:35	Windows Error Reporting	1001	None	"Fault bucket 2115955934357232936, type 4
Event Name: APPCRASH
Response: Not available
Cab Id: 0

Problem signature:
P1: dllhost.exe
P2: 10.0.22621.1
P3: 05e70ed3
P4: StackHash_f9d8
P5: 0.0.0.0
P6: 00000000
P7: c0000005
P8: PCH_4B_FROM_unknown+0x0000000000000000
P9: 
P10: 

Attached files:
\\?\C:\ProgramData\Microsoft\Windows\WER\Temp\WER.3f1bf4fb-3f96-4b41-ad1c-7564dbe76e74.tmp.mdmp
\\?\C:\ProgramData\Microsoft\Windows\WER\Temp\WER.f22407e4-1e37-43d1-a03b-9e1122f43932.tmp.WERInternalMetadata.xml
WPR_initiated_DiagTrackMiniLogger_OneTrace_User_Logger_20250608_1_EC_0_inject.etl
\\?\C:\ProgramData\Microsoft\Windows\WER\Temp\WER.3485c414-088e-4bb3-b38d-122093298792.tmp.etl
WPR_initiated_DiagTrackMiniLogger_WPR System Collector_inject.etl
\\?\C:\ProgramData\Microsoft\Windows\WER\Temp\WER.ce56b487-9368-451a-a1d5-59bba9e6242c.tmp.etl
\\?\C:\ProgramData\Microsoft\Windows\WER\Temp\WER.80ec8cbf-8a62-482f-a2a6-4d475d7aafe6.tmp.csv
\\?\C:\ProgramData\Microsoft\Windows\WER\Temp\WER.e36cae3e-e7ad-4430-9c8f-d5a7bc37ace9.tmp.txt
\\?\C:\ProgramData\Microsoft\Windows\WER\Temp\WER.ac707263-fc47-41ad-919e-cb309bfd4f6e.tmp.xml

These files may be available here:
\\?\C:\ProgramData\Microsoft\Windows\WER\ReportArchive\AppCrash_dllhost.exe_e2c63fef1373a35ac0b634548b13aa5eede3c88_e7c336b8_66b54e84-41a4-4667-b767-d33ed94376be

Analysis symbol: 
Rechecking for solution: 0
Report Id: 623a138e-5ff8-4c44-8ffa-d512abc6ef5b
Report Status: 268435456
Hashed bucket: c00013d530715c43fd5d62b623be1d28
Cab Guid: 0"
Error	20/06/2025 07:13:32	Application Error	1000	Application Crashing Events	"Faulting application name: dllhost.exe, version: 10.0.22621.1, time stamp: 0x05e70ed3
Faulting module name: unknown, version: 0.0.0.0, time stamp: 0x00000000
Exception code: 0xc0000005
Fault offset: 0x0000000000545dd6
Faulting process id: 0x0xCE8
Faulting application start time: 0x0x1DBE1779FC26847
Faulting application path: C:\Windows\system32\dllhost.exe
Faulting module path: unknown
Report Id: 623a138e-5ff8-4c44-8ffa-d512abc6ef5b
Faulting package full name: 
Faulting package-relative application ID: "
Information	20/06/2025 07:13:19	Windows Error Reporting	1001	None	"Fault bucket 1833580701306877483, type 4
Event Name: APPCRASH
Response: Not available
Cab Id: 0

Problem signature:
P1: HPAudioAnalytics.exe
P2: 8.10.46.337
P3: 67ee326a
P4: StackHash_f9d8
P5: 0.0.0.0
P6: 00000000
P7: c0000005
P8: PCH_75_FROM_unknown+0x0000000000000000
P9: 
P10: 

Attached files:
\\?\C:\ProgramData\Microsoft\Windows\WER\Temp\WER.e7914d72-6ea5-4dbf-97b5-0812ca0cb4f9.tmp.mdmp
\\?\C:\ProgramData\Microsoft\Windows\WER\Temp\WER.c6803440-8641-4320-a93f-de8e74d32f43.tmp.WERInternalMetadata.xml
WPR_initiated_DiagTrackMiniLogger_OneTrace_User_Logger_20250608_1_EC_0_inject.etl
\\?\C:\ProgramData\Microsoft\Windows\WER\Temp\WER.657b12c0-a4b3-4138-b749-fedf94a2cd2d.tmp.etl
WPR_initiated_DiagTrackMiniLogger_WPR System Collector_inject.etl
\\?\C:\ProgramData\Microsoft\Windows\WER\Temp\WER.3622e782-e24e-4f56-967f-9fb58e23acb5.tmp.etl
\\?\C:\ProgramData\Microsoft\Windows\WER\Temp\WER.0b325df4-58e9-4c38-b3f3-3a093d82d62a.tmp.csv
\\?\C:\ProgramData\Microsoft\Windows\WER\Temp\WER.df341654-e691-486e-876e-ef43de8519ba.tmp.txt
\\?\C:\ProgramData\Microsoft\Windows\WER\Temp\WER.a7263af4-9ef3-47c3-a86a-8edd2017123a.tmp.xml

These files may be available here:
\\?\C:\ProgramData\Microsoft\Windows\WER\ReportArchive\AppCrash_HPAudioAnalytics_d7a68c839179d1e15a18c18cc4123692e2d2b6c8_fe948d19_d5cd5223-acfb-4c10-b21b-a645e2a453d7

Analysis symbol: 
Rechecking for solution: 0
Report Id: cfcc8a38-42f6-4378-9564-d81ddfcbd35e
Report Status: 268435456
Hashed bucket: c52742e85a88a80ca9722feee068762b
Cab Guid: 0"
Error	20/06/2025 07:13:16	Application Error	1000	Application Crashing Events	"Faulting application name: HPAudioAnalytics.exe, version: 8.10.46.337, time stamp: 0x67ee326a
Faulting module name: unknown, version: 0.0.0.0, time stamp: 0x00000000
Exception code: 0xc0000005
Fault offset: 0x0000000000aa5dd6
Faulting process id: 0x0x5C9C
Faulting application start time: 0x0x1DBE177B1276C37
Faulting application path: C:\Windows\System32\DriverStore\FileRepository\hpqkbsoftwarecompnent.inf_amd64_a22c6a91e05f8cee\HPAudioAnalytics.exe
Faulting module path: unknown
Report Id: cfcc8a38-42f6-4378-9564-d81ddfcbd35e
Faulting package full name: 
Faulting package-relative application ID: "
Information	20/06/2025 07:13:03	Windows Error Reporting	1001	None	"Fault bucket 1749154308405373022, type 4
Event Name: APPCRASH
Response: Not available
Cab Id: 0

Problem signature:
P1: vmware-usbarbitrator64.exe
P2: 20.10.0.0
P3: 669a1840
P4: StackHash_f9d8
P5: 0.0.0.0
P6: 00000000
P7: c0000005
P8: PCH_7C_FROM_unknown+0x0000000000000000
P9: 
P10: 

Attached files:
\\?\C:\ProgramData\Microsoft\Windows\WER\Temp\WER.f24ef80c-cb3a-478b-a790-5267b15c60f3.tmp.mdmp
\\?\C:\ProgramData\Microsoft\Windows\WER\Temp\WER.ab86eee3-d420-46ad-b9d3-ee7f1ad16f0d.tmp.WERInternalMetadata.xml
WPR_initiated_DiagTrackMiniLogger_OneTrace_User_Logger_20250608_1_EC_0_inject.etl
\\?\C:\ProgramData\Microsoft\Windows\WER\Temp\WER.544b5639-e5e9-4a0a-b87a-511057b82e66.tmp.etl
WPR_initiated_DiagTrackMiniLogger_WPR System Collector_inject.etl
\\?\C:\ProgramData\Microsoft\Windows\WER\Temp\WER.a80031d8-bd4f-41bc-ac8d-b64825137fd2.tmp.etl
\\?\C:\ProgramData\Microsoft\Windows\WER\Temp\WER.2f8d486f-9f79-443f-8df3-1f48cef08c6b.tmp.csv
\\?\C:\ProgramData\Microsoft\Windows\WER\Temp\WER.8aff568b-d541-4a70-8623-3d4675582871.tmp.txt
\\?\C:\ProgramData\Microsoft\Windows\WER\Temp\WER.767da5bf-a644-48b5-b5fe-d95a6c692e71.tmp.xml

These files may be available here:
\\?\C:\ProgramData\Microsoft\Windows\WER\ReportArchive\AppCrash_vmware-usbarbitr_c23b90fa4bdf8d84a96d882fdedad24a624e3bb_17c75580_d0bbf853-bac4-45aa-91c1-144d15380784

Analysis symbol: 
Rechecking for solution: 0
Report Id: 72178648-df4a-493d-a097-a6e986c7d4e1
Report Status: 268435456
Hashed bucket: f1ca7ee4517e896fa8463e9379d8a85e
Cab Guid: 0"
Error	20/06/2025 07:13:00	Application Error	1000	Application Crashing Events	"Faulting application name: vmware-usbarbitrator64.exe, version: 20.10.0.0, time stamp: 0x669a1840
Faulting module name: unknown, version: 0.0.0.0, time stamp: 0x00000000
Exception code: 0xc0000005
Fault offset: 0x0000000000ed5dd6
Faulting process id: 0x0x76B8
Faulting application start time: 0x0x1DBE177AEB58161
Faulting application path: C:\Program Files (x86)\Common Files\VMware\USB\vmware-usbarbitrator64.exe
Faulting module path: unknown
Report Id: 72178648-df4a-493d-a097-a6e986c7d4e1
Faulting package full name: 
Faulting package-relative application ID: "
Information	20/06/2025 07:10:12	HotKeyServiceUWP	0	(2)	"The description for Event ID 0 from source HotKeyServiceUWP cannot be found. Either the component that raises this event is not installed on your local computer or the installation is corrupted. You can install or repair the component on the local computer.

If the event originated on another computer, the display information had to be saved with the event.

The following information was included with the event: 

HP Audio Analytics Service (8.10.46.337) in OnStart

The message resource is present but the message was not found in the message table
"
Information	20/06/2025 07:09:58	Windows Error Reporting	1001	None	"Fault bucket 1749154308405373022, type 4
Event Name: APPCRASH
Response: Not available
Cab Id: 0

Problem signature:
P1: vmware-usbarbitrator64.exe
P2: 20.10.0.0
P3: 669a1840
P4: StackHash_f9d8
P5: 0.0.0.0
P6: 00000000
P7: c0000005
P8: PCH_97_FROM_unknown+0x0000000000000000
P9: 
P10: 

Attached files:
\\?\C:\ProgramData\Microsoft\Windows\WER\Temp\WER.5c87226f-bc0c-4aaa-b277-8bae11983980.tmp.mdmp
\\?\C:\ProgramData\Microsoft\Windows\WER\Temp\WER.b98891b1-484c-44f5-8ab2-511850353dd1.tmp.WERInternalMetadata.xml
WPR_initiated_DiagTrackMiniLogger_OneTrace_User_Logger_20250608_1_EC_0_inject.etl
\\?\C:\ProgramData\Microsoft\Windows\WER\Temp\WER.b89c6e00-3745-478c-926e-2e7d895d94b1.tmp.etl
WPR_initiated_DiagTrackMiniLogger_WPR System Collector_inject.etl
\\?\C:\ProgramData\Microsoft\Windows\WER\Temp\WER.cf503ce2-4a31-4b06-8d42-7816b52d9d2f.tmp.etl
\\?\C:\ProgramData\Microsoft\Windows\WER\Temp\WER.6ffc5b0f-ad9a-4c36-be3a-d84c41087d97.tmp.csv
\\?\C:\ProgramData\Microsoft\Windows\WER\Temp\WER.bd64481e-5477-4a84-97da-2ebf8b92bd3b.tmp.txt
\\?\C:\ProgramData\Microsoft\Windows\WER\Temp\WER.ca8580bf-a10d-4760-aba1-a91e5d057fe8.tmp.xml

These files may be available here:
\\?\C:\ProgramData\Microsoft\Windows\WER\ReportArchive\AppCrash_vmware-usbarbitr_b4fe451cffb5c45b6bfd70be4ddaa431397f2_17c75580_e5e70727-a889-4886-ab6d-d2657e16ada6

Analysis symbol: 
Rechecking for solution: 0
Report Id: 92b9f8f7-6f22-4abf-bc1e-e6ba1a31fa0e
Report Status: 268435456
Hashed bucket: f1ca7ee4517e896fa8463e9379d8a85e
Cab Guid: 0"
Error	20/06/2025 07:09:54	Application Error	1000	Application Crashing Events	"Faulting application name: vmware-usbarbitrator64.exe, version: 20.10.0.0, time stamp: 0x669a1840
Faulting module name: unknown, version: 0.0.0.0, time stamp: 0x00000000
Exception code: 0xc0000005
Fault offset: 0x0000000000f25dd6
Faulting process id: 0x0x4194
Faulting application start time: 0x0x1DBE177966B69E4
Faulting application path: C:\Program Files (x86)\Common Files\VMware\USB\vmware-usbarbitrator64.exe
Faulting module path: unknown
Report Id: 92b9f8f7-6f22-4abf-bc1e-e6ba1a31fa0e
Faulting package full name: 
Faulting package-relative application ID: "
Information	20/06/2025 07:09:43	Microsoft-Windows-Complus	781	None	The COM+ sub system is suppressing duplicate event log entries for a duration of 86400 seconds.  The suppression timeout can be controlled by a REG_DWORD value named SuppressDuplicateDuration under the following registry key: HKLM\Software\Microsoft\COM3\Eventlog.
Information	20/06/2025 07:09:42	Windows Error Reporting	1001	None	"Fault bucket 2115955934357232936, type 4
Event Name: APPCRASH
Response: Not available
Cab Id: 0

Problem signature:
P1: dllhost.exe
P2: 10.0.22621.1
P3: 05e70ed3
P4: StackHash_f9d8
P5: 0.0.0.0
P6: 00000000
P7: c0000005
P8: PCH_9C_FROM_unknown+0x0000000000000000
P9: 
P10: 

Attached files:
\\?\C:\ProgramData\Microsoft\Windows\WER\Temp\WER.401cf6aa-e484-4e29-ac61-44e08ff2e6ba.tmp.mdmp
\\?\C:\ProgramData\Microsoft\Windows\WER\Temp\WER.0fca7208-aa82-4721-9601-ffbb356ab80e.tmp.WERInternalMetadata.xml
WPR_initiated_DiagTrackMiniLogger_OneTrace_User_Logger_20250608_1_EC_0_inject.etl
\\?\C:\ProgramData\Microsoft\Windows\WER\Temp\WER.84f5b8b3-eb2e-49de-a192-29a2db7edded.tmp.etl
WPR_initiated_DiagTrackMiniLogger_WPR System Collector_inject.etl
\\?\C:\ProgramData\Microsoft\Windows\WER\Temp\WER.7d6031f8-57aa-4302-a44a-0307565c52a7.tmp.etl
\\?\C:\ProgramData\Microsoft\Windows\WER\Temp\WER.22890b8c-1e73-4859-b708-381dd8c2410e.tmp.csv
\\?\C:\ProgramData\Microsoft\Windows\WER\Temp\WER.e21b5d21-690b-46f0-9764-ed35961ae348.tmp.txt
\\?\C:\ProgramData\Microsoft\Windows\WER\Temp\WER.1d7293cc-a888-44d7-a8fb-48c2f7d9e6ec.tmp.xml

These files may be available here:
\\?\C:\ProgramData\Microsoft\Windows\WER\ReportArchive\AppCrash_dllhost.exe_b7708e6112c3d3ea555e15432f2d9b42994b3d_e7c336b8_ce40cbd4-2664-4923-86ca-e51ff0188ed1

Analysis symbol: 
Rechecking for solution: 0
Report Id: 78809045-6389-4e00-b453-30a0937d9439
Report Status: 268435456
Hashed bucket: c00013d530715c43fd5d62b623be1d28
Cab Guid: 0"
Error	20/06/2025 07:09:30	Application Error	1000	Application Crashing Events	"Faulting application name: dllhost.exe, version: 10.0.22621.1, time stamp: 0x05e70ed3
Faulting module name: unknown, version: 0.0.0.0, time stamp: 0x00000000
Exception code: 0xc0000005
Fault offset: 0x0000000000905dd6
Faulting process id: 0x0x8A88
Faulting application start time: 0x0x1DBE176D1DF425E
Faulting application path: C:\Windows\system32\dllhost.exe
Faulting module path: unknown
Report Id: 78809045-6389-4e00-b453-30a0937d9439
Faulting package full name: 
Faulting package-relative application ID: "
Information	20/06/2025 07:09:17	Windows Error Reporting	1001	None	"Fault bucket 1749154308405373022, type 4
Event Name: APPCRASH
Response: Not available
Cab Id: 0

Problem signature:
P1: vmware-usbarbitrator64.exe
P2: 20.10.0.0
P3: 669a1840
P4: StackHash_f9d8
P5: 0.0.0.0
P6: 00000000
P7: c0000005
P8: PCH_29_FROM_unknown+0x0000000000000000
P9: 
P10: 

Attached files:
\\?\C:\ProgramData\Microsoft\Windows\WER\Temp\WER.d126a927-690b-47d3-82f8-cefee2526811.tmp.mdmp
\\?\C:\ProgramData\Microsoft\Windows\WER\Temp\WER.4e8df0d2-9bce-4448-9077-01e821eccab9.tmp.WERInternalMetadata.xml
WPR_initiated_DiagTrackMiniLogger_OneTrace_User_Logger_20250608_1_EC_0_inject.etl
\\?\C:\ProgramData\Microsoft\Windows\WER\Temp\WER.290d9992-6c18-4156-ba35-fd22d040d345.tmp.etl
WPR_initiated_DiagTrackMiniLogger_WPR System Collector_inject.etl
\\?\C:\ProgramData\Microsoft\Windows\WER\Temp\WER.b3b3f391-2869-4961-b74e-28e7f5af3298.tmp.etl
\\?\C:\ProgramData\Microsoft\Windows\WER\Temp\WER.2bac68c0-f9a5-42db-a02e-c1b00ffe54bf.tmp.csv
\\?\C:\ProgramData\Microsoft\Windows\WER\Temp\WER.058befe5-b644-4bf1-94d0-3642be8bd498.tmp.txt
\\?\C:\ProgramData\Microsoft\Windows\WER\Temp\WER.a82c5f14-e643-4fb4-82dc-fbf8d79bc2b8.tmp.xml

These files may be available here:
\\?\C:\ProgramData\Microsoft\Windows\WER\ReportArchive\AppCrash_vmware-usbarbitr_da328978b9a1d0e9ab407a7b32118156bca3639_17c75580_28d26189-5d08-4910-a4fc-cc38a3e80b8b

Analysis symbol: 
Rechecking for solution: 0
Report Id: 0a12759a-67fa-4ff1-a5e7-3990a5abadae
Report Status: 268435456
Hashed bucket: f1ca7ee4517e896fa8463e9379d8a85e
Cab Guid: 0"
Error	20/06/2025 07:09:14	Application Error	1000	Application Crashing Events	"Faulting application name: vmware-usbarbitrator64.exe, version: 20.10.0.0, time stamp: 0x669a1840
Faulting module name: unknown, version: 0.0.0.0, time stamp: 0x00000000
Exception code: 0xc0000005
Fault offset: 0x0000000000ee5dd6
Faulting process id: 0x0x5630
Faulting application start time: 0x0x1DBE1775882F79B
Faulting application path: C:\Program Files (x86)\Common Files\VMware\USB\vmware-usbarbitrator64.exe
Faulting module path: unknown
Report Id: 0a12759a-67fa-4ff1-a5e7-3990a5abadae
Faulting package full name: 
Faulting package-relative application ID: "
