Information	20/06/2025 05:41:06	Windows Error Reporting	1001	None	"Fault bucket 2115955934357232936, type 4
Event Name: APPCRASH
Response: Not available
Cab Id: 0

Problem signature:
P1: dllhost.exe
P2: 10.0.22621.1
P3: 05e70ed3
P4: StackHash_f9d8
P5: 0.0.0.0
P6: 00000000
P7: c0000005
P8: PCH_9C_FROM_unknown+0x0000000000000000
P9: 
P10: 

Attached files:
\\?\C:\ProgramData\Microsoft\Windows\WER\Temp\WER.1f033a65-b805-4533-bdc4-828e9c26b422.tmp.mdmp
\\?\C:\ProgramData\Microsoft\Windows\WER\Temp\WER.00842aea-a0ea-4292-afd4-344475a87d9a.tmp.WERInternalMetadata.xml
WPR_initiated_DiagTrackMiniLogger_OneTrace_User_Logger_20250608_1_EC_0_inject.etl
\\?\C:\ProgramData\Microsoft\Windows\WER\Temp\WER.a01c95c7-e22d-4e3f-901f-30335e1076c3.tmp.etl
WPR_initiated_DiagTrackMiniLogger_WPR System Collector_inject.etl
\\?\C:\ProgramData\Microsoft\Windows\WER\Temp\WER.ce4b8601-9cc2-4b01-863f-b08b51b958af.tmp.etl
\\?\C:\ProgramData\Microsoft\Windows\WER\Temp\WER.67f678eb-a3be-40ee-ab39-6d0563ab7f5a.tmp.csv
\\?\C:\ProgramData\Microsoft\Windows\WER\Temp\WER.2f4dd0b0-8e01-41e0-ad9c-ffdf199e5939.tmp.txt
\\?\C:\ProgramData\Microsoft\Windows\WER\Temp\WER.e42998eb-1167-4755-9567-21cd17165158.tmp.xml

These files may be available here:
\\?\C:\ProgramData\Microsoft\Windows\WER\ReportArchive\AppCrash_dllhost.exe_b7708e6112c3d3ea555e15432f2d9b42994b3d_e7c336b8_c4edca3d-4dde-4927-b0e8-0e342eda82bc

Analysis symbol: 
Rechecking for solution: 0
Report Id: 32411537-88d3-4aa6-8e11-3a0199729e31
Report Status: 268435456
Hashed bucket: c00013d530715c43fd5d62b623be1d28
Cab Guid: 0"
Error	20/06/2025 05:41:03	Application Error	1000	Application Crashing Events	"Faulting application name: dllhost.exe, version: 10.0.22621.1, time stamp: 0x05e70ed3
Faulting module name: unknown, version: 0.0.0.0, time stamp: 0x00000000
Exception code: 0xc0000005
Fault offset: 0x0000000000905dd6
Faulting process id: 0x0x76EC
Faulting application start time: 0x0x1DBE16AB43614C0
Faulting application path: C:\Windows\system32\dllhost.exe
Faulting module path: unknown
Report Id: 32411537-88d3-4aa6-8e11-3a0199729e31
Faulting package full name: 
Faulting package-relative application ID: "
Information	20/06/2025 05:40:50	Windows Error Reporting	1001	None	"Fault bucket 1833580701306877483, type 4
Event Name: APPCRASH
Response: Not available
Cab Id: 0

Problem signature:
P1: HPAudioAnalytics.exe
P2: 8.10.46.337
P3: 67ee326a
P4: StackHash_f9d8
P5: 0.0.0.0
P6: 00000000
P7: c0000005
P8: PCH_85_FROM_unknown+0x0000000000000000
P9: 
P10: 

Attached files:
\\?\C:\ProgramData\Microsoft\Windows\WER\Temp\WER.42201cae-e0fb-4258-a29b-307a26fa0fea.tmp.mdmp
\\?\C:\ProgramData\Microsoft\Windows\WER\Temp\WER.6a9a258a-86eb-478c-bd95-776334df3461.tmp.WERInternalMetadata.xml
WPR_initiated_DiagTrackMiniLogger_OneTrace_User_Logger_20250608_1_EC_0_inject.etl
\\?\C:\ProgramData\Microsoft\Windows\WER\Temp\WER.581df990-0476-4828-9043-0cbfdb230156.tmp.etl
WPR_initiated_DiagTrackMiniLogger_WPR System Collector_inject.etl
\\?\C:\ProgramData\Microsoft\Windows\WER\Temp\WER.4dd3de90-d789-473a-85b6-bcc8db4f9cad.tmp.etl
\\?\C:\ProgramData\Microsoft\Windows\WER\Temp\WER.ef59f0c6-8575-47e7-abf1-c927eee82aef.tmp.csv
\\?\C:\ProgramData\Microsoft\Windows\WER\Temp\WER.121e5b7c-09cf-4103-a986-eb42d1058cae.tmp.txt
\\?\C:\ProgramData\Microsoft\Windows\WER\Temp\WER.74f01572-90b1-4b2d-95c5-e0e34e5b7a76.tmp.xml

These files may be available here:
\\?\C:\ProgramData\Microsoft\Windows\WER\ReportArchive\AppCrash_HPAudioAnalytics_cebfb9e64a6fde6bc29ab6aa4b91cb1dbaa5334_fe948d19_2e65f2e1-f1c7-420c-9005-4e6383e12256

Analysis symbol: 
Rechecking for solution: 0
Report Id: f891a060-2a96-4cc6-a5b7-395811c6510b
Report Status: 268435456
Hashed bucket: c52742e85a88a80ca9722feee068762b
Cab Guid: 0"
Error	20/06/2025 05:40:47	Application Error	1000	Application Crashing Events	"Faulting application name: HPAudioAnalytics.exe, version: 8.10.46.337, time stamp: 0x67ee326a
Faulting module name: unknown, version: 0.0.0.0, time stamp: 0x00000000
Exception code: 0xc0000005
Fault offset: 0x00000000009d5dd6
Faulting process id: 0x0x7990
Faulting application start time: 0x0x1DBE16AFE9FC35E
Faulting application path: C:\Windows\System32\DriverStore\FileRepository\hpqkbsoftwarecompnent.inf_amd64_a22c6a91e05f8cee\HPAudioAnalytics.exe
Faulting module path: unknown
Report Id: f891a060-2a96-4cc6-a5b7-395811c6510b
Faulting package full name: 
Faulting package-relative application ID: "
Information	20/06/2025 05:40:35	Windows Error Reporting	1001	None	"Fault bucket 1749154308405373022, type 4
Event Name: APPCRASH
Response: Not available
Cab Id: 0

Problem signature:
P1: vmware-usbarbitrator64.exe
P2: 20.10.0.0
P3: 669a1840
P4: StackHash_f9d8
P5: 0.0.0.0
P6: 00000000
P7: c0000005
P8: PCH_E4_FROM_unknown+0x0000000000000000
P9: 
P10: 

Attached files:
\\?\C:\ProgramData\Microsoft\Windows\WER\Temp\WER.80563a18-c4c3-4e07-8395-00cb4ca40c1d.tmp.mdmp
\\?\C:\ProgramData\Microsoft\Windows\WER\Temp\WER.e99b9f96-a5b0-43ce-a0b7-6be1e39f15e3.tmp.WERInternalMetadata.xml
WPR_initiated_DiagTrackMiniLogger_OneTrace_User_Logger_20250608_1_EC_0_inject.etl
\\?\C:\ProgramData\Microsoft\Windows\WER\Temp\WER.3c51a4d0-9b0e-486f-b8ec-f2ec93db6748.tmp.etl
WPR_initiated_DiagTrackMiniLogger_WPR System Collector_inject.etl
\\?\C:\ProgramData\Microsoft\Windows\WER\Temp\WER.42e4d306-e6c9-4507-8713-4c686b05b4eb.tmp.etl
\\?\C:\ProgramData\Microsoft\Windows\WER\Temp\WER.40adab83-20ab-4b58-b3fc-5ab80f582f9e.tmp.csv
\\?\C:\ProgramData\Microsoft\Windows\WER\Temp\WER.8e49c2cf-3333-4634-b100-06f7d1fa09eb.tmp.txt
\\?\C:\ProgramData\Microsoft\Windows\WER\Temp\WER.e996926d-ef92-41cc-9507-73644849a7a7.tmp.xml

These files may be available here:
\\?\C:\ProgramData\Microsoft\Windows\WER\ReportArchive\AppCrash_vmware-usbarbitr_2713abdbe2bef9172a280d97071375551d392ca_17c75580_d40a1490-520e-4adc-ab5b-668bdf0ab039

Analysis symbol: 
Rechecking for solution: 0
Report Id: c5683cad-2ab1-4ceb-8309-eafc8bc62721
Report Status: 268435456
Hashed bucket: f1ca7ee4517e896fa8463e9379d8a85e
Cab Guid: 0"
Error	20/06/2025 05:40:31	Application Error	1000	Application Crashing Events	"Faulting application name: vmware-usbarbitrator64.exe, version: 20.10.0.0, time stamp: 0x669a1840
Faulting module name: unknown, version: 0.0.0.0, time stamp: 0x00000000
Exception code: 0xc0000005
Fault offset: 0x0000000000a75dd6
Faulting process id: 0x0x7DBC
Faulting application start time: 0x0x1DBE16AC359C23B
Faulting application path: C:\Program Files (x86)\Common Files\VMware\USB\vmware-usbarbitrator64.exe
Faulting module path: unknown
Report Id: c5683cad-2ab1-4ceb-8309-eafc8bc62721
Faulting package full name: 
Faulting package-relative application ID: "
Information	20/06/2025 05:39:19	HotKeyServiceUWP	0	(2)	"The description for Event ID 0 from source HotKeyServiceUWP cannot be found. Either the component that raises this event is not installed on your local computer or the installation is corrupted. You can install or repair the component on the local computer.

If the event originated on another computer, the display information had to be saved with the event.

The following information was included with the event: 

HP Audio Analytics Service (8.10.46.337) in OnStart

The message resource is present but the message was not found in the message table
"
Information	20/06/2025 05:37:29	Windows Error Reporting	1001	None	"Fault bucket 1749154308405373022, type 4
Event Name: APPCRASH
Response: Not available
Cab Id: 0

Problem signature:
P1: vmware-usbarbitrator64.exe
P2: 20.10.0.0
P3: 669a1840
P4: StackHash_f9d8
P5: 0.0.0.0
P6: 00000000
P7: c0000005
P8: PCH_00_FROM_unknown+0x0000000000000000
P9: 
P10: 

Attached files:
\\?\C:\ProgramData\Microsoft\Windows\WER\Temp\WER.d949427a-3d27-474a-b1bd-332ae3230ecc.tmp.mdmp
\\?\C:\ProgramData\Microsoft\Windows\WER\Temp\WER.89150ee6-d0d6-474c-9a34-a7bfc286f5ea.tmp.WERInternalMetadata.xml
WPR_initiated_DiagTrackMiniLogger_OneTrace_User_Logger_20250608_1_EC_0_inject.etl
\\?\C:\ProgramData\Microsoft\Windows\WER\Temp\WER.23dd57c6-9437-41c2-9b3e-d5f063e8b48a.tmp.etl
WPR_initiated_DiagTrackMiniLogger_WPR System Collector_inject.etl
\\?\C:\ProgramData\Microsoft\Windows\WER\Temp\WER.3b4e7418-487c-445f-acb1-29627a62550d.tmp.etl
\\?\C:\ProgramData\Microsoft\Windows\WER\Temp\WER.20bfe56f-b6f6-4649-989d-360f66d4aec4.tmp.csv
\\?\C:\ProgramData\Microsoft\Windows\WER\Temp\WER.f3888a39-1f0d-4b6c-8099-a8d4ea0a5921.tmp.txt
\\?\C:\ProgramData\Microsoft\Windows\WER\Temp\WER.63b00e8e-f4fb-4c75-b2ce-40b84d583322.tmp.xml

These files may be available here:
\\?\C:\ProgramData\Microsoft\Windows\WER\ReportArchive\AppCrash_vmware-usbarbitr_1ec8c11773b06963b63627bb8c4cbf537b17c25_17c75580_0e303992-4431-4ba6-96d0-bb8b364af8e8

Analysis symbol: 
Rechecking for solution: 0
Report Id: 37f28ac3-6b75-4f77-a054-01dd41551980
Report Status: 268435456
Hashed bucket: f1ca7ee4517e896fa8463e9379d8a85e
Cab Guid: 0"
Error	20/06/2025 05:37:25	Application Error	1000	Application Crashing Events	"Faulting application name: vmware-usbarbitrator64.exe, version: 20.10.0.0, time stamp: 0x669a1840
Faulting module name: unknown, version: 0.0.0.0, time stamp: 0x00000000
Exception code: 0xc0000005
Fault offset: 0x0000000000f05dd6
Faulting process id: 0x0x8C7C
Faulting application start time: 0x0x1DBE16AA61DCD67
Faulting application path: C:\Program Files (x86)\Common Files\VMware\USB\vmware-usbarbitrator64.exe
Faulting module path: unknown
Report Id: 37f28ac3-6b75-4f77-a054-01dd41551980
Faulting package full name: 
Faulting package-relative application ID: "
Information	20/06/2025 05:37:14	Microsoft-Windows-Complus	781	None	The COM+ sub system is suppressing duplicate event log entries for a duration of 86400 seconds.  The suppression timeout can be controlled by a REG_DWORD value named SuppressDuplicateDuration under the following registry key: HKLM\Software\Microsoft\COM3\Eventlog.
Information	20/06/2025 05:37:13	Windows Error Reporting	1001	None	"Fault bucket 2115955934357232936, type 4
Event Name: APPCRASH
Response: Not available
Cab Id: 0

Problem signature:
P1: dllhost.exe
P2: 10.0.22621.1
P3: 05e70ed3
P4: StackHash_f9d8
P5: 0.0.0.0
P6: 00000000
P7: c0000005
P8: PCH_9C_FROM_unknown+0x0000000000000000
P9: 
P10: 

Attached files:
\\?\C:\ProgramData\Microsoft\Windows\WER\Temp\WER.dfb50d0b-34b9-4401-ac8a-bfccf296ac45.tmp.mdmp
\\?\C:\ProgramData\Microsoft\Windows\WER\Temp\WER.05e00826-c7a7-48dc-88e3-c270b1ea99bd.tmp.WERInternalMetadata.xml
WPR_initiated_DiagTrackMiniLogger_OneTrace_User_Logger_20250608_1_EC_0_inject.etl
\\?\C:\ProgramData\Microsoft\Windows\WER\Temp\WER.272e00da-0e13-4303-8a99-7de7c8713ddf.tmp.etl
WPR_initiated_DiagTrackMiniLogger_WPR System Collector_inject.etl
\\?\C:\ProgramData\Microsoft\Windows\WER\Temp\WER.1b7e343b-62d7-426b-8b53-2c33c4256d12.tmp.etl
\\?\C:\ProgramData\Microsoft\Windows\WER\Temp\WER.7a173bce-45c5-404a-8e48-02675d46850a.tmp.csv
\\?\C:\ProgramData\Microsoft\Windows\WER\Temp\WER.9bb3a3db-5ee1-450a-a687-c920b2c2ce99.tmp.txt
\\?\C:\ProgramData\Microsoft\Windows\WER\Temp\WER.f0d537d5-1d63-4006-9449-ff2db8eed989.tmp.xml

These files may be available here:
\\?\C:\ProgramData\Microsoft\Windows\WER\ReportArchive\AppCrash_dllhost.exe_b7708e6112c3d3ea555e15432f2d9b42994b3d_e7c336b8_f1282be1-2dee-46f7-a291-4b6229bf3216

Analysis symbol: 
Rechecking for solution: 0
Report Id: 2826ac90-7724-4627-8667-f5c9613f233e
Report Status: 268435456
Hashed bucket: c00013d530715c43fd5d62b623be1d28
Cab Guid: 0"
Error	20/06/2025 05:37:09	Application Error	1000	Application Crashing Events	"Faulting application name: dllhost.exe, version: 10.0.22621.1, time stamp: 0x05e70ed3
Faulting module name: unknown, version: 0.0.0.0, time stamp: 0x00000000
Exception code: 0xc0000005
Fault offset: 0x0000000000905dd6
Faulting process id: 0x0x3ACC
Faulting application start time: 0x0x1DBE16A1F08187F
Faulting application path: C:\Windows\system32\dllhost.exe
Faulting module path: unknown
Report Id: 2826ac90-7724-4627-8667-f5c9613f233e
Faulting package full name: 
Faulting package-relative application ID: "
Information	20/06/2025 05:36:56	Windows Error Reporting	1001	None	"Fault bucket 2120996873715200844, type 4
Event Name: APPCRASH
Response: Not available
Cab Id: 0

Problem signature:
P1: HotKeyServiceUWP.exe
P2: 8.10.46.337
P3: 67ee32ff
P4: StackHash_f9d8
P5: 0.0.0.0
P6: 00000000
P7: c0000005
P8: PCH_B5_FROM_unknown+0x0000000000000000
P9: 
P10: 

Attached files:
\\?\C:\ProgramData\Microsoft\Windows\WER\Temp\WER.647d27a8-398e-4666-afe3-f7ffb59b0345.tmp.mdmp
\\?\C:\ProgramData\Microsoft\Windows\WER\Temp\WER.6e548a84-4cf8-44c2-8705-c843cd399ea8.tmp.WERInternalMetadata.xml
WPR_initiated_DiagTrackMiniLogger_OneTrace_User_Logger_20250608_1_EC_0_inject.etl
\\?\C:\ProgramData\Microsoft\Windows\WER\Temp\WER.35c99f32-4dfa-41a1-9a06-cf5fc2d76710.tmp.etl
WPR_initiated_DiagTrackMiniLogger_WPR System Collector_inject.etl
\\?\C:\ProgramData\Microsoft\Windows\WER\Temp\WER.fec07c2f-15b1-4170-9319-06774f6c62d3.tmp.etl
\\?\C:\ProgramData\Microsoft\Windows\WER\Temp\WER.fcf8239d-11f4-410a-81e1-9e7f440ee087.tmp.csv
\\?\C:\ProgramData\Microsoft\Windows\WER\Temp\WER.b3598288-a13e-42e1-aa6f-3c43d855271a.tmp.txt
\\?\C:\ProgramData\Microsoft\Windows\WER\Temp\WER.d2a058c0-26fa-4389-bab0-e8b88b563361.tmp.xml

These files may be available here:
\\?\C:\ProgramData\Microsoft\Windows\WER\ReportArchive\AppCrash_HotKeyServiceUWP_bee6d2b3e4877ce36a40c629b3eeef5686536a72_b8181675_69781bd2-e2dc-4887-8d78-eea540458d05

Analysis symbol: 
Rechecking for solution: 0
Report Id: 5c8c51db-331e-413b-a85a-b9435d7589b9
Report Status: 268435456
Hashed bucket: dfa1cf850c1ffe22dd6f4b6b4b82334c
Cab Guid: 0"
Error	20/06/2025 05:36:53	Application Error	1000	Application Crashing Events	"Faulting application name: HotKeyServiceUWP.exe, version: 8.10.46.337, time stamp: 0x67ee32ff
Faulting module name: unknown, version: 0.0.0.0, time stamp: 0x00000000
Exception code: 0xc0000005
Fault offset: 0x0000000000e55dd6
Faulting process id: 0x0x381C
Faulting application start time: 0x0x1DBE16A69406BCB
Faulting application path: C:\Windows\System32\DriverStore\FileRepository\hpqkbsoftwarecompnent.inf_amd64_a22c6a91e05f8cee\HotKeyServiceUWP.exe
Faulting module path: unknown
Report Id: 5c8c51db-331e-413b-a85a-b9435d7589b9
Faulting package full name: 
Faulting package-relative application ID: "
Information	20/06/2025 05:36:40	Windows Error Reporting	1001	None	"Fault bucket 1749154308405373022, type 4
Event Name: APPCRASH
Response: Not available
Cab Id: 0

Problem signature:
P1: vmware-usbarbitrator64.exe
P2: 20.10.0.0
P3: 669a1840
P4: StackHash_f9d8
P5: 0.0.0.0
P6: 00000000
P7: c0000005
P8: PCH_E4_FROM_unknown+0x0000000000000000
P9: 
P10: 

Attached files:
\\?\C:\ProgramData\Microsoft\Windows\WER\Temp\WER.7a7e3eee-437d-4e13-acd1-6f4f27e6b3f1.tmp.mdmp
\\?\C:\ProgramData\Microsoft\Windows\WER\Temp\WER.4948e870-89f5-4457-a459-0ad3c5ca4713.tmp.WERInternalMetadata.xml
WPR_initiated_DiagTrackMiniLogger_OneTrace_User_Logger_20250608_1_EC_0_inject.etl
\\?\C:\ProgramData\Microsoft\Windows\WER\Temp\WER.871c3aec-b0b7-4ec0-83df-d4a66330c592.tmp.etl
WPR_initiated_DiagTrackMiniLogger_WPR System Collector_inject.etl
\\?\C:\ProgramData\Microsoft\Windows\WER\Temp\WER.a587a3a9-2a03-4417-9e57-1635e49e6e8e.tmp.etl
\\?\C:\ProgramData\Microsoft\Windows\WER\Temp\WER.46a35978-7c08-4106-bd81-29d58d394118.tmp.csv
\\?\C:\ProgramData\Microsoft\Windows\WER\Temp\WER.bf0670b6-cca4-4a10-b0c0-d6b4551d0b7b.tmp.txt
\\?\C:\ProgramData\Microsoft\Windows\WER\Temp\WER.d79d2930-87b8-4c76-ad7b-fc9585e91ee6.tmp.xml

These files may be available here:
\\?\C:\ProgramData\Microsoft\Windows\WER\ReportArchive\AppCrash_vmware-usbarbitr_2713abdbe2bef9172a280d97071375551d392ca_17c75580_7cbf285b-65ac-482b-ac55-b0644a14187b

Analysis symbol: 
Rechecking for solution: 0
Report Id: 9a36dea6-f968-4322-97bc-81ec39fc441d
Report Status: 268435456
Hashed bucket: f1ca7ee4517e896fa8463e9379d8a85e
Cab Guid: 0"
Error	20/06/2025 05:36:37	Application Error	1000	Application Crashing Events	"Faulting application name: vmware-usbarbitrator64.exe, version: 20.10.0.0, time stamp: 0x669a1840
Faulting module name: unknown, version: 0.0.0.0, time stamp: 0x00000000
Exception code: 0xc0000005
Fault offset: 0x0000000000a75dd6
Faulting process id: 0x0x97F8
Faulting application start time: 0x0x1DBE16A37973F63
Faulting application path: C:\Program Files (x86)\Common Files\VMware\USB\vmware-usbarbitrator64.exe
Faulting module path: unknown
Report Id: 9a36dea6-f968-4322-97bc-81ec39fc441d
Faulting package full name: 
Faulting package-relative application ID: "
Information	20/06/2025 05:35:08	HotKeyServiceUWP	0	(2)	"The description for Event ID 0 from source HotKeyServiceUWP cannot be found. Either the component that raises this event is not installed on your local computer or the installation is corrupted. You can install or repair the component on the local computer.

If the event originated on another computer, the display information had to be saved with the event.

The following information was included with the event: 

RpcServerMonitoringThread - Entry

The message resource is present but the message was not found in the message table
"
Information	20/06/2025 05:35:08	HotKeyServiceUWP	0	(2)	"The description for Event ID 0 from source HotKeyServiceUWP cannot be found. Either the component that raises this event is not installed on your local computer or the installation is corrupted. You can install or repair the component on the local computer.

If the event originated on another computer, the display information had to be saved with the event.

The following information was included with the event: 

HP Hotkey UWP Service (8.10.46.337) in OnStart

The message resource is present but the message was not found in the message table
"
Information	20/06/2025 05:33:35	Windows Error Reporting	1001	None	"Fault bucket 1749154308405373022, type 4
Event Name: APPCRASH
Response: Not available
Cab Id: 0

Problem signature:
P1: vmware-usbarbitrator64.exe
P2: 20.10.0.0
P3: 669a1840
P4: StackHash_f9d8
P5: 0.0.0.0
P6: 00000000
P7: c0000005
P8: PCH_1E_FROM_unknown+0x0000000000000000
P9: 
P10: 

Attached files:
\\?\C:\ProgramData\Microsoft\Windows\WER\Temp\WER.4e3faed8-225d-4dec-a566-928b8249b46f.tmp.mdmp
\\?\C:\ProgramData\Microsoft\Windows\WER\Temp\WER.d4d19202-7bbf-4263-97a5-105331e77d22.tmp.WERInternalMetadata.xml
WPR_initiated_DiagTrackMiniLogger_OneTrace_User_Logger_20250608_1_EC_0_inject.etl
\\?\C:\ProgramData\Microsoft\Windows\WER\Temp\WER.b0b11793-96a8-4b92-a7bc-8d48b81d985e.tmp.etl
WPR_initiated_DiagTrackMiniLogger_WPR System Collector_inject.etl
\\?\C:\ProgramData\Microsoft\Windows\WER\Temp\WER.7b2e0bf8-0dd4-4e63-896d-1bbf287dc8e1.tmp.etl
\\?\C:\ProgramData\Microsoft\Windows\WER\Temp\WER.373c36b7-4c57-4b6b-b9e8-93c96511fe4f.tmp.csv
\\?\C:\ProgramData\Microsoft\Windows\WER\Temp\WER.bfaf6835-8b03-4be0-8b21-9476ef7b0157.tmp.txt
\\?\C:\ProgramData\Microsoft\Windows\WER\Temp\WER.1336ea9d-1d6b-4a88-9e4c-19fc8b93b1ab.tmp.xml

These files may be available here:
\\?\C:\ProgramData\Microsoft\Windows\WER\ReportArchive\AppCrash_vmware-usbarbitr_bb4e5f2e761ac65830676615b45ae40c744617c_17c75580_2a948f91-e941-4b89-b47b-eaf5baf9b2b2

Analysis symbol: 
Rechecking for solution: 0
Report Id: 3ec18bc0-9028-4c70-9972-bee1c420ab5d
Report Status: 268435456
Hashed bucket: f1ca7ee4517e896fa8463e9379d8a85e
Cab Guid: 0"
Error	20/06/2025 05:33:31	Application Error	1000	Application Crashing Events	"Faulting application name: vmware-usbarbitrator64.exe, version: 20.10.0.0, time stamp: 0x669a1840
Faulting module name: unknown, version: 0.0.0.0, time stamp: 0x00000000
Exception code: 0xc0000005
Fault offset: 0x00000000009a5dd6
Faulting process id: 0x0x1BF0
Faulting application start time: 0x0x1DBE16A1AFA4387
Faulting application path: C:\Program Files (x86)\Common Files\VMware\USB\vmware-usbarbitrator64.exe
Faulting module path: unknown
Report Id: 3ec18bc0-9028-4c70-9972-bee1c420ab5d
Faulting package full name: 
Faulting package-relative application ID: "
Information	20/06/2025 05:33:19	Windows Error Reporting	1001	None	"Fault bucket 1833580701306877483, type 4
Event Name: APPCRASH
Response: Not available
Cab Id: 0

Problem signature:
P1: HPAudioAnalytics.exe
P2: 8.10.46.337
P3: 67ee326a
P4: StackHash_f9d8
P5: 0.0.0.0
P6: 00000000
P7: c0000005
P8: PCH_00_FROM_unknown+0x0000000000000000
P9: 
P10: 

Attached files:
\\?\C:\ProgramData\Microsoft\Windows\WER\Temp\WER.fd8586b4-5aa9-4600-a23b-7634d1ca934e.tmp.mdmp
\\?\C:\ProgramData\Microsoft\Windows\WER\Temp\WER.27ed8d14-4ee1-4c5e-9876-1ecb100ce5a2.tmp.WERInternalMetadata.xml
WPR_initiated_DiagTrackMiniLogger_OneTrace_User_Logger_20250608_1_EC_0_inject.etl
\\?\C:\ProgramData\Microsoft\Windows\WER\Temp\WER.f4edcd8b-8623-450b-8e36-a82cb35d54bf.tmp.etl
WPR_initiated_DiagTrackMiniLogger_WPR System Collector_inject.etl
\\?\C:\ProgramData\Microsoft\Windows\WER\Temp\WER.a1b16515-54d7-4b7d-ac2a-744240573b57.tmp.etl
\\?\C:\ProgramData\Microsoft\Windows\WER\Temp\WER.2637dcff-c3b4-49a7-92e8-3f03f6daa311.tmp.csv
\\?\C:\ProgramData\Microsoft\Windows\WER\Temp\WER.7cad18c3-30ca-4a15-82b9-1c4e98c61bdd.tmp.txt
\\?\C:\ProgramData\Microsoft\Windows\WER\Temp\WER.f5b9cc97-0617-4722-83b3-7f2f766c8263.tmp.xml

These files may be available here:
\\?\C:\ProgramData\Microsoft\Windows\WER\ReportArchive\AppCrash_HPAudioAnalytics_8e6a6efde35e5754cabe53b429f2dab9c4857bb8_fe948d19_2119ed98-794b-4271-9484-48ad0fc1c889

Analysis symbol: 
Rechecking for solution: 0
Report Id: e043a4a0-6fb5-4106-989e-12e2c654ceb0
Report Status: 268435456
Hashed bucket: c52742e85a88a80ca9722feee068762b
Cab Guid: 0"
Error	20/06/2025 05:33:15	Application Error	1000	Application Crashing Events	"Faulting application name: HPAudioAnalytics.exe, version: 8.10.46.337, time stamp: 0x67ee326a
Faulting module name: unknown, version: 0.0.0.0, time stamp: 0x00000000
Exception code: 0xc0000005
Fault offset: 0x0000000000f05dd6
Faulting process id: 0x0x3FC8
Faulting application start time: 0x0x1DBE1699A238EEE
Faulting application path: C:\Windows\System32\DriverStore\FileRepository\hpqkbsoftwarecompnent.inf_amd64_a22c6a91e05f8cee\HPAudioAnalytics.exe
Faulting module path: unknown
Report Id: e043a4a0-6fb5-4106-989e-12e2c654ceb0
Faulting package full name: 
Faulting package-relative application ID: "
Information	20/06/2025 05:33:04	Microsoft-Windows-Complus	781	None	The COM+ sub system is suppressing duplicate event log entries for a duration of 86400 seconds.  The suppression timeout can be controlled by a REG_DWORD value named SuppressDuplicateDuration under the following registry key: HKLM\Software\Microsoft\COM3\Eventlog.
Information	20/06/2025 05:33:03	Windows Error Reporting	1001	None	"Fault bucket 2115955934357232936, type 4
Event Name: APPCRASH
Response: Not available
Cab Id: 0

Problem signature:
P1: dllhost.exe
P2: 10.0.22621.1
P3: 05e70ed3
P4: StackHash_f9d8
P5: 0.0.0.0
P6: 00000000
P7: c0000005
P8: PCH_4C_FROM_unknown+0x0000000000000000
P9: 
P10: 

Attached files:
\\?\C:\ProgramData\Microsoft\Windows\WER\Temp\WER.ed289d36-4b25-49f8-bdf9-69370365e0b1.tmp.mdmp
\\?\C:\ProgramData\Microsoft\Windows\WER\Temp\WER.45037330-8882-48d8-a0c3-5bfc8232a411.tmp.WERInternalMetadata.xml
WPR_initiated_DiagTrackMiniLogger_OneTrace_User_Logger_20250608_1_EC_0_inject.etl
\\?\C:\ProgramData\Microsoft\Windows\WER\Temp\WER.8c143f36-9c94-416c-bd23-d2643723701c.tmp.etl
WPR_initiated_DiagTrackMiniLogger_WPR System Collector_inject.etl
\\?\C:\ProgramData\Microsoft\Windows\WER\Temp\WER.f6f50638-d2c8-41cf-8a66-b016e27afd36.tmp.etl
\\?\C:\ProgramData\Microsoft\Windows\WER\Temp\WER.a9b9f494-c8eb-4ec8-afbf-ba24f245eb7e.tmp.csv
\\?\C:\ProgramData\Microsoft\Windows\WER\Temp\WER.7f4d4fc2-d2d1-4ffc-9315-2996279d31a2.tmp.txt
\\?\C:\ProgramData\Microsoft\Windows\WER\Temp\WER.7e735f16-6eeb-4313-92c5-e6bf6bfca113.tmp.xml

These files may be available here:
\\?\C:\ProgramData\Microsoft\Windows\WER\ReportArchive\AppCrash_dllhost.exe_b2e8fac43cfd7e160c7a3c2db556a3655c74d2_e7c336b8_72220555-033a-4a42-a21f-b3e01bab1e91

Analysis symbol: 
Rechecking for solution: 0
Report Id: 34b96e9a-bb33-4a95-8e73-0603e575a327
Report Status: 268435456
Hashed bucket: c00013d530715c43fd5d62b623be1d28
Cab Guid: 0"
Error	20/06/2025 05:32:59	Application Error	1000	Application Crashing Events	"Faulting application name: dllhost.exe, version: 10.0.22621.1, time stamp: 0x05e70ed3
Faulting module name: unknown, version: 0.0.0.0, time stamp: 0x00000000
Exception code: 0xc0000005
Fault offset: 0x0000000000925dd6
Faulting process id: 0x0x1A04
Faulting application start time: 0x0x1DBE169A6CA1351
Faulting application path: C:\Windows\system32\dllhost.exe
Faulting module path: unknown
Report Id: 34b96e9a-bb33-4a95-8e73-0603e575a327
Faulting package full name: 
Faulting package-relative application ID: "
Information	20/06/2025 05:32:47	Windows Error Reporting	1001	None	"Fault bucket 1749154308405373022, type 4
Event Name: APPCRASH
Response: Not available
Cab Id: 0

Problem signature:
P1: vmware-usbarbitrator64.exe
P2: 20.10.0.0
P3: 669a1840
P4: StackHash_f9d8
P5: 0.0.0.0
P6: 00000000
P7: c0000005
P8: PCH_1E_FROM_unknown+0x0000000000000000
P9: 
P10: 

Attached files:
\\?\C:\ProgramData\Microsoft\Windows\WER\Temp\WER.279aefef-bdb2-4344-b4e9-604d6c1e082d.tmp.mdmp
\\?\C:\ProgramData\Microsoft\Windows\WER\Temp\WER.f5cd1131-174e-424e-8c5a-0f3cbc61965e.tmp.WERInternalMetadata.xml
WPR_initiated_DiagTrackMiniLogger_OneTrace_User_Logger_20250608_1_EC_0_inject.etl
\\?\C:\ProgramData\Microsoft\Windows\WER\Temp\WER.017c16e2-e323-42b1-8db2-8482bea310b3.tmp.etl
WPR_initiated_DiagTrackMiniLogger_WPR System Collector_inject.etl
\\?\C:\ProgramData\Microsoft\Windows\WER\Temp\WER.47f37f17-55c7-4b80-8e45-4b4b0f663e9d.tmp.etl
\\?\C:\ProgramData\Microsoft\Windows\WER\Temp\WER.fb048cba-7a55-4fe6-bcd1-c46e41bee549.tmp.csv
\\?\C:\ProgramData\Microsoft\Windows\WER\Temp\WER.6911dab6-a19c-4729-85ac-b6fd897d9ee1.tmp.txt
\\?\C:\ProgramData\Microsoft\Windows\WER\Temp\WER.1d2b84c6-47ee-45e7-99fe-a59d2d7912c8.tmp.xml

These files may be available here:
\\?\C:\ProgramData\Microsoft\Windows\WER\ReportArchive\AppCrash_vmware-usbarbitr_bb4e5f2e761ac65830676615b45ae40c744617c_17c75580_19503d15-f393-4b5e-9983-34cf3358e5fa

Analysis symbol: 
Rechecking for solution: 0
Report Id: 18ddf59f-13f8-4d1d-90ab-60fa60e625c5
Report Status: 268435456
Hashed bucket: f1ca7ee4517e896fa8463e9379d8a85e
Cab Guid: 0"
Error	20/06/2025 05:32:43	Application Error	1000	Application Crashing Events	"Faulting application name: vmware-usbarbitrator64.exe, version: 20.10.0.0, time stamp: 0x669a1840
Faulting module name: unknown, version: 0.0.0.0, time stamp: 0x00000000
Exception code: 0xc0000005
Fault offset: 0x00000000009a5dd6
Faulting process id: 0x0x48D0
Faulting application start time: 0x0x1DBE169A2522AD4
Faulting application path: C:\Program Files (x86)\Common Files\VMware\USB\vmware-usbarbitrator64.exe
Faulting module path: unknown
Report Id: 18ddf59f-13f8-4d1d-90ab-60fa60e625c5
Faulting package full name: 
Faulting package-relative application ID: "
Information	20/06/2025 05:29:42	Microsoft-Windows-Complus	781	None	The COM+ sub system is suppressing duplicate event log entries for a duration of 86400 seconds.  The suppression timeout can be controlled by a REG_DWORD value named SuppressDuplicateDuration under the following registry key: HKLM\Software\Microsoft\COM3\Eventlog.
Information	20/06/2025 05:29:41	Windows Error Reporting	1001	None	"Fault bucket 2115955934357232936, type 4
Event Name: APPCRASH
Response: Not available
Cab Id: 0

Problem signature:
P1: dllhost.exe
P2: 10.0.22621.1
P3: 05e70ed3
P4: StackHash_f9d8
P5: 0.0.0.0
P6: 00000000
P7: c0000005
P8: PCH_BD_FROM_unknown+0x0000000000000000
P9: 
P10: 

Attached files:
\\?\C:\ProgramData\Microsoft\Windows\WER\Temp\WER.619e9534-be74-4095-a600-7c853399dcc5.tmp.mdmp
\\?\C:\ProgramData\Microsoft\Windows\WER\Temp\WER.e9bac52e-1229-4b60-878b-3d54a9ec229a.tmp.WERInternalMetadata.xml
WPR_initiated_DiagTrackMiniLogger_OneTrace_User_Logger_20250608_1_EC_0_inject.etl
\\?\C:\ProgramData\Microsoft\Windows\WER\Temp\WER.fe7cebed-74f9-4f97-99d0-02b07ae3f110.tmp.etl
WPR_initiated_DiagTrackMiniLogger_WPR System Collector_inject.etl
\\?\C:\ProgramData\Microsoft\Windows\WER\Temp\WER.9e42d423-110c-4059-a5f0-e5fd3391ce9d.tmp.etl
\\?\C:\ProgramData\Microsoft\Windows\WER\Temp\WER.d05dca20-cf58-4853-945d-aab1d0626a76.tmp.csv
\\?\C:\ProgramData\Microsoft\Windows\WER\Temp\WER.037e3db4-da2e-4723-9b51-f569b5a1ceec.tmp.txt
\\?\C:\ProgramData\Microsoft\Windows\WER\Temp\WER.8fca6998-176d-4075-b8d2-9a075c2eed55.tmp.xml

These files may be available here:
\\?\C:\ProgramData\Microsoft\Windows\WER\ReportArchive\AppCrash_dllhost.exe_2f1736239951e2988ff4580aea19c84bd33c497_e7c336b8_e9ee9222-12e1-4d90-a238-14be48b99fd4

Analysis symbol: 
Rechecking for solution: 0
Report Id: 44ad4d3e-bbe0-4e87-8465-61145097e7e6
Report Status: 268435456
Hashed bucket: c00013d530715c43fd5d62b623be1d28
Cab Guid: 0"
Error	20/06/2025 05:29:37	Application Error	1000	Application Crashing Events	"Faulting application name: dllhost.exe, version: 10.0.22621.1, time stamp: 0x05e70ed3
Faulting module name: unknown, version: 0.0.0.0, time stamp: 0x00000000
Exception code: 0xc0000005
Fault offset: 0x0000000000935dd6
Faulting process id: 0x0x561C
Faulting application start time: 0x0x1DBE1698894ED97
Faulting application path: C:\Windows\system32\dllhost.exe
Faulting module path: unknown
Report Id: 44ad4d3e-bbe0-4e87-8465-61145097e7e6
Faulting package full name: 
Faulting package-relative application ID: "
Information	20/06/2025 05:29:24	Windows Error Reporting	1001	None	"Fault bucket 1749154308405373022, type 4
Event Name: APPCRASH
Response: Not available
Cab Id: 0

Problem signature:
P1: vmware-usbarbitrator64.exe
P2: 20.10.0.0
P3: 669a1840
P4: StackHash_f9d8
P5: 0.0.0.0
P6: 00000000
P7: c0000005
P8: PCH_B0_FROM_unknown+0x0000000000000000
P9: 
P10: 

Attached files:
\\?\C:\ProgramData\Microsoft\Windows\WER\Temp\WER.15a1e4f8-c155-48d7-bb5a-4d4f897a9389.tmp.mdmp
\\?\C:\ProgramData\Microsoft\Windows\WER\Temp\WER.a359fae7-17df-41a7-9c43-46d78c989f27.tmp.WERInternalMetadata.xml
WPR_initiated_DiagTrackMiniLogger_OneTrace_User_Logger_20250608_1_EC_0_inject.etl
\\?\C:\ProgramData\Microsoft\Windows\WER\Temp\WER.fc989502-9009-444c-8e19-e2cbe4f48022.tmp.etl
WPR_initiated_DiagTrackMiniLogger_WPR System Collector_inject.etl
\\?\C:\ProgramData\Microsoft\Windows\WER\Temp\WER.602424d2-1310-4257-8b1f-8a3448e70b3c.tmp.etl
\\?\C:\ProgramData\Microsoft\Windows\WER\Temp\WER.82a2fea1-be1d-4fe7-b957-856b135fdb91.tmp.csv
\\?\C:\ProgramData\Microsoft\Windows\WER\Temp\WER.e3b7e6d0-e934-4cc6-8bcb-025d487edb18.tmp.txt
\\?\C:\ProgramData\Microsoft\Windows\WER\Temp\WER.acd524da-a679-44d7-ac7a-4fb1a80728ea.tmp.xml

These files may be available here:
\\?\C:\ProgramData\Microsoft\Windows\WER\ReportArchive\AppCrash_vmware-usbarbitr_584f101572da5e74f5386f63b7f1acc7fec390_17c75580_8bdea46f-e1d5-4791-bf2f-b59ea9b2c499

Analysis symbol: 
Rechecking for solution: 0
Report Id: 0cbc8309-9ce3-4939-aa1d-aad9c914d3bb
Report Status: 268435456
Hashed bucket: f1ca7ee4517e896fa8463e9379d8a85e
Cab Guid: 0"
Error	20/06/2025 05:29:21	Application Error	1000	Application Crashing Events	"Faulting application name: vmware-usbarbitrator64.exe, version: 20.10.0.0, time stamp: 0x669a1840
Faulting module name: unknown, version: 0.0.0.0, time stamp: 0x00000000
Exception code: 0xc0000005
Fault offset: 0x0000000000f15dd6
Faulting process id: 0x0x1BF4
Faulting application start time: 0x0x1DBE1698441D973
Faulting application path: C:\Program Files (x86)\Common Files\VMware\USB\vmware-usbarbitrator64.exe
Faulting module path: unknown
Report Id: 0cbc8309-9ce3-4939-aa1d-aad9c914d3bb
Faulting package full name: 
Faulting package-relative application ID: "
Information	20/06/2025 05:29:21	HotKeyServiceUWP	0	(2)	"The description for Event ID 0 from source HotKeyServiceUWP cannot be found. Either the component that raises this event is not installed on your local computer or the installation is corrupted. You can install or repair the component on the local computer.

If the event originated on another computer, the display information had to be saved with the event.

The following information was included with the event: 

HP Audio Analytics Service (8.10.46.337) in OnStart

The message resource is present but the message was not found in the message table
"
Information	20/06/2025 05:29:08	Windows Error Reporting	1001	None	"Fault bucket 2120996873715200844, type 4
Event Name: APPCRASH
Response: Not available
Cab Id: 0

Problem signature:
P1: HotKeyServiceUWP.exe
P2: 8.10.46.337
P3: 67ee32ff
P4: StackHash_f9d8
P5: 0.0.0.0
P6: 00000000
P7: c0000005
P8: PCH_0A_FROM_unknown+0x0000000000000000
P9: 
P10: 

Attached files:
\\?\C:\ProgramData\Microsoft\Windows\WER\Temp\WER.e4d00250-b442-46ac-ac3d-aa2c7f31040a.tmp.mdmp
\\?\C:\ProgramData\Microsoft\Windows\WER\Temp\WER.0326ab14-52dd-4c65-9474-0d396467875e.tmp.WERInternalMetadata.xml
WPR_initiated_DiagTrackMiniLogger_OneTrace_User_Logger_20250608_1_EC_0_inject.etl
\\?\C:\ProgramData\Microsoft\Windows\WER\Temp\WER.06be3567-dff3-4565-82f8-1c1fc3f9dc87.tmp.etl
WPR_initiated_DiagTrackMiniLogger_WPR System Collector_inject.etl
\\?\C:\ProgramData\Microsoft\Windows\WER\Temp\WER.d68b79c7-d6a0-4e40-97df-8b529f06cd78.tmp.etl
\\?\C:\ProgramData\Microsoft\Windows\WER\Temp\WER.6b49c6fc-9e1c-4ffd-af0d-5778705d9b2a.tmp.csv
\\?\C:\ProgramData\Microsoft\Windows\WER\Temp\WER.46adebae-7887-4957-8743-8843144ee509.tmp.txt
\\?\C:\ProgramData\Microsoft\Windows\WER\Temp\WER.a3cbf744-7057-40e0-bc42-0607785f4682.tmp.xml

These files may be available here:
\\?\C:\ProgramData\Microsoft\Windows\WER\ReportArchive\AppCrash_HotKeyServiceUWP_5c89f4134d1af4f4f984ffdba343bd0e3abbbcb_b8181675_e2c92948-32d6-4ae1-9a92-de47a1e44917

Analysis symbol: 
Rechecking for solution: 0
Report Id: b99253a3-9ac9-4799-9f63-1b210e15f7e3
Report Status: 268435456
Hashed bucket: dfa1cf850c1ffe22dd6f4b6b4b82334c
Cab Guid: 0"
Error	20/06/2025 05:29:04	Application Error	1000	Application Crashing Events	"Faulting application name: HotKeyServiceUWP.exe, version: 8.10.46.337, time stamp: 0x67ee32ff
Faulting module name: unknown, version: 0.0.0.0, time stamp: 0x00000000
Exception code: 0xc0000005
Fault offset: 0x0000000000f35dd6
Faulting process id: 0x0x1AA8
Faulting application start time: 0x0x1DBE168423852E0
Faulting application path: C:\Windows\System32\DriverStore\FileRepository\hpqkbsoftwarecompnent.inf_amd64_a22c6a91e05f8cee\HotKeyServiceUWP.exe
Faulting module path: unknown
Report Id: b99253a3-9ac9-4799-9f63-1b210e15f7e3
Faulting package full name: 
Faulting package-relative application ID: "
Information	20/06/2025 05:28:51	Microsoft-Windows-Complus	781	None	The COM+ sub system is suppressing duplicate event log entries for a duration of 86400 seconds.  The suppression timeout can be controlled by a REG_DWORD value named SuppressDuplicateDuration under the following registry key: HKLM\Software\Microsoft\COM3\Eventlog.
Information	20/06/2025 05:28:50	Windows Error Reporting	1001	None	"Fault bucket 2115955934357232936, type 4
Event Name: APPCRASH
Response: Not available
Cab Id: 0

Problem signature:
P1: dllhost.exe
P2: 10.0.22621.1
P3: 05e70ed3
P4: StackHash_f9d8
P5: 0.0.0.0
P6: 00000000
P7: c0000005
P8: PCH_9C_FROM_unknown+0x0000000000000000
P9: 
P10: 

Attached files:
\\?\C:\ProgramData\Microsoft\Windows\WER\Temp\WER.bd53824f-f641-4b6d-91cb-0d1393034dfa.tmp.mdmp
\\?\C:\ProgramData\Microsoft\Windows\WER\Temp\WER.2701898c-1c6f-43c6-b072-328d989f6b79.tmp.WERInternalMetadata.xml
WPR_initiated_DiagTrackMiniLogger_OneTrace_User_Logger_20250608_1_EC_0_inject.etl
\\?\C:\ProgramData\Microsoft\Windows\WER\Temp\WER.2e0a1bb8-e255-4006-ba2b-db82b091406b.tmp.etl
WPR_initiated_DiagTrackMiniLogger_WPR System Collector_inject.etl
\\?\C:\ProgramData\Microsoft\Windows\WER\Temp\WER.5e95e122-e529-4ff5-90b0-4cebafe6a232.tmp.etl
\\?\C:\ProgramData\Microsoft\Windows\WER\Temp\WER.f0be03ef-f039-4a76-8b7f-18bd6829e8cc.tmp.csv
\\?\C:\ProgramData\Microsoft\Windows\WER\Temp\WER.a28db6a5-7fac-4e99-963c-1ee1bea75b7e.tmp.txt
\\?\C:\ProgramData\Microsoft\Windows\WER\Temp\WER.9d8a5bfa-8855-4b0c-9b73-aaa3b6d1bd87.tmp.xml

These files may be available here:
\\?\C:\ProgramData\Microsoft\Windows\WER\ReportArchive\AppCrash_dllhost.exe_b7708e6112c3d3ea555e15432f2d9b42994b3d_e7c336b8_88cf8864-977b-41ab-9ce7-9f4fae3cccfa

Analysis symbol: 
Rechecking for solution: 0
Report Id: 3407ce4e-2f20-477e-9c9a-2112edead133
Report Status: 268435456
Hashed bucket: c00013d530715c43fd5d62b623be1d28
Cab Guid: 0"
Error	20/06/2025 05:28:46	Application Error	1000	Application Crashing Events	"Faulting application name: dllhost.exe, version: 10.0.22621.1, time stamp: 0x05e70ed3
Faulting module name: unknown, version: 0.0.0.0, time stamp: 0x00000000
Exception code: 0xc0000005
Fault offset: 0x0000000000905dd6
Faulting process id: 0x0x4D94
Faulting application start time: 0x0x1DBE16949FDB381
Faulting application path: C:\Windows\system32\dllhost.exe
Faulting module path: unknown
Report Id: 3407ce4e-2f20-477e-9c9a-2112edead133
Faulting package full name: 
Faulting package-relative application ID: "
Information	20/06/2025 05:28:34	Windows Error Reporting	1001	None	"Fault bucket 1749154308405373022, type 4
Event Name: APPCRASH
Response: Not available
Cab Id: 0

Problem signature:
P1: vmware-usbarbitrator64.exe
P2: 20.10.0.0
P3: 669a1840
P4: StackHash_f9d8
P5: 0.0.0.0
P6: 00000000
P7: c0000005
P8: PCH_1E_FROM_unknown+0x0000000000000000
P9: 
P10: 

Attached files:
\\?\C:\ProgramData\Microsoft\Windows\WER\Temp\WER.1dcd96a2-cc5c-4b57-b648-5b2e42d066e9.tmp.mdmp
\\?\C:\ProgramData\Microsoft\Windows\WER\Temp\WER.d80c9539-4258-49b7-8430-1ac81c7b2e5e.tmp.WERInternalMetadata.xml
WPR_initiated_DiagTrackMiniLogger_OneTrace_User_Logger_20250608_1_EC_0_inject.etl
\\?\C:\ProgramData\Microsoft\Windows\WER\Temp\WER.fc18ebfc-88e4-4738-bfbd-a3e00c71cf58.tmp.etl
WPR_initiated_DiagTrackMiniLogger_WPR System Collector_inject.etl
\\?\C:\ProgramData\Microsoft\Windows\WER\Temp\WER.d607115b-d774-4e0d-b5a1-b716aa22399e.tmp.etl
\\?\C:\ProgramData\Microsoft\Windows\WER\Temp\WER.b5ba0853-529d-4332-9212-202d2b03f63a.tmp.csv
\\?\C:\ProgramData\Microsoft\Windows\WER\Temp\WER.8a98790b-7c52-4a35-891c-59bb772f87f6.tmp.txt
\\?\C:\ProgramData\Microsoft\Windows\WER\Temp\WER.505826d1-0680-454d-a757-bbc1d8a75407.tmp.xml

These files may be available here:
\\?\C:\ProgramData\Microsoft\Windows\WER\ReportArchive\AppCrash_vmware-usbarbitr_bb4e5f2e761ac65830676615b45ae40c744617c_17c75580_81eb3979-3709-42e3-9bf3-216ba7a9ccb9

Analysis symbol: 
Rechecking for solution: 0
Report Id: 28113610-5f76-4b10-aebe-3775163870ff
Report Status: 268435456
Hashed bucket: f1ca7ee4517e896fa8463e9379d8a85e
Cab Guid: 0"
Error	20/06/2025 05:28:30	Application Error	1000	Application Crashing Events	"Faulting application name: vmware-usbarbitrator64.exe, version: 20.10.0.0, time stamp: 0x669a1840
Faulting module name: unknown, version: 0.0.0.0, time stamp: 0x00000000
Exception code: 0xc0000005
Fault offset: 0x00000000009a5dd6
Faulting process id: 0x0x97C0
Faulting application start time: 0x0x1DBE16945E26A23
Faulting application path: C:\Program Files (x86)\Common Files\VMware\USB\vmware-usbarbitrator64.exe
Faulting module path: unknown
Report Id: 28113610-5f76-4b10-aebe-3775163870ff
Faulting package full name: 
Faulting package-relative application ID: "
Information	20/06/2025 05:27:06	Microsoft-Windows-Complus	781	None	The COM+ sub system is suppressing duplicate event log entries for a duration of 86400 seconds.  The suppression timeout can be controlled by a REG_DWORD value named SuppressDuplicateDuration under the following registry key: HKLM\Software\Microsoft\COM3\Eventlog.
Information	20/06/2025 05:27:05	Windows Error Reporting	1001	None	"Fault bucket 2115955934357232936, type 4
Event Name: APPCRASH
Response: Not available
Cab Id: 0

Problem signature:
P1: dllhost.exe
P2: 10.0.22621.1
P3: 05e70ed3
P4: StackHash_f9d8
P5: 0.0.0.0
P6: 00000000
P7: c0000005
P8: PCH_4B_FROM_unknown+0x0000000000000000
P9: 
P10: 

Attached files:
\\?\C:\ProgramData\Microsoft\Windows\WER\Temp\WER.055a6ba6-aae8-4c4b-948a-db4029be743e.tmp.mdmp
\\?\C:\ProgramData\Microsoft\Windows\WER\Temp\WER.3b27b8fc-6f1a-47ac-8425-b7490a98c55e.tmp.WERInternalMetadata.xml
WPR_initiated_DiagTrackMiniLogger_OneTrace_User_Logger_20250608_1_EC_0_inject.etl
\\?\C:\ProgramData\Microsoft\Windows\WER\Temp\WER.8fb946e4-a1db-42e0-9872-740455270d8f.tmp.etl
WPR_initiated_DiagTrackMiniLogger_WPR System Collector_inject.etl
\\?\C:\ProgramData\Microsoft\Windows\WER\Temp\WER.78cd5ec5-b07d-4cee-bab6-819734f356c1.tmp.etl
\\?\C:\ProgramData\Microsoft\Windows\WER\Temp\WER.79cd335a-90d5-4c23-9b60-ea4ced50c2c8.tmp.csv
\\?\C:\ProgramData\Microsoft\Windows\WER\Temp\WER.de1e7eaa-ff47-4fe9-97ac-959dd7baf4bf.tmp.txt
\\?\C:\ProgramData\Microsoft\Windows\WER\Temp\WER.fba7b770-d093-45d2-94e2-8459c8b05afd.tmp.xml

These files may be available here:
\\?\C:\ProgramData\Microsoft\Windows\WER\ReportArchive\AppCrash_dllhost.exe_e2c63fef1373a35ac0b634548b13aa5eede3c88_e7c336b8_f7572359-c41f-40d4-8216-8a5cd8adeec1

Analysis symbol: 
Rechecking for solution: 0
Report Id: af8f3b68-aa6c-4833-9bd6-36b67461eb00
Report Status: 268435456
Hashed bucket: c00013d530715c43fd5d62b623be1d28
Cab Guid: 0"
Error	20/06/2025 05:27:02	Application Error	1000	Application Crashing Events	"Faulting application name: dllhost.exe, version: 10.0.22621.1, time stamp: 0x05e70ed3
Faulting module name: unknown, version: 0.0.0.0, time stamp: 0x00000000
Exception code: 0xc0000005
Fault offset: 0x0000000000545dd6
Faulting process id: 0x0x3718
Faulting application start time: 0x0x1DBE1690B95A58A
Faulting application path: C:\Windows\system32\dllhost.exe
Faulting module path: unknown
Report Id: af8f3b68-aa6c-4833-9bd6-36b67461eb00
Faulting package full name: 
Faulting package-relative application ID: "
Information	20/06/2025 05:26:49	Windows Error Reporting	1001	None	"Fault bucket 1749154308405373022, type 4
Event Name: APPCRASH
Response: Not available
Cab Id: 0

Problem signature:
P1: vmware-usbarbitrator64.exe
P2: 20.10.0.0
P3: 669a1840
P4: StackHash_f9d8
P5: 0.0.0.0
P6: 00000000
P7: c0000005
P8: PCH_29_FROM_unknown+0x0000000000000000
P9: 
P10: 

Attached files:
\\?\C:\ProgramData\Microsoft\Windows\WER\Temp\WER.feea2ef1-08eb-40a4-b730-3b01ff620622.tmp.mdmp
\\?\C:\ProgramData\Microsoft\Windows\WER\Temp\WER.f3e9ca95-49bf-4833-a7f2-c6b1f9e4fcfb.tmp.WERInternalMetadata.xml
WPR_initiated_DiagTrackMiniLogger_OneTrace_User_Logger_20250608_1_EC_0_inject.etl
\\?\C:\ProgramData\Microsoft\Windows\WER\Temp\WER.84391e10-74cb-4414-8ebb-9f272d972f28.tmp.etl
WPR_initiated_DiagTrackMiniLogger_WPR System Collector_inject.etl
\\?\C:\ProgramData\Microsoft\Windows\WER\Temp\WER.f9117137-99a3-43e3-a293-f1b74b819aec.tmp.etl
\\?\C:\ProgramData\Microsoft\Windows\WER\Temp\WER.c215be1a-785b-49bc-8f96-221e3661aa7d.tmp.csv
\\?\C:\ProgramData\Microsoft\Windows\WER\Temp\WER.e1e3dbb8-3a3e-4f8e-9912-52ab0a62c3ea.tmp.txt
\\?\C:\ProgramData\Microsoft\Windows\WER\Temp\WER.c0550f9f-6d2e-4c9a-aa8f-5f86243c0422.tmp.xml

These files may be available here:
\\?\C:\ProgramData\Microsoft\Windows\WER\ReportArchive\AppCrash_vmware-usbarbitr_da328978b9a1d0e9ab407a7b32118156bca3639_17c75580_51d8096d-e281-43c5-9e4d-977f2792814b

Analysis symbol: 
Rechecking for solution: 0
Report Id: 437863f0-1f49-4102-acb7-f8b4c7b46a36
Report Status: 268435456
Hashed bucket: f1ca7ee4517e896fa8463e9379d8a85e
Cab Guid: 0"
Error	20/06/2025 05:26:46	Application Error	1000	Application Crashing Events	"Faulting application name: vmware-usbarbitrator64.exe, version: 20.10.0.0, time stamp: 0x669a1840
Faulting module name: unknown, version: 0.0.0.0, time stamp: 0x00000000
Exception code: 0xc0000005
Fault offset: 0x0000000000ee5dd6
Faulting process id: 0x0x3FBC
Faulting application start time: 0x0x1DBE169078D17AC
Faulting application path: C:\Program Files (x86)\Common Files\VMware\USB\vmware-usbarbitrator64.exe
Faulting module path: unknown
Report Id: 437863f0-1f49-4102-acb7-f8b4c7b46a36
Faulting package full name: 
Faulting package-relative application ID: "
Information	20/06/2025 05:25:22	Microsoft-Windows-Complus	781	None	The COM+ sub system is suppressing duplicate event log entries for a duration of 86400 seconds.  The suppression timeout can be controlled by a REG_DWORD value named SuppressDuplicateDuration under the following registry key: HKLM\Software\Microsoft\COM3\Eventlog.
Information	20/06/2025 05:25:20	Windows Error Reporting	1001	None	"Fault bucket 2115955934357232936, type 4
Event Name: APPCRASH
Response: Not available
Cab Id: 0

Problem signature:
P1: dllhost.exe
P2: 10.0.22621.1
P3: 05e70ed3
P4: StackHash_f9d8
P5: 0.0.0.0
P6: 00000000
P7: c0000005
P8: PCH_BD_FROM_unknown+0x0000000000000000
P9: 
P10: 

Attached files:
\\?\C:\ProgramData\Microsoft\Windows\WER\Temp\WER.01f1a68a-641e-4c26-b90c-5896d0bac9a4.tmp.mdmp
\\?\C:\ProgramData\Microsoft\Windows\WER\Temp\WER.4ecbf8e8-ed00-4785-85ba-36d1350aa7b0.tmp.WERInternalMetadata.xml
WPR_initiated_DiagTrackMiniLogger_OneTrace_User_Logger_20250608_1_EC_0_inject.etl
\\?\C:\ProgramData\Microsoft\Windows\WER\Temp\WER.e4def03c-b415-4814-8a4e-939d8d2070b6.tmp.etl
WPR_initiated_DiagTrackMiniLogger_WPR System Collector_inject.etl
\\?\C:\ProgramData\Microsoft\Windows\WER\Temp\WER.9a9fa7a2-302e-4e69-88ca-a8091d7ac4a9.tmp.etl
\\?\C:\ProgramData\Microsoft\Windows\WER\Temp\WER.244e7756-1295-4005-8c98-afa6d9a49358.tmp.csv
\\?\C:\ProgramData\Microsoft\Windows\WER\Temp\WER.521fb480-2b2c-4ddb-90d2-2cc63ec69b54.tmp.txt
\\?\C:\ProgramData\Microsoft\Windows\WER\Temp\WER.714f9036-a822-4117-a019-3e6d07675bd9.tmp.xml

These files may be available here:
\\?\C:\ProgramData\Microsoft\Windows\WER\ReportArchive\AppCrash_dllhost.exe_2f1736239951e2988ff4580aea19c84bd33c497_e7c336b8_bd08cef5-5849-4996-b4b4-aa7a814ee924

Analysis symbol: 
Rechecking for solution: 0
Report Id: 7ea9982d-b0eb-4978-8f74-3511348369a7
Report Status: 268435456
Hashed bucket: c00013d530715c43fd5d62b623be1d28
Cab Guid: 0"
Error	20/06/2025 05:25:17	Application Error	1000	Application Crashing Events	"Faulting application name: dllhost.exe, version: 10.0.22621.1, time stamp: 0x05e70ed3
Faulting module name: unknown, version: 0.0.0.0, time stamp: 0x00000000
Exception code: 0xc0000005
Fault offset: 0x0000000000935dd6
Faulting process id: 0x0x8844
Faulting application start time: 0x0x1DBE168CD7A31B2
Faulting application path: C:\Windows\system32\dllhost.exe
Faulting module path: unknown
Report Id: 7ea9982d-b0eb-4978-8f74-3511348369a7
Faulting package full name: 
Faulting package-relative application ID: "
Information	20/06/2025 05:25:05	Windows Error Reporting	1001	None	"Fault bucket 1749154308405373022, type 4
Event Name: APPCRASH
Response: Not available
Cab Id: 0

Problem signature:
P1: vmware-usbarbitrator64.exe
P2: 20.10.0.0
P3: 669a1840
P4: StackHash_f9d8
P5: 0.0.0.0
P6: 00000000
P7: c0000005
P8: PCH_C2_FROM_unknown+0x0000000000000000
P9: 
P10: 

Attached files:
\\?\C:\ProgramData\Microsoft\Windows\WER\Temp\WER.80b4cfd5-7dfd-40ab-92f3-083cb5da8119.tmp.mdmp
\\?\C:\ProgramData\Microsoft\Windows\WER\Temp\WER.d3ceee01-2180-4023-bab1-8c4fdec3a8c5.tmp.WERInternalMetadata.xml
WPR_initiated_DiagTrackMiniLogger_OneTrace_User_Logger_20250608_1_EC_0_inject.etl
\\?\C:\ProgramData\Microsoft\Windows\WER\Temp\WER.72340135-6368-4248-bee2-ff090b91d3b2.tmp.etl
WPR_initiated_DiagTrackMiniLogger_WPR System Collector_inject.etl
\\?\C:\ProgramData\Microsoft\Windows\WER\Temp\WER.3dbba585-2072-4cfa-a1fa-df62e0c4a316.tmp.etl
\\?\C:\ProgramData\Microsoft\Windows\WER\Temp\WER.e19038d4-83fb-4d2b-8e2d-fc1fff020d9c.tmp.csv
\\?\C:\ProgramData\Microsoft\Windows\WER\Temp\WER.c1743dab-df65-4c5c-9ad1-3afd5d6c1d3c.tmp.txt
\\?\C:\ProgramData\Microsoft\Windows\WER\Temp\WER.9e2a5c2f-df4b-4636-a579-e3b24c5d8da5.tmp.xml

These files may be available here:
\\?\C:\ProgramData\Microsoft\Windows\WER\ReportArchive\AppCrash_vmware-usbarbitr_ae965550e4d8788fdb87659ec96ef0be4bc43bb9_17c75580_b73342b5-84a9-4bea-a039-319d3ec277b6

Analysis symbol: 
Rechecking for solution: 0
Report Id: dd3f3a7a-76d0-496f-9cbc-7fa28abd3aa1
Report Status: 268435456
Hashed bucket: f1ca7ee4517e896fa8463e9379d8a85e
Cab Guid: 0"
Error	20/06/2025 05:25:01	Application Error	1000	Application Crashing Events	"Faulting application name: vmware-usbarbitrator64.exe, version: 20.10.0.0, time stamp: 0x669a1840
Faulting module name: unknown, version: 0.0.0.0, time stamp: 0x00000000
Exception code: 0xc0000005
Fault offset: 0x0000000000ef5dd6
Faulting process id: 0x0x2CF8
Faulting application start time: 0x0x1DBE168C036CB1C
Faulting application path: C:\Program Files (x86)\Common Files\VMware\USB\vmware-usbarbitrator64.exe
Faulting module path: unknown
Report Id: dd3f3a7a-76d0-496f-9cbc-7fa28abd3aa1
Faulting package full name: 
Faulting package-relative application ID: "
Information	20/06/2025 05:23:37	Microsoft-Windows-Complus	781	None	The COM+ sub system is suppressing duplicate event log entries for a duration of 86400 seconds.  The suppression timeout can be controlled by a REG_DWORD value named SuppressDuplicateDuration under the following registry key: HKLM\Software\Microsoft\COM3\Eventlog.
