Level	Date and Time	Source	Event ID	Task Category
Information	20/06/2025 09:38:43	Windows Error Reporting	1001	None	"Fault bucket 2267519351351149284, type 4
Event Name: APPCRASH
Response: Not available
Cab Id: 0

Problem signature:
P1: OfficeClickToRun.exe
P2: 16.0.18827.20150
P3: 68424e92
P4: StackHash_f9d8
P5: 0.0.0.0
P6: 00000000
P7: c0000005
P8: PCH_EC_FROM_unknown+0x0000000000000000
P9: 
P10: 

Attached files:
\\?\C:\ProgramData\Microsoft\Windows\WER\Temp\WER.39af3871-e15b-4126-a6c4-103f74f46953.tmp.mdmp
\\?\C:\ProgramData\Microsoft\Windows\WER\Temp\WER.e4070a67-7be8-4035-ad7b-90436c7e70b9.tmp.WERInternalMetadata.xml
\\?\C:\ProgramData\Microsoft\Windows\WER\ReportQueue\AppCrash_OfficeClickToRun_4db01fc9a9135671b2f47d51e11470b1949a120_f3a951af_cab_b040b663-0855-461a-8629-76fc4dfb646f\WPR_initiated_DiagTrackMiniLogger_OneTrace_User_Logger_20240808_1_EC_0_inject.etl
\\?\C:\ProgramData\Microsoft\Windows\WER\Temp\WER.9eb3a2a5-47f7-464a-b192-e69a1fec7acd.tmp.etl
\\?\C:\ProgramData\Microsoft\Windows\WER\ReportQueue\AppCrash_OfficeClickToRun_4db01fc9a9135671b2f47d51e11470b1949a120_f3a951af_cab_b040b663-0855-461a-8629-76fc4dfb646f\WPR_initiated_DiagTrackMiniLogger_WPR System Collector_inject.etl
\\?\C:\ProgramData\Microsoft\Windows\WER\Temp\WER.233710ea-2b6b-4fc1-836f-0242654ad02f.tmp.etl
\\?\C:\ProgramData\Microsoft\Windows\WER\Temp\WER.8a1b1916-2120-415d-b72d-d7e6640af160.tmp.csv
\\?\C:\ProgramData\Microsoft\Windows\WER\Temp\WER.188ee7d9-9e0d-4e7a-8875-5efb4ed8f194.tmp.txt
\\?\C:\ProgramData\Microsoft\Windows\WER\Temp\WER.a82a150d-e44c-4f47-ae0d-3a6905e52328.tmp.xml
\\?\C:\Windows\SystemTemp\WER.8b370988-1710-4f67-9a63-459a349a08ea.tmp.appcompat.txt
\\?\C:\ProgramData\Microsoft\Windows\WER\ReportQueue\AppCrash_OfficeClickToRun_4db01fc9a9135671b2f47d51e11470b1949a120_f3a951af_cab_b040b663-0855-461a-8629-76fc4dfb646f\memory.hdmp

These files may be available here:
\\?\C:\ProgramData\Microsoft\Windows\WER\ReportArchive\AppCrash_OfficeClickToRun_4db01fc9a9135671b2f47d51e11470b1949a120_f3a951af_b040b663-0855-461a-8629-76fc4dfb646f

Analysis symbol: 
Rechecking for solution: 0
Report Id: 22fe4b3c-93fc-4e41-8536-1507107f22ff
Report Status: 268435552
Hashed bucket: fabccf3c76673b06ff77d8d6129c02e4
Cab Guid: 0"
Information	20/06/2025 09:38:41	Windows Error Reporting	1001	None	"Fault bucket , type 0
Event Name: APPCRASH
Response: Not available
Cab Id: 0

Problem signature:
P1: OfficeClickToRun.exe
P2: 16.0.18827.20150
P3: 68424e92
P4: StackHash_f9d8
P5: 0.0.0.0
P6: 00000000
P7: c0000005
P8: PCH_EC_FROM_unknown+0x0000000000000000
P9: 
P10: 

Attached files:
\\?\C:\ProgramData\Microsoft\Windows\WER\Temp\WER.39af3871-e15b-4126-a6c4-103f74f46953.tmp.mdmp
\\?\C:\ProgramData\Microsoft\Windows\WER\Temp\WER.e4070a67-7be8-4035-ad7b-90436c7e70b9.tmp.WERInternalMetadata.xml
\\?\C:\ProgramData\Microsoft\Windows\WER\ReportQueue\AppCrash_OfficeClickToRun_4db01fc9a9135671b2f47d51e11470b1949a120_f3a951af_cab_b040b663-0855-461a-8629-76fc4dfb646f\WPR_initiated_DiagTrackMiniLogger_OneTrace_User_Logger_20240808_1_EC_0_inject.etl
\\?\C:\ProgramData\Microsoft\Windows\WER\Temp\WER.9eb3a2a5-47f7-464a-b192-e69a1fec7acd.tmp.etl
\\?\C:\ProgramData\Microsoft\Windows\WER\ReportQueue\AppCrash_OfficeClickToRun_4db01fc9a9135671b2f47d51e11470b1949a120_f3a951af_cab_b040b663-0855-461a-8629-76fc4dfb646f\WPR_initiated_DiagTrackMiniLogger_WPR System Collector_inject.etl
\\?\C:\ProgramData\Microsoft\Windows\WER\Temp\WER.233710ea-2b6b-4fc1-836f-0242654ad02f.tmp.etl
\\?\C:\ProgramData\Microsoft\Windows\WER\Temp\WER.8a1b1916-2120-415d-b72d-d7e6640af160.tmp.csv
\\?\C:\ProgramData\Microsoft\Windows\WER\Temp\WER.188ee7d9-9e0d-4e7a-8875-5efb4ed8f194.tmp.txt
\\?\C:\ProgramData\Microsoft\Windows\WER\Temp\WER.a82a150d-e44c-4f47-ae0d-3a6905e52328.tmp.xml
\\?\C:\Windows\SystemTemp\WER.8b370988-1710-4f67-9a63-459a349a08ea.tmp.appcompat.txt
\\?\C:\ProgramData\Microsoft\Windows\WER\ReportQueue\AppCrash_OfficeClickToRun_4db01fc9a9135671b2f47d51e11470b1949a120_f3a951af_cab_b040b663-0855-461a-8629-76fc4dfb646f\memory.hdmp

These files may be available here:
\\?\C:\ProgramData\Microsoft\Windows\WER\ReportQueue\AppCrash_OfficeClickToRun_4db01fc9a9135671b2f47d51e11470b1949a120_f3a951af_cab_b040b663-0855-461a-8629-76fc4dfb646f

Analysis symbol: 
Rechecking for solution: 0
Report Id: 22fe4b3c-93fc-4e41-8536-1507107f22ff
Report Status: 100
Hashed bucket: 
Cab Guid: 0"
Error	20/06/2025 09:38:24	Application Error	1000	Application Crashing Events	"Faulting application name: OfficeClickToRun.exe, version: 16.0.18827.20150, time stamp: 0x68424e92
Faulting module name: unknown, version: 0.0.0.0, time stamp: 0x00000000
Exception code: 0xc0000005
Fault offset: 0x0000000000a35dd6
Faulting process id: 0x0xEDC
Faulting application start time: 0x0x1DBE189A4CC42C2
Faulting application path: C:\Program Files\Common Files\Microsoft Shared\ClickToRun\OfficeClickToRun.exe
Faulting module path: unknown
Report Id: 22fe4b3c-93fc-4e41-8536-1507107f22ff
Faulting package full name: 
Faulting package-relative application ID: "
Information	20/06/2025 09:38:06	Windows Error Reporting	1001	None	"Fault bucket 1228004173639373237, type 4
Event Name: APPCRASH
Response: Not available
Cab Id: 0

Problem signature:
P1: chrome.exe
P2: 137.0.7151.119
P3: 68508c91
P4: StackHash_f9d8
P5: 0.0.0.0
P6: 00000000
P7: c0000005
P8: PCH_B5_FROM_unknown+0x0000000000000000
P9: 
P10: 

Attached files:
\\?\C:\ProgramData\Microsoft\Windows\WER\Temp\WER.602cf51b-7685-441f-8f26-277ac7098858.tmp.mdmp
\\?\C:\ProgramData\Microsoft\Windows\WER\Temp\WER.8c930e04-be7b-4494-b684-0c582521284a.tmp.WERInternalMetadata.xml
WPR_initiated_DiagTrackMiniLogger_OneTrace_User_Logger_20240808_1_EC_0_inject.etl
\\?\C:\ProgramData\Microsoft\Windows\WER\Temp\WER.3e07c604-9e4a-49bc-8aaf-dd2bea525e6d.tmp.etl
WPR_initiated_DiagTrackMiniLogger_WPR System Collector_inject.etl
\\?\C:\ProgramData\Microsoft\Windows\WER\Temp\WER.b8386d55-1295-44bc-94e2-b7eca6be9e3c.tmp.etl
\\?\C:\ProgramData\Microsoft\Windows\WER\Temp\WER.cae0b20d-e611-4dd5-b0a6-eb332ef31a15.tmp.csv
\\?\C:\ProgramData\Microsoft\Windows\WER\Temp\WER.49de22fa-e6ad-4995-9f5c-729d0fff076f.tmp.txt
\\?\C:\ProgramData\Microsoft\Windows\WER\Temp\WER.79009145-ae2b-4af2-b7d9-c6f8d04f3dbf.tmp.xml

These files may be available here:
\\?\C:\ProgramData\Microsoft\Windows\WER\ReportArchive\AppCrash_chrome.exe_cc83ab528ae3c490e774afd246d8424054fb1b92_fc697ea1_3fa7191a-fd63-46a2-8a33-1797f3ddb0b0

Analysis symbol: 
Rechecking for solution: 0
Report Id: f547df5e-e2ff-4dda-b896-27a20982645b
Report Status: 268435456
Hashed bucket: 9b85d87b4ac0170c810abf4a2878d1b5
Cab Guid: 0"
Error	20/06/2025 09:38:02	Application Error	1000	Application Crashing Events	"Faulting application name: chrome.exe, version: 137.0.7151.119, time stamp: 0x68508c91
Faulting module name: unknown, version: 0.0.0.0, time stamp: 0x00000000
Exception code: 0xc0000005
Fault offset: 0x0000000000dc5dd6
Faulting process id: 0x0x397C
Faulting application start time: 0x0x1DBE18A1C56C092
Faulting application path: C:\Program Files\Google\Chrome\Application\chrome.exe
Faulting module path: unknown
Report Id: f547df5e-e2ff-4dda-b896-27a20982645b
Faulting package full name: 
Faulting package-relative application ID: "
Information	20/06/2025 09:37:14	Windows Error Reporting	1001	None	"Fault bucket 1228004173639373237, type 4
Event Name: APPCRASH
Response: Not available
Cab Id: 0

Problem signature:
P1: chrome.exe
P2: 137.0.7151.119
P3: 68508c91
P4: StackHash_f9d8
P5: 0.0.0.0
P6: 00000000
P7: c0000005
P8: PCH_55_FROM_unknown+0x0000000000000000
P9: 
P10: 

Attached files:
\\?\C:\ProgramData\Microsoft\Windows\WER\Temp\WER.1567a445-86c0-4688-9e43-1e80a03f9d42.tmp.mdmp
\\?\C:\ProgramData\Microsoft\Windows\WER\Temp\WER.49438ba7-08f1-47f1-9cb6-aa0d8310a627.tmp.WERInternalMetadata.xml
WPR_initiated_DiagTrackMiniLogger_OneTrace_User_Logger_20240808_1_EC_0_inject.etl
\\?\C:\ProgramData\Microsoft\Windows\WER\Temp\WER.d19c8807-5b1f-4b16-9510-7fb8abf7f687.tmp.etl
WPR_initiated_DiagTrackMiniLogger_WPR System Collector_inject.etl
\\?\C:\ProgramData\Microsoft\Windows\WER\Temp\WER.a88b8b55-412a-4535-9023-b1420b10a896.tmp.etl
\\?\C:\ProgramData\Microsoft\Windows\WER\Temp\WER.495514ed-33d2-4e7f-8cbe-8b6b507a8b0b.tmp.csv
\\?\C:\ProgramData\Microsoft\Windows\WER\Temp\WER.ac37d28a-f12a-4543-839a-a3f2b687a6ae.tmp.txt
\\?\C:\ProgramData\Microsoft\Windows\WER\Temp\WER.1e7a3063-38bf-4262-8698-4986154a8b27.tmp.xml

These files may be available here:
\\?\C:\ProgramData\Microsoft\Windows\WER\ReportArchive\AppCrash_chrome.exe_e287a4f196d71ad4c3ef8d7a33b97ee16b5648c_fc697ea1_c15c7e58-e970-4ce1-b835-beaf54cc4144

Analysis symbol: 
Rechecking for solution: 0
Report Id: 5b1afee5-8f83-418a-8061-be71f5de9ce1
Report Status: 268435456
Hashed bucket: 9b85d87b4ac0170c810abf4a2878d1b5
Cab Guid: 0"
Error	20/06/2025 09:37:10	Application Error	1000	Application Crashing Events	"Faulting application name: chrome.exe, version: 137.0.7151.119, time stamp: 0x68508c91
Faulting module name: unknown, version: 0.0.0.0, time stamp: 0x00000000
Exception code: 0xc0000005
Fault offset: 0x00000000021e5dd6
Faulting process id: 0x0x428
Faulting application start time: 0x0x1DBE18A0745E7D4
Faulting application path: C:\Program Files\Google\Chrome\Application\chrome.exe
Faulting module path: unknown
Report Id: 5b1afee5-8f83-418a-8061-be71f5de9ce1
Faulting package full name: 
Faulting package-relative application ID: "
Information	20/06/2025 09:36:49	Windows Error Reporting	1001	None	"Fault bucket 1228004173639373237, type 4
Event Name: APPCRASH
Response: Not available
Cab Id: 1543790368102035350

Problem signature:
P1: chrome.exe
P2: 137.0.7151.119
P3: 68508c91
P4: StackHash_f9d8
P5: 0.0.0.0
P6: 00000000
P7: c0000005
P8: PCH_7E_FROM_unknown+0x0000000000000000
P9: 
P10: 

Attached files:
\\?\C:\ProgramData\Microsoft\Windows\WER\Temp\WER.491a900b-2264-47de-8b4e-03b82d1164de.tmp.mdmp
\\?\C:\ProgramData\Microsoft\Windows\WER\Temp\WER.cd79c0aa-4c4b-4c42-8f47-d84e7054414e.tmp.WERInternalMetadata.xml
WPR_initiated_DiagTrackMiniLogger_OneTrace_User_Logger_20240808_1_EC_0_inject.etl
\\?\C:\ProgramData\Microsoft\Windows\WER\Temp\WER.7627e8ae-f553-4735-aab2-0eb8c29a8f75.tmp.etl
WPR_initiated_DiagTrackMiniLogger_WPR System Collector_inject.etl
\\?\C:\ProgramData\Microsoft\Windows\WER\Temp\WER.ea23426f-e5d6-46f5-8679-d6020b407b54.tmp.etl
\\?\C:\ProgramData\Microsoft\Windows\WER\Temp\WER.4ffe1f06-7ee9-4ce9-9783-9cc9b201b88e.tmp.csv
\\?\C:\ProgramData\Microsoft\Windows\WER\Temp\WER.d502d24c-acb0-4960-a227-46509010321a.tmp.txt
\\?\C:\ProgramData\Microsoft\Windows\WER\Temp\WER.3cdaa335-1d41-45b7-8267-8385a8f79a3a.tmp.xml
\\?\C:\Users\HP EliteBook\AppData\Local\Temp\WER.f2c28068-48d1-4075-84de-5f65f1db8d9f.tmp.appcompat.txt
\\?\C:\Users\HP EliteBook\AppData\Local\Temp\WER.47b254f0-b2a2-4362-83ce-94be7ca8ecea.tmp.WERDataCollectionStatus.txt

These files may be available here:
\\?\C:\ProgramData\Microsoft\Windows\WER\ReportArchive\AppCrash_chrome.exe_9fa41d35da329df1afeca271215951afcb392_fc697ea1_cab_159a7531-b1e6-40c8-8478-a2affddf05df

Analysis symbol: 
Rechecking for solution: 0
Report Id: cf1945a6-af3f-47ed-8e5d-39ac546ed01d
Report Status: 268435464
Hashed bucket: 9b85d87b4ac0170c810abf4a2878d1b5
Cab Guid: 12646163-8960-4c65-856c-a52912642f96"
Error	20/06/2025 09:36:34	Application Error	1000	Application Crashing Events	"Faulting application name: chrome.exe, version: 137.0.7151.119, time stamp: 0x68508c91
Faulting module name: unknown, version: 0.0.0.0, time stamp: 0x00000000
Exception code: 0xc0000005
Fault offset: 0x00000000021c5dd6
Faulting process id: 0x0x3F00
Faulting application start time: 0x0x1DBE18A068689E8
Faulting application path: C:\Program Files\Google\Chrome\Application\chrome.exe
Faulting module path: unknown
Report Id: cf1945a6-af3f-47ed-8e5d-39ac546ed01d
Faulting package full name: 
Faulting package-relative application ID: "
Information	20/06/2025 09:33:37	Windows Error Reporting	1001	None	"Fault bucket 108477981719, type 1
Event Name: APPCRASH
Response: Not available
Cab Id: 0

Problem signature:
P1: jusched.exe
P2: 2.8.111.14
P3: 57e49ac8
P4: StackHash_2beb
P5: 0.0.0.0
P6: 00000000
P7: c0000005
P8: PCH_D2_FROM_ntdll+0x0007712C
P9: 
P10: 

Attached files:
\\?\C:\ProgramData\Microsoft\Windows\WER\Temp\WER.abdac5e8-6e15-4c41-b412-542956cb08a6.tmp.mdmp
\\?\C:\ProgramData\Microsoft\Windows\WER\Temp\WER.672f3286-9413-4159-9807-9e869aee0624.tmp.WERInternalMetadata.xml
WPR_initiated_DiagTrackMiniLogger_OneTrace_User_Logger_20240808_1_EC_0_inject.etl
\\?\C:\ProgramData\Microsoft\Windows\WER\Temp\WER.4da17010-1c22-4a1a-9bc0-e54f18bb38bd.tmp.etl
WPR_initiated_DiagTrackMiniLogger_WPR System Collector_inject.etl
\\?\C:\ProgramData\Microsoft\Windows\WER\Temp\WER.995a0bd7-e5f9-458b-934e-ebb449545499.tmp.etl
\\?\C:\ProgramData\Microsoft\Windows\WER\Temp\WER.d8177945-8fa8-429e-8064-24bbceac5d07.tmp.csv
\\?\C:\ProgramData\Microsoft\Windows\WER\Temp\WER.71255b87-df7a-4b12-99ad-fb375d82da8e.tmp.txt
\\?\C:\ProgramData\Microsoft\Windows\WER\Temp\WER.2f8415bf-85b8-4255-a194-ce619dc40e99.tmp.xml

These files may be available here:
\\?\C:\ProgramData\Microsoft\Windows\WER\ReportArchive\AppCrash_jusched.exe_e4e96d82dc38cc8c1e9496934b134e3324a1b619_45d7fb91_36ebaa45-1d78-4170-96e1-677b20ecb6b0

Analysis symbol: 
Rechecking for solution: 0
Report Id: ef57b438-7bc1-4dae-9e1e-70a4c4a83622
Report Status: 268435456
Hashed bucket: d3c43fe2b49009a24987775425690d91
Cab Guid: 0"
Error	20/06/2025 09:33:33	Application Error	1000	Application Crashing Events	"Faulting application name: jusched.exe, version: 2.8.111.14, time stamp: 0x57e49ac8
Faulting module name: unknown, version: 0.0.0.0, time stamp: 0x00000000
Exception code: 0xc0000005
Fault offset: 0x02495da1
Faulting process id: 0x0x19D8
Faulting application start time: 0x0x1DBE189CD55CD2A
Faulting application path: C:\Program Files (x86)\Common Files\Java\Java Update\jusched.exe
Faulting module path: unknown
Report Id: ef57b438-7bc1-4dae-9e1e-70a4c4a83622
Faulting package full name: 
Faulting package-relative application ID: "
Information	20/06/2025 09:32:44	HotKeyServiceUWP	0	(2)	"The description for Event ID 0 from source HotKeyServiceUWP cannot be found. Either the component that raises this event is not installed on your local computer or the installation is corrupted. You can install or repair the component on the local computer.

If the event originated on another computer, the display information had to be saved with the event.

The following information was included with the event: 

HP Audio Analytics Service (8.10.46.337) in OnStart

The message resource is present but the message was not found in the message table
"
Information	20/06/2025 09:31:11	Windows Error Reporting	1001	None	"Fault bucket 1883660801259629723, type 4
Event Name: APPCRASH
Response: Not available
Cab Id: 2095332208635476709

Problem signature:
P1: acrotray.exe
P2: 22.1.20117.0
P3: 624e6596
P4: StackHash_f9d8
P5: 0.0.0.0
P6: 00000000
P7: c0000005
P8: PCH_10_FROM_unknown+0x0000000000000000
P9: 
P10: 

Attached files:
\\?\C:\ProgramData\Microsoft\Windows\WER\Temp\WER.25d0e098-b813-4bd4-9a6b-bd2020d5d78e.tmp.mdmp
\\?\C:\ProgramData\Microsoft\Windows\WER\Temp\WER.48dd275a-90b2-432b-aca5-bbba1820a774.tmp.WERInternalMetadata.xml
WPR_initiated_DiagTrackMiniLogger_OneTrace_User_Logger_20240808_1_EC_0_inject.etl
\\?\C:\ProgramData\Microsoft\Windows\WER\Temp\WER.f1664f95-5140-4405-ae37-7f7d3fb7f4cc.tmp.etl
WPR_initiated_DiagTrackMiniLogger_WPR System Collector_inject.etl
\\?\C:\ProgramData\Microsoft\Windows\WER\Temp\WER.b489f63c-327b-4428-8426-7a6442c42634.tmp.etl
\\?\C:\ProgramData\Microsoft\Windows\WER\Temp\WER.ac98c26a-f9a4-4d46-a12a-a25ee8b769b0.tmp.csv
\\?\C:\ProgramData\Microsoft\Windows\WER\Temp\WER.d804d8db-6c57-4347-a1b9-7fa7210a3dd8.tmp.txt
\\?\C:\ProgramData\Microsoft\Windows\WER\Temp\WER.13ff6726-e54c-4a37-a5fa-1ec9c552106f.tmp.xml
\\?\C:\Users\HP EliteBook\AppData\Local\Temp\WER.c3dee895-e4ac-404c-a58d-4dfc6bc16d70.tmp.appcompat.txt
\\?\C:\Users\HP EliteBook\AppData\Local\Temp\WER.103478d0-ffaa-45b5-97be-8c1d717cab89.tmp.WERDataCollectionStatus.txt

These files may be available here:
\\?\C:\ProgramData\Microsoft\Windows\WER\ReportArchive\AppCrash_acrotray.exe_7323e228098628f697191339851c6b3ded05f11_ef7acfad_cab_21e4a9ea-c09f-4070-8a50-ed2756071637

Analysis symbol: 
Rechecking for solution: 0
Report Id: 14ed2862-a4a6-4549-b763-0af16ab55520
Report Status: 268435464
Hashed bucket: 1ed2db254b20e04ffa241b84c8686c9b
Cab Guid: 0e106b7c-e667-46dd-9d14-1d8ace26fae5"
Error	20/06/2025 09:31:00	Application Error	1000	Application Crashing Events	"Faulting application name: acrotray.exe, version: 22.1.20117.0, time stamp: 0x624e6596
Faulting module name: unknown, version: 0.0.0.0, time stamp: 0x00000000
Exception code: 0xc0000005
Fault offset: 0x00000000009b5dd6
Faulting process id: 0x0x40C
Faulting application start time: 0x0x1DBE189C56A36BD
Faulting application path: C:\Program Files\Adobe\Acrobat DC\Acrobat\acrotray.exe
Faulting module path: unknown
Report Id: 14ed2862-a4a6-4549-b763-0af16ab55520
Faulting package full name: 
Faulting package-relative application ID: "
Information	20/06/2025 09:30:45	Windows Error Reporting	1001	None	"Fault bucket 1833580701306877483, type 4
Event Name: APPCRASH
Response: Not available
Cab Id: 0

Problem signature:
P1: HPAudioAnalytics.exe
P2: 8.10.46.337
P3: 67ee326a
P4: StackHash_f9d8
P5: 0.0.0.0
P6: 00000000
P7: c0000005
P8: PCH_AF_FROM_unknown+0x0000000000000000
P9: 
P10: 

Attached files:
\\?\C:\ProgramData\Microsoft\Windows\WER\Temp\WER.cbd1bddb-5585-4eaa-8820-7b72e952722d.tmp.mdmp
\\?\C:\ProgramData\Microsoft\Windows\WER\Temp\WER.27aeabb3-5fed-45f6-ad03-d6b090756055.tmp.WERInternalMetadata.xml
\\?\C:\ProgramData\Microsoft\Windows\WER\ReportQueue\AppCrash_HPAudioAnalytics_82844151d1cce11cd1df3cb56318ca45736125a2_fe948d19_cab_b88c2593-0d0e-4742-852e-ca5a9d3e0e56\WPR_initiated_DiagTrackMiniLogger_OneTrace_User_Logger_20240808_1_EC_0_inject.etl
\\?\C:\ProgramData\Microsoft\Windows\WER\Temp\WER.deb0c807-37f4-42ab-ac95-62134786ff9d.tmp.etl
\\?\C:\ProgramData\Microsoft\Windows\WER\ReportQueue\AppCrash_HPAudioAnalytics_82844151d1cce11cd1df3cb56318ca45736125a2_fe948d19_cab_b88c2593-0d0e-4742-852e-ca5a9d3e0e56\WPR_initiated_DiagTrackMiniLogger_WPR System Collector_inject.etl
\\?\C:\ProgramData\Microsoft\Windows\WER\Temp\WER.ac2df2c3-afd8-49ff-af29-d6f7bc760d66.tmp.etl
\\?\C:\ProgramData\Microsoft\Windows\WER\Temp\WER.b9eb2900-5a8a-4afb-98ae-967f25cc6b9f.tmp.csv
\\?\C:\ProgramData\Microsoft\Windows\WER\Temp\WER.e2da07cf-0920-4cb2-939b-dfc6cd675f26.tmp.txt
\\?\C:\ProgramData\Microsoft\Windows\WER\Temp\WER.1a1d06a0-2c8d-4aab-8f4a-e69c2997c746.tmp.xml
\\?\C:\Windows\SystemTemp\WER.72598206-3819-44c6-88e2-f086b1589df8.tmp.appcompat.txt
\\?\C:\ProgramData\Microsoft\Windows\WER\ReportQueue\AppCrash_HPAudioAnalytics_82844151d1cce11cd1df3cb56318ca45736125a2_fe948d19_cab_b88c2593-0d0e-4742-852e-ca5a9d3e0e56\memory.hdmp

These files may be available here:
\\?\C:\ProgramData\Microsoft\Windows\WER\ReportArchive\AppCrash_HPAudioAnalytics_82844151d1cce11cd1df3cb56318ca45736125a2_fe948d19_b88c2593-0d0e-4742-852e-ca5a9d3e0e56

Analysis symbol: 
Rechecking for solution: 0
Report Id: 1c7b3815-7d8c-4867-9541-9e2de706f547
Report Status: 268435552
Hashed bucket: c52742e85a88a80ca9722feee068762b
Cab Guid: 0"
Information	20/06/2025 09:30:44	Windows Error Reporting	1001	None	"Fault bucket , type 0
Event Name: APPCRASH
Response: Not available
Cab Id: 0

Problem signature:
P1: HPAudioAnalytics.exe
P2: 8.10.46.337
P3: 67ee326a
P4: StackHash_f9d8
P5: 0.0.0.0
P6: 00000000
P7: c0000005
P8: PCH_AF_FROM_unknown+0x0000000000000000
P9: 
P10: 

Attached files:
\\?\C:\ProgramData\Microsoft\Windows\WER\Temp\WER.cbd1bddb-5585-4eaa-8820-7b72e952722d.tmp.mdmp
\\?\C:\ProgramData\Microsoft\Windows\WER\Temp\WER.27aeabb3-5fed-45f6-ad03-d6b090756055.tmp.WERInternalMetadata.xml
\\?\C:\ProgramData\Microsoft\Windows\WER\ReportQueue\AppCrash_HPAudioAnalytics_82844151d1cce11cd1df3cb56318ca45736125a2_fe948d19_cab_b88c2593-0d0e-4742-852e-ca5a9d3e0e56\WPR_initiated_DiagTrackMiniLogger_OneTrace_User_Logger_20240808_1_EC_0_inject.etl
\\?\C:\ProgramData\Microsoft\Windows\WER\Temp\WER.deb0c807-37f4-42ab-ac95-62134786ff9d.tmp.etl
\\?\C:\ProgramData\Microsoft\Windows\WER\ReportQueue\AppCrash_HPAudioAnalytics_82844151d1cce11cd1df3cb56318ca45736125a2_fe948d19_cab_b88c2593-0d0e-4742-852e-ca5a9d3e0e56\WPR_initiated_DiagTrackMiniLogger_WPR System Collector_inject.etl
\\?\C:\ProgramData\Microsoft\Windows\WER\Temp\WER.ac2df2c3-afd8-49ff-af29-d6f7bc760d66.tmp.etl
\\?\C:\ProgramData\Microsoft\Windows\WER\Temp\WER.b9eb2900-5a8a-4afb-98ae-967f25cc6b9f.tmp.csv
\\?\C:\ProgramData\Microsoft\Windows\WER\Temp\WER.e2da07cf-0920-4cb2-939b-dfc6cd675f26.tmp.txt
\\?\C:\ProgramData\Microsoft\Windows\WER\Temp\WER.1a1d06a0-2c8d-4aab-8f4a-e69c2997c746.tmp.xml
\\?\C:\Windows\SystemTemp\WER.72598206-3819-44c6-88e2-f086b1589df8.tmp.appcompat.txt
\\?\C:\ProgramData\Microsoft\Windows\WER\ReportQueue\AppCrash_HPAudioAnalytics_82844151d1cce11cd1df3cb56318ca45736125a2_fe948d19_cab_b88c2593-0d0e-4742-852e-ca5a9d3e0e56\memory.hdmp

These files may be available here:
\\?\C:\ProgramData\Microsoft\Windows\WER\ReportQueue\AppCrash_HPAudioAnalytics_82844151d1cce11cd1df3cb56318ca45736125a2_fe948d19_cab_b88c2593-0d0e-4742-852e-ca5a9d3e0e56

Analysis symbol: 
Rechecking for solution: 0
Report Id: 1c7b3815-7d8c-4867-9541-9e2de706f547
Report Status: 100
Hashed bucket: 
Cab Guid: 0"
Error	20/06/2025 09:30:40	Application Error	1000	Application Crashing Events	"Faulting application name: HPAudioAnalytics.exe, version: 8.10.46.337, time stamp: 0x67ee326a
Faulting module name: unknown, version: 0.0.0.0, time stamp: 0x00000000
Exception code: 0xc0000005
Fault offset: 0x00000000009f5dd6
Faulting process id: 0x0x2F64
Faulting application start time: 0x0x1DBE189AC579D6A
Faulting application path: C:\Windows\System32\DriverStore\FileRepository\hpqkbsoftwarecompnent.inf_amd64_a22c6a91e05f8cee\HPAudioAnalytics.exe
Faulting module path: unknown
Report Id: 1c7b3815-7d8c-4867-9541-9e2de706f547
Faulting package full name: 
Faulting package-relative application ID: "
Information	20/06/2025 09:30:27	Windows Error Reporting	1001	None	"Fault bucket 1897925277628633341, type 4
Event Name: APPCRASH
Response: Not available
Cab Id: 1466483013478040993

Problem signature:
P1: WTabletServiceISD.exe
P2: 7.7.1.34
P3: 610c1793
P4: StackHash_f9d8
P5: 0.0.0.0
P6: 00000000
P7: c0000005
P8: PCH_23_FROM_unknown+0x0000000000000000
P9: 
P10: 

Attached files:
\\?\C:\ProgramData\Microsoft\Windows\WER\Temp\WER.e2f8b470-2722-4821-be71-365468140d7d.tmp.mdmp
\\?\C:\ProgramData\Microsoft\Windows\WER\Temp\WER.1344ddef-a859-49f8-89cb-829340c9a67a.tmp.WERInternalMetadata.xml
WPR_initiated_DiagTrackMiniLogger_OneTrace_User_Logger_20240808_1_EC_0_inject.etl
\\?\C:\ProgramData\Microsoft\Windows\WER\Temp\WER.a3aa5dc6-bcb5-4967-847a-2943cd3c5f50.tmp.etl
WPR_initiated_DiagTrackMiniLogger_WPR System Collector_inject.etl
\\?\C:\ProgramData\Microsoft\Windows\WER\Temp\WER.e8a809fd-0169-4c6d-b1ed-e0bf8998e27e.tmp.etl
\\?\C:\ProgramData\Microsoft\Windows\WER\Temp\WER.4ba3fbd2-7386-488e-89c2-858971e0a6ed.tmp.csv
\\?\C:\ProgramData\Microsoft\Windows\WER\Temp\WER.b21747b6-62bd-435d-9c70-3671c0067bf4.tmp.txt
\\?\C:\ProgramData\Microsoft\Windows\WER\Temp\WER.36805f63-8ba7-4211-b6a6-eb03dd726de8.tmp.xml
\\?\C:\Users\HP EliteBook\AppData\Local\Temp\WER.54c024d2-5ba1-4a33-aeb9-6dea79e7eda9.tmp.appcompat.txt
\\?\C:\Users\HP EliteBook\AppData\Local\Temp\WER.ecc00ff4-4029-4055-8a6e-8359f285d74a.tmp.WERDataCollectionStatus.txt

These files may be available here:
\\?\C:\ProgramData\Microsoft\Windows\WER\ReportArchive\AppCrash_WTabletServiceIS_a44d9fa7a0faf8b6afc5aa75414de8f838863091_85776457_cab_23932357-f054-4170-9fe4-23e2efe45e44

Analysis symbol: 
Rechecking for solution: 0
Report Id: aa103956-5671-4866-81a2-a51bf4037ebd
Report Status: 268435464
Hashed bucket: cafa3ac5b7cacc81da56c8fbff4a10fd
Cab Guid: c4d7baa1-98ee-497a-9459-fe87ef80c5a1"
Error	20/06/2025 09:30:13	Application Error	1000	Application Crashing Events	"Faulting application name: WTabletServiceISD.exe, version: 7.7.1.34, time stamp: 0x610c1793
Faulting module name: unknown, version: 0.0.0.0, time stamp: 0x00000000
Exception code: 0xc0000005
Fault offset: 0x0000000002255dd6
Faulting process id: 0x0x2A20
Faulting application start time: 0x0x1DBE189AA6CE9B4
Faulting application path: C:\Windows\System32\DriverStore\FileRepository\wtabletserviceisd.inf_amd64_e7b070d1d7bf77d7\WTabletServiceISD.exe
Faulting module path: unknown
Report Id: aa103956-5671-4866-81a2-a51bf4037ebd
Faulting package full name: 
Faulting package-relative application ID: "
Information	20/06/2025 09:29:46	Windows Error Reporting	1001	None	"Fault bucket 1803530647656181965, type 4
Event Name: APPCRASH
Response: Not available
Cab Id: 0

Problem signature:
P1: UIHost.exe
P2: 4.1.1.1025
P3: 681a4cd0
P4: StackHash_f9d8
P5: 0.0.0.0
P6: 00000000
P7: c0000005
P8: PCH_FD_FROM_unknown+0x0000000000000000
P9: 
P10: 

Attached files:
\\?\C:\ProgramData\Microsoft\Windows\WER\Temp\WER.07219a04-4b99-4115-8179-5205d876a2b6.tmp.mdmp
\\?\C:\ProgramData\Microsoft\Windows\WER\Temp\WER.7ff6ee0c-d270-484f-a6aa-5174cb53ddac.tmp.WERInternalMetadata.xml
WPR_initiated_DiagTrackMiniLogger_OneTrace_User_Logger_20240808_1_EC_0_inject.etl
\\?\C:\ProgramData\Microsoft\Windows\WER\Temp\WER.7d2833d5-77f6-4f3e-a18e-914ec375ea4b.tmp.etl
WPR_initiated_DiagTrackMiniLogger_WPR System Collector_inject.etl
\\?\C:\ProgramData\Microsoft\Windows\WER\Temp\WER.26bd10a1-4b0a-48aa-939d-9dc2918dc5c0.tmp.etl
\\?\C:\ProgramData\Microsoft\Windows\WER\Temp\WER.997b7b40-0a6b-4044-8f01-02c33c8ef2a5.tmp.csv
\\?\C:\ProgramData\Microsoft\Windows\WER\Temp\WER.eb238104-b64d-45c2-b5a0-5aae3330daa5.tmp.txt
\\?\C:\ProgramData\Microsoft\Windows\WER\Temp\WER.ebcc14ca-2ef2-4b81-ad09-9bbd3f8443ed.tmp.xml

These files may be available here:
\\?\C:\ProgramData\Microsoft\Windows\WER\ReportArchive\AppCrash_UIHost.exe_a6658f95949227ff799ccbe0555a6053787f5ed7_3d6bd2d5_3db29717-de5d-4d27-9789-29a77e69d0d7

Analysis symbol: 
Rechecking for solution: 0
Report Id: cc55cd9e-07b5-4198-b5e0-249298bacb34
Report Status: 268435456
Hashed bucket: e42478f9eae211e849076d918b13b0cd
Cab Guid: 0"
Error	20/06/2025 09:29:42	Application Error	1000	Application Crashing Events	"Faulting application name: UIHost.exe, version: 4.1.1.1025, time stamp: 0x681a4cd0
Faulting module name: unknown, version: 0.0.0.0, time stamp: 0x00000000
Exception code: 0xc0000005
Fault offset: 0x0000000002105dd6
Faulting process id: 0x0x2A18
Faulting application start time: 0x0x1DBE189AA6CD4D1
Faulting application path: C:\Program Files\McAfee\WebAdvisor\UIHost.exe
Faulting module path: unknown
Report Id: cc55cd9e-07b5-4198-b5e0-249298bacb34
Faulting package full name: 
Faulting package-relative application ID: "
Information	20/06/2025 09:29:31	Windows Error Reporting	1001	None	"Fault bucket 2186369740143795004, type 5
Event Name: MoAppCrash
Response: Not available
Cab Id: 0

Problem signature:
P1: MicrosoftWindows.Client.CBS_1000.22700.1055.0_x64__cw5n1h2txyewy
P2: praid:CortanaUI
P3: 2124.28300.50.0
P4: 673536c5
P5: combase.dll
P6: 10.0.22621.4541
P7: 2f9e9a91
P8: 80080011
P9: 0000000000062c2f
P10: 

Attached files:
\\?\C:\ProgramData\Microsoft\Windows\WER\Temp\WER.5d28cea0-fff3-4875-b01e-0f07b8bac660.tmp.mdmp
\\?\C:\ProgramData\Microsoft\Windows\WER\Temp\WER.fee871f0-6b9d-476c-8692-98d6319d5db0.tmp.WERInternalMetadata.xml
WPR_initiated_DiagTrackMiniLogger_OneTrace_User_Logger_20240808_1_EC_0_inject.etl
\\?\C:\ProgramData\Microsoft\Windows\WER\Temp\WER.804eedda-fea5-4dc5-ac47-c09d4c0ffb3e.tmp.etl
WPR_initiated_DiagTrackMiniLogger_WPR System Collector_inject.etl
\\?\C:\ProgramData\Microsoft\Windows\WER\Temp\WER.d3a947b0-490c-4306-82b3-f6027dbcfee0.tmp.etl
\\?\C:\ProgramData\Microsoft\Windows\WER\Temp\WER.fc781fac-febe-4504-b62d-ed1a6a1d166b.tmp.csv
\\?\C:\ProgramData\Microsoft\Windows\WER\Temp\WER.9aedd33b-0469-47c4-9f18-354428deaa83.tmp.txt
\\?\C:\ProgramData\Microsoft\Windows\WER\Temp\WER.a9da2086-d796-4162-8aa4-4d8187214e1a.tmp.xml

These files may be available here:
\\?\C:\ProgramData\Microsoft\Windows\WER\ReportArchive\AppCrash_MicrosoftWindows_2522202b64b94642e182b7f210c89b4b65fedd1_3f6b8fe7_fbdf2b92-ceff-414b-a649-a51965e0ca45

Analysis symbol: 
Rechecking for solution: 0
Report Id: c02b405a-7489-463a-8ee9-c0e5eaf57282
Report Status: 268435456
Hashed bucket: c3c00b122e121d363e578bb1dcef1b3c
Cab Guid: 0"
Error	20/06/2025 09:29:27	Application Error	1000	Application Crashing Events	"Faulting application name: SearchHost.exe, version: 2124.28300.50.0, time stamp: 0x673536c5
Faulting module name: Windows.UI.Xaml.dll, version: 10.0.22621.4601, time stamp: 0xb73063ec
Exception code: 0xc000027b
Fault offset: 0x0000000000873fa0
Faulting process id: 0x0x3AF0
Faulting application start time: 0x0x1DBE189E921F395
Faulting application path: C:\Windows\SystemApps\MicrosoftWindows.Client.CBS_cw5n1h2txyewy\SearchHost.exe
Faulting module path: C:\Windows\System32\Windows.UI.Xaml.dll
Report Id: c02b405a-7489-463a-8ee9-c0e5eaf57282
Faulting package full name: MicrosoftWindows.Client.CBS_1000.22700.1055.0_x64__cw5n1h2txyewy
Faulting package-relative application ID: CortanaUI"
Information	20/06/2025 09:29:21	Windows Error Reporting	1001	None	"Fault bucket 1927019028461869983, type 4
Event Name: APPCRASH
Response: Not available
Cab Id: 0

Problem signature:
P1: OneDriveUpdaterService.exe
P2: 25.95.518.2
P3: c82766fd
P4: StackHash_f9d8
P5: 0.0.0.0
P6: 00000000
P7: c0000005
P8: PCH_7C_FROM_unknown+0x0000000000000000
P9: 
P10: 

Attached files:
\\?\C:\Program Files\Microsoft OneDrive\StandaloneUpdater\logs\StandaloneUpdater-2025-06-19.0734.4724.1.odl
\\?\C:\Program Files\Microsoft OneDrive\StandaloneUpdater\logs\StandaloneUpdater-2025-06-18.1807.8700.1.odl
\\?\C:\Program Files\Microsoft OneDrive\StandaloneUpdater\logs\StandaloneUpdater-2025-06-16.0958.32404.1.odl
\\?\C:\Program Files\Microsoft OneDrive\StandaloneUpdater\logs\StandaloneUpdater-2025-06-15.1342.28404.1.odl
\\?\C:\Program Files\Microsoft OneDrive\StandaloneUpdater\logs\StandaloneUpdater-2025-06-14.0507.30452.1.odl
\\?\C:\Program Files\Microsoft OneDrive\StandaloneUpdater\logs\StandaloneUpdater-2025-06-13.0804.6616.1.odl
\\?\C:\Program Files\Microsoft OneDrive\StandaloneUpdater\logs\StandaloneUpdater-2025-06-12.0656.19600.1.odl
\\?\C:\Program Files\Microsoft OneDrive\StandaloneUpdater\logs\StandaloneUpdater-2025-06-11.0515.27232.1.odl
\\?\C:\Program Files\Microsoft OneDrive\StandaloneUpdater\logs\StandaloneUpdater-2025-06-10.0018.23232.1.odl
\\?\C:\Program Files\Microsoft OneDrive\StandaloneUpdater\logs\StandaloneUpdater-2025-06-08.1950.18008.1.odl
\\?\C:\Program Files\Microsoft OneDrive\StandaloneUpdater\logs\StandaloneUpdater-2025-06-07.1606.3640.1.odl
\\?\C:\Program Files\Microsoft OneDrive\StandaloneUpdater\logs\StandaloneUpdater-2025-06-06.1927.41572.1.odl
\\?\C:\Program Files\Microsoft OneDrive\StandaloneUpdater\logs\StandaloneUpdater-2025-06-06.1319.31968.1.odl
\\?\C:\Program Files\Microsoft OneDrive\StandaloneUpdater\logs\StandaloneUpdater-2025-06-04.1942.22576.1.odl
\\?\C:\Program Files\Microsoft OneDrive\StandaloneUpdater\logs\StandaloneUpdater-2025-06-04.0206.976.1.odl
\\?\C:\Program Files\Microsoft OneDrive\StandaloneUpdater\logs\StandaloneUpdater-2025-06-03.0316.10808.1.odl
\\?\C:\Program Files\Microsoft OneDrive\StandaloneUpdater\logs\StandaloneUpdater-2025-06-01.1704.9172.1.odl
\\?\C:\Program Files\Microsoft OneDrive\StandaloneUpdater\logs\StandaloneUpdater-2025-05-31.1921.11668.1.odl
\\?\C:\Program Files\Microsoft OneDrive\StandaloneUpdater\logs\StandaloneUpdater-2025-05-30.1809.19304.1.odl
\\?\C:\Program Files\Microsoft OneDrive\StandaloneUpdater\logs\StandaloneUpdater-2025-05-29.1850.51324.1.odl
\\?\C:\Program Files\Microsoft OneDrive\StandaloneUpdater\logs\StandaloneUpdater-2025-05-29.0555.27384.1.odl
\\?\C:\Program Files\Microsoft OneDrive\StandaloneUpdater\logs\StandaloneUpdater-2025-05-28.0127.39292.1.odl
\\?\C:\Program Files\Microsoft OneDrive\StandaloneUpdater\logs\StandaloneUpdater-2025-05-27.0124.5320.1.odl
\\?\C:\Program Files\Microsoft OneDrive\StandaloneUpdater\logs\StandaloneUpdater-2025-05-25.1950.3912.1.odl
\\?\C:\Program Files\Microsoft OneDrive\UpdaterService\logs\OneDriveUpdaterService-2025-06-20.0218.6180.1.aodl
\\?\C:\Program Files\Microsoft OneDrive\UpdaterService\logs\OneDriveUpdaterService-2025-06-19.0802.23528.1.odl
\\?\C:\Program Files\Microsoft OneDrive\UpdaterService\logs\OneDriveUpdaterService-2025-06-11.1206.19276.1.odl
\\?\C:\Program Files\Microsoft OneDrive\UpdaterService\logs\OneDriveUpdaterService-2025-06-08.2016.27184.1.odl
\\?\C:\Program Files\Microsoft OneDrive\UpdaterService\logs\OneDriveUpdaterService-2025-06-06.2004.6324.1.odl
\\?\C:\Program Files\Microsoft OneDrive\UpdaterService\logs\OneDriveUpdaterService-2025-06-01.1700.5036.1.odl
\\?\C:\Program Files\Microsoft OneDrive\UpdaterService\logs\OneDriveUpdaterService-2025-05-24.1636.37064.1.odl
\\?\C:\Program Files\Microsoft OneDrive\setup\logs\StandaloneUpdate_2025-06-19_073437_4724-11744.log
\\?\C:\Program Files\Microsoft OneDrive\setup\logs\StandaloneUpdate_2025-06-18_180726_8700-24280.log
\\?\C:\Program Files\Microsoft OneDrive\setup\logs\StandaloneUpdate_2025-06-16_095828_32404-7832.log
\\?\C:\Program Files\Microsoft OneDrive\setup\logs\StandaloneUpdate_2025-06-15_134210_28404-18576.log
\\?\C:\Program Files\Microsoft OneDrive\setup\logs\StandaloneUpdate_2025-06-14_050718_30452-30976.log
\\?\C:\Program Files\Microsoft OneDrive\setup\logs\StandaloneUpdate_2025-06-13_080442_6616-11168.log
\\?\C:\Program Files\Microsoft OneDrive\setup\logs\StandaloneUpdate_2025-06-12_065619_19600-16096.log
\\?\C:\Program Files\Microsoft OneDrive\setup\logs\StandaloneUpdate_2025-06-11_051555_27232-30284.log
\\?\C:\Program Files\Microsoft OneDrive\setup\logs\StandaloneUpdate_2025-06-10_001855_23232-29128.log
\\?\C:\Program Files\Microsoft OneDrive\setup\logs\StandaloneUpdate_2025-06-08_195057_18008-18700.log
\\?\C:\Program Files\Microsoft OneDrive\setup\logs\StandaloneUpdate_2025-06-07_160613_3640-21480.log
\\?\C:\Program Files\Microsoft OneDrive\setup\logs\StandaloneUpdate_2025-06-06_192755_41572-44176.log
\\?\C:\Program Files\Microsoft OneDrive\setup\logs\StandaloneUpdate_2025-06-06_131951_31968-31972.log
\\?\C:\Program Files\Microsoft OneDrive\setup\logs\StandaloneUpdate_2025-06-04_194233_22576-19772.log
\\?\C:\Program Files\Microsoft OneDrive\setup\logs\StandaloneUpdate_2025-06-04_020645_976-23032.log
\\?\C:\Program Files\Microsoft OneDrive\setup\logs\Install_2025-06-20_021846_6180-8072.log
\\?\C:\Program Files\Microsoft OneDrive\setup\logs\Install_2025-06-19_080236_23528-3396.log
\\?\C:\Program Files\Microsoft OneDrive\setup\logs\Install_2025-06-19_080019_35940-22716.log
\\?\C:\Program Files\Microsoft OneDrive\setup\logs\Install_2025-06-11_120625_19276-23336.log
\\?\C:\Program Files\Microsoft OneDrive\setup\logs\Install_2025-06-11_054127_3292-23468.log
\\?\C:\Program Files\Microsoft OneDrive\setup\logs\Install_2025-06-08_201653_27184-32244.log
\\?\C:\Program Files\Microsoft OneDrive\setup\logs\Install_2025-06-08_201448_19212-22852.log
\\?\C:\Program Files\Microsoft OneDrive\setup\logs\Install_2025-06-06_200457_6324-1460.log
\\?\C:\Program Files\Microsoft OneDrive\setup\logs\Install_2025-06-01_170009_5036-7164.log
\\?\C:\Program Files\Microsoft OneDrive\setup\logs\Install_2025-05-24_163603_37064-37100.log
\\?\C:\Program Files\Microsoft OneDrive\setup\logs\Install_2025-05-24_161559_26500-20528.log
\\?\C:\Program Files\Microsoft OneDrive\setup\logs\Install-PerMachine_2025-06-19_080019_30468-18272.log
\\?\C:\Program Files\Microsoft OneDrive\setup\logs\Install-PerMachine_2025-06-11_054127_30112-22584.log
\\?\C:\Program Files\Microsoft OneDrive\setup\logs\Install-PerMachine_2025-06-08_201449_11920-16980.log
\\?\C:\Program Files\Microsoft OneDrive\setup\logs\Install-PerMachine_2025-05-24_161600_15148-18736.log
\\?\C:\ProgramData\Microsoft\Windows\WER\Temp\WER.42ba190f-a696-4842-949e-0ca6ac818bb5.tmp.mdmp
\\?\C:\ProgramData\Microsoft\Windows\WER\Temp\WER.d6cad222-00a2-4a4a-910d-f4c88470c490.tmp.WERInternalMetadata.xml
\\?\C:\ProgramData\Microsoft\Windows\WER\ReportQueue\AppCrash_OneDriveUpdaterS_9acdfcb558b58202387cefbacf76d4aca4f7_d7f8a020_cab_f0f262be-5396-44c1-9088-23ecc4a8dca7\WPR_initiated_DiagTrackMiniLogger_OneTrace_User_Logger_20240808_1_EC_0_inject.etl
\\?\C:\ProgramData\Microsoft\Windows\WER\Temp\WER.90d93a39-66d7-49ac-8805-b4b658e8204a.tmp.etl
\\?\C:\ProgramData\Microsoft\Windows\WER\ReportQueue\AppCrash_OneDriveUpdaterS_9acdfcb558b58202387cefbacf76d4aca4f7_d7f8a020_cab_f0f262be-5396-44c1-9088-23ecc4a8dca7\WPR_initiated_DiagTrackMiniLogger_WPR System Collector_inject.etl
\\?\C:\ProgramData\Microsoft\Windows\WER\Temp\WER.1ec4bef9-693d-47c4-8a61-60afeb3abec3.tmp.etl
\\?\C:\ProgramData\Microsoft\Windows\WER\Temp\WER.3fcab119-8c76-4624-be97-65e912950b4a.tmp.csv
\\?\C:\ProgramData\Microsoft\Windows\WER\Temp\WER.000d8a25-6b33-4ad3-8774-678a1ed6a2fd.tmp.txt
\\?\C:\ProgramData\Microsoft\Windows\WER\Temp\WER.7e9b6dec-ff09-46c3-adc0-de800ce663ea.tmp.xml
\\?\C:\Windows\SystemTemp\WER.d877df4d-eccb-454d-ac13-63ff638b8b57.tmp.appcompat.txt
\\?\C:\ProgramData\Microsoft\Windows\WER\ReportQueue\AppCrash_OneDriveUpdaterS_9acdfcb558b58202387cefbacf76d4aca4f7_d7f8a020_cab_f0f262be-5396-44c1-9088-23ecc4a8dca7\memory.hdmp

These files may be available here:
\\?\C:\ProgramData\Microsoft\Windows\WER\ReportArchive\AppCrash_OneDriveUpdaterS_9acdfcb558b58202387cefbacf76d4aca4f7_d7f8a020_f0f262be-5396-44c1-9088-23ecc4a8dca7

Analysis symbol: 
Rechecking for solution: 0
Report Id: 9e608f0a-fe8f-41af-a3b7-3c35a01b850c
Report Status: 268435552
Hashed bucket: 20281312d4e9ffacfabe2598bae35b9f
Cab Guid: 0"
Information	20/06/2025 09:29:19	Windows Error Reporting	1001	None	"Fault bucket , type 0
Event Name: APPCRASH
Response: Not available
Cab Id: 0

Problem signature:
P1: OneDriveUpdaterService.exe
P2: 25.95.518.2
P3: c82766fd
P4: StackHash_f9d8
P5: 0.0.0.0
P6: 00000000
P7: c0000005
P8: PCH_7C_FROM_unknown+0x0000000000000000
P9: 
P10: 

Attached files:
\\?\C:\Program Files\Microsoft OneDrive\StandaloneUpdater\logs\StandaloneUpdater-2025-06-19.0734.4724.1.odl
\\?\C:\Program Files\Microsoft OneDrive\StandaloneUpdater\logs\StandaloneUpdater-2025-06-18.1807.8700.1.odl
\\?\C:\Program Files\Microsoft OneDrive\StandaloneUpdater\logs\StandaloneUpdater-2025-06-16.0958.32404.1.odl
\\?\C:\Program Files\Microsoft OneDrive\StandaloneUpdater\logs\StandaloneUpdater-2025-06-15.1342.28404.1.odl
\\?\C:\Program Files\Microsoft OneDrive\StandaloneUpdater\logs\StandaloneUpdater-2025-06-14.0507.30452.1.odl
\\?\C:\Program Files\Microsoft OneDrive\StandaloneUpdater\logs\StandaloneUpdater-2025-06-13.0804.6616.1.odl
\\?\C:\Program Files\Microsoft OneDrive\StandaloneUpdater\logs\StandaloneUpdater-2025-06-12.0656.19600.1.odl
\\?\C:\Program Files\Microsoft OneDrive\StandaloneUpdater\logs\StandaloneUpdater-2025-06-11.0515.27232.1.odl
\\?\C:\Program Files\Microsoft OneDrive\StandaloneUpdater\logs\StandaloneUpdater-2025-06-10.0018.23232.1.odl
\\?\C:\Program Files\Microsoft OneDrive\StandaloneUpdater\logs\StandaloneUpdater-2025-06-08.1950.18008.1.odl
\\?\C:\Program Files\Microsoft OneDrive\StandaloneUpdater\logs\StandaloneUpdater-2025-06-07.1606.3640.1.odl
\\?\C:\Program Files\Microsoft OneDrive\StandaloneUpdater\logs\StandaloneUpdater-2025-06-06.1927.41572.1.odl
\\?\C:\Program Files\Microsoft OneDrive\StandaloneUpdater\logs\StandaloneUpdater-2025-06-06.1319.31968.1.odl
\\?\C:\Program Files\Microsoft OneDrive\StandaloneUpdater\logs\StandaloneUpdater-2025-06-04.1942.22576.1.odl
\\?\C:\Program Files\Microsoft OneDrive\StandaloneUpdater\logs\StandaloneUpdater-2025-06-04.0206.976.1.odl
\\?\C:\Program Files\Microsoft OneDrive\StandaloneUpdater\logs\StandaloneUpdater-2025-06-03.0316.10808.1.odl
\\?\C:\Program Files\Microsoft OneDrive\StandaloneUpdater\logs\StandaloneUpdater-2025-06-01.1704.9172.1.odl
\\?\C:\Program Files\Microsoft OneDrive\StandaloneUpdater\logs\StandaloneUpdater-2025-05-31.1921.11668.1.odl
\\?\C:\Program Files\Microsoft OneDrive\StandaloneUpdater\logs\StandaloneUpdater-2025-05-30.1809.19304.1.odl
\\?\C:\Program Files\Microsoft OneDrive\StandaloneUpdater\logs\StandaloneUpdater-2025-05-29.1850.51324.1.odl
\\?\C:\Program Files\Microsoft OneDrive\StandaloneUpdater\logs\StandaloneUpdater-2025-05-29.0555.27384.1.odl
\\?\C:\Program Files\Microsoft OneDrive\StandaloneUpdater\logs\StandaloneUpdater-2025-05-28.0127.39292.1.odl
\\?\C:\Program Files\Microsoft OneDrive\StandaloneUpdater\logs\StandaloneUpdater-2025-05-27.0124.5320.1.odl
\\?\C:\Program Files\Microsoft OneDrive\StandaloneUpdater\logs\StandaloneUpdater-2025-05-25.1950.3912.1.odl
\\?\C:\Program Files\Microsoft OneDrive\UpdaterService\logs\OneDriveUpdaterService-2025-06-20.0218.6180.1.aodl
\\?\C:\Program Files\Microsoft OneDrive\UpdaterService\logs\OneDriveUpdaterService-2025-06-19.0802.23528.1.odl
\\?\C:\Program Files\Microsoft OneDrive\UpdaterService\logs\OneDriveUpdaterService-2025-06-11.1206.19276.1.odl
\\?\C:\Program Files\Microsoft OneDrive\UpdaterService\logs\OneDriveUpdaterService-2025-06-08.2016.27184.1.odl
\\?\C:\Program Files\Microsoft OneDrive\UpdaterService\logs\OneDriveUpdaterService-2025-06-06.2004.6324.1.odl
\\?\C:\Program Files\Microsoft OneDrive\UpdaterService\logs\OneDriveUpdaterService-2025-06-01.1700.5036.1.odl
\\?\C:\Program Files\Microsoft OneDrive\UpdaterService\logs\OneDriveUpdaterService-2025-05-24.1636.37064.1.odl
\\?\C:\Program Files\Microsoft OneDrive\setup\logs\StandaloneUpdate_2025-06-19_073437_4724-11744.log
\\?\C:\Program Files\Microsoft OneDrive\setup\logs\StandaloneUpdate_2025-06-18_180726_8700-24280.log
\\?\C:\Program Files\Microsoft OneDrive\setup\logs\StandaloneUpdate_2025-06-16_095828_32404-7832.log
\\?\C:\Program Files\Microsoft OneDrive\setup\logs\StandaloneUpdate_2025-06-15_134210_28404-18576.log
\\?\C:\Program Files\Microsoft OneDrive\setup\logs\StandaloneUpdate_2025-06-14_050718_30452-30976.log
\\?\C:\Program Files\Microsoft OneDrive\setup\logs\StandaloneUpdate_2025-06-13_080442_6616-11168.log
\\?\C:\Program Files\Microsoft OneDrive\setup\logs\StandaloneUpdate_2025-06-12_065619_19600-16096.log
\\?\C:\Program Files\Microsoft OneDrive\setup\logs\StandaloneUpdate_2025-06-11_051555_27232-30284.log
\\?\C:\Program Files\Microsoft OneDrive\setup\logs\StandaloneUpdate_2025-06-10_001855_23232-29128.log
\\?\C:\Program Files\Microsoft OneDrive\setup\logs\StandaloneUpdate_2025-06-08_195057_18008-18700.log
\\?\C:\Program Files\Microsoft OneDrive\setup\logs\StandaloneUpdate_2025-06-07_160613_3640-21480.log
\\?\C:\Program Files\Microsoft OneDrive\setup\logs\StandaloneUpdate_2025-06-06_192755_41572-44176.log
\\?\C:\Program Files\Microsoft OneDrive\setup\logs\StandaloneUpdate_2025-06-06_131951_31968-31972.log
\\?\C:\Program Files\Microsoft OneDrive\setup\logs\StandaloneUpdate_2025-06-04_194233_22576-19772.log
\\?\C:\Program Files\Microsoft OneDrive\setup\logs\StandaloneUpdate_2025-06-04_020645_976-23032.log
\\?\C:\Program Files\Microsoft OneDrive\setup\logs\Install_2025-06-20_021846_6180-8072.log
\\?\C:\Program Files\Microsoft OneDrive\setup\logs\Install_2025-06-19_080236_23528-3396.log
\\?\C:\Program Files\Microsoft OneDrive\setup\logs\Install_2025-06-19_080019_35940-22716.log
\\?\C:\Program Files\Microsoft OneDrive\setup\logs\Install_2025-06-11_120625_19276-23336.log
\\?\C:\Program Files\Microsoft OneDrive\setup\logs\Install_2025-06-11_054127_3292-23468.log
\\?\C:\Program Files\Microsoft OneDrive\setup\logs\Install_2025-06-08_201653_27184-32244.log
\\?\C:\Program Files\Microsoft OneDrive\setup\logs\Install_2025-06-08_201448_19212-22852.log
\\?\C:\Program Files\Microsoft OneDrive\setup\logs\Install_2025-06-06_200457_6324-1460.log
\\?\C:\Program Files\Microsoft OneDrive\setup\logs\Install_2025-06-01_170009_5036-7164.log
\\?\C:\Program Files\Microsoft OneDrive\setup\logs\Install_2025-05-24_163603_37064-37100.log
\\?\C:\Program Files\Microsoft OneDrive\setup\logs\Install_2025-05-24_161559_26500-20528.log
\\?\C:\Program Files\Microsoft OneDrive\setup\logs\Install-PerMachine_2025-06-19_080019_30468-18272.log
\\?\C:\Program Files\Microsoft OneDrive\setup\logs\Install-PerMachine_2025-06-11_054127_30112-22584.log
\\?\C:\Program Files\Microsoft OneDrive\setup\logs\Install-PerMachine_2025-06-08_201449_11920-16980.log
\\?\C:\Program Files\Microsoft OneDrive\setup\logs\Install-PerMachine_2025-05-24_161600_15148-18736.log
\\?\C:\ProgramData\Microsoft\Windows\WER\Temp\WER.42ba190f-a696-4842-949e-0ca6ac818bb5.tmp.mdmp
\\?\C:\ProgramData\Microsoft\Windows\WER\Temp\WER.d6cad222-00a2-4a4a-910d-f4c88470c490.tmp.WERInternalMetadata.xml
\\?\C:\ProgramData\Microsoft\Windows\WER\ReportQueue\AppCrash_OneDriveUpdaterS_9acdfcb558b58202387cefbacf76d4aca4f7_d7f8a020_cab_f0f262be-5396-44c1-9088-23ecc4a8dca7\WPR_initiated_DiagTrackMiniLogger_OneTrace_User_Logger_20240808_1_EC_0_inject.etl
\\?\C:\ProgramData\Microsoft\Windows\WER\Temp\WER.90d93a39-66d7-49ac-8805-b4b658e8204a.tmp.etl
\\?\C:\ProgramData\Microsoft\Windows\WER\ReportQueue\AppCrash_OneDriveUpdaterS_9acdfcb558b58202387cefbacf76d4aca4f7_d7f8a020_cab_f0f262be-5396-44c1-9088-23ecc4a8dca7\WPR_initiated_DiagTrackMiniLogger_WPR System Collector_inject.etl
\\?\C:\ProgramData\Microsoft\Windows\WER\Temp\WER.1ec4bef9-693d-47c4-8a61-60afeb3abec3.tmp.etl
\\?\C:\ProgramData\Microsoft\Windows\WER\Temp\WER.3fcab119-8c76-4624-be97-65e912950b4a.tmp.csv
\\?\C:\ProgramData\Microsoft\Windows\WER\Temp\WER.000d8a25-6b33-4ad3-8774-678a1ed6a2fd.tmp.txt
\\?\C:\ProgramData\Microsoft\Windows\WER\Temp\WER.7e9b6dec-ff09-46c3-adc0-de800ce663ea.tmp.xml
\\?\C:\Windows\SystemTemp\WER.d877df4d-eccb-454d-ac13-63ff638b8b57.tmp.appcompat.txt
\\?\C:\ProgramData\Microsoft\Windows\WER\ReportQueue\AppCrash_OneDriveUpdaterS_9acdfcb558b58202387cefbacf76d4aca4f7_d7f8a020_cab_f0f262be-5396-44c1-9088-23ecc4a8dca7\memory.hdmp

These files may be available here:
\\?\C:\ProgramData\Microsoft\Windows\WER\ReportQueue\AppCrash_OneDriveUpdaterS_9acdfcb558b58202387cefbacf76d4aca4f7_d7f8a020_cab_f0f262be-5396-44c1-9088-23ecc4a8dca7

Analysis symbol: 
Rechecking for solution: 0
Report Id: 9e608f0a-fe8f-41af-a3b7-3c35a01b850c
Report Status: 100
Hashed bucket: 
Cab Guid: 0"
Error	20/06/2025 09:29:04	Application Error	1000	Application Crashing Events	"Faulting application name: OneDriveUpdaterService.exe, version: 25.95.518.2, time stamp: 0xc82766fd
Faulting module name: unknown, version: 0.0.0.0, time stamp: 0x00000000
Exception code: 0xc0000005
Fault offset: 0x0000000000ed5dd6
Faulting process id: 0x0x1824
Faulting application start time: 0x0x1DBE189A60AEB6C
Faulting application path: C:\Program Files\Microsoft OneDrive\25.095.0518.0002\OneDriveUpdaterService.exe
Faulting module path: unknown
Report Id: 9e608f0a-fe8f-41af-a3b7-3c35a01b850c
Faulting package full name: 
Faulting package-relative application ID: "
Information	20/06/2025 09:28:55	Windows Error Reporting	1001	None	"Fault bucket 1343865448215197582, type 4
Event Name: APPCRASH
Response: Not available
Cab Id: 1672775246975664344

Problem signature:
P1: TbtP2pShortcutService.exe
P2: 1.41.1420.0
P3: 667a7095
P4: StackHash_f9d8
P5: 0.0.0.0
P6: 00000000
P7: c0000005
P8: PCH_E9_FROM_unknown+0x0000000000000000
P9: 
P10: 

Attached files:
\\?\C:\ProgramData\Microsoft\Windows\WER\Temp\WER.0954996e-762c-44df-b3b9-795b6619d689.tmp.mdmp
\\?\C:\ProgramData\Microsoft\Windows\WER\Temp\WER.70b60483-4c35-4248-b4db-61dae0437591.tmp.WERInternalMetadata.xml
\\?\C:\ProgramData\Microsoft\Windows\WER\ReportQueue\AppCrash_TbtP2pShortcutSe_11cb21e7ef5273d59f0697437a0fa634a3720a2_49138d31_cab_df06927d-3418-4600-92fb-0f041a14609d\WPR_initiated_DiagTrackMiniLogger_OneTrace_User_Logger_20240808_1_EC_0_inject.etl
\\?\C:\ProgramData\Microsoft\Windows\WER\Temp\WER.a6fbb5f8-ba6d-403f-a898-05f14c9985df.tmp.etl
\\?\C:\ProgramData\Microsoft\Windows\WER\ReportQueue\AppCrash_TbtP2pShortcutSe_11cb21e7ef5273d59f0697437a0fa634a3720a2_49138d31_cab_df06927d-3418-4600-92fb-0f041a14609d\WPR_initiated_DiagTrackMiniLogger_WPR System Collector_inject.etl
\\?\C:\ProgramData\Microsoft\Windows\WER\Temp\WER.3c5ba4cc-11d5-4d30-9fd9-9c080c257ad6.tmp.etl
\\?\C:\ProgramData\Microsoft\Windows\WER\Temp\WER.60f3a15f-7f61-4fca-bd8d-b5041c927c77.tmp.csv
\\?\C:\ProgramData\Microsoft\Windows\WER\Temp\WER.fe82e832-3417-44e6-867d-a49bcbafdaa9.tmp.txt
\\?\C:\ProgramData\Microsoft\Windows\WER\Temp\WER.360a3665-58b7-4fec-8956-e0cd0ae6c6f2.tmp.xml
\\?\C:\Windows\SystemTemp\WER.5f1aaa55-5d39-4910-b9e7-3e67554351f4.tmp.appcompat.txt
\\?\C:\ProgramData\Microsoft\Windows\WER\ReportQueue\AppCrash_TbtP2pShortcutSe_11cb21e7ef5273d59f0697437a0fa634a3720a2_49138d31_cab_df06927d-3418-4600-92fb-0f041a14609d\memory.hdmp
\\?\C:\Windows\SystemTemp\WER.3d05bafc-8235-4262-a07f-bbc044c03e5d.tmp.WERDataCollectionStatus.txt

These files may be available here:
\\?\C:\ProgramData\Microsoft\Windows\WER\ReportArchive\AppCrash_TbtP2pShortcutSe_11cb21e7ef5273d59f0697437a0fa634a3720a2_49138d31_cab_df06927d-3418-4600-92fb-0f041a14609d

Analysis symbol: 
Rechecking for solution: 0
Report Id: 24769d08-f09b-4cc3-bba5-5d1d2045e0fa
Report Status: 268435560
Hashed bucket: 45d8b30308073af5e2a65e814ac9b78e
Cab Guid: fec5b66d-ab42-47f4-9736-e439710d00d8"
