Information	20/06/2025 06:46:29	Windows Error Reporting	1001	None	"Fault bucket 2115955934357232936, type 4
Event Name: APPCRASH
Response: Not available
Cab Id: 0

Problem signature:
P1: dllhost.exe
P2: 10.0.22621.1
P3: 05e70ed3
P4: StackHash_f9d8
P5: 0.0.0.0
P6: 00000000
P7: c0000005
P8: PCH_9C_FROM_unknown+0x0000000000000000
P9: 
P10: 

Attached files:
\\?\C:\ProgramData\Microsoft\Windows\WER\Temp\WER.fca244a2-de2f-42d7-957c-7a9df66f83a7.tmp.mdmp
\\?\C:\ProgramData\Microsoft\Windows\WER\Temp\WER.d903d0a1-2e98-448e-9f11-7f1cb643eb80.tmp.WERInternalMetadata.xml
WPR_initiated_DiagTrackMiniLogger_OneTrace_User_Logger_20250608_1_EC_0_inject.etl
\\?\C:\ProgramData\Microsoft\Windows\WER\Temp\WER.72572971-1e4d-4c36-bcb6-1e901b5e370b.tmp.etl
WPR_initiated_DiagTrackMiniLogger_WPR System Collector_inject.etl
\\?\C:\ProgramData\Microsoft\Windows\WER\Temp\WER.78bea08e-1a31-48ee-ba19-8086a18a0e89.tmp.etl
\\?\C:\ProgramData\Microsoft\Windows\WER\Temp\WER.655caec4-3447-4a00-8770-546f58508c88.tmp.csv
\\?\C:\ProgramData\Microsoft\Windows\WER\Temp\WER.88bf4019-4a23-4c3c-82d8-f4727b333aa4.tmp.txt
\\?\C:\ProgramData\Microsoft\Windows\WER\Temp\WER.f7c64e26-6678-49d1-be37-ef8a83ef3d95.tmp.xml

These files may be available here:
\\?\C:\ProgramData\Microsoft\Windows\WER\ReportArchive\AppCrash_dllhost.exe_b7708e6112c3d3ea555e15432f2d9b42994b3d_e7c336b8_98466b45-1900-4b3a-a12b-b2b1b462f9a7

Analysis symbol: 
Rechecking for solution: 0
Report Id: a65dea22-4c97-4af6-b666-a02dbdc46ff5
Report Status: 268435456
Hashed bucket: c00013d530715c43fd5d62b623be1d28
Cab Guid: 0"
Error	20/06/2025 06:46:25	Application Error	1000	Application Crashing Events	"Faulting application name: dllhost.exe, version: 10.0.22621.1, time stamp: 0x05e70ed3
Faulting module name: unknown, version: 0.0.0.0, time stamp: 0x00000000
Exception code: 0xc0000005
Fault offset: 0x0000000000905dd6
Faulting process id: 0x0x59B4
Faulting application start time: 0x0x1DBE173637B9853
Faulting application path: C:\Windows\system32\dllhost.exe
Faulting module path: unknown
Report Id: a65dea22-4c97-4af6-b666-a02dbdc46ff5
Faulting package full name: 
Faulting package-relative application ID: "
Information	20/06/2025 06:46:13	Windows Error Reporting	1001	None	"Fault bucket 1749154308405373022, type 4
Event Name: APPCRASH
Response: Not available
Cab Id: 0

Problem signature:
P1: vmware-usbarbitrator64.exe
P2: 20.10.0.0
P3: 669a1840
P4: StackHash_f9d8
P5: 0.0.0.0
P6: 00000000
P7: c0000005
P8: PCH_E4_FROM_unknown+0x0000000000000000
P9: 
P10: 

Attached files:
\\?\C:\ProgramData\Microsoft\Windows\WER\Temp\WER.1fba24b1-7ddb-4a3d-b2ba-b1e3a3093ccd.tmp.mdmp
\\?\C:\ProgramData\Microsoft\Windows\WER\Temp\WER.99fbc4d7-a05d-4509-83fe-62fa58dc35a4.tmp.WERInternalMetadata.xml
WPR_initiated_DiagTrackMiniLogger_OneTrace_User_Logger_20250608_1_EC_0_inject.etl
\\?\C:\ProgramData\Microsoft\Windows\WER\Temp\WER.e6bc10db-605a-4771-ac17-34329b2cf4fc.tmp.etl
WPR_initiated_DiagTrackMiniLogger_WPR System Collector_inject.etl
\\?\C:\ProgramData\Microsoft\Windows\WER\Temp\WER.376110fb-5ba7-4c6a-8c23-23b9909f5157.tmp.etl
\\?\C:\ProgramData\Microsoft\Windows\WER\Temp\WER.6ac49256-5ddf-4485-b5ab-69078fe9a648.tmp.csv
\\?\C:\ProgramData\Microsoft\Windows\WER\Temp\WER.80d1379f-5949-4bee-922c-339f19f9bd33.tmp.txt
\\?\C:\ProgramData\Microsoft\Windows\WER\Temp\WER.f9462a9f-f7ea-4f1e-891f-3b804d027eb7.tmp.xml

These files may be available here:
\\?\C:\ProgramData\Microsoft\Windows\WER\ReportArchive\AppCrash_vmware-usbarbitr_2713abdbe2bef9172a280d97071375551d392ca_17c75580_c8dbb6aa-63a2-417f-b981-c6e0442d4ddc

Analysis symbol: 
Rechecking for solution: 0
Report Id: d6139c4a-84cb-46b5-8fd0-3281b4c8a3c5
Report Status: 268435456
Hashed bucket: f1ca7ee4517e896fa8463e9379d8a85e
Cab Guid: 0"
Error	20/06/2025 06:46:09	Application Error	1000	Application Crashing Events	"Faulting application name: vmware-usbarbitrator64.exe, version: 20.10.0.0, time stamp: 0x669a1840
Faulting module name: unknown, version: 0.0.0.0, time stamp: 0x00000000
Exception code: 0xc0000005
Fault offset: 0x0000000000a75dd6
Faulting process id: 0x0x7C10
Faulting application start time: 0x0x1DBE1741ECBFB9F
Faulting application path: C:\Program Files (x86)\Common Files\VMware\USB\vmware-usbarbitrator64.exe
Faulting module path: unknown
Report Id: d6139c4a-84cb-46b5-8fd0-3281b4c8a3c5
Faulting package full name: 
Faulting package-relative application ID: "
Information	20/06/2025 06:44:44	Windows Error Reporting	1001	None	"Fault bucket 2120996873715200844, type 4
Event Name: APPCRASH
Response: Not available
Cab Id: 0

Problem signature:
P1: HotKeyServiceUWP.exe
P2: 8.10.46.337
P3: 67ee32ff
P4: StackHash_f9d8
P5: 0.0.0.0
P6: 00000000
P7: c0000005
P8: PCH_34_FROM_unknown+0x0000000000000000
P9: 
P10: 

Attached files:
\\?\C:\ProgramData\Microsoft\Windows\WER\Temp\WER.584a412d-29f2-4205-b86a-6b853ce06a71.tmp.mdmp
\\?\C:\ProgramData\Microsoft\Windows\WER\Temp\WER.4498a23d-9082-4e4a-b961-4022566be5ce.tmp.WERInternalMetadata.xml
WPR_initiated_DiagTrackMiniLogger_OneTrace_User_Logger_20250608_1_EC_0_inject.etl
\\?\C:\ProgramData\Microsoft\Windows\WER\Temp\WER.5d0e3e7b-5bb1-44bf-893a-fcb75ab9c179.tmp.etl
WPR_initiated_DiagTrackMiniLogger_WPR System Collector_inject.etl
\\?\C:\ProgramData\Microsoft\Windows\WER\Temp\WER.ff8a0314-1506-49bf-bdef-74f6607941af.tmp.etl
\\?\C:\ProgramData\Microsoft\Windows\WER\Temp\WER.deb1125d-ac44-48a5-b50b-f26f40813980.tmp.csv
\\?\C:\ProgramData\Microsoft\Windows\WER\Temp\WER.9e19d646-704c-494f-a51a-a660a700e8fd.tmp.txt
\\?\C:\ProgramData\Microsoft\Windows\WER\Temp\WER.df4dbf11-4217-4b7c-a373-6cd4754a10e6.tmp.xml

These files may be available here:
\\?\C:\ProgramData\Microsoft\Windows\WER\ReportArchive\AppCrash_HotKeyServiceUWP_a4e39b7e72704c56bc87bdd7357ef66f2dd098f5_b8181675_3798939e-69db-4991-84ae-52dee8e9e007

Analysis symbol: 
Rechecking for solution: 0
Report Id: 25798c99-0104-4774-877b-c205daad759d
Report Status: 268435456
Hashed bucket: dfa1cf850c1ffe22dd6f4b6b4b82334c
Cab Guid: 0"
Error	20/06/2025 06:44:41	Application Error	1000	Application Crashing Events	"Faulting application name: HotKeyServiceUWP.exe, version: 8.10.46.337, time stamp: 0x67ee32ff
Faulting module name: unknown, version: 0.0.0.0, time stamp: 0x00000000
Exception code: 0xc0000005
Fault offset: 0x0000000000e65dd6
Faulting process id: 0x0x65FC
Faulting application start time: 0x0x1DBE17404FAAF1B
Faulting application path: C:\Windows\System32\DriverStore\FileRepository\hpqkbsoftwarecompnent.inf_amd64_a22c6a91e05f8cee\HotKeyServiceUWP.exe
Faulting module path: unknown
Report Id: 25798c99-0104-4774-877b-c205daad759d
Faulting package full name: 
Faulting package-relative application ID: "
Information	20/06/2025 06:44:28	Windows Error Reporting	1001	None	"Fault bucket 1749154308405373022, type 4
Event Name: APPCRASH
Response: Not available
Cab Id: 0

Problem signature:
P1: vmware-usbarbitrator64.exe
P2: 20.10.0.0
P3: 669a1840
P4: StackHash_f9d8
P5: 0.0.0.0
P6: 00000000
P7: c0000005
P8: PCH_E4_FROM_unknown+0x0000000000000000
P9: 
P10: 

Attached files:
\\?\C:\ProgramData\Microsoft\Windows\WER\Temp\WER.1db6a95e-e9a4-4edf-8f89-646c1b391ef5.tmp.mdmp
\\?\C:\ProgramData\Microsoft\Windows\WER\Temp\WER.75aa24bc-242a-47d9-81e9-f9c8d5396448.tmp.WERInternalMetadata.xml
WPR_initiated_DiagTrackMiniLogger_OneTrace_User_Logger_20250608_1_EC_0_inject.etl
\\?\C:\ProgramData\Microsoft\Windows\WER\Temp\WER.02c13e5a-e460-4d13-b442-dd179361728a.tmp.etl
WPR_initiated_DiagTrackMiniLogger_WPR System Collector_inject.etl
\\?\C:\ProgramData\Microsoft\Windows\WER\Temp\WER.eff3233e-bc01-4b5b-9f83-c3ad4c864e52.tmp.etl
\\?\C:\ProgramData\Microsoft\Windows\WER\Temp\WER.0b1ef0fc-ebf9-4ba1-b327-d9c1264d9839.tmp.csv
\\?\C:\ProgramData\Microsoft\Windows\WER\Temp\WER.a1422a55-9a3a-4e0d-a422-30c44edd4c19.tmp.txt
\\?\C:\ProgramData\Microsoft\Windows\WER\Temp\WER.fb403da9-a885-4d7a-b860-5c7dc684e24d.tmp.xml

These files may be available here:
\\?\C:\ProgramData\Microsoft\Windows\WER\ReportArchive\AppCrash_vmware-usbarbitr_2713abdbe2bef9172a280d97071375551d392ca_17c75580_6b362c68-3a59-4f4d-b6f4-437e7ea7797e

Analysis symbol: 
Rechecking for solution: 0
Report Id: 035d1d32-9059-4e10-82d9-76a59ee49ac8
Report Status: 268435456
Hashed bucket: f1ca7ee4517e896fa8463e9379d8a85e
Cab Guid: 0"
Error	20/06/2025 06:44:25	Application Error	1000	Application Crashing Events	"Faulting application name: vmware-usbarbitrator64.exe, version: 20.10.0.0, time stamp: 0x669a1840
Faulting module name: unknown, version: 0.0.0.0, time stamp: 0x00000000
Exception code: 0xc0000005
Fault offset: 0x0000000000a75dd6
Faulting process id: 0x0x6C7C
Faulting application start time: 0x0x1DBE173E0E5FD5A
Faulting application path: C:\Program Files (x86)\Common Files\VMware\USB\vmware-usbarbitrator64.exe
Faulting module path: unknown
Report Id: 035d1d32-9059-4e10-82d9-76a59ee49ac8
Faulting package full name: 
Faulting package-relative application ID: "
Information	20/06/2025 06:43:55	HotKeyServiceUWP	0	(2)	"The description for Event ID 0 from source HotKeyServiceUWP cannot be found. Either the component that raises this event is not installed on your local computer or the installation is corrupted. You can install or repair the component on the local computer.

If the event originated on another computer, the display information had to be saved with the event.

The following information was included with the event: 

RpcServerMonitoringThread - Entry

The message resource is present but the message was not found in the message table
"
Information	20/06/2025 06:43:55	HotKeyServiceUWP	0	(2)	"The description for Event ID 0 from source HotKeyServiceUWP cannot be found. Either the component that raises this event is not installed on your local computer or the installation is corrupted. You can install or repair the component on the local computer.

If the event originated on another computer, the display information had to be saved with the event.

The following information was included with the event: 

HP Hotkey UWP Service (8.10.46.337) in OnStart

The message resource is present but the message was not found in the message table
"
Information	20/06/2025 06:43:00	Windows Error Reporting	1001	None	"Fault bucket 1833580701306877483, type 4
Event Name: APPCRASH
Response: Not available
Cab Id: 0

Problem signature:
P1: HPAudioAnalytics.exe
P2: 8.10.46.337
P3: 67ee326a
P4: StackHash_f9d8
P5: 0.0.0.0
P6: 00000000
P7: c0000005
P8: PCH_75_FROM_unknown+0x0000000000000000
P9: 
P10: 

Attached files:
\\?\C:\ProgramData\Microsoft\Windows\WER\Temp\WER.09af1903-5a92-4759-b66a-7b4477b3e825.tmp.mdmp
\\?\C:\ProgramData\Microsoft\Windows\WER\Temp\WER.e591d7bb-a533-492c-8433-e2fe58c31bd4.tmp.WERInternalMetadata.xml
WPR_initiated_DiagTrackMiniLogger_OneTrace_User_Logger_20250608_1_EC_0_inject.etl
\\?\C:\ProgramData\Microsoft\Windows\WER\Temp\WER.9e137c38-96b2-4ad5-a0ce-a8da412003fb.tmp.etl
WPR_initiated_DiagTrackMiniLogger_WPR System Collector_inject.etl
\\?\C:\ProgramData\Microsoft\Windows\WER\Temp\WER.b0762b54-f31d-4859-bc70-9f18cd5712fe.tmp.etl
\\?\C:\ProgramData\Microsoft\Windows\WER\Temp\WER.ce71d285-3ad8-4e47-a353-169bbcb8c8e2.tmp.csv
\\?\C:\ProgramData\Microsoft\Windows\WER\Temp\WER.f642face-46e6-4031-b32a-3ab2c4420f5f.tmp.txt
\\?\C:\ProgramData\Microsoft\Windows\WER\Temp\WER.8e5805a0-ec03-4334-b615-9309dd6a471a.tmp.xml

These files may be available here:
\\?\C:\ProgramData\Microsoft\Windows\WER\ReportArchive\AppCrash_HPAudioAnalytics_d7a68c839179d1e15a18c18cc4123692e2d2b6c8_fe948d19_133db7d1-2bbc-4b03-8857-10090b0249c8

Analysis symbol: 
Rechecking for solution: 0
Report Id: 42a67cbc-344c-4c1f-bd0f-1e2d07c1a315
Report Status: 268435456
Hashed bucket: c52742e85a88a80ca9722feee068762b
Cab Guid: 0"
Error	20/06/2025 06:42:56	Application Error	1000	Application Crashing Events	"Faulting application name: HPAudioAnalytics.exe, version: 8.10.46.337, time stamp: 0x67ee326a
Faulting module name: unknown, version: 0.0.0.0, time stamp: 0x00000000
Exception code: 0xc0000005
Fault offset: 0x0000000000aa5dd6
Faulting process id: 0x0x73D0
Faulting application start time: 0x0x1DBE173833AD6CA
Faulting application path: C:\Windows\System32\DriverStore\FileRepository\hpqkbsoftwarecompnent.inf_amd64_a22c6a91e05f8cee\HPAudioAnalytics.exe
Faulting module path: unknown
Report Id: 42a67cbc-344c-4c1f-bd0f-1e2d07c1a315
Faulting package full name: 
Faulting package-relative application ID: "
Information	20/06/2025 06:42:44	Windows Error Reporting	1001	None	"Fault bucket 1749154308405373022, type 4
Event Name: APPCRASH
Response: Not available
Cab Id: 0

Problem signature:
P1: vmware-usbarbitrator64.exe
P2: 20.10.0.0
P3: 669a1840
P4: StackHash_f9d8
P5: 0.0.0.0
P6: 00000000
P7: c0000005
P8: PCH_0A_FROM_unknown+0x0000000000000000
P9: 
P10: 

Attached files:
\\?\C:\ProgramData\Microsoft\Windows\WER\Temp\WER.d3979f6f-f251-4ea9-8da4-dbc11b3486d5.tmp.mdmp
\\?\C:\ProgramData\Microsoft\Windows\WER\Temp\WER.92bd9620-2f0b-4ea9-b3fb-d923deac385d.tmp.WERInternalMetadata.xml
WPR_initiated_DiagTrackMiniLogger_OneTrace_User_Logger_20250608_1_EC_0_inject.etl
\\?\C:\ProgramData\Microsoft\Windows\WER\Temp\WER.fb713471-3ff8-4774-87e1-c825dd947bd7.tmp.etl
WPR_initiated_DiagTrackMiniLogger_WPR System Collector_inject.etl
\\?\C:\ProgramData\Microsoft\Windows\WER\Temp\WER.56917f30-2efc-4eda-b3ab-2dbcb701dfbb.tmp.etl
\\?\C:\ProgramData\Microsoft\Windows\WER\Temp\WER.897ba12e-d8bc-4761-a267-58236dcf37b4.tmp.csv
\\?\C:\ProgramData\Microsoft\Windows\WER\Temp\WER.72d98057-9a9a-4b6b-86d5-cfab394a83fc.tmp.txt
\\?\C:\ProgramData\Microsoft\Windows\WER\Temp\WER.fd92f070-26e3-42ec-896f-9a074cef2d09.tmp.xml

These files may be available here:
\\?\C:\ProgramData\Microsoft\Windows\WER\ReportArchive\AppCrash_vmware-usbarbitr_4eecad66cb967bcea1124bb863aa2af4d7e3cc4e_17c75580_b4bf18da-eebd-4157-926f-72d68634398b

Analysis symbol: 
Rechecking for solution: 0
Report Id: 139725b3-2cb3-47ff-bae5-d4766e67e070
Report Status: 268435456
Hashed bucket: f1ca7ee4517e896fa8463e9379d8a85e
Cab Guid: 0"
Error	20/06/2025 06:42:41	Application Error	1000	Application Crashing Events	"Faulting application name: vmware-usbarbitrator64.exe, version: 20.10.0.0, time stamp: 0x669a1840
Faulting module name: unknown, version: 0.0.0.0, time stamp: 0x00000000
Exception code: 0xc0000005
Fault offset: 0x0000000000f35dd6
Faulting process id: 0x0x3AFC
Faulting application start time: 0x0x1DBE17372607368
Faulting application path: C:\Program Files (x86)\Common Files\VMware\USB\vmware-usbarbitrator64.exe
Faulting module path: unknown
Report Id: 139725b3-2cb3-47ff-bae5-d4766e67e070
Faulting package full name: 
Faulting package-relative application ID: "
Information	20/06/2025 06:40:17	HotKeyServiceUWP	0	(2)	"The description for Event ID 0 from source HotKeyServiceUWP cannot be found. Either the component that raises this event is not installed on your local computer or the installation is corrupted. You can install or repair the component on the local computer.

If the event originated on another computer, the display information had to be saved with the event.

The following information was included with the event: 

HP Audio Analytics Service (8.10.46.337) in OnStart

The message resource is present but the message was not found in the message table
"
Information	20/06/2025 06:39:39	Windows Error Reporting	1001	None	"Fault bucket 1749154308405373022, type 4
Event Name: APPCRASH
Response: Not available
Cab Id: 0

Problem signature:
P1: vmware-usbarbitrator64.exe
P2: 20.10.0.0
P3: 669a1840
P4: StackHash_f9d8
P5: 0.0.0.0
P6: 00000000
P7: c0000005
P8: PCH_29_FROM_unknown+0x0000000000000000
P9: 
P10: 

Attached files:
\\?\C:\ProgramData\Microsoft\Windows\WER\Temp\WER.3f44400e-c808-40bd-8666-ea152b16ba88.tmp.mdmp
\\?\C:\ProgramData\Microsoft\Windows\WER\Temp\WER.c4573e2f-cec4-416a-9f0a-a166a1f05685.tmp.WERInternalMetadata.xml
WPR_initiated_DiagTrackMiniLogger_OneTrace_User_Logger_20250608_1_EC_0_inject.etl
\\?\C:\ProgramData\Microsoft\Windows\WER\Temp\WER.d9d75335-c713-4aee-b52f-fa3735f7995e.tmp.etl
WPR_initiated_DiagTrackMiniLogger_WPR System Collector_inject.etl
\\?\C:\ProgramData\Microsoft\Windows\WER\Temp\WER.f3d3e011-556c-426a-bea6-b9d397da68ed.tmp.etl
\\?\C:\ProgramData\Microsoft\Windows\WER\Temp\WER.90f576bc-5af4-4c14-b914-0c7981e7d944.tmp.csv
\\?\C:\ProgramData\Microsoft\Windows\WER\Temp\WER.e5b19b18-ce70-4992-9f7b-3d603714536f.tmp.txt
\\?\C:\ProgramData\Microsoft\Windows\WER\Temp\WER.c141a52b-8f3a-4ab6-90c8-4880f868bb2d.tmp.xml

These files may be available here:
\\?\C:\ProgramData\Microsoft\Windows\WER\ReportArchive\AppCrash_vmware-usbarbitr_da328978b9a1d0e9ab407a7b32118156bca3639_17c75580_fa65753d-bbb7-48f4-9341-5469a6337768

Analysis symbol: 
Rechecking for solution: 0
Report Id: 963a2303-d24c-40b0-9d83-f43d86daef10
Report Status: 268435456
Hashed bucket: f1ca7ee4517e896fa8463e9379d8a85e
Cab Guid: 0"
Error	20/06/2025 06:39:35	Application Error	1000	Application Crashing Events	"Faulting application name: vmware-usbarbitrator64.exe, version: 20.10.0.0, time stamp: 0x669a1840
Faulting module name: unknown, version: 0.0.0.0, time stamp: 0x00000000
Exception code: 0xc0000005
Fault offset: 0x0000000000ee5dd6
Faulting process id: 0x0x8534
Faulting application start time: 0x0x1DBE172A92F2729
Faulting application path: C:\Program Files (x86)\Common Files\VMware\USB\vmware-usbarbitrator64.exe
Faulting module path: unknown
Report Id: 963a2303-d24c-40b0-9d83-f43d86daef10
Faulting package full name: 
Faulting package-relative application ID: "
Information	20/06/2025 06:39:24	Microsoft-Windows-Complus	781	None	The COM+ sub system is suppressing duplicate event log entries for a duration of 86400 seconds.  The suppression timeout can be controlled by a REG_DWORD value named SuppressDuplicateDuration under the following registry key: HKLM\Software\Microsoft\COM3\Eventlog.
Information	20/06/2025 06:39:23	Windows Error Reporting	1001	None	"Fault bucket 2115955934357232936, type 4
Event Name: APPCRASH
Response: Not available
Cab Id: 0

Problem signature:
P1: dllhost.exe
P2: 10.0.22621.1
P3: 05e70ed3
P4: StackHash_f9d8
P5: 0.0.0.0
P6: 00000000
P7: c0000005
P8: PCH_4B_FROM_unknown+0x0000000000000000
P9: 
P10: 

Attached files:
\\?\C:\ProgramData\Microsoft\Windows\WER\Temp\WER.11d5b868-8be7-4ba0-9faf-28a52ab8bced.tmp.mdmp
\\?\C:\ProgramData\Microsoft\Windows\WER\Temp\WER.e1a3049a-e382-40b1-81d3-f6c434e77449.tmp.WERInternalMetadata.xml
WPR_initiated_DiagTrackMiniLogger_OneTrace_User_Logger_20250608_1_EC_0_inject.etl
\\?\C:\ProgramData\Microsoft\Windows\WER\Temp\WER.d3c23b40-7061-4ef4-aa1a-ca6faa03b67c.tmp.etl
WPR_initiated_DiagTrackMiniLogger_WPR System Collector_inject.etl
\\?\C:\ProgramData\Microsoft\Windows\WER\Temp\WER.313476a6-d849-47d1-9f13-0184cefd1e04.tmp.etl
\\?\C:\ProgramData\Microsoft\Windows\WER\Temp\WER.305b571d-61a3-44e5-bf76-f289a401d706.tmp.csv
\\?\C:\ProgramData\Microsoft\Windows\WER\Temp\WER.bdd0fb9c-cda8-437b-9379-32544545cacc.tmp.txt
\\?\C:\ProgramData\Microsoft\Windows\WER\Temp\WER.480f1df1-1885-4132-a48c-d820740a194f.tmp.xml

These files may be available here:
\\?\C:\ProgramData\Microsoft\Windows\WER\ReportArchive\AppCrash_dllhost.exe_e2c63fef1373a35ac0b634548b13aa5eede3c88_e7c336b8_17b75e6d-b8df-48d9-8762-05b6ef34e9f0

Analysis symbol: 
Rechecking for solution: 0
Report Id: 0a7ad8b7-f763-4f84-b4ac-7d2e7e0af094
Report Status: 268435456
Hashed bucket: c00013d530715c43fd5d62b623be1d28
Cab Guid: 0"
Error	20/06/2025 06:39:20	Application Error	1000	Application Crashing Events	"Faulting application name: dllhost.exe, version: 10.0.22621.1, time stamp: 0x05e70ed3
Faulting module name: unknown, version: 0.0.0.0, time stamp: 0x00000000
Exception code: 0xc0000005
Fault offset: 0x0000000000545dd6
Faulting process id: 0x0x4E70
Faulting application start time: 0x0x1DBE173256FA3BE
Faulting application path: C:\Windows\system32\dllhost.exe
Faulting module path: unknown
Report Id: 0a7ad8b7-f763-4f84-b4ac-7d2e7e0af094
Faulting package full name: 
Faulting package-relative application ID: "
Information	20/06/2025 06:37:55	Windows Error Reporting	1001	None	"Fault bucket 2120996873715200844, type 4
Event Name: APPCRASH
Response: Not available
Cab Id: 0

Problem signature:
P1: HotKeyServiceUWP.exe
P2: 8.10.46.337
P3: 67ee32ff
P4: StackHash_f9d8
P5: 0.0.0.0
P6: 00000000
P7: c0000005
P8: PCH_00_FROM_unknown+0x0000000000000000
P9: 
P10: 

Attached files:
\\?\C:\ProgramData\Microsoft\Windows\WER\Temp\WER.f99f65d9-7c2e-4c2d-8d3f-3a088627fe2a.tmp.mdmp
\\?\C:\ProgramData\Microsoft\Windows\WER\Temp\WER.fbf60d3a-e251-427d-b0fe-052e82d6f7ea.tmp.WERInternalMetadata.xml
WPR_initiated_DiagTrackMiniLogger_OneTrace_User_Logger_20250608_1_EC_0_inject.etl
\\?\C:\ProgramData\Microsoft\Windows\WER\Temp\WER.4945151b-9b0c-4a2f-bb19-3b9e1cd69754.tmp.etl
WPR_initiated_DiagTrackMiniLogger_WPR System Collector_inject.etl
\\?\C:\ProgramData\Microsoft\Windows\WER\Temp\WER.a904c715-afcf-4568-93b7-8090f769e6ad.tmp.etl
\\?\C:\ProgramData\Microsoft\Windows\WER\Temp\WER.53ba55a5-1b54-4488-bafc-bcda9fcbeb28.tmp.csv
\\?\C:\ProgramData\Microsoft\Windows\WER\Temp\WER.ef68a114-0496-47b3-8582-b0a0e1537877.tmp.txt
\\?\C:\ProgramData\Microsoft\Windows\WER\Temp\WER.d57c48de-958c-4eb7-991b-c3329bb592e4.tmp.xml

These files may be available here:
\\?\C:\ProgramData\Microsoft\Windows\WER\ReportArchive\AppCrash_HotKeyServiceUWP_5540d725a180a02c3825b1f77c22eedc462a7_b8181675_25172e2d-da4c-4b73-ac93-31123b7308ab

Analysis symbol: 
Rechecking for solution: 0
Report Id: 6a746fe4-c911-4c87-85a6-a8cedfd9b345
Report Status: 268435456
Hashed bucket: dfa1cf850c1ffe22dd6f4b6b4b82334c
Cab Guid: 0"
Error	20/06/2025 06:37:51	Application Error	1000	Application Crashing Events	"Faulting application name: HotKeyServiceUWP.exe, version: 8.10.46.337, time stamp: 0x67ee32ff
Faulting module name: unknown, version: 0.0.0.0, time stamp: 0x00000000
Exception code: 0xc0000005
Fault offset: 0x0000000000f05dd6
Faulting process id: 0x0x3A98
Faulting application start time: 0x0x1DBE172CCF52956
Faulting application path: C:\Windows\System32\DriverStore\FileRepository\hpqkbsoftwarecompnent.inf_amd64_a22c6a91e05f8cee\HotKeyServiceUWP.exe
Faulting module path: unknown
Report Id: 6a746fe4-c911-4c87-85a6-a8cedfd9b345
Faulting package full name: 
Faulting package-relative application ID: "
Information	20/06/2025 06:37:40	Microsoft-Windows-Complus	781	None	The COM+ sub system is suppressing duplicate event log entries for a duration of 86400 seconds.  The suppression timeout can be controlled by a REG_DWORD value named SuppressDuplicateDuration under the following registry key: HKLM\Software\Microsoft\COM3\Eventlog.
Information	20/06/2025 06:37:39	Windows Error Reporting	1001	None	"Fault bucket 2115955934357232936, type 4
Event Name: APPCRASH
Response: Not available
Cab Id: 0

Problem signature:
P1: dllhost.exe
P2: 10.0.22621.1
P3: 05e70ed3
P4: StackHash_f9d8
P5: 0.0.0.0
P6: 00000000
P7: c0000005
P8: PCH_9C_FROM_unknown+0x0000000000000000
P9: 
P10: 

Attached files:
\\?\C:\ProgramData\Microsoft\Windows\WER\Temp\WER.91dd648c-b950-4bff-a8f9-9c2b9e470163.tmp.mdmp
\\?\C:\ProgramData\Microsoft\Windows\WER\Temp\WER.8699a870-cdf0-4278-abdf-7d0799949cb6.tmp.WERInternalMetadata.xml
WPR_initiated_DiagTrackMiniLogger_OneTrace_User_Logger_20250608_1_EC_0_inject.etl
\\?\C:\ProgramData\Microsoft\Windows\WER\Temp\WER.57d72759-dfe4-4aae-831b-09fca4bca66c.tmp.etl
WPR_initiated_DiagTrackMiniLogger_WPR System Collector_inject.etl
\\?\C:\ProgramData\Microsoft\Windows\WER\Temp\WER.77c43ce8-d935-4778-bae9-15ca97351280.tmp.etl
\\?\C:\ProgramData\Microsoft\Windows\WER\Temp\WER.932b231d-efc5-412f-964f-ca6a7d1867ae.tmp.csv
\\?\C:\ProgramData\Microsoft\Windows\WER\Temp\WER.191f5aaf-e978-4d23-928e-8252f2e3410a.tmp.txt
\\?\C:\ProgramData\Microsoft\Windows\WER\Temp\WER.adcc5a57-7d1f-4953-93e7-b50fb5f352a7.tmp.xml

These files may be available here:
\\?\C:\ProgramData\Microsoft\Windows\WER\ReportArchive\AppCrash_dllhost.exe_b7708e6112c3d3ea555e15432f2d9b42994b3d_e7c336b8_e7bdfb71-ab28-405c-a78a-7d690e486e32

Analysis symbol: 
Rechecking for solution: 0
Report Id: dd5a2948-d00f-47af-9c46-09f54bdb3740
Report Status: 2147487744
Hashed bucket: c00013d530715c43fd5d62b623be1d28
Cab Guid: 0"
Error	20/06/2025 06:37:35	Application Error	1000	Application Crashing Events	"Faulting application name: dllhost.exe, version: 10.0.22621.1, time stamp: 0x05e70ed3
Faulting module name: unknown, version: 0.0.0.0, time stamp: 0x00000000
Exception code: 0xc0000005
Fault offset: 0x0000000000905dd6
Faulting process id: 0x0x48EC
Faulting application start time: 0x0x1DBE172B6E9862F
Faulting application path: C:\Windows\system32\dllhost.exe
Faulting module path: unknown
Report Id: dd5a2948-d00f-47af-9c46-09f54bdb3740
Faulting package full name: 
Faulting package-relative application ID: "
Information	20/06/2025 06:35:11	HotKeyServiceUWP	0	(2)	"The description for Event ID 0 from source HotKeyServiceUWP cannot be found. Either the component that raises this event is not installed on your local computer or the installation is corrupted. You can install or repair the component on the local computer.

If the event originated on another computer, the display information had to be saved with the event.

The following information was included with the event: 

RpcServerMonitoringThread - Entry

The message resource is present but the message was not found in the message table
"
Information	20/06/2025 06:35:11	HotKeyServiceUWP	0	(2)	"The description for Event ID 0 from source HotKeyServiceUWP cannot be found. Either the component that raises this event is not installed on your local computer or the installation is corrupted. You can install or repair the component on the local computer.

If the event originated on another computer, the display information had to be saved with the event.

The following information was included with the event: 

HP Hotkey UWP Service (8.10.46.337) in OnStart

The message resource is present but the message was not found in the message table
"
Information	20/06/2025 06:34:34	Microsoft-Windows-Complus	781	None	The COM+ sub system is suppressing duplicate event log entries for a duration of 86400 seconds.  The suppression timeout can be controlled by a REG_DWORD value named SuppressDuplicateDuration under the following registry key: HKLM\Software\Microsoft\COM3\Eventlog.
Information	20/06/2025 06:34:33	Windows Error Reporting	1001	None	"Fault bucket 2115955934357232936, type 4
Event Name: APPCRASH
Response: Not available
Cab Id: 0

Problem signature:
P1: dllhost.exe
P2: 10.0.22621.1
P3: 05e70ed3
P4: StackHash_f9d8
P5: 0.0.0.0
P6: 00000000
P7: c0000005
P8: PCH_9C_FROM_unknown+0x0000000000000000
P9: 
P10: 

Attached files:
\\?\C:\ProgramData\Microsoft\Windows\WER\Temp\WER.3463a216-c024-410c-a676-01736c597589.tmp.mdmp
\\?\C:\ProgramData\Microsoft\Windows\WER\Temp\WER.2c7f58ff-63eb-4e70-94c3-2bbbcb8fd95c.tmp.WERInternalMetadata.xml
WPR_initiated_DiagTrackMiniLogger_OneTrace_User_Logger_20250608_1_EC_0_inject.etl
\\?\C:\ProgramData\Microsoft\Windows\WER\Temp\WER.100b504f-b15a-473a-b1d4-df0e84f077f8.tmp.etl
WPR_initiated_DiagTrackMiniLogger_WPR System Collector_inject.etl
\\?\C:\ProgramData\Microsoft\Windows\WER\Temp\WER.26cd81e2-94c3-4de2-b6b2-1e4fa7ab7d83.tmp.etl
\\?\C:\ProgramData\Microsoft\Windows\WER\Temp\WER.f28561b5-1345-4bc0-9182-b6a61f1a44fd.tmp.csv
\\?\C:\ProgramData\Microsoft\Windows\WER\Temp\WER.d6a7dc20-df4e-4dfd-bcb2-7fe9571190af.tmp.txt
\\?\C:\ProgramData\Microsoft\Windows\WER\Temp\WER.67e60a3d-bfed-4d00-9681-d8a88f13804b.tmp.xml

These files may be available here:
\\?\C:\ProgramData\Microsoft\Windows\WER\ReportArchive\AppCrash_dllhost.exe_b7708e6112c3d3ea555e15432f2d9b42994b3d_e7c336b8_57c164dc-8a22-4861-9369-fd6d7e93cfb3

Analysis symbol: 
Rechecking for solution: 0
Report Id: 8f375815-9e30-4aad-b4de-764a43eac046
Report Status: 2147487744
Hashed bucket: c00013d530715c43fd5d62b623be1d28
Cab Guid: 0"
Error	20/06/2025 06:34:30	Application Error	1000	Application Crashing Events	"Faulting application name: dllhost.exe, version: 10.0.22621.1, time stamp: 0x05e70ed3
Faulting module name: unknown, version: 0.0.0.0, time stamp: 0x00000000
Exception code: 0xc0000005
Fault offset: 0x0000000000905dd6
Faulting process id: 0x0x4D00
Faulting application start time: 0x0x1DBE1722BC6050A
Faulting application path: C:\Windows\system32\dllhost.exe
Faulting module path: unknown
Report Id: 8f375815-9e30-4aad-b4de-764a43eac046
Faulting package full name: 
Faulting package-relative application ID: "
Information	20/06/2025 06:34:17	Windows Error Reporting	1001	None	"Fault bucket 1833580701306877483, type 4
Event Name: APPCRASH
Response: Not available
Cab Id: 0

Problem signature:
P1: HPAudioAnalytics.exe
P2: 8.10.46.337
P3: 67ee326a
P4: StackHash_f9d8
P5: 0.0.0.0
P6: 00000000
P7: c0000005
P8: PCH_75_FROM_unknown+0x0000000000000000
P9: 
P10: 

Attached files:
\\?\C:\ProgramData\Microsoft\Windows\WER\Temp\WER.259045d4-bb0e-4d31-aca6-7bb03391a842.tmp.mdmp
\\?\C:\ProgramData\Microsoft\Windows\WER\Temp\WER.c82773e2-f7fa-49c4-b89c-95a4dfd504a8.tmp.WERInternalMetadata.xml
WPR_initiated_DiagTrackMiniLogger_OneTrace_User_Logger_20250608_1_EC_0_inject.etl
\\?\C:\ProgramData\Microsoft\Windows\WER\Temp\WER.6f381680-a015-4d20-b975-64252072d278.tmp.etl
WPR_initiated_DiagTrackMiniLogger_WPR System Collector_inject.etl
\\?\C:\ProgramData\Microsoft\Windows\WER\Temp\WER.0e6f040b-e3b6-4e75-9d6b-d798b1d459a2.tmp.etl
\\?\C:\ProgramData\Microsoft\Windows\WER\Temp\WER.ed969df3-c366-4b5b-bb71-a1f9fe725cd2.tmp.csv
\\?\C:\ProgramData\Microsoft\Windows\WER\Temp\WER.a4a20a46-2a0f-4078-9905-04647b879903.tmp.txt
\\?\C:\ProgramData\Microsoft\Windows\WER\Temp\WER.3c32bcd6-a209-46d4-bd13-dd2a4471b27b.tmp.xml

These files may be available here:
\\?\C:\ProgramData\Microsoft\Windows\WER\ReportArchive\AppCrash_HPAudioAnalytics_d7a68c839179d1e15a18c18cc4123692e2d2b6c8_fe948d19_cd7f8b94-232e-4aef-8bcc-03a54cabddae

Analysis symbol: 
Rechecking for solution: 0
Report Id: 48307b5a-0ccd-4e35-a9aa-2e300f32960e
Report Status: 268435456
Hashed bucket: c52742e85a88a80ca9722feee068762b
Cab Guid: 0"
Error	20/06/2025 06:34:13	Application Error	1000	Application Crashing Events	"Faulting application name: HPAudioAnalytics.exe, version: 8.10.46.337, time stamp: 0x67ee326a
Faulting module name: unknown, version: 0.0.0.0, time stamp: 0x00000000
Exception code: 0xc0000005
Fault offset: 0x0000000000aa5dd6
Faulting process id: 0x0x2F48
Faulting application start time: 0x0x1DBE1728E1D554F
Faulting application path: C:\Windows\System32\DriverStore\FileRepository\hpqkbsoftwarecompnent.inf_amd64_a22c6a91e05f8cee\HPAudioAnalytics.exe
Faulting module path: unknown
Report Id: 48307b5a-0ccd-4e35-a9aa-2e300f32960e
Faulting package full name: 
Faulting package-relative application ID: "
Information	20/06/2025 06:34:01	Windows Error Reporting	1001	None	"Fault bucket 1749154308405373022, type 4
Event Name: APPCRASH
Response: Not available
Cab Id: 0

Problem signature:
P1: vmware-usbarbitrator64.exe
P2: 20.10.0.0
P3: 669a1840
P4: StackHash_f9d8
P5: 0.0.0.0
P6: 00000000
P7: c0000005
P8: PCH_7C_FROM_unknown+0x0000000000000000
P9: 
P10: 

Attached files:
\\?\C:\ProgramData\Microsoft\Windows\WER\Temp\WER.1e3822dd-e930-4f4a-8eaa-190e7b1c6859.tmp.mdmp
\\?\C:\ProgramData\Microsoft\Windows\WER\Temp\WER.6a02a8fc-96eb-475f-b0f2-f83f6849cafe.tmp.WERInternalMetadata.xml
WPR_initiated_DiagTrackMiniLogger_OneTrace_User_Logger_20250608_1_EC_0_inject.etl
\\?\C:\ProgramData\Microsoft\Windows\WER\Temp\WER.5ed2d46e-aede-4d94-8b6b-c2ee36324d04.tmp.etl
WPR_initiated_DiagTrackMiniLogger_WPR System Collector_inject.etl
\\?\C:\ProgramData\Microsoft\Windows\WER\Temp\WER.13685594-b545-4222-9bbb-cda9901af2c5.tmp.etl
\\?\C:\ProgramData\Microsoft\Windows\WER\Temp\WER.aa26ec57-8e31-46cb-b0d4-18037987f2bf.tmp.csv
\\?\C:\ProgramData\Microsoft\Windows\WER\Temp\WER.162a10c1-2ad6-4813-bdcd-5fe34baa311d.tmp.txt
\\?\C:\ProgramData\Microsoft\Windows\WER\Temp\WER.938f9b1d-6ed8-456b-be40-b335dcd2da7a.tmp.xml

These files may be available here:
\\?\C:\ProgramData\Microsoft\Windows\WER\ReportArchive\AppCrash_vmware-usbarbitr_c23b90fa4bdf8d84a96d882fdedad24a624e3bb_17c75580_5d137e5c-ebc7-4741-a18f-34ef22684311

Analysis symbol: 
Rechecking for solution: 0
Report Id: 7e8b160e-1473-4e95-92b1-386cf12d366a
Report Status: 268435456
Hashed bucket: f1ca7ee4517e896fa8463e9379d8a85e
Cab Guid: 0"
Error	20/06/2025 06:33:58	Application Error	1000	Application Crashing Events	"Faulting application name: vmware-usbarbitrator64.exe, version: 20.10.0.0, time stamp: 0x669a1840
Faulting module name: unknown, version: 0.0.0.0, time stamp: 0x00000000
Exception code: 0xc0000005
Fault offset: 0x0000000000ed5dd6
Faulting process id: 0x0x95FC
Faulting application start time: 0x0x1DBE1723AACD184
Faulting application path: C:\Program Files (x86)\Common Files\VMware\USB\vmware-usbarbitrator64.exe
Faulting module path: unknown
Report Id: 7e8b160e-1473-4e95-92b1-386cf12d366a
Faulting package full name: 
Faulting package-relative application ID: "
Information	20/06/2025 06:33:26	HotKeyServiceUWP	0	(2)	"The description for Event ID 0 from source HotKeyServiceUWP cannot be found. Either the component that raises this event is not installed on your local computer or the installation is corrupted. You can install or repair the component on the local computer.

If the event originated on another computer, the display information had to be saved with the event.

The following information was included with the event: 

HP Audio Analytics Service (8.10.46.337) in OnStart

The message resource is present but the message was not found in the message table
"
Information	20/06/2025 06:30:56	Windows Error Reporting	1001	None	"Fault bucket 1749154308405373022, type 4
Event Name: APPCRASH
Response: Not available
Cab Id: 0

Problem signature:
P1: vmware-usbarbitrator64.exe
P2: 20.10.0.0
P3: 669a1840
P4: StackHash_f9d8
P5: 0.0.0.0
P6: 00000000
P7: c0000005
P8: PCH_7C_FROM_unknown+0x0000000000000000
P9: 
P10: 

Attached files:
\\?\C:\ProgramData\Microsoft\Windows\WER\Temp\WER.dfbee7d3-a228-4a8a-8a1d-ba858b0351c6.tmp.mdmp
\\?\C:\ProgramData\Microsoft\Windows\WER\Temp\WER.f2b4fca0-4648-408a-9881-9e30ddedc802.tmp.WERInternalMetadata.xml
WPR_initiated_DiagTrackMiniLogger_OneTrace_User_Logger_20250608_1_EC_0_inject.etl
\\?\C:\ProgramData\Microsoft\Windows\WER\Temp\WER.9672ff50-9eea-4929-9939-be30ef0a9a0c.tmp.etl
WPR_initiated_DiagTrackMiniLogger_WPR System Collector_inject.etl
\\?\C:\ProgramData\Microsoft\Windows\WER\Temp\WER.cb1a274b-14e2-4d76-b94e-f81e637452c7.tmp.etl
\\?\C:\ProgramData\Microsoft\Windows\WER\Temp\WER.1c4b7735-55ca-450d-839c-370357b65292.tmp.csv
\\?\C:\ProgramData\Microsoft\Windows\WER\Temp\WER.01f1b515-b571-4e8c-95e5-0afa7e18ec9c.tmp.txt
\\?\C:\ProgramData\Microsoft\Windows\WER\Temp\WER.207ac417-d9bc-423f-baa2-d6a8aec39c25.tmp.xml

These files may be available here:
\\?\C:\ProgramData\Microsoft\Windows\WER\ReportArchive\AppCrash_vmware-usbarbitr_c23b90fa4bdf8d84a96d882fdedad24a624e3bb_17c75580_570d6ff7-53f4-44b0-abd1-f8776d718367

Analysis symbol: 
Rechecking for solution: 0
Report Id: 8b5e77b2-7b6b-4df3-a510-854d01969984
Report Status: 268435456
Hashed bucket: f1ca7ee4517e896fa8463e9379d8a85e
Cab Guid: 0"
Error	20/06/2025 06:30:52	Application Error	1000	Application Crashing Events	"Faulting application name: vmware-usbarbitrator64.exe, version: 20.10.0.0, time stamp: 0x669a1840
Faulting module name: unknown, version: 0.0.0.0, time stamp: 0x00000000
Exception code: 0xc0000005
Fault offset: 0x0000000000ed5dd6
Faulting process id: 0x0x6258
Faulting application start time: 0x0x1DBE1713C19DDF9
Faulting application path: C:\Program Files (x86)\Common Files\VMware\USB\vmware-usbarbitrator64.exe
Faulting module path: unknown
Report Id: 8b5e77b2-7b6b-4df3-a510-854d01969984
Faulting package full name: 
Faulting package-relative application ID: "
Information	20/06/2025 06:30:41	Microsoft-Windows-Complus	781	None	The COM+ sub system is suppressing duplicate event log entries for a duration of 86400 seconds.  The suppression timeout can be controlled by a REG_DWORD value named SuppressDuplicateDuration under the following registry key: HKLM\Software\Microsoft\COM3\Eventlog.
Information	20/06/2025 06:30:40	Windows Error Reporting	1001	None	"Fault bucket 2115955934357232936, type 4
Event Name: APPCRASH
Response: Not available
Cab Id: 0

Problem signature:
P1: dllhost.exe
P2: 10.0.22621.1
P3: 05e70ed3
P4: StackHash_f9d8
P5: 0.0.0.0
P6: 00000000
P7: c0000005
P8: PCH_9C_FROM_unknown+0x0000000000000000
P9: 
P10: 

Attached files:
\\?\C:\ProgramData\Microsoft\Windows\WER\Temp\WER.93d9ac05-2477-463f-9d7b-61155a17527b.tmp.mdmp
\\?\C:\ProgramData\Microsoft\Windows\WER\Temp\WER.a7069460-09d3-46c4-82b4-19fde24373c6.tmp.WERInternalMetadata.xml
WPR_initiated_DiagTrackMiniLogger_OneTrace_User_Logger_20250608_1_EC_0_inject.etl
\\?\C:\ProgramData\Microsoft\Windows\WER\Temp\WER.1db9f6f9-93cc-46e3-8892-8df6dcecd145.tmp.etl
WPR_initiated_DiagTrackMiniLogger_WPR System Collector_inject.etl
\\?\C:\ProgramData\Microsoft\Windows\WER\Temp\WER.d093664b-2732-43ed-b2a8-a9ed14173bb4.tmp.etl
\\?\C:\ProgramData\Microsoft\Windows\WER\Temp\WER.ab04640e-405f-400e-95ae-003930420dc0.tmp.csv
\\?\C:\ProgramData\Microsoft\Windows\WER\Temp\WER.2ce527bf-c72d-4112-ba74-4eb303c662b3.tmp.txt
\\?\C:\ProgramData\Microsoft\Windows\WER\Temp\WER.c825ddbe-ead3-45d9-ac18-d0b69341325a.tmp.xml

These files may be available here:
\\?\C:\ProgramData\Microsoft\Windows\WER\ReportArchive\AppCrash_dllhost.exe_b7708e6112c3d3ea555e15432f2d9b42994b3d_e7c336b8_9229f901-2f03-4916-830c-0d523e626289

Analysis symbol: 
Rechecking for solution: 0
Report Id: ca753c39-db41-4fe3-a2c4-e419986734df
Report Status: 268435456
Hashed bucket: c00013d530715c43fd5d62b623be1d28
Cab Guid: 0"
Error	20/06/2025 06:30:36	Application Error	1000	Application Crashing Events	"Faulting application name: dllhost.exe, version: 10.0.22621.1, time stamp: 0x05e70ed3
Faulting module name: unknown, version: 0.0.0.0, time stamp: 0x00000000
Exception code: 0xc0000005
Fault offset: 0x0000000000905dd6
Faulting process id: 0x0x2C28
Faulting application start time: 0x0x1DBE171ECCF9E70
Faulting application path: C:\Windows\system32\dllhost.exe
Faulting module path: unknown
Report Id: ca753c39-db41-4fe3-a2c4-e419986734df
Faulting package full name: 
Faulting package-relative application ID: "
Information	20/06/2025 06:29:11	Windows Error Reporting	1001	None	"Fault bucket 2120996873715200844, type 4
Event Name: APPCRASH
Response: Not available
Cab Id: 0

Problem signature:
P1: HotKeyServiceUWP.exe
P2: 8.10.46.337
P3: 67ee32ff
P4: StackHash_f9d8
P5: 0.0.0.0
P6: 00000000
P7: c0000005
P8: PCH_0A_FROM_unknown+0x0000000000000000
P9: 
P10: 

Attached files:
\\?\C:\ProgramData\Microsoft\Windows\WER\Temp\WER.7c63fe18-9915-427a-8cc1-81ae35ce483d.tmp.mdmp
\\?\C:\ProgramData\Microsoft\Windows\WER\Temp\WER.1c8aa04c-0876-4af9-a7c5-3a72a28ab35b.tmp.WERInternalMetadata.xml
WPR_initiated_DiagTrackMiniLogger_OneTrace_User_Logger_20250608_1_EC_0_inject.etl
\\?\C:\ProgramData\Microsoft\Windows\WER\Temp\WER.0b257e9b-8bbe-4fad-afb3-918fcb94b916.tmp.etl
WPR_initiated_DiagTrackMiniLogger_WPR System Collector_inject.etl
\\?\C:\ProgramData\Microsoft\Windows\WER\Temp\WER.88aa36b1-8007-4905-88df-377435c31dd6.tmp.etl
\\?\C:\ProgramData\Microsoft\Windows\WER\Temp\WER.a3a0a412-a347-4ea1-b974-cbd9a189486b.tmp.csv
\\?\C:\ProgramData\Microsoft\Windows\WER\Temp\WER.ba8babc1-b516-41b1-8558-b3e28f4326e0.tmp.txt
\\?\C:\ProgramData\Microsoft\Windows\WER\Temp\WER.b6f3c964-cda8-4161-bb4d-a448700b7200.tmp.xml

These files may be available here:
\\?\C:\ProgramData\Microsoft\Windows\WER\ReportArchive\AppCrash_HotKeyServiceUWP_5c89f4134d1af4f4f984ffdba343bd0e3abbbcb_b8181675_c524ec8a-4b48-4d58-af80-2eae14809ba1

Analysis symbol: 
Rechecking for solution: 0
Report Id: 6bc6a95b-7f52-4251-a302-a3234009415a
Report Status: 268435456
Hashed bucket: dfa1cf850c1ffe22dd6f4b6b4b82334c
Cab Guid: 0"
Error	20/06/2025 06:29:08	Application Error	1000	Application Crashing Events	"Faulting application name: HotKeyServiceUWP.exe, version: 8.10.46.337, time stamp: 0x67ee32ff
Faulting module name: unknown, version: 0.0.0.0, time stamp: 0x00000000
Exception code: 0xc0000005
Fault offset: 0x0000000000f35dd6
Faulting process id: 0x0x976C
Faulting application start time: 0x0x1DBE171D7EE9A2B
Faulting application path: C:\Windows\System32\DriverStore\FileRepository\hpqkbsoftwarecompnent.inf_amd64_a22c6a91e05f8cee\HotKeyServiceUWP.exe
Faulting module path: unknown
Report Id: 6bc6a95b-7f52-4251-a302-a3234009415a
Faulting package full name: 
Faulting package-relative application ID: "
Information	20/06/2025 06:28:55	Microsoft-Windows-Complus	781	None	The COM+ sub system is suppressing duplicate event log entries for a duration of 86400 seconds.  The suppression timeout can be controlled by a REG_DWORD value named SuppressDuplicateDuration under the following registry key: HKLM\Software\Microsoft\COM3\Eventlog.
Information	20/06/2025 06:28:54	Windows Error Reporting	1001	None	"Fault bucket 2115955934357232936, type 4
Event Name: APPCRASH
Response: Not available
Cab Id: 0

Problem signature:
P1: dllhost.exe
P2: 10.0.22621.1
P3: 05e70ed3
P4: StackHash_f9d8
P5: 0.0.0.0
P6: 00000000
P7: c0000005
P8: PCH_9C_FROM_unknown+0x0000000000000000
P9: 
P10: 

Attached files:
\\?\C:\ProgramData\Microsoft\Windows\WER\Temp\WER.657f0285-9d19-4dff-904a-791c1a1a9221.tmp.mdmp
\\?\C:\ProgramData\Microsoft\Windows\WER\Temp\WER.24e6daf4-27d7-474e-9763-3155b5dc4a3d.tmp.WERInternalMetadata.xml
WPR_initiated_DiagTrackMiniLogger_OneTrace_User_Logger_20250608_1_EC_0_inject.etl
\\?\C:\ProgramData\Microsoft\Windows\WER\Temp\WER.f7c03536-8214-47ab-9572-11518796a4e5.tmp.etl
WPR_initiated_DiagTrackMiniLogger_WPR System Collector_inject.etl
\\?\C:\ProgramData\Microsoft\Windows\WER\Temp\WER.2c53adf6-203e-45f7-92ab-b5676c5500ac.tmp.etl
\\?\C:\ProgramData\Microsoft\Windows\WER\Temp\WER.7915bd72-c66a-46f1-919c-db36856672b4.tmp.csv
\\?\C:\ProgramData\Microsoft\Windows\WER\Temp\WER.94c56682-6574-4c6c-b947-4bc5d9203dc8.tmp.txt
\\?\C:\ProgramData\Microsoft\Windows\WER\Temp\WER.b713c47b-e1cc-48f0-b7c7-1f8d5328b752.tmp.xml

These files may be available here:
\\?\C:\ProgramData\Microsoft\Windows\WER\ReportArchive\AppCrash_dllhost.exe_b7708e6112c3d3ea555e15432f2d9b42994b3d_e7c336b8_e7e330c8-4f80-4d45-82d7-b97d17bb21ed

Analysis symbol: 
Rechecking for solution: 0
Report Id: 2b28c936-0abd-4fda-894a-6e04bc54b253
Report Status: 268435456
Hashed bucket: c00013d530715c43fd5d62b623be1d28
Cab Guid: 0"
Error	20/06/2025 06:28:51	Application Error	1000	Application Crashing Events	"Faulting application name: dllhost.exe, version: 10.0.22621.1, time stamp: 0x05e70ed3
Faulting module name: unknown, version: 0.0.0.0, time stamp: 0x00000000
Exception code: 0xc0000005
Fault offset: 0x0000000000905dd6
Faulting process id: 0x0x2EC0
Faulting application start time: 0x0x1DBE171AED9AEF7
Faulting application path: C:\Windows\system32\dllhost.exe
Faulting module path: unknown
Report Id: 2b28c936-0abd-4fda-894a-6e04bc54b253
Faulting package full name: 
Faulting package-relative application ID: "
Information	20/06/2025 06:28:20	HotKeyServiceUWP	0	(2)	"The description for Event ID 0 from source HotKeyServiceUWP cannot be found. Either the component that raises this event is not installed on your local computer or the installation is corrupted. You can install or repair the component on the local computer.

If the event originated on another computer, the display information had to be saved with the event.

The following information was included with the event: 

RpcServerMonitoringThread - Entry

The message resource is present but the message was not found in the message table
"
Information	20/06/2025 06:28:20	HotKeyServiceUWP	0	(2)	"The description for Event ID 0 from source HotKeyServiceUWP cannot be found. Either the component that raises this event is not installed on your local computer or the installation is corrupted. You can install or repair the component on the local computer.

If the event originated on another computer, the display information had to be saved with the event.

The following information was included with the event: 

HP Hotkey UWP Service (8.10.46.337) in OnStart

The message resource is present but the message was not found in the message table
"
Information	20/06/2025 06:27:26	Windows Error Reporting	1001	None	"Fault bucket 1833580701306877483, type 4
Event Name: APPCRASH
Response: Not available
Cab Id: 0

Problem signature:
P1: HPAudioAnalytics.exe
P2: 8.10.46.337
P3: 67ee326a
P4: StackHash_f9d8
P5: 0.0.0.0
P6: 00000000
P7: c0000005
P8: PCH_97_FROM_unknown+0x0000000000000000
P9: 
P10: 

Attached files:
\\?\C:\ProgramData\Microsoft\Windows\WER\Temp\WER.4b79eb1c-6e81-4ebc-8bd9-6b558467a741.tmp.mdmp
\\?\C:\ProgramData\Microsoft\Windows\WER\Temp\WER.f0c76752-6198-41b7-964e-538ee7453553.tmp.WERInternalMetadata.xml
WPR_initiated_DiagTrackMiniLogger_OneTrace_User_Logger_20250608_1_EC_0_inject.etl
\\?\C:\ProgramData\Microsoft\Windows\WER\Temp\WER.05df28c0-f9c0-4685-8f41-d4a262e67a83.tmp.etl
WPR_initiated_DiagTrackMiniLogger_WPR System Collector_inject.etl
\\?\C:\ProgramData\Microsoft\Windows\WER\Temp\WER.12967a95-0333-4798-b2fe-f6dab5a9b84b.tmp.etl
\\?\C:\ProgramData\Microsoft\Windows\WER\Temp\WER.24112cbf-d7b2-4b79-bfb4-bd1200e3eb39.tmp.csv
\\?\C:\ProgramData\Microsoft\Windows\WER\Temp\WER.ae0143da-2d82-409f-bf8b-ca8dce174d0c.tmp.txt
\\?\C:\ProgramData\Microsoft\Windows\WER\Temp\WER.f61783b8-232a-48a5-a0a7-4d4fb9252056.tmp.xml

These files may be available here:
\\?\C:\ProgramData\Microsoft\Windows\WER\ReportArchive\AppCrash_HPAudioAnalytics_d26c5c6cac9318f7a9dce8bf3c05568ac956e90_fe948d19_fa55aefd-c41e-4f6a-a752-20ec50e7ac51

Analysis symbol: 
Rechecking for solution: 0
Report Id: 67400bd9-70f4-4be6-a77e-324fe55df3fa
Report Status: 268435456
Hashed bucket: c52742e85a88a80ca9722feee068762b
Cab Guid: 0"
Error	20/06/2025 06:27:22	Application Error	1000	Application Crashing Events	"Faulting application name: HPAudioAnalytics.exe, version: 8.10.46.337, time stamp: 0x67ee326a
Faulting module name: unknown, version: 0.0.0.0, time stamp: 0x00000000
Exception code: 0xc0000005
Fault offset: 0x0000000000f25dd6
Faulting process id: 0x0x32E4
Faulting application start time: 0x0x1DBE1715FAFF022
Faulting application path: C:\Windows\System32\DriverStore\FileRepository\hpqkbsoftwarecompnent.inf_amd64_a22c6a91e05f8cee\HPAudioAnalytics.exe
Faulting module path: unknown
Report Id: 67400bd9-70f4-4be6-a77e-324fe55df3fa
Faulting package full name: 
Faulting package-relative application ID: "
Information	20/06/2025 06:27:11	Microsoft-Windows-Complus	781	None	The COM+ sub system is suppressing duplicate event log entries for a duration of 86400 seconds.  The suppression timeout can be controlled by a REG_DWORD value named SuppressDuplicateDuration under the following registry key: HKLM\Software\Microsoft\COM3\Eventlog.
Information	20/06/2025 06:27:10	Windows Error Reporting	1001	None	"Fault bucket 2115955934357232936, type 4
Event Name: APPCRASH
Response: Not available
Cab Id: 0

Problem signature:
P1: dllhost.exe
P2: 10.0.22621.1
P3: 05e70ed3
P4: StackHash_f9d8
P5: 0.0.0.0
P6: 00000000
P7: c0000005
P8: PCH_4C_FROM_unknown+0x0000000000000000
P9: 
P10: 

Attached files:
\\?\C:\ProgramData\Microsoft\Windows\WER\Temp\WER.63bb4661-2b36-4d07-9d7d-acb1b47f0274.tmp.mdmp
\\?\C:\ProgramData\Microsoft\Windows\WER\Temp\WER.36d5b56a-3b9a-40ee-92a3-370b42aed49b.tmp.WERInternalMetadata.xml
WPR_initiated_DiagTrackMiniLogger_OneTrace_User_Logger_20250608_1_EC_0_inject.etl
\\?\C:\ProgramData\Microsoft\Windows\WER\Temp\WER.6e16910e-5b8c-46c0-9ed4-e1aaaadeefd1.tmp.etl
WPR_initiated_DiagTrackMiniLogger_WPR System Collector_inject.etl
\\?\C:\ProgramData\Microsoft\Windows\WER\Temp\WER.539ab225-9e3c-40cd-9a94-f3f4ff4d371e.tmp.etl
\\?\C:\ProgramData\Microsoft\Windows\WER\Temp\WER.ee0e294c-2c7a-4ad9-b104-87615ac5af58.tmp.csv
\\?\C:\ProgramData\Microsoft\Windows\WER\Temp\WER.2b861fcf-8da2-4a36-892e-533a38991fa2.tmp.txt
\\?\C:\ProgramData\Microsoft\Windows\WER\Temp\WER.4e818567-b601-4cee-83a8-ae08601ed740.tmp.xml

These files may be available here:
\\?\C:\ProgramData\Microsoft\Windows\WER\ReportArchive\AppCrash_dllhost.exe_b2e8fac43cfd7e160c7a3c2db556a3655c74d2_e7c336b8_03ea8f6d-9866-4e48-b626-8621de260c44

Analysis symbol: 
Rechecking for solution: 0
Report Id: c98b7e76-2d20-4a5c-98cb-eebfd4f77fa5
Report Status: 268435456
Hashed bucket: c00013d530715c43fd5d62b623be1d28
Cab Guid: 0"
Error	20/06/2025 06:27:07	Application Error	1000	Application Crashing Events	"Faulting application name: dllhost.exe, version: 10.0.22621.1, time stamp: 0x05e70ed3
Faulting module name: unknown, version: 0.0.0.0, time stamp: 0x00000000
Exception code: 0xc0000005
Fault offset: 0x0000000000925dd6
Faulting process id: 0x0x5F40
Faulting application start time: 0x0x1DBE171405B783C
Faulting application path: C:\Windows\system32\dllhost.exe
Faulting module path: unknown
Report Id: c98b7e76-2d20-4a5c-98cb-eebfd4f77fa5
Faulting package full name: 
Faulting package-relative application ID: "
