Information	20/06/2025 07:57:43	Windows Error Reporting	1001	None	"Fault bucket 2115955934357232936, type 4
Event Name: APPCRASH
Response: Not available
Cab Id: 0

Problem signature:
P1: dllhost.exe
P2: 10.0.22621.1
P3: 05e70ed3
P4: StackHash_f9d8
P5: 0.0.0.0
P6: 00000000
P7: c0000005
P8: PCH_73_FROM_unknown+0x0000000000000000
P9: 
P10: 

Attached files:
\\?\C:\ProgramData\Microsoft\Windows\WER\Temp\WER.d51c5fdb-fa7e-464e-91e5-2b75a8651fbb.tmp.mdmp
\\?\C:\ProgramData\Microsoft\Windows\WER\Temp\WER.50a914cc-531f-42dd-b7d1-756b92e5fc00.tmp.WERInternalMetadata.xml
WPR_initiated_DiagTrackMiniLogger_OneTrace_User_Logger_20250608_1_EC_0_inject.etl
\\?\C:\ProgramData\Microsoft\Windows\WER\Temp\WER.eeabdede-91d5-47bf-8806-66b1e3ca8445.tmp.etl
WPR_initiated_DiagTrackMiniLogger_WPR System Collector_inject.etl
\\?\C:\ProgramData\Microsoft\Windows\WER\Temp\WER.d9b7cf35-b256-4580-9407-1fadde8f0e4c.tmp.etl
\\?\C:\ProgramData\Microsoft\Windows\WER\Temp\WER.4068c081-0a0d-4a12-9d24-5247ef4bd12a.tmp.csv
\\?\C:\ProgramData\Microsoft\Windows\WER\Temp\WER.415ee7f5-c465-4f82-8c2e-39b2df5abab7.tmp.txt
\\?\C:\ProgramData\Microsoft\Windows\WER\Temp\WER.ab0bfe13-d8d8-4903-913d-58b52f55876a.tmp.xml

These files may be available here:
\\?\C:\ProgramData\Microsoft\Windows\WER\ReportArchive\AppCrash_dllhost.exe_c84e8b408812b71d0a56c510f0a2151fcb63c7_e7c336b8_6bc7bd96-dacd-4ce8-9ca9-0731ce3a4102

Analysis symbol: 
Rechecking for solution: 0
Report Id: 0d12feed-015a-4fde-ac10-235df9453373
Report Status: 268435456
Hashed bucket: c00013d530715c43fd5d62b623be1d28
Cab Guid: 0"
Error	20/06/2025 07:57:39	Application Error	1000	Application Crashing Events	"Faulting application name: dllhost.exe, version: 10.0.22621.1, time stamp: 0x05e70ed3
Faulting module name: unknown, version: 0.0.0.0, time stamp: 0x00000000
Exception code: 0xc0000005
Fault offset: 0x0000000000945dd6
Faulting process id: 0x0x57FC
Faulting application start time: 0x0x1DBE17D42E09C06
Faulting application path: C:\Windows\system32\dllhost.exe
Faulting module path: unknown
Report Id: 0d12feed-015a-4fde-ac10-235df9453373
Faulting package full name: 
Faulting package-relative application ID: "
Information	20/06/2025 07:57:26	Windows Error Reporting	1001	None	"Fault bucket 2120996873715200844, type 4
Event Name: APPCRASH
Response: Not available
Cab Id: 0

Problem signature:
P1: HotKeyServiceUWP.exe
P2: 8.10.46.337
P3: 67ee32ff
P4: StackHash_f9d8
P5: 0.0.0.0
P6: 00000000
P7: c0000005
P8: PCH_D1_FROM_unknown+0x0000000000000000
P9: 
P10: 

Attached files:
\\?\C:\ProgramData\Microsoft\Windows\WER\Temp\WER.ecba2a06-d105-469d-96a2-ff4e33c97128.tmp.mdmp
\\?\C:\ProgramData\Microsoft\Windows\WER\Temp\WER.6cb55283-5c5e-4b8b-8eff-360bf4befb0e.tmp.WERInternalMetadata.xml
WPR_initiated_DiagTrackMiniLogger_OneTrace_User_Logger_20250608_1_EC_0_inject.etl
\\?\C:\ProgramData\Microsoft\Windows\WER\Temp\WER.2012e2af-e754-498f-9364-4a8b7b3e4cc0.tmp.etl
WPR_initiated_DiagTrackMiniLogger_WPR System Collector_inject.etl
\\?\C:\ProgramData\Microsoft\Windows\WER\Temp\WER.e840a6b3-5cd4-49eb-a08b-3fe91d4f0a35.tmp.etl
\\?\C:\ProgramData\Microsoft\Windows\WER\Temp\WER.922c5b9a-da11-4a69-9055-d462fd919874.tmp.csv
\\?\C:\ProgramData\Microsoft\Windows\WER\Temp\WER.30c16d9d-8d55-4be5-a0cf-51457ba5fffd.tmp.txt
\\?\C:\ProgramData\Microsoft\Windows\WER\Temp\WER.7d5c2f0a-c38b-4f3a-8d16-f7c5449e0d0b.tmp.xml

These files may be available here:
\\?\C:\ProgramData\Microsoft\Windows\WER\ReportArchive\AppCrash_HotKeyServiceUWP_73264d2915616d528363b8b61ecdeb7d6ea4e4_b8181675_9223de95-7df3-48e8-a606-a51e6a7f833d

Analysis symbol: 
Rechecking for solution: 0
Report Id: a4eb8755-fddb-4716-a880-54d3d66dd2d0
Report Status: 268435456
Hashed bucket: dfa1cf850c1ffe22dd6f4b6b4b82334c
Cab Guid: 0"
Error	20/06/2025 07:57:22	Application Error	1000	Application Crashing Events	"Faulting application name: HotKeyServiceUWP.exe, version: 8.10.46.337, time stamp: 0x67ee32ff
Faulting module name: unknown, version: 0.0.0.0, time stamp: 0x00000000
Exception code: 0xc0000005
Fault offset: 0x0000000000f65dd6
Faulting process id: 0x0x40FC
Faulting application start time: 0x0x1DBE17E2C3E5D80
Faulting application path: C:\Windows\System32\DriverStore\FileRepository\hpqkbsoftwarecompnent.inf_amd64_a22c6a91e05f8cee\HotKeyServiceUWP.exe
Faulting module path: unknown
Report Id: a4eb8755-fddb-4716-a880-54d3d66dd2d0
Faulting package full name: 
Faulting package-relative application ID: "
Information	20/06/2025 07:57:10	Windows Error Reporting	1001	None	"Fault bucket 1833580701306877483, type 4
Event Name: APPCRASH
Response: Not available
Cab Id: 0

Problem signature:
P1: HPAudioAnalytics.exe
P2: 8.10.46.337
P3: 67ee326a
P4: StackHash_f9d8
P5: 0.0.0.0
P6: 00000000
P7: c0000005
P8: PCH_97_FROM_unknown+0x0000000000000000
P9: 
P10: 

Attached files:
\\?\C:\ProgramData\Microsoft\Windows\WER\Temp\WER.fb2e8367-36e1-4e6b-9072-7480211eb9c8.tmp.mdmp
\\?\C:\ProgramData\Microsoft\Windows\WER\Temp\WER.8067f3a4-310e-45ba-ae75-92b474d4cd5e.tmp.WERInternalMetadata.xml
WPR_initiated_DiagTrackMiniLogger_OneTrace_User_Logger_20250608_1_EC_0_inject.etl
\\?\C:\ProgramData\Microsoft\Windows\WER\Temp\WER.f974f275-89c1-40e4-b066-66f8635fcdf7.tmp.etl
WPR_initiated_DiagTrackMiniLogger_WPR System Collector_inject.etl
\\?\C:\ProgramData\Microsoft\Windows\WER\Temp\WER.e18f3c14-e3f5-4507-9ae2-0702c4aeed83.tmp.etl
\\?\C:\ProgramData\Microsoft\Windows\WER\Temp\WER.3c5febbd-8170-4acf-ab34-ad2774fc9849.tmp.csv
\\?\C:\ProgramData\Microsoft\Windows\WER\Temp\WER.f0568949-3c25-44b1-8a77-cfdc28a15b39.tmp.txt
\\?\C:\ProgramData\Microsoft\Windows\WER\Temp\WER.d0b6d743-90b4-4f6e-8248-2b9ec5558654.tmp.xml

These files may be available here:
\\?\C:\ProgramData\Microsoft\Windows\WER\ReportArchive\AppCrash_HPAudioAnalytics_d26c5c6cac9318f7a9dce8bf3c05568ac956e90_fe948d19_34507fa1-f1f0-44f8-9a0f-9736e2b567dc

Analysis symbol: 
Rechecking for solution: 0
Report Id: 3f2bf3d6-57a0-4ff8-927e-294740204945
Report Status: 268435456
Hashed bucket: c52742e85a88a80ca9722feee068762b
Cab Guid: 0"
Error	20/06/2025 07:57:06	Application Error	1000	Application Crashing Events	"Faulting application name: HPAudioAnalytics.exe, version: 8.10.46.337, time stamp: 0x67ee326a
Faulting module name: unknown, version: 0.0.0.0, time stamp: 0x00000000
Exception code: 0xc0000005
Fault offset: 0x0000000000f25dd6
Faulting process id: 0x0x8A60
Faulting application start time: 0x0x1DBE17E2247A054
Faulting application path: C:\Windows\System32\DriverStore\FileRepository\hpqkbsoftwarecompnent.inf_amd64_a22c6a91e05f8cee\HPAudioAnalytics.exe
Faulting module path: unknown
Report Id: 3f2bf3d6-57a0-4ff8-927e-294740204945
Faulting package full name: 
Faulting package-relative application ID: "
Information	20/06/2025 07:56:54	Windows Error Reporting	1001	None	"Fault bucket 1749154308405373022, type 4
Event Name: APPCRASH
Response: Not available
Cab Id: 0

Problem signature:
P1: vmware-usbarbitrator64.exe
P2: 20.10.0.0
P3: 669a1840
P4: StackHash_f9d8
P5: 0.0.0.0
P6: 00000000
P7: c0000005
P8: PCH_29_FROM_unknown+0x0000000000000000
P9: 
P10: 

Attached files:
\\?\C:\ProgramData\Microsoft\Windows\WER\Temp\WER.02c02a32-e672-45e0-b916-899833739fbe.tmp.mdmp
\\?\C:\ProgramData\Microsoft\Windows\WER\Temp\WER.7a80371e-dc50-44d9-b637-7c0b69642606.tmp.WERInternalMetadata.xml
WPR_initiated_DiagTrackMiniLogger_OneTrace_User_Logger_20250608_1_EC_0_inject.etl
\\?\C:\ProgramData\Microsoft\Windows\WER\Temp\WER.8d53cc8e-acf7-4513-a561-27ff6c4c7d6e.tmp.etl
WPR_initiated_DiagTrackMiniLogger_WPR System Collector_inject.etl
\\?\C:\ProgramData\Microsoft\Windows\WER\Temp\WER.8e6aceb1-d7f4-4481-95aa-b7d41df7be9e.tmp.etl
\\?\C:\ProgramData\Microsoft\Windows\WER\Temp\WER.6e967538-0797-4c80-86cc-5354f3d4e750.tmp.csv
\\?\C:\ProgramData\Microsoft\Windows\WER\Temp\WER.390c3c52-1444-4810-bda1-777eea6efc62.tmp.txt
\\?\C:\ProgramData\Microsoft\Windows\WER\Temp\WER.d55e72dc-042b-4386-931f-e5b6b23ccc9c.tmp.xml

These files may be available here:
\\?\C:\ProgramData\Microsoft\Windows\WER\ReportArchive\AppCrash_vmware-usbarbitr_da328978b9a1d0e9ab407a7b32118156bca3639_17c75580_a41c5931-d81d-415d-8eb7-83b4300a9a34

Analysis symbol: 
Rechecking for solution: 0
Report Id: 5d2b22ac-aca1-41d0-a9c8-05530aac09b2
Report Status: 268435456
Hashed bucket: f1ca7ee4517e896fa8463e9379d8a85e
Cab Guid: 0"
Error	20/06/2025 07:56:50	Application Error	1000	Application Crashing Events	"Faulting application name: vmware-usbarbitrator64.exe, version: 20.10.0.0, time stamp: 0x669a1840
Faulting module name: unknown, version: 0.0.0.0, time stamp: 0x00000000
Exception code: 0xc0000005
Fault offset: 0x0000000000ee5dd6
Faulting process id: 0x0x2378
Faulting application start time: 0x0x1DBE17E08825EA3
Faulting application path: C:\Program Files (x86)\Common Files\VMware\USB\vmware-usbarbitrator64.exe
Faulting module path: unknown
Report Id: 5d2b22ac-aca1-41d0-a9c8-05530aac09b2
Faulting package full name: 
Faulting package-relative application ID: "
Information	20/06/2025 07:56:36	HotKeyServiceUWP	0	(2)	"The description for Event ID 0 from source HotKeyServiceUWP cannot be found. Either the component that raises this event is not installed on your local computer or the installation is corrupted. You can install or repair the component on the local computer.

If the event originated on another computer, the display information had to be saved with the event.

The following information was included with the event: 

RpcServerMonitoringThread - Entry

The message resource is present but the message was not found in the message table
"
Information	20/06/2025 07:56:36	HotKeyServiceUWP	0	(2)	"The description for Event ID 0 from source HotKeyServiceUWP cannot be found. Either the component that raises this event is not installed on your local computer or the installation is corrupted. You can install or repair the component on the local computer.

If the event originated on another computer, the display information had to be saved with the event.

The following information was included with the event: 

HP Hotkey UWP Service (8.10.46.337) in OnStart

The message resource is present but the message was not found in the message table
"
Information	20/06/2025 07:56:19	HotKeyServiceUWP	0	(2)	"The description for Event ID 0 from source HotKeyServiceUWP cannot be found. Either the component that raises this event is not installed on your local computer or the installation is corrupted. You can install or repair the component on the local computer.

If the event originated on another computer, the display information had to be saved with the event.

The following information was included with the event: 

HP Audio Analytics Service (8.10.46.337) in OnStart

The message resource is present but the message was not found in the message table
"
Information	20/06/2025 07:55:26	Windows Error Reporting	1001	None	"Fault bucket 1749154308405373022, type 4
Event Name: APPCRASH
Response: Not available
Cab Id: 0

Problem signature:
P1: vmware-usbarbitrator64.exe
P2: 20.10.0.0
P3: 669a1840
P4: StackHash_f9d8
P5: 0.0.0.0
P6: 00000000
P7: c0000005
P8: PCH_7C_FROM_unknown+0x0000000000000000
P9: 
P10: 

Attached files:
\\?\C:\ProgramData\Microsoft\Windows\WER\Temp\WER.0d4fa6f3-2198-417c-bc9e-8de570ea5888.tmp.mdmp
\\?\C:\ProgramData\Microsoft\Windows\WER\Temp\WER.889f5115-27b3-4e48-b37d-41d302cab09a.tmp.WERInternalMetadata.xml
WPR_initiated_DiagTrackMiniLogger_OneTrace_User_Logger_20250608_1_EC_0_inject.etl
\\?\C:\ProgramData\Microsoft\Windows\WER\Temp\WER.1a242e0c-e3ae-4990-9159-1abe98d6bc4c.tmp.etl
WPR_initiated_DiagTrackMiniLogger_WPR System Collector_inject.etl
\\?\C:\ProgramData\Microsoft\Windows\WER\Temp\WER.d091bf35-d022-423b-ba61-9224680f8c9f.tmp.etl
\\?\C:\ProgramData\Microsoft\Windows\WER\Temp\WER.59ebf5ff-7c7e-45aa-b1f9-863516e01793.tmp.csv
\\?\C:\ProgramData\Microsoft\Windows\WER\Temp\WER.e0dafab8-0360-4442-9b4b-71a97e164806.tmp.txt
\\?\C:\ProgramData\Microsoft\Windows\WER\Temp\WER.8fa1005b-3848-4549-aa21-c5c4ddd9c2d1.tmp.xml

These files may be available here:
\\?\C:\ProgramData\Microsoft\Windows\WER\ReportArchive\AppCrash_vmware-usbarbitr_c23b90fa4bdf8d84a96d882fdedad24a624e3bb_17c75580_03b61ed4-795c-4a55-9bcb-11b848f7e2bc

Analysis symbol: 
Rechecking for solution: 0
Report Id: aecfefa7-0654-439d-8ae6-377259a70243
Report Status: 268435456
Hashed bucket: f1ca7ee4517e896fa8463e9379d8a85e
Cab Guid: 0"
Error	20/06/2025 07:55:22	Application Error	1000	Application Crashing Events	"Faulting application name: vmware-usbarbitrator64.exe, version: 20.10.0.0, time stamp: 0x669a1840
Faulting module name: unknown, version: 0.0.0.0, time stamp: 0x00000000
Exception code: 0xc0000005
Fault offset: 0x0000000000ed5dd6
Faulting process id: 0x0x4CA4
Faulting application start time: 0x0x1DBE17DD42BD1CD
Faulting application path: C:\Program Files (x86)\Common Files\VMware\USB\vmware-usbarbitrator64.exe
Faulting module path: unknown
Report Id: aecfefa7-0654-439d-8ae6-377259a70243
Faulting package full name: 
Faulting package-relative application ID: "
Information	20/06/2025 07:53:58	Windows Error Reporting	1001	None	"Fault bucket 1749154308405373022, type 4
Event Name: APPCRASH
Response: Not available
Cab Id: 0

Problem signature:
P1: vmware-usbarbitrator64.exe
P2: 20.10.0.0
P3: 669a1840
P4: StackHash_f9d8
P5: 0.0.0.0
P6: 00000000
P7: c0000005
P8: PCH_29_FROM_unknown+0x0000000000000000
P9: 
P10: 

Attached files:
\\?\C:\ProgramData\Microsoft\Windows\WER\Temp\WER.b2a221b2-0251-4063-91cb-987845c69ea6.tmp.mdmp
\\?\C:\ProgramData\Microsoft\Windows\WER\Temp\WER.9b5dfef8-b61a-4bfa-b64b-bf2a1ddda000.tmp.WERInternalMetadata.xml
WPR_initiated_DiagTrackMiniLogger_OneTrace_User_Logger_20250608_1_EC_0_inject.etl
\\?\C:\ProgramData\Microsoft\Windows\WER\Temp\WER.bc8a505a-98d1-4875-92a1-4d747551a4c1.tmp.etl
WPR_initiated_DiagTrackMiniLogger_WPR System Collector_inject.etl
\\?\C:\ProgramData\Microsoft\Windows\WER\Temp\WER.900d8412-0b0f-467e-aa10-2c3f1ca0d326.tmp.etl
\\?\C:\ProgramData\Microsoft\Windows\WER\Temp\WER.e37baa3b-4525-4f6c-899c-169db0710c9f.tmp.csv
\\?\C:\ProgramData\Microsoft\Windows\WER\Temp\WER.85cdca6a-ea6a-4d3f-a400-1ef77a215f13.tmp.txt
\\?\C:\ProgramData\Microsoft\Windows\WER\Temp\WER.936d7b46-c81a-4df7-ab20-ec1b0d44abbf.tmp.xml

These files may be available here:
\\?\C:\ProgramData\Microsoft\Windows\WER\ReportArchive\AppCrash_vmware-usbarbitr_da328978b9a1d0e9ab407a7b32118156bca3639_17c75580_eb99588a-b99a-4051-98c9-a4528eb424c0

Analysis symbol: 
Rechecking for solution: 0
Report Id: 68d6c35f-c9f6-4d47-9071-c12bf93bdd8b
Report Status: 268435456
Hashed bucket: f1ca7ee4517e896fa8463e9379d8a85e
Cab Guid: 0"
Error	20/06/2025 07:53:54	Application Error	1000	Application Crashing Events	"Faulting application name: vmware-usbarbitrator64.exe, version: 20.10.0.0, time stamp: 0x669a1840
Faulting module name: unknown, version: 0.0.0.0, time stamp: 0x00000000
Exception code: 0xc0000005
Fault offset: 0x0000000000ee5dd6
Faulting process id: 0x0x1290
Faulting application start time: 0x0x1DBE17D656F4AE6
Faulting application path: C:\Program Files (x86)\Common Files\VMware\USB\vmware-usbarbitrator64.exe
Faulting module path: unknown
Report Id: 68d6c35f-c9f6-4d47-9071-c12bf93bdd8b
Faulting package full name: 
Faulting package-relative application ID: "
Information	20/06/2025 07:50:52	Windows Error Reporting	1001	None	"Fault bucket 1749154308405373022, type 4
Event Name: APPCRASH
Response: Not available
Cab Id: 0

Problem signature:
P1: vmware-usbarbitrator64.exe
P2: 20.10.0.0
P3: 669a1840
P4: StackHash_f9d8
P5: 0.0.0.0
P6: 00000000
P7: c0000005
P8: PCH_E4_FROM_unknown+0x0000000000000000
P9: 
P10: 

Attached files:
\\?\C:\ProgramData\Microsoft\Windows\WER\Temp\WER.cfd4f502-66a4-4042-860a-3d85c250a89e.tmp.mdmp
\\?\C:\ProgramData\Microsoft\Windows\WER\Temp\WER.a2a8d83b-082b-49ac-b6aa-1bf9968633e4.tmp.WERInternalMetadata.xml
WPR_initiated_DiagTrackMiniLogger_OneTrace_User_Logger_20250608_1_EC_0_inject.etl
\\?\C:\ProgramData\Microsoft\Windows\WER\Temp\WER.45e1ef5a-97ea-4220-87bd-037c50ad782a.tmp.etl
WPR_initiated_DiagTrackMiniLogger_WPR System Collector_inject.etl
\\?\C:\ProgramData\Microsoft\Windows\WER\Temp\WER.a5ebe031-cd39-4573-b551-d42751feb81a.tmp.etl
\\?\C:\ProgramData\Microsoft\Windows\WER\Temp\WER.8e03de90-5ad7-4ea7-b62f-1b03984d1d1c.tmp.csv
\\?\C:\ProgramData\Microsoft\Windows\WER\Temp\WER.45823a3f-193b-4792-ba03-ed03bd8ea245.tmp.txt
\\?\C:\ProgramData\Microsoft\Windows\WER\Temp\WER.f7908251-7937-41d4-bc25-0df3beb7ab70.tmp.xml

These files may be available here:
\\?\C:\ProgramData\Microsoft\Windows\WER\ReportArchive\AppCrash_vmware-usbarbitr_2713abdbe2bef9172a280d97071375551d392ca_17c75580_4b4eaafb-423e-4173-9917-1d9f7d173885

Analysis symbol: 
Rechecking for solution: 0
Report Id: e2128cd6-b0c5-4f71-aba8-ad57dbac06ee
Report Status: 268435456
Hashed bucket: f1ca7ee4517e896fa8463e9379d8a85e
Cab Guid: 0"
Error	20/06/2025 07:50:48	Application Error	1000	Application Crashing Events	"Faulting application name: vmware-usbarbitrator64.exe, version: 20.10.0.0, time stamp: 0x669a1840
Faulting module name: unknown, version: 0.0.0.0, time stamp: 0x00000000
Exception code: 0xc0000005
Fault offset: 0x0000000000a75dd6
Faulting process id: 0x0x1BC4
Faulting application start time: 0x0x1DBE17CD05F1EA2
Faulting application path: C:\Program Files (x86)\Common Files\VMware\USB\vmware-usbarbitrator64.exe
Faulting module path: unknown
Report Id: e2128cd6-b0c5-4f71-aba8-ad57dbac06ee
Faulting package full name: 
Faulting package-relative application ID: "
Information	20/06/2025 07:50:36	Windows Error Reporting	1001	None	"Fault bucket 2120996873715200844, type 4
Event Name: APPCRASH
Response: Not available
Cab Id: 0

Problem signature:
P1: HotKeyServiceUWP.exe
P2: 8.10.46.337
P3: 67ee32ff
P4: StackHash_f9d8
P5: 0.0.0.0
P6: 00000000
P7: c0000005
P8: PCH_6F_FROM_unknown+0x0000000000000000
P9: 
P10: 

Attached files:
\\?\C:\ProgramData\Microsoft\Windows\WER\Temp\WER.894a76bc-860c-49b7-b8b7-fb12259fb849.tmp.mdmp
\\?\C:\ProgramData\Microsoft\Windows\WER\Temp\WER.425b3393-6789-4472-9392-7a00e354ba4d.tmp.WERInternalMetadata.xml
WPR_initiated_DiagTrackMiniLogger_OneTrace_User_Logger_20250608_1_EC_0_inject.etl
\\?\C:\ProgramData\Microsoft\Windows\WER\Temp\WER.ed6a6800-384d-49f1-86a5-cfb34f4bf735.tmp.etl
WPR_initiated_DiagTrackMiniLogger_WPR System Collector_inject.etl
\\?\C:\ProgramData\Microsoft\Windows\WER\Temp\WER.a6d3529a-3daa-4c8e-b9d6-65241b0536c4.tmp.etl
\\?\C:\ProgramData\Microsoft\Windows\WER\Temp\WER.4b6fa7d2-b944-40c0-8174-26b7f540b814.tmp.csv
\\?\C:\ProgramData\Microsoft\Windows\WER\Temp\WER.4a40b683-b9c6-4e42-83d3-f419d23f8c69.tmp.txt
\\?\C:\ProgramData\Microsoft\Windows\WER\Temp\WER.62f25851-5aa9-4662-a2ac-3bc6814aa28c.tmp.xml

These files may be available here:
\\?\C:\ProgramData\Microsoft\Windows\WER\ReportArchive\AppCrash_HotKeyServiceUWP_bdb63618f47f50a9a3c641a7864e7af131f733_b8181675_241bd208-463a-4466-9883-b27b7ca25b47

Analysis symbol: 
Rechecking for solution: 0
Report Id: bdf57439-dfb8-4d4d-99d4-d0eba6605098
Report Status: 268435456
Hashed bucket: dfa1cf850c1ffe22dd6f4b6b4b82334c
Cab Guid: 0"
Error	20/06/2025 07:50:32	Application Error	1000	Application Crashing Events	"Faulting application name: HotKeyServiceUWP.exe, version: 8.10.46.337, time stamp: 0x67ee32ff
Faulting module name: unknown, version: 0.0.0.0, time stamp: 0x00000000
Exception code: 0xc0000005
Fault offset: 0x0000000000e45dd6
Faulting process id: 0x0x4510
Faulting application start time: 0x0x1DBE17D3787DD67
Faulting application path: C:\Windows\System32\DriverStore\FileRepository\hpqkbsoftwarecompnent.inf_amd64_a22c6a91e05f8cee\HotKeyServiceUWP.exe
Faulting module path: unknown
Report Id: bdf57439-dfb8-4d4d-99d4-d0eba6605098
Faulting package full name: 
Faulting package-relative application ID: "
Information	20/06/2025 07:50:19	Windows Error Reporting	1001	None	"Fault bucket 1833580701306877483, type 4
Event Name: APPCRASH
Response: Not available
Cab Id: 0

Problem signature:
P1: HPAudioAnalytics.exe
P2: 8.10.46.337
P3: 67ee326a
P4: StackHash_f9d8
P5: 0.0.0.0
P6: 00000000
P7: c0000005
P8: PCH_0A_FROM_unknown+0x0000000000000000
P9: 
P10: 

Attached files:
\\?\C:\ProgramData\Microsoft\Windows\WER\Temp\WER.15a89d98-47da-4c8f-a0c4-d532dc766d7b.tmp.mdmp
\\?\C:\ProgramData\Microsoft\Windows\WER\Temp\WER.f8394b1a-e2f1-4705-ab56-e64151724fb1.tmp.WERInternalMetadata.xml
WPR_initiated_DiagTrackMiniLogger_OneTrace_User_Logger_20250608_1_EC_0_inject.etl
\\?\C:\ProgramData\Microsoft\Windows\WER\Temp\WER.28762e9b-475d-4e10-b344-6ebf6f270d4d.tmp.etl
WPR_initiated_DiagTrackMiniLogger_WPR System Collector_inject.etl
\\?\C:\ProgramData\Microsoft\Windows\WER\Temp\WER.9914a590-f2b1-4f28-8856-1962d1e7e7f2.tmp.etl
\\?\C:\ProgramData\Microsoft\Windows\WER\Temp\WER.24fe787e-648c-4c9c-96c7-13706809fd97.tmp.csv
\\?\C:\ProgramData\Microsoft\Windows\WER\Temp\WER.7ae9a306-0654-4a10-bb81-f458506c4313.tmp.txt
\\?\C:\ProgramData\Microsoft\Windows\WER\Temp\WER.29cfdda3-0039-43ed-a2ba-d76a2de6a773.tmp.xml

These files may be available here:
\\?\C:\ProgramData\Microsoft\Windows\WER\ReportArchive\AppCrash_HPAudioAnalytics_467e23992342dac328edd7abebd7b0339bf71583_fe948d19_4d567ebb-5e50-431a-b233-f392052e8382

Analysis symbol: 
Rechecking for solution: 0
Report Id: b93d3232-2d1f-48ac-87a9-cb8a440d11d1
Report Status: 268435456
Hashed bucket: c52742e85a88a80ca9722feee068762b
Cab Guid: 0"
Error	20/06/2025 07:50:15	Application Error	1000	Application Crashing Events	"Faulting application name: HPAudioAnalytics.exe, version: 8.10.46.337, time stamp: 0x67ee326a
Faulting module name: unknown, version: 0.0.0.0, time stamp: 0x00000000
Exception code: 0xc0000005
Fault offset: 0x0000000000f35dd6
Faulting process id: 0x0x7420
Faulting application start time: 0x0x1DBE17D2DD86D1B
Faulting application path: C:\Windows\System32\DriverStore\FileRepository\hpqkbsoftwarecompnent.inf_amd64_a22c6a91e05f8cee\HPAudioAnalytics.exe
Faulting module path: unknown
Report Id: b93d3232-2d1f-48ac-87a9-cb8a440d11d1
Faulting package full name: 
Faulting package-relative application ID: "
Information	20/06/2025 07:50:04	Microsoft-Windows-Complus	781	None	The COM+ sub system is suppressing duplicate event log entries for a duration of 86400 seconds.  The suppression timeout can be controlled by a REG_DWORD value named SuppressDuplicateDuration under the following registry key: HKLM\Software\Microsoft\COM3\Eventlog.
Information	20/06/2025 07:50:03	Windows Error Reporting	1001	None	"Fault bucket 2115955934357232936, type 4
Event Name: APPCRASH
Response: Not available
Cab Id: 0

Problem signature:
P1: dllhost.exe
P2: 10.0.22621.1
P3: 05e70ed3
P4: StackHash_f9d8
P5: 0.0.0.0
P6: 00000000
P7: c0000005
P8: PCH_9C_FROM_unknown+0x0000000000000000
P9: 
P10: 

Attached files:
\\?\C:\ProgramData\Microsoft\Windows\WER\Temp\WER.83215d38-a23b-4a84-b969-5f83bfa206ba.tmp.mdmp
\\?\C:\ProgramData\Microsoft\Windows\WER\Temp\WER.cf7f9764-228f-47b4-9252-d117cfa1ee18.tmp.WERInternalMetadata.xml
WPR_initiated_DiagTrackMiniLogger_OneTrace_User_Logger_20250608_1_EC_0_inject.etl
\\?\C:\ProgramData\Microsoft\Windows\WER\Temp\WER.b27d658e-d31b-4059-b466-3921e5366529.tmp.etl
WPR_initiated_DiagTrackMiniLogger_WPR System Collector_inject.etl
\\?\C:\ProgramData\Microsoft\Windows\WER\Temp\WER.049ef907-0ab0-4fec-bb94-0346f683fd2d.tmp.etl
\\?\C:\ProgramData\Microsoft\Windows\WER\Temp\WER.9378f3cd-ee8b-4961-8cfe-b1b17b3739e1.tmp.csv
\\?\C:\ProgramData\Microsoft\Windows\WER\Temp\WER.19b8954c-e234-4c74-a628-d6c8ffa3cc73.tmp.txt
\\?\C:\ProgramData\Microsoft\Windows\WER\Temp\WER.df8c5c4b-f473-4ad8-8a3b-d04df33b234d.tmp.xml

These files may be available here:
\\?\C:\ProgramData\Microsoft\Windows\WER\ReportArchive\AppCrash_dllhost.exe_b7708e6112c3d3ea555e15432f2d9b42994b3d_e7c336b8_a0f3cd95-2749-49c4-bd75-12afe64f8a93

Analysis symbol: 
Rechecking for solution: 0
Report Id: 12dc120e-aff1-4e36-9284-cac54184af4c
Report Status: 268435456
Hashed bucket: c00013d530715c43fd5d62b623be1d28
Cab Guid: 0"
Error	20/06/2025 07:50:00	Application Error	1000	Application Crashing Events	"Faulting application name: dllhost.exe, version: 10.0.22621.1, time stamp: 0x05e70ed3
Faulting module name: unknown, version: 0.0.0.0, time stamp: 0x00000000
Exception code: 0xc0000005
Fault offset: 0x0000000000905dd6
Faulting process id: 0x0x7A94
Faulting application start time: 0x0x1DBE17CD4589D51
Faulting application path: C:\Windows\system32\dllhost.exe
Faulting module path: unknown
Report Id: 12dc120e-aff1-4e36-9284-cac54184af4c
Faulting package full name: 
Faulting package-relative application ID: "
Information	20/06/2025 07:49:45	HotKeyServiceUWP	0	(2)	"The description for Event ID 0 from source HotKeyServiceUWP cannot be found. Either the component that raises this event is not installed on your local computer or the installation is corrupted. You can install or repair the component on the local computer.

If the event originated on another computer, the display information had to be saved with the event.

The following information was included with the event: 

RpcServerMonitoringThread - Entry

The message resource is present but the message was not found in the message table
"
Information	20/06/2025 07:49:45	HotKeyServiceUWP	0	(2)	"The description for Event ID 0 from source HotKeyServiceUWP cannot be found. Either the component that raises this event is not installed on your local computer or the installation is corrupted. You can install or repair the component on the local computer.

If the event originated on another computer, the display information had to be saved with the event.

The following information was included with the event: 

HP Hotkey UWP Service (8.10.46.337) in OnStart

The message resource is present but the message was not found in the message table
"
Information	20/06/2025 07:49:29	HotKeyServiceUWP	0	(2)	"The description for Event ID 0 from source HotKeyServiceUWP cannot be found. Either the component that raises this event is not installed on your local computer or the installation is corrupted. You can install or repair the component on the local computer.

If the event originated on another computer, the display information had to be saved with the event.

The following information was included with the event: 

HP Audio Analytics Service (8.10.46.337) in OnStart

The message resource is present but the message was not found in the message table
"
Information	20/06/2025 07:46:59	Microsoft-Windows-Complus	781	None	The COM+ sub system is suppressing duplicate event log entries for a duration of 86400 seconds.  The suppression timeout can be controlled by a REG_DWORD value named SuppressDuplicateDuration under the following registry key: HKLM\Software\Microsoft\COM3\Eventlog.
Information	20/06/2025 07:46:58	Windows Error Reporting	1001	None	"Fault bucket 2115955934357232936, type 4
Event Name: APPCRASH
Response: Not available
Cab Id: 0

Problem signature:
P1: dllhost.exe
P2: 10.0.22621.1
P3: 05e70ed3
P4: StackHash_f9d8
P5: 0.0.0.0
P6: 00000000
P7: c0000005
P8: PCH_9C_FROM_unknown+0x0000000000000000
P9: 
P10: 

Attached files:
\\?\C:\ProgramData\Microsoft\Windows\WER\Temp\WER.2e8ccf3f-aade-4906-bdb8-5a6ef76a8971.tmp.mdmp
\\?\C:\ProgramData\Microsoft\Windows\WER\Temp\WER.f0f773c1-3b83-4256-8138-f60747749fb9.tmp.WERInternalMetadata.xml
WPR_initiated_DiagTrackMiniLogger_OneTrace_User_Logger_20250608_1_EC_0_inject.etl
\\?\C:\ProgramData\Microsoft\Windows\WER\Temp\WER.da51313c-625a-49a2-9fd4-e4604e5d2af8.tmp.etl
WPR_initiated_DiagTrackMiniLogger_WPR System Collector_inject.etl
\\?\C:\ProgramData\Microsoft\Windows\WER\Temp\WER.41651503-b355-417b-b870-ee1752707a75.tmp.etl
\\?\C:\ProgramData\Microsoft\Windows\WER\Temp\WER.e496ff3a-5770-4a6c-a017-d5bf4d06c0f5.tmp.csv
\\?\C:\ProgramData\Microsoft\Windows\WER\Temp\WER.99b39646-4cb5-4c69-922e-0d1caee6671b.tmp.txt
\\?\C:\ProgramData\Microsoft\Windows\WER\Temp\WER.d96f4ab8-9f84-4951-a54e-1568e57a3b8d.tmp.xml

These files may be available here:
\\?\C:\ProgramData\Microsoft\Windows\WER\ReportArchive\AppCrash_dllhost.exe_b7708e6112c3d3ea555e15432f2d9b42994b3d_e7c336b8_8b7e209f-3afc-4c1d-94a3-3edf3b116a59

Analysis symbol: 
Rechecking for solution: 0
Report Id: 57e0222a-4b3c-4ecb-b981-cbdc314e7de1
Report Status: 268435456
Hashed bucket: c00013d530715c43fd5d62b623be1d28
Cab Guid: 0"
Error	20/06/2025 07:46:54	Application Error	1000	Application Crashing Events	"Faulting application name: dllhost.exe, version: 10.0.22621.1, time stamp: 0x05e70ed3
Faulting module name: unknown, version: 0.0.0.0, time stamp: 0x00000000
Exception code: 0xc0000005
Fault offset: 0x0000000000905dd6
Faulting process id: 0x0x2DEC
Faulting application start time: 0x0x1DBE17BD6B7064C
Faulting application path: C:\Windows\system32\dllhost.exe
Faulting module path: unknown
Report Id: 57e0222a-4b3c-4ecb-b981-cbdc314e7de1
Faulting package full name: 
Faulting package-relative application ID: "
Information	20/06/2025 07:46:42	Windows Error Reporting	1001	None	"Fault bucket 1749154308405373022, type 4
Event Name: APPCRASH
Response: Not available
Cab Id: 0

Problem signature:
P1: vmware-usbarbitrator64.exe
P2: 20.10.0.0
P3: 669a1840
P4: StackHash_f9d8
P5: 0.0.0.0
P6: 00000000
P7: c0000005
P8: PCH_90_FROM_unknown+0x0000000000000000
P9: 
P10: 

Attached files:
\\?\C:\ProgramData\Microsoft\Windows\WER\Temp\WER.caffab5b-fdec-43c4-b00a-8c9bb9568456.tmp.mdmp
\\?\C:\ProgramData\Microsoft\Windows\WER\Temp\WER.6679838e-2b19-4c67-8487-82899d3fa13b.tmp.WERInternalMetadata.xml
WPR_initiated_DiagTrackMiniLogger_OneTrace_User_Logger_20250608_1_EC_0_inject.etl
\\?\C:\ProgramData\Microsoft\Windows\WER\Temp\WER.f1f093e5-1a38-4d5c-bdbd-f6afbc04cd2a.tmp.etl
WPR_initiated_DiagTrackMiniLogger_WPR System Collector_inject.etl
\\?\C:\ProgramData\Microsoft\Windows\WER\Temp\WER.584a1ad9-9482-4cf7-809f-1cc742f35e3a.tmp.etl
\\?\C:\ProgramData\Microsoft\Windows\WER\Temp\WER.45cdefcb-48e9-4fab-a4bd-56d483d9ba46.tmp.csv
\\?\C:\ProgramData\Microsoft\Windows\WER\Temp\WER.af49af96-702e-45e8-b6ff-b75857d3d6fc.tmp.txt
\\?\C:\ProgramData\Microsoft\Windows\WER\Temp\WER.195e70c9-9ae7-4627-8c67-0f0321f95f89.tmp.xml

These files may be available here:
\\?\C:\ProgramData\Microsoft\Windows\WER\ReportArchive\AppCrash_vmware-usbarbitr_d022bcbd3fb1b3bd124e5924b011e44580fc3_17c75580_7d7640af-7eb7-4aec-af63-14f91bc5e7e5

Analysis symbol: 
Rechecking for solution: 0
Report Id: 7a55667e-2ed8-4200-b15d-40c300134fde
Report Status: 268435456
Hashed bucket: f1ca7ee4517e896fa8463e9379d8a85e
Cab Guid: 0"
Error	20/06/2025 07:46:38	Application Error	1000	Application Crashing Events	"Faulting application name: vmware-usbarbitrator64.exe, version: 20.10.0.0, time stamp: 0x669a1840
Faulting module name: unknown, version: 0.0.0.0, time stamp: 0x00000000
Exception code: 0xc0000005
Fault offset: 0x00000000009e5dd6
Faulting process id: 0x0x691C
Faulting application start time: 0x0x1DBE17C9B988BC9
Faulting application path: C:\Program Files (x86)\Common Files\VMware\USB\vmware-usbarbitrator64.exe
Faulting module path: unknown
Report Id: 7a55667e-2ed8-4200-b15d-40c300134fde
Faulting package full name: 
Faulting package-relative application ID: "
Information	20/06/2025 07:45:13	Windows Error Reporting	1001	None	"Fault bucket 1749154308405373022, type 4
Event Name: APPCRASH
Response: Not available
Cab Id: 0

Problem signature:
P1: vmware-usbarbitrator64.exe
P2: 20.10.0.0
P3: 669a1840
P4: StackHash_f9d8
P5: 0.0.0.0
P6: 00000000
P7: c0000005
P8: PCH_10_FROM_unknown+0x0000000000000000
P9: 
P10: 

Attached files:
\\?\C:\ProgramData\Microsoft\Windows\WER\Temp\WER.bf84ab4e-3828-48b1-84e0-f9b5d656eea3.tmp.mdmp
\\?\C:\ProgramData\Microsoft\Windows\WER\Temp\WER.fb548241-0b0b-4ffe-b0a1-6de66f43c19d.tmp.WERInternalMetadata.xml
WPR_initiated_DiagTrackMiniLogger_OneTrace_User_Logger_20250608_1_EC_0_inject.etl
\\?\C:\ProgramData\Microsoft\Windows\WER\Temp\WER.b3b4102c-494a-4890-8aa6-3e851c25579c.tmp.etl
WPR_initiated_DiagTrackMiniLogger_WPR System Collector_inject.etl
\\?\C:\ProgramData\Microsoft\Windows\WER\Temp\WER.705188c8-5d7a-4e2b-bac2-0ef1fe18c9e0.tmp.etl
\\?\C:\ProgramData\Microsoft\Windows\WER\Temp\WER.635955b5-c13b-4722-a7ec-99360977ed4e.tmp.csv
\\?\C:\ProgramData\Microsoft\Windows\WER\Temp\WER.4eb15b94-a931-4a5c-8e73-1e179c2ca4ac.tmp.txt
\\?\C:\ProgramData\Microsoft\Windows\WER\Temp\WER.171bdbc6-31b5-4097-8c7d-be35f5d43855.tmp.xml

These files may be available here:
\\?\C:\ProgramData\Microsoft\Windows\WER\ReportArchive\AppCrash_vmware-usbarbitr_6468ce2ec79e850d531978d7c5fd4826a96592_17c75580_15b10379-988b-46bc-9175-6a0a5f5a9b7c

Analysis symbol: 
Rechecking for solution: 0
Report Id: e982c13b-bfd1-4049-b260-54393f921475
Report Status: 268435456
Hashed bucket: f1ca7ee4517e896fa8463e9379d8a85e
Cab Guid: 0"
Error	20/06/2025 07:45:10	Application Error	1000	Application Crashing Events	"Faulting application name: vmware-usbarbitrator64.exe, version: 20.10.0.0, time stamp: 0x669a1840
Faulting module name: unknown, version: 0.0.0.0, time stamp: 0x00000000
Exception code: 0xc0000005
Fault offset: 0x00000000009b5dd6
Faulting process id: 0x0x467C
Faulting application start time: 0x0x1DBE17C53FA5E63
Faulting application path: C:\Program Files (x86)\Common Files\VMware\USB\vmware-usbarbitrator64.exe
Faulting module path: unknown
Report Id: e982c13b-bfd1-4049-b260-54393f921475
Faulting package full name: 
Faulting package-relative application ID: "
Information	20/06/2025 07:43:45	Windows Error Reporting	1001	None	"Fault bucket 2120996873715200844, type 4
Event Name: APPCRASH
Response: Not available
Cab Id: 0

Problem signature:
P1: HotKeyServiceUWP.exe
P2: 8.10.46.337
P3: 67ee32ff
P4: StackHash_f9d8
P5: 0.0.0.0
P6: 00000000
P7: c0000005
P8: PCH_47_FROM_unknown+0x0000000000000000
P9: 
P10: 

Attached files:
\\?\C:\ProgramData\Microsoft\Windows\WER\Temp\WER.65f3bace-f8b9-420c-8736-6e87cc54c297.tmp.mdmp
\\?\C:\ProgramData\Microsoft\Windows\WER\Temp\WER.8f3f8e8a-4a5a-4936-a0ca-6c16b3fa5c34.tmp.WERInternalMetadata.xml
WPR_initiated_DiagTrackMiniLogger_OneTrace_User_Logger_20250608_1_EC_0_inject.etl
\\?\C:\ProgramData\Microsoft\Windows\WER\Temp\WER.5ab6bb08-c5a6-4b75-9573-855d913e2cdf.tmp.etl
WPR_initiated_DiagTrackMiniLogger_WPR System Collector_inject.etl
\\?\C:\ProgramData\Microsoft\Windows\WER\Temp\WER.1c36e3e5-8f2e-4d7d-89e9-8e6898835078.tmp.etl
\\?\C:\ProgramData\Microsoft\Windows\WER\Temp\WER.53f8156f-0a9b-4425-94da-b74e2d697fe1.tmp.csv
\\?\C:\ProgramData\Microsoft\Windows\WER\Temp\WER.7171ed3e-54ba-488d-9a3d-111662739062.tmp.txt
\\?\C:\ProgramData\Microsoft\Windows\WER\Temp\WER.91a2b215-dac5-420e-987a-0bb02959659e.tmp.xml

These files may be available here:
\\?\C:\ProgramData\Microsoft\Windows\WER\ReportArchive\AppCrash_HotKeyServiceUWP_944d7480b6ce29dfbeca12d96e7f8c5b45fc6c6_b8181675_fcd0310a-d150-444e-93df-a0d8cda46acf

Analysis symbol: 
Rechecking for solution: 0
Report Id: a0848307-e991-48e6-9ecc-d0cecf82bad0
Report Status: 268435456
Hashed bucket: dfa1cf850c1ffe22dd6f4b6b4b82334c
Cab Guid: 0"
Error	20/06/2025 07:43:41	Application Error	1000	Application Crashing Events	"Faulting application name: HotKeyServiceUWP.exe, version: 8.10.46.337, time stamp: 0x67ee32ff
Faulting module name: unknown, version: 0.0.0.0, time stamp: 0x00000000
Exception code: 0xc0000005
Fault offset: 0x0000000000f75dd6
Faulting process id: 0x0x6724
Faulting application start time: 0x0x1DBE17BFFF64F12
Faulting application path: C:\Windows\System32\DriverStore\FileRepository\hpqkbsoftwarecompnent.inf_amd64_a22c6a91e05f8cee\HotKeyServiceUWP.exe
Faulting module path: unknown
Report Id: a0848307-e991-48e6-9ecc-d0cecf82bad0
Faulting package full name: 
Faulting package-relative application ID: "
Information	20/06/2025 07:43:29	Windows Error Reporting	1001	None	"Fault bucket 1833580701306877483, type 4
Event Name: APPCRASH
Response: Not available
Cab Id: 0

Problem signature:
P1: HPAudioAnalytics.exe
P2: 8.10.46.337
P3: 67ee326a
P4: StackHash_f9d8
P5: 0.0.0.0
P6: 00000000
P7: c0000005
P8: PCH_4D_FROM_unknown+0x0000000000000000
P9: 
P10: 

Attached files:
\\?\C:\ProgramData\Microsoft\Windows\WER\Temp\WER.0a649f63-9f91-4983-93d3-09a619cd5c54.tmp.mdmp
\\?\C:\ProgramData\Microsoft\Windows\WER\Temp\WER.fa5da33d-8ff1-4aed-8382-215e17f4ed20.tmp.WERInternalMetadata.xml
WPR_initiated_DiagTrackMiniLogger_OneTrace_User_Logger_20250608_1_EC_0_inject.etl
\\?\C:\ProgramData\Microsoft\Windows\WER\Temp\WER.8e87952b-7b2e-46e9-8407-f0f2e23a5e65.tmp.etl
WPR_initiated_DiagTrackMiniLogger_WPR System Collector_inject.etl
\\?\C:\ProgramData\Microsoft\Windows\WER\Temp\WER.358ee48e-c273-44b3-bc29-ad0a6371bece.tmp.etl
\\?\C:\ProgramData\Microsoft\Windows\WER\Temp\WER.af82a7af-3986-46be-97b7-20a9ae85d6c9.tmp.csv
\\?\C:\ProgramData\Microsoft\Windows\WER\Temp\WER.38f52f5f-e6da-4a68-8f7b-d74fe74c7274.tmp.txt
\\?\C:\ProgramData\Microsoft\Windows\WER\Temp\WER.5730ea5f-343a-4ceb-ad79-d2d121c63aff.tmp.xml

These files may be available here:
\\?\C:\ProgramData\Microsoft\Windows\WER\ReportArchive\AppCrash_HPAudioAnalytics_914b412fe8078186ff8db7c2a4f2b74c9c48_fe948d19_737a3397-2b78-41bc-a79f-3c6edf515550

Analysis symbol: 
Rechecking for solution: 0
Report Id: f28ca775-0aa1-460c-b084-8f006dad6711
Report Status: 268435456
Hashed bucket: c52742e85a88a80ca9722feee068762b
Cab Guid: 0"
Error	20/06/2025 07:43:25	Application Error	1000	Application Crashing Events	"Faulting application name: HPAudioAnalytics.exe, version: 8.10.46.337, time stamp: 0x67ee326a
Faulting module name: unknown, version: 0.0.0.0, time stamp: 0x00000000
Exception code: 0xc0000005
Fault offset: 0x0000000000f55dd6
Faulting process id: 0x0x3D18
Faulting application start time: 0x0x1DBE17BF622724F
Faulting application path: C:\Windows\System32\DriverStore\FileRepository\hpqkbsoftwarecompnent.inf_amd64_a22c6a91e05f8cee\HPAudioAnalytics.exe
Faulting module path: unknown
Report Id: f28ca775-0aa1-460c-b084-8f006dad6711
Faulting package full name: 
Faulting package-relative application ID: "
Information	20/06/2025 07:43:13	Windows Error Reporting	1001	None	"Fault bucket 1749154308405373022, type 4
Event Name: APPCRASH
Response: Not available
Cab Id: 0

Problem signature:
P1: vmware-usbarbitrator64.exe
P2: 20.10.0.0
P3: 669a1840
P4: StackHash_f9d8
P5: 0.0.0.0
P6: 00000000
P7: c0000005
P8: PCH_B0_FROM_unknown+0x0000000000000000
P9: 
P10: 

Attached files:
\\?\C:\ProgramData\Microsoft\Windows\WER\Temp\WER.a1d944a8-19f9-4662-824d-9059784de80f.tmp.mdmp
\\?\C:\ProgramData\Microsoft\Windows\WER\Temp\WER.06e6c888-c93f-4cd9-8b23-cb8303540555.tmp.WERInternalMetadata.xml
WPR_initiated_DiagTrackMiniLogger_OneTrace_User_Logger_20250608_1_EC_0_inject.etl
\\?\C:\ProgramData\Microsoft\Windows\WER\Temp\WER.e91489d7-49d3-4502-bcc7-abb60b63cdc6.tmp.etl
WPR_initiated_DiagTrackMiniLogger_WPR System Collector_inject.etl
\\?\C:\ProgramData\Microsoft\Windows\WER\Temp\WER.5bde13d3-8d33-4007-a356-8411267f3c75.tmp.etl
\\?\C:\ProgramData\Microsoft\Windows\WER\Temp\WER.70413de0-e6e8-4ae1-848f-1be912608d77.tmp.csv
\\?\C:\ProgramData\Microsoft\Windows\WER\Temp\WER.4a9809dd-b720-4a42-95b2-4c46df961fee.tmp.txt
\\?\C:\ProgramData\Microsoft\Windows\WER\Temp\WER.f939d299-de5e-49d0-a242-9b1fd1095fed.tmp.xml

These files may be available here:
\\?\C:\ProgramData\Microsoft\Windows\WER\ReportArchive\AppCrash_vmware-usbarbitr_584f101572da5e74f5386f63b7f1acc7fec390_17c75580_182ab058-f98a-4fba-82ac-fbef4b98cd7d

Analysis symbol: 
Rechecking for solution: 0
Report Id: 120d3482-2517-46c7-8a90-9c7ff7fb32a5
Report Status: 268435456
Hashed bucket: f1ca7ee4517e896fa8463e9379d8a85e
Cab Guid: 0"
Error	20/06/2025 07:43:10	Application Error	1000	Application Crashing Events	"Faulting application name: vmware-usbarbitrator64.exe, version: 20.10.0.0, time stamp: 0x669a1840
Faulting module name: unknown, version: 0.0.0.0, time stamp: 0x00000000
Exception code: 0xc0000005
Fault offset: 0x0000000000f15dd6
Faulting process id: 0x0x7250
Faulting application start time: 0x0x1DBE17BE5904BEC
Faulting application path: C:\Program Files (x86)\Common Files\VMware\USB\vmware-usbarbitrator64.exe
Faulting module path: unknown
Report Id: 120d3482-2517-46c7-8a90-9c7ff7fb32a5
Faulting package full name: 
Faulting package-relative application ID: "
Information	20/06/2025 07:41:02	HotKeyServiceUWP	0	(2)	"The description for Event ID 0 from source HotKeyServiceUWP cannot be found. Either the component that raises this event is not installed on your local computer or the installation is corrupted. You can install or repair the component on the local computer.

If the event originated on another computer, the display information had to be saved with the event.

The following information was included with the event: 

RpcServerMonitoringThread - Entry

The message resource is present but the message was not found in the message table
"
Information	20/06/2025 07:41:02	HotKeyServiceUWP	0	(2)	"The description for Event ID 0 from source HotKeyServiceUWP cannot be found. Either the component that raises this event is not installed on your local computer or the installation is corrupted. You can install or repair the component on the local computer.

If the event originated on another computer, the display information had to be saved with the event.

The following information was included with the event: 

HP Hotkey UWP Service (8.10.46.337) in OnStart

The message resource is present but the message was not found in the message table
"
Information	20/06/2025 07:40:46	HotKeyServiceUWP	0	(2)	"The description for Event ID 0 from source HotKeyServiceUWP cannot be found. Either the component that raises this event is not installed on your local computer or the installation is corrupted. You can install or repair the component on the local computer.

If the event originated on another computer, the display information had to be saved with the event.

The following information was included with the event: 

HP Audio Analytics Service (8.10.46.337) in OnStart

The message resource is present but the message was not found in the message table
"
Information	20/06/2025 07:40:08	Windows Error Reporting	1001	None	"Fault bucket 1749154308405373022, type 4
Event Name: APPCRASH
Response: Not available
Cab Id: 0

Problem signature:
P1: vmware-usbarbitrator64.exe
P2: 20.10.0.0
P3: 669a1840
P4: StackHash_f9d8
P5: 0.0.0.0
P6: 00000000
P7: c0000005
P8: PCH_C2_FROM_unknown+0x0000000000000000
P9: 
P10: 

Attached files:
\\?\C:\ProgramData\Microsoft\Windows\WER\Temp\WER.352a52f3-7dd5-4cd4-b8dd-8c503d14b0a3.tmp.mdmp
\\?\C:\ProgramData\Microsoft\Windows\WER\Temp\WER.c35c1a2f-d59d-4688-aada-d5322e79bc5a.tmp.WERInternalMetadata.xml
WPR_initiated_DiagTrackMiniLogger_OneTrace_User_Logger_20250608_1_EC_0_inject.etl
\\?\C:\ProgramData\Microsoft\Windows\WER\Temp\WER.6d1cff5e-8d40-4f50-bfe0-9668e00bbd89.tmp.etl
WPR_initiated_DiagTrackMiniLogger_WPR System Collector_inject.etl
\\?\C:\ProgramData\Microsoft\Windows\WER\Temp\WER.afd5c983-2802-441a-ad1d-fad20b55e70c.tmp.etl
\\?\C:\ProgramData\Microsoft\Windows\WER\Temp\WER.40096281-cf3e-4cbf-8645-e3cf858a057e.tmp.csv
\\?\C:\ProgramData\Microsoft\Windows\WER\Temp\WER.cfdcbb34-d7dc-4f06-8447-1ce122237cc4.tmp.txt
\\?\C:\ProgramData\Microsoft\Windows\WER\Temp\WER.71076539-704f-49b3-97ba-e33a0c033d28.tmp.xml

These files may be available here:
\\?\C:\ProgramData\Microsoft\Windows\WER\ReportArchive\AppCrash_vmware-usbarbitr_ae965550e4d8788fdb87659ec96ef0be4bc43bb9_17c75580_a54312e9-72c3-45b4-81cc-953b2d37ec41

Analysis symbol: 
Rechecking for solution: 0
Report Id: f75fbc31-e79d-4ae0-a705-0e73ab290633
Report Status: 268435456
Hashed bucket: f1ca7ee4517e896fa8463e9379d8a85e
Cab Guid: 0"
Error	20/06/2025 07:40:05	Application Error	1000	Application Crashing Events	"Faulting application name: vmware-usbarbitrator64.exe, version: 20.10.0.0, time stamp: 0x669a1840
Faulting module name: unknown, version: 0.0.0.0, time stamp: 0x00000000
Exception code: 0xc0000005
Fault offset: 0x0000000000ef5dd6
Faulting process id: 0x0x12E4
Faulting application start time: 0x0x1DBE17B1C331B43
Faulting application path: C:\Program Files (x86)\Common Files\VMware\USB\vmware-usbarbitrator64.exe
Faulting module path: unknown
Report Id: f75fbc31-e79d-4ae0-a705-0e73ab290633
Faulting package full name: 
Faulting package-relative application ID: "
Information	20/06/2025 07:39:53	Microsoft-Windows-Complus	781	None	The COM+ sub system is suppressing duplicate event log entries for a duration of 86400 seconds.  The suppression timeout can be controlled by a REG_DWORD value named SuppressDuplicateDuration under the following registry key: HKLM\Software\Microsoft\COM3\Eventlog.
Information	20/06/2025 07:39:52	Windows Error Reporting	1001	None	"Fault bucket 2115955934357232936, type 4
Event Name: APPCRASH
Response: Not available
Cab Id: 0

Problem signature:
P1: dllhost.exe
P2: 10.0.22621.1
P3: 05e70ed3
P4: StackHash_f9d8
P5: 0.0.0.0
P6: 00000000
P7: c0000005
P8: PCH_4B_FROM_unknown+0x0000000000000000
P9: 
P10: 

Attached files:
\\?\C:\ProgramData\Microsoft\Windows\WER\Temp\WER.c9a8bfac-f67d-4a27-81cb-babff97ca71c.tmp.mdmp
\\?\C:\ProgramData\Microsoft\Windows\WER\Temp\WER.155d7039-bc63-4dd5-8bae-e2da8e7904ee.tmp.WERInternalMetadata.xml
WPR_initiated_DiagTrackMiniLogger_OneTrace_User_Logger_20250608_1_EC_0_inject.etl
\\?\C:\ProgramData\Microsoft\Windows\WER\Temp\WER.459d20e5-b12c-4477-b9eb-e3fdbe9bb462.tmp.etl
WPR_initiated_DiagTrackMiniLogger_WPR System Collector_inject.etl
\\?\C:\ProgramData\Microsoft\Windows\WER\Temp\WER.2c74585f-44e4-4549-b813-a4e8adb33c4c.tmp.etl
\\?\C:\ProgramData\Microsoft\Windows\WER\Temp\WER.4a6750ec-ea08-454d-963f-6d538e05e721.tmp.csv
\\?\C:\ProgramData\Microsoft\Windows\WER\Temp\WER.0dbee2b9-db5b-4c22-a609-d27c7fd12bad.tmp.txt
\\?\C:\ProgramData\Microsoft\Windows\WER\Temp\WER.0310fbfe-9ed2-4cfc-a0a4-ed558560927e.tmp.xml

These files may be available here:
\\?\C:\ProgramData\Microsoft\Windows\WER\ReportArchive\AppCrash_dllhost.exe_e2c63fef1373a35ac0b634548b13aa5eede3c88_e7c336b8_9fd71aba-5713-4f23-bbf2-d439ac7d9995

Analysis symbol: 
Rechecking for solution: 0
Report Id: 678b2ad8-96ca-4df4-8a2f-8a9b6c57971c
Report Status: 268435456
Hashed bucket: c00013d530715c43fd5d62b623be1d28
Cab Guid: 0"
Error	20/06/2025 07:39:49	Application Error	1000	Application Crashing Events	"Faulting application name: dllhost.exe, version: 10.0.22621.1, time stamp: 0x05e70ed3
Faulting module name: unknown, version: 0.0.0.0, time stamp: 0x00000000
Exception code: 0xc0000005
Fault offset: 0x0000000000545dd6
Faulting process id: 0x0x1734
Faulting application start time: 0x0x1DBE17BA287EF28
Faulting application path: C:\Windows\system32\dllhost.exe
Faulting module path: unknown
Report Id: 678b2ad8-96ca-4df4-8a2f-8a9b6c57971c
Faulting package full name: 
Faulting package-relative application ID: "
Information	20/06/2025 07:38:26	Microsoft-Windows-Complus	781	None	The COM+ sub system is suppressing duplicate event log entries for a duration of 86400 seconds.  The suppression timeout can be controlled by a REG_DWORD value named SuppressDuplicateDuration under the following registry key: HKLM\Software\Microsoft\COM3\Eventlog.
Information	20/06/2025 07:38:25	Windows Error Reporting	1001	None	"Fault bucket 2115955934357232936, type 4
Event Name: APPCRASH
Response: Not available
Cab Id: 0

Problem signature:
P1: dllhost.exe
P2: 10.0.22621.1
P3: 05e70ed3
P4: StackHash_f9d8
P5: 0.0.0.0
P6: 00000000
P7: c0000005
P8: PCH_9C_FROM_unknown+0x0000000000000000
P9: 
P10: 

Attached files:
\\?\C:\ProgramData\Microsoft\Windows\WER\Temp\WER.430d69fd-e775-4c0d-b078-fec6c2e21a0f.tmp.mdmp
\\?\C:\ProgramData\Microsoft\Windows\WER\Temp\WER.35f71d7e-65e9-4369-abc6-e34ee75f788a.tmp.WERInternalMetadata.xml
WPR_initiated_DiagTrackMiniLogger_OneTrace_User_Logger_20250608_1_EC_0_inject.etl
\\?\C:\ProgramData\Microsoft\Windows\WER\Temp\WER.4b898d2a-b9a4-4332-8a1f-98e20c2347e8.tmp.etl
WPR_initiated_DiagTrackMiniLogger_WPR System Collector_inject.etl
\\?\C:\ProgramData\Microsoft\Windows\WER\Temp\WER.c13778a0-5b50-4c2c-83a8-7f9f32f49b7c.tmp.etl
\\?\C:\ProgramData\Microsoft\Windows\WER\Temp\WER.31c6a64a-3775-4f34-a242-4f386d63282f.tmp.csv
\\?\C:\ProgramData\Microsoft\Windows\WER\Temp\WER.c8ea066b-74e7-4886-a0d6-ea8203a13d34.tmp.txt
\\?\C:\ProgramData\Microsoft\Windows\WER\Temp\WER.b422ce10-4c4d-4b87-864b-a8e745e9eef0.tmp.xml

These files may be available here:
\\?\C:\ProgramData\Microsoft\Windows\WER\ReportArchive\AppCrash_dllhost.exe_b7708e6112c3d3ea555e15432f2d9b42994b3d_e7c336b8_ee85c93b-de87-477b-be16-3a907f603c7d

Analysis symbol: 
Rechecking for solution: 0
Report Id: 19dac5a4-ce3f-4344-be87-a524ff9be183
Report Status: 268435456
Hashed bucket: c00013d530715c43fd5d62b623be1d28
Cab Guid: 0"
Error	20/06/2025 07:38:21	Application Error	1000	Application Crashing Events	"Faulting application name: dllhost.exe, version: 10.0.22621.1, time stamp: 0x05e70ed3
Faulting module name: unknown, version: 0.0.0.0, time stamp: 0x00000000
Exception code: 0xc0000005
Fault offset: 0x0000000000905dd6
Faulting process id: 0x0x7550
Faulting application start time: 0x0x1DBE17B33CC2040
Faulting application path: C:\Windows\system32\dllhost.exe
Faulting module path: unknown
Report Id: 19dac5a4-ce3f-4344-be87-a524ff9be183
Faulting package full name: 
Faulting package-relative application ID: "
